[2026-03-26T08:57:12.389+0000] {local_task_job_runner.py:120} INFO - ::group::Pre task execution logs
[2026-03-26T08:57:12.409+0000] {taskinstance.py:2073} INFO - Dependencies all met for dep_context=non-requeueable deps ti=<TaskInstance: etl_pipeline2.stg_to_dwh manual__2026-03-26T08:57:01.492353+00:00 [queued]>
[2026-03-26T08:57:12.414+0000] {taskinstance.py:2073} INFO - Dependencies all met for dep_context=requeueable deps ti=<TaskInstance: etl_pipeline2.stg_to_dwh manual__2026-03-26T08:57:01.492353+00:00 [queued]>
[2026-03-26T08:57:12.415+0000] {taskinstance.py:2303} INFO - Starting attempt 1 of 1
[2026-03-26T08:57:12.433+0000] {taskinstance.py:2327} INFO - Executing <Task(PythonOperator): stg_to_dwh> on 2026-03-26 08:57:01.492353+00:00
[2026-03-26T08:57:12.438+0000] {standard_task_runner.py:90} INFO - Running: ['***', 'tasks', 'run', 'etl_pipeline2', 'stg_to_dwh', 'manual__2026-03-26T08:57:01.492353+00:00', '--job-id', '304', '--raw', '--subdir', 'DAGS_FOLDER/etl_pipeline2.py', '--cfg-path', '/tmp/tmp1vz53q4q']
[2026-03-26T08:57:12.440+0000] {logging_mixin.py:188} WARNING - /home/***/.local/lib/python3.12/site-packages/***/task/task_runner/standard_task_runner.py:61 DeprecationWarning: This process (pid=1556) is multi-threaded, use of fork() may lead to deadlocks in the child.
[2026-03-26T08:57:12.440+0000] {standard_task_runner.py:91} INFO - Job 304: Subtask stg_to_dwh
[2026-03-26T08:57:12.441+0000] {standard_task_runner.py:63} INFO - Started process 1557 to run task
[2026-03-26T08:57:12.490+0000] {task_command.py:426} INFO - Running <TaskInstance: etl_pipeline2.stg_to_dwh manual__2026-03-26T08:57:01.492353+00:00 [running]> on host 3ccff2366b2a
[2026-03-26T08:57:12.567+0000] {taskinstance.py:2644} INFO - Exporting env vars: AIRFLOW_CTX_DAG_OWNER='***' AIRFLOW_CTX_DAG_ID='etl_pipeline2' AIRFLOW_CTX_TASK_ID='stg_to_dwh' AIRFLOW_CTX_EXECUTION_DATE='2026-03-26T08:57:01.492353+00:00' AIRFLOW_CTX_TRY_NUMBER='1' AIRFLOW_CTX_DAG_RUN_ID='manual__2026-03-26T08:57:01.492353+00:00'
[2026-03-26T08:57:12.568+0000] {taskinstance.py:430} INFO - ::endgroup::
[2026-03-26T08:57:12.582+0000] {base.py:84} INFO - Using connection ID 'postgres_dwh' for task execution.
[2026-03-26T08:57:12.594+0000] {sql.py:457} INFO - Running statement: TRUNCATE dwh_fact_orders, parameters: None
[2026-03-26T08:57:12.670+0000] {base.py:84} INFO - Using connection ID 'postgres_stg' for task execution.
[2026-03-26T08:57:12.680+0000] {sql.py:457} INFO - Running statement: SELECT * FROM stg_fact_orders, parameters: None
[2026-03-26T08:57:12.688+0000] {sql.py:466} INFO - Rows affected: 830
[2026-03-26T08:57:12.694+0000] {logging_mixin.py:188} WARNING - /home/***/.local/lib/python3.12/site-packages/***/providers/common/sql/hooks/sql.py:407 AirflowProviderDeprecationWarning: Call to deprecated method _make_common_data_structure. (The `_make_serializable` method is deprecated and support will be removed in a future version of the common.sql provider. Please update the DbApiHook's provider to a version based on common.sql >= 1.9.1.)
[2026-03-26T08:57:12.701+0000] {base.py:84} INFO - Using connection ID 'postgres_dwh' for task execution.
[2026-03-26T08:57:13.563+0000] {sql.py:580} INFO - Done loading. Loaded a total of 830 rows into dwh_fact_orders
[2026-03-26T08:57:13.568+0000] {base.py:84} INFO - Using connection ID 'postgres_dwh' for task execution.
[2026-03-26T08:57:13.578+0000] {sql.py:457} INFO - Running statement: TRUNCATE dwh_dim_customers, parameters: None
[2026-03-26T08:57:13.590+0000] {base.py:84} INFO - Using connection ID 'postgres_stg' for task execution.
[2026-03-26T08:57:13.601+0000] {sql.py:457} INFO - Running statement: SELECT * FROM stg_dim_customers, parameters: None
[2026-03-26T08:57:13.606+0000] {sql.py:466} INFO - Rows affected: 184
[2026-03-26T08:57:13.612+0000] {base.py:84} INFO - Using connection ID 'postgres_dwh' for task execution.
[2026-03-26T08:57:13.820+0000] {sql.py:580} INFO - Done loading. Loaded a total of 184 rows into dwh_dim_customers
[2026-03-26T08:57:13.825+0000] {base.py:84} INFO - Using connection ID 'postgres_dwh' for task execution.
[2026-03-26T08:57:13.838+0000] {sql.py:457} INFO - Running statement: TRUNCATE dwh_dim_products, parameters: None
[2026-03-26T08:57:13.848+0000] {base.py:84} INFO - Using connection ID 'postgres_stg' for task execution.
[2026-03-26T08:57:13.860+0000] {sql.py:457} INFO - Running statement: SELECT * FROM stg_dim_products, parameters: None
[2026-03-26T08:57:13.864+0000] {sql.py:466} INFO - Rows affected: 231
[2026-03-26T08:57:13.870+0000] {base.py:84} INFO - Using connection ID 'postgres_dwh' for task execution.
[2026-03-26T08:57:14.112+0000] {sql.py:580} INFO - Done loading. Loaded a total of 231 rows into dwh_dim_products
[2026-03-26T08:57:14.117+0000] {base.py:84} INFO - Using connection ID 'postgres_dwh' for task execution.
[2026-03-26T08:57:14.127+0000] {sql.py:457} INFO - Running statement: TRUNCATE dwh_fact_order_details, parameters: None
[2026-03-26T08:57:14.137+0000] {base.py:84} INFO - Using connection ID 'postgres_stg' for task execution.
[2026-03-26T08:57:14.147+0000] {sql.py:457} INFO - Running statement: SELECT * FROM stg_fact_order_details, parameters: None
[2026-03-26T08:57:14.180+0000] {sql.py:466} INFO - Rows affected: 6466
[2026-03-26T08:57:14.191+0000] {base.py:84} INFO - Using connection ID 'postgres_dwh' for task execution.
[2026-03-26T08:57:15.199+0000] {sql.py:576} INFO - Loaded 1000 rows into dwh_fact_order_details so far
[2026-03-26T08:57:16.208+0000] {sql.py:576} INFO - Loaded 2000 rows into dwh_fact_order_details so far
[2026-03-26T08:57:17.158+0000] {sql.py:576} INFO - Loaded 3000 rows into dwh_fact_order_details so far
[2026-03-26T08:57:18.224+0000] {sql.py:576} INFO - Loaded 4000 rows into dwh_fact_order_details so far
[2026-03-26T08:57:19.242+0000] {sql.py:576} INFO - Loaded 5000 rows into dwh_fact_order_details so far
[2026-03-26T08:57:20.220+0000] {sql.py:576} INFO - Loaded 6000 rows into dwh_fact_order_details so far
[2026-03-26T08:57:20.701+0000] {sql.py:580} INFO - Done loading. Loaded a total of 6466 rows into dwh_fact_order_details
[2026-03-26T08:57:20.702+0000] {python.py:237} INFO - Done. Returned value was: None
[2026-03-26T08:57:20.703+0000] {taskinstance.py:441} INFO - ::group::Post task execution logs
[2026-03-26T08:57:20.710+0000] {taskinstance.py:1205} INFO - Marking task as SUCCESS. dag_id=etl_pipeline2, task_id=stg_to_dwh, execution_date=20260326T085701, start_date=20260326T085712, end_date=20260326T085720
[2026-03-26T08:57:20.713+0000] {base.py:84} INFO - Using connection ID 'postgres_dwh' for task execution.
[2026-03-26T08:57:20.724+0000] {sql.py:457} INFO - Running statement: 
        INSERT INTO etl_logs (
            dag_id, task_id, status, start_time, end_time, duration_seconds, error_message
        )
        VALUES (%s, %s, %s, %s, %s, %s, %s)
    , parameters: ('etl_pipeline2', 'stg_to_dwh', 'SUCCESS', datetime.datetime(2026, 3, 26, 8, 57, 12, 409856), datetime.datetime(2026, 3, 26, 8, 57, 20, 710978), 8, None)
[2026-03-26T08:57:20.727+0000] {sql.py:466} INFO - Rows affected: 1
[2026-03-26T08:57:20.730+0000] {logging_mixin.py:188} INFO - SUCCESS CALLBACK TRIGGERED
[2026-03-26T08:57:20.770+0000] {local_task_job_runner.py:240} INFO - Task exited with return code 0
[2026-03-26T08:57:20.780+0000] {taskinstance.py:3482} INFO - 0 downstream tasks scheduled from follow-on schedule check
[2026-03-26T08:57:20.782+0000] {local_task_job_runner.py:222} INFO - ::endgroup::
