[2026-03-25T07:39:11.631+0000] {local_task_job_runner.py:120} INFO - ::group::Pre task execution logs
[2026-03-25T07:39:11.653+0000] {taskinstance.py:2073} INFO - Dependencies all met for dep_context=non-requeueable deps ti=<TaskInstance: etl_pipeline2.mrr_to_stg manual__2026-03-25T07:39:09.941337+00:00 [queued]>
[2026-03-25T07:39:11.659+0000] {taskinstance.py:2073} INFO - Dependencies all met for dep_context=requeueable deps ti=<TaskInstance: etl_pipeline2.mrr_to_stg manual__2026-03-25T07:39:09.941337+00:00 [queued]>
[2026-03-25T07:39:11.660+0000] {taskinstance.py:2303} INFO - Starting attempt 1 of 1
[2026-03-25T07:39:11.668+0000] {taskinstance.py:2327} INFO - Executing <Task(PythonOperator): mrr_to_stg> on 2026-03-25 07:39:09.941337+00:00
[2026-03-25T07:39:11.674+0000] {standard_task_runner.py:90} INFO - Running: ['***', 'tasks', 'run', 'etl_pipeline2', 'mrr_to_stg', 'manual__2026-03-25T07:39:09.941337+00:00', '--job-id', '202', '--raw', '--subdir', 'DAGS_FOLDER/etl_pipeline2.py', '--cfg-path', '/tmp/tmppv2xtn8z']
[2026-03-25T07:39:11.675+0000] {logging_mixin.py:188} WARNING - /home/***/.local/lib/python3.12/site-packages/***/task/task_runner/standard_task_runner.py:61 DeprecationWarning: This process (pid=220) is multi-threaded, use of fork() may lead to deadlocks in the child.
[2026-03-25T07:39:11.676+0000] {standard_task_runner.py:91} INFO - Job 202: Subtask mrr_to_stg
[2026-03-25T07:39:11.676+0000] {standard_task_runner.py:63} INFO - Started process 221 to run task
[2026-03-25T07:39:11.718+0000] {task_command.py:426} INFO - Running <TaskInstance: etl_pipeline2.mrr_to_stg manual__2026-03-25T07:39:09.941337+00:00 [running]> on host 3ccff2366b2a
[2026-03-25T07:39:11.772+0000] {taskinstance.py:2644} INFO - Exporting env vars: AIRFLOW_CTX_DAG_OWNER='***' AIRFLOW_CTX_DAG_ID='etl_pipeline2' AIRFLOW_CTX_TASK_ID='mrr_to_stg' AIRFLOW_CTX_EXECUTION_DATE='2026-03-25T07:39:09.941337+00:00' AIRFLOW_CTX_TRY_NUMBER='1' AIRFLOW_CTX_DAG_RUN_ID='manual__2026-03-25T07:39:09.941337+00:00'
[2026-03-25T07:39:11.772+0000] {taskinstance.py:430} INFO - ::endgroup::
[2026-03-25T07:39:11.786+0000] {base.py:84} INFO - Using connection ID 'postgres_stg' for task execution.
[2026-03-25T07:39:11.796+0000] {sql.py:457} INFO - Running statement: TRUNCATE stg_fact_orders, parameters: None
[2026-03-25T07:39:11.808+0000] {base.py:84} INFO - Using connection ID 'postgres_mrr' for task execution.
[2026-03-25T07:39:11.818+0000] {sql.py:457} INFO - Running statement: SELECT * FROM mrr_fact_orders, parameters: None
[2026-03-25T07:39:11.831+0000] {sql.py:466} INFO - Rows affected: 1660
[2026-03-25T07:39:11.836+0000] {logging_mixin.py:188} WARNING - /home/***/.local/lib/python3.12/site-packages/***/providers/common/sql/hooks/sql.py:407 AirflowProviderDeprecationWarning: Call to deprecated method _make_common_data_structure. (The `_make_serializable` method is deprecated and support will be removed in a future version of the common.sql provider. Please update the DbApiHook's provider to a version based on common.sql >= 1.9.1.)
[2026-03-25T07:39:11.843+0000] {base.py:84} INFO - Using connection ID 'postgres_stg' for task execution.
[2026-03-25T07:39:12.829+0000] {sql.py:576} INFO - Loaded 1000 rows into stg_fact_orders so far
[2026-03-25T07:39:13.485+0000] {sql.py:580} INFO - Done loading. Loaded a total of 1660 rows into stg_fact_orders
[2026-03-25T07:39:13.489+0000] {base.py:84} INFO - Using connection ID 'postgres_stg' for task execution.
[2026-03-25T07:39:13.499+0000] {sql.py:457} INFO - Running statement: TRUNCATE stg_dim_customers, parameters: None
[2026-03-25T07:39:13.510+0000] {base.py:84} INFO - Using connection ID 'postgres_mrr' for task execution.
[2026-03-25T07:39:13.519+0000] {sql.py:457} INFO - Running statement: SELECT * FROM mrr_dim_customers, parameters: None
[2026-03-25T07:39:13.524+0000] {sql.py:466} INFO - Rows affected: 184
[2026-03-25T07:39:13.529+0000] {base.py:84} INFO - Using connection ID 'postgres_stg' for task execution.
[2026-03-25T07:39:13.712+0000] {sql.py:580} INFO - Done loading. Loaded a total of 184 rows into stg_dim_customers
[2026-03-25T07:39:13.717+0000] {base.py:84} INFO - Using connection ID 'postgres_stg' for task execution.
[2026-03-25T07:39:13.726+0000] {sql.py:457} INFO - Running statement: TRUNCATE stg_dim_products, parameters: None
[2026-03-25T07:39:13.736+0000] {base.py:84} INFO - Using connection ID 'postgres_mrr' for task execution.
[2026-03-25T07:39:13.746+0000] {sql.py:457} INFO - Running statement: SELECT * FROM mrr_dim_products, parameters: None
[2026-03-25T07:39:13.750+0000] {sql.py:466} INFO - Rows affected: 231
[2026-03-25T07:39:13.756+0000] {base.py:84} INFO - Using connection ID 'postgres_stg' for task execution.
[2026-03-25T07:39:13.979+0000] {sql.py:580} INFO - Done loading. Loaded a total of 231 rows into stg_dim_products
[2026-03-25T07:39:13.984+0000] {base.py:84} INFO - Using connection ID 'postgres_stg' for task execution.
[2026-03-25T07:39:13.994+0000] {sql.py:457} INFO - Running statement: TRUNCATE stg_fact_order_details, parameters: None
[2026-03-25T07:39:14.002+0000] {base.py:84} INFO - Using connection ID 'postgres_mrr' for task execution.
[2026-03-25T07:39:14.011+0000] {sql.py:457} INFO - Running statement: SELECT * FROM mrr_fact_order_details, parameters: None
[2026-03-25T07:39:14.038+0000] {sql.py:466} INFO - Rows affected: 6466
[2026-03-25T07:39:14.048+0000] {base.py:84} INFO - Using connection ID 'postgres_stg' for task execution.
[2026-03-25T07:39:14.992+0000] {sql.py:576} INFO - Loaded 1000 rows into stg_fact_order_details so far
[2026-03-25T07:39:15.923+0000] {sql.py:576} INFO - Loaded 2000 rows into stg_fact_order_details so far
[2026-03-25T07:39:16.846+0000] {sql.py:576} INFO - Loaded 3000 rows into stg_fact_order_details so far
[2026-03-25T07:39:17.785+0000] {sql.py:576} INFO - Loaded 4000 rows into stg_fact_order_details so far
[2026-03-25T07:39:19.101+0000] {sql.py:576} INFO - Loaded 5000 rows into stg_fact_order_details so far
[2026-03-25T07:39:22.076+0000] {sql.py:576} INFO - Loaded 6000 rows into stg_fact_order_details so far
[2026-03-25T07:39:22.503+0000] {sql.py:580} INFO - Done loading. Loaded a total of 6466 rows into stg_fact_order_details
[2026-03-25T07:39:22.504+0000] {python.py:237} INFO - Done. Returned value was: None
[2026-03-25T07:39:22.505+0000] {taskinstance.py:441} INFO - ::group::Post task execution logs
[2026-03-25T07:39:22.511+0000] {taskinstance.py:1205} INFO - Marking task as SUCCESS. dag_id=etl_pipeline2, task_id=mrr_to_stg, execution_date=20260325T073909, start_date=20260325T073911, end_date=20260325T073922
[2026-03-25T07:39:22.514+0000] {base.py:84} INFO - Using connection ID 'postgres_dwh' for task execution.
[2026-03-25T07:39:22.524+0000] {sql.py:457} INFO - Running statement: 
        INSERT INTO etl_logs (
            dag_id, task_id, status, start_time, end_time, duration_seconds, error_message
        )
        VALUES (%s, %s, %s, %s, %s, %s, %s)
    , parameters: ('etl_pipeline2', 'mrr_to_stg', 'SUCCESS', datetime.datetime(2026, 3, 25, 7, 39, 11, 654105), datetime.datetime(2026, 3, 25, 7, 39, 22, 512128), 10, None)
[2026-03-25T07:39:22.526+0000] {sql.py:466} INFO - Rows affected: 1
[2026-03-25T07:39:22.529+0000] {logging_mixin.py:188} INFO - SUCCESS CALLBACK TRIGGERED
[2026-03-25T07:39:22.556+0000] {local_task_job_runner.py:240} INFO - Task exited with return code 0
[2026-03-25T07:39:22.570+0000] {taskinstance.py:3482} INFO - 1 downstream tasks scheduled from follow-on schedule check
[2026-03-25T07:39:22.572+0000] {local_task_job_runner.py:222} INFO - ::endgroup::
