[2026-03-25T10:54:50.696+0000] {local_task_job_runner.py:120} INFO - ::group::Pre task execution logs
[2026-03-25T10:54:50.719+0000] {taskinstance.py:2073} INFO - Dependencies all met for dep_context=non-requeueable deps ti=<TaskInstance: etl_pipeline2.mrr_to_stg manual__2026-03-25T10:54:48.892558+00:00 [queued]>
[2026-03-25T10:54:50.726+0000] {taskinstance.py:2073} INFO - Dependencies all met for dep_context=requeueable deps ti=<TaskInstance: etl_pipeline2.mrr_to_stg manual__2026-03-25T10:54:48.892558+00:00 [queued]>
[2026-03-25T10:54:50.727+0000] {taskinstance.py:2303} INFO - Starting attempt 1 of 1
[2026-03-25T10:54:50.737+0000] {taskinstance.py:2327} INFO - Executing <Task(PythonOperator): mrr_to_stg> on 2026-03-25 10:54:48.892558+00:00
[2026-03-25T10:54:50.743+0000] {logging_mixin.py:188} WARNING - /home/***/.local/lib/python3.12/site-packages/***/task/task_runner/standard_task_runner.py:61 DeprecationWarning: This process (pid=200) is multi-threaded, use of fork() may lead to deadlocks in the child.
[2026-03-25T10:54:50.742+0000] {standard_task_runner.py:90} INFO - Running: ['***', 'tasks', 'run', 'etl_pipeline2', 'mrr_to_stg', 'manual__2026-03-25T10:54:48.892558+00:00', '--job-id', '288', '--raw', '--subdir', 'DAGS_FOLDER/etl_pipeline2.py', '--cfg-path', '/tmp/tmpmro0v6a5']
[2026-03-25T10:54:50.744+0000] {standard_task_runner.py:63} INFO - Started process 201 to run task
[2026-03-25T10:54:50.744+0000] {standard_task_runner.py:91} INFO - Job 288: Subtask mrr_to_stg
[2026-03-25T10:54:50.789+0000] {task_command.py:426} INFO - Running <TaskInstance: etl_pipeline2.mrr_to_stg manual__2026-03-25T10:54:48.892558+00:00 [running]> on host 3ccff2366b2a
[2026-03-25T10:54:50.850+0000] {taskinstance.py:2644} INFO - Exporting env vars: AIRFLOW_CTX_DAG_OWNER='***' AIRFLOW_CTX_DAG_ID='etl_pipeline2' AIRFLOW_CTX_TASK_ID='mrr_to_stg' AIRFLOW_CTX_EXECUTION_DATE='2026-03-25T10:54:48.892558+00:00' AIRFLOW_CTX_TRY_NUMBER='1' AIRFLOW_CTX_DAG_RUN_ID='manual__2026-03-25T10:54:48.892558+00:00'
[2026-03-25T10:54:50.851+0000] {taskinstance.py:430} INFO - ::endgroup::
[2026-03-25T10:54:50.864+0000] {base.py:84} INFO - Using connection ID 'postgres_stg' for task execution.
[2026-03-25T10:54:50.876+0000] {sql.py:457} INFO - Running statement: TRUNCATE stg_fact_orders, parameters: None
[2026-03-25T10:54:50.892+0000] {base.py:84} INFO - Using connection ID 'postgres_mrr' for task execution.
[2026-03-25T10:54:50.908+0000] {sql.py:457} INFO - Running statement: SELECT * FROM mrr_fact_orders, parameters: None
[2026-03-25T10:54:50.919+0000] {sql.py:466} INFO - Rows affected: 830
[2026-03-25T10:54:50.924+0000] {logging_mixin.py:188} WARNING - /home/***/.local/lib/python3.12/site-packages/***/providers/common/sql/hooks/sql.py:407 AirflowProviderDeprecationWarning: Call to deprecated method _make_common_data_structure. (The `_make_serializable` method is deprecated and support will be removed in a future version of the common.sql provider. Please update the DbApiHook's provider to a version based on common.sql >= 1.9.1.)
[2026-03-25T10:54:50.930+0000] {base.py:84} INFO - Using connection ID 'postgres_stg' for task execution.
[2026-03-25T10:54:51.788+0000] {sql.py:580} INFO - Done loading. Loaded a total of 830 rows into stg_fact_orders
[2026-03-25T10:54:51.794+0000] {base.py:84} INFO - Using connection ID 'postgres_stg' for task execution.
[2026-03-25T10:54:51.805+0000] {sql.py:457} INFO - Running statement: TRUNCATE stg_dim_customers, parameters: None
[2026-03-25T10:54:51.817+0000] {base.py:84} INFO - Using connection ID 'postgres_mrr' for task execution.
[2026-03-25T10:54:51.827+0000] {sql.py:457} INFO - Running statement: SELECT * FROM mrr_dim_customers, parameters: None
[2026-03-25T10:54:51.834+0000] {sql.py:466} INFO - Rows affected: 184
[2026-03-25T10:54:51.840+0000] {base.py:84} INFO - Using connection ID 'postgres_stg' for task execution.
[2026-03-25T10:54:52.026+0000] {sql.py:580} INFO - Done loading. Loaded a total of 184 rows into stg_dim_customers
[2026-03-25T10:54:52.031+0000] {base.py:84} INFO - Using connection ID 'postgres_stg' for task execution.
[2026-03-25T10:54:52.040+0000] {sql.py:457} INFO - Running statement: TRUNCATE stg_dim_products, parameters: None
[2026-03-25T10:54:52.048+0000] {base.py:84} INFO - Using connection ID 'postgres_mrr' for task execution.
[2026-03-25T10:54:52.058+0000] {sql.py:457} INFO - Running statement: SELECT * FROM mrr_dim_products, parameters: None
[2026-03-25T10:54:52.062+0000] {sql.py:466} INFO - Rows affected: 231
[2026-03-25T10:54:52.068+0000] {base.py:84} INFO - Using connection ID 'postgres_stg' for task execution.
[2026-03-25T10:54:52.311+0000] {sql.py:580} INFO - Done loading. Loaded a total of 231 rows into stg_dim_products
[2026-03-25T10:54:52.316+0000] {base.py:84} INFO - Using connection ID 'postgres_stg' for task execution.
[2026-03-25T10:54:52.325+0000] {sql.py:457} INFO - Running statement: TRUNCATE stg_fact_order_details, parameters: None
[2026-03-25T10:54:52.333+0000] {base.py:84} INFO - Using connection ID 'postgres_mrr' for task execution.
[2026-03-25T10:54:52.342+0000] {sql.py:457} INFO - Running statement: SELECT * FROM mrr_fact_order_details, parameters: None
[2026-03-25T10:54:52.375+0000] {sql.py:466} INFO - Rows affected: 6466
[2026-03-25T10:54:52.385+0000] {base.py:84} INFO - Using connection ID 'postgres_stg' for task execution.
[2026-03-25T10:54:53.334+0000] {sql.py:576} INFO - Loaded 1000 rows into stg_fact_order_details so far
[2026-03-25T10:54:54.269+0000] {sql.py:576} INFO - Loaded 2000 rows into stg_fact_order_details so far
[2026-03-25T10:54:55.204+0000] {sql.py:576} INFO - Loaded 3000 rows into stg_fact_order_details so far
[2026-03-25T10:54:56.090+0000] {sql.py:576} INFO - Loaded 4000 rows into stg_fact_order_details so far
[2026-03-25T10:54:56.968+0000] {sql.py:576} INFO - Loaded 5000 rows into stg_fact_order_details so far
[2026-03-25T10:54:57.854+0000] {sql.py:576} INFO - Loaded 6000 rows into stg_fact_order_details so far
[2026-03-25T10:54:58.289+0000] {sql.py:580} INFO - Done loading. Loaded a total of 6466 rows into stg_fact_order_details
[2026-03-25T10:54:58.290+0000] {python.py:237} INFO - Done. Returned value was: None
[2026-03-25T10:54:58.291+0000] {taskinstance.py:441} INFO - ::group::Post task execution logs
[2026-03-25T10:54:58.298+0000] {taskinstance.py:1205} INFO - Marking task as SUCCESS. dag_id=etl_pipeline2, task_id=mrr_to_stg, execution_date=20260325T105448, start_date=20260325T105450, end_date=20260325T105458
[2026-03-25T10:54:58.301+0000] {base.py:84} INFO - Using connection ID 'postgres_dwh' for task execution.
[2026-03-25T10:54:58.312+0000] {sql.py:457} INFO - Running statement: 
        INSERT INTO etl_logs (
            dag_id, task_id, status, start_time, end_time, duration_seconds, error_message
        )
        VALUES (%s, %s, %s, %s, %s, %s, %s)
    , parameters: ('etl_pipeline2', 'mrr_to_stg', 'SUCCESS', datetime.datetime(2026, 3, 25, 10, 54, 50, 720093), datetime.datetime(2026, 3, 25, 10, 54, 58, 298843), 7, None)
[2026-03-25T10:54:58.316+0000] {sql.py:466} INFO - Rows affected: 1
[2026-03-25T10:54:58.318+0000] {logging_mixin.py:188} INFO - SUCCESS CALLBACK TRIGGERED
[2026-03-25T10:54:58.362+0000] {local_task_job_runner.py:240} INFO - Task exited with return code 0
[2026-03-25T10:54:58.375+0000] {taskinstance.py:3482} INFO - 1 downstream tasks scheduled from follow-on schedule check
[2026-03-25T10:54:58.377+0000] {local_task_job_runner.py:222} INFO - ::endgroup::
