[2026-03-26T11:05:58.464+0000] {local_task_job_runner.py:120} INFO - ::group::Pre task execution logs
[2026-03-26T11:05:58.494+0000] {taskinstance.py:2073} INFO - Dependencies all met for dep_context=non-requeueable deps ti=<TaskInstance: etl_pipeline2.load_customers_to_mrr manual__2026-03-26T11:05:57.440444+00:00 [queued]>
[2026-03-26T11:05:58.501+0000] {taskinstance.py:2073} INFO - Dependencies all met for dep_context=requeueable deps ti=<TaskInstance: etl_pipeline2.load_customers_to_mrr manual__2026-03-26T11:05:57.440444+00:00 [queued]>
[2026-03-26T11:05:58.501+0000] {taskinstance.py:2303} INFO - Starting attempt 1 of 1
[2026-03-26T11:05:58.512+0000] {taskinstance.py:2327} INFO - Executing <Task(PythonOperator): load_customers_to_mrr> on 2026-03-26 11:05:57.440444+00:00
[2026-03-26T11:05:58.518+0000] {logging_mixin.py:188} WARNING - /home/***/.local/lib/python3.12/site-packages/***/task/task_runner/standard_task_runner.py:61 DeprecationWarning: This process (pid=2829) is multi-threaded, use of fork() may lead to deadlocks in the child.
[2026-03-26T11:05:58.517+0000] {standard_task_runner.py:90} INFO - Running: ['***', 'tasks', 'run', 'etl_pipeline2', 'load_customers_to_mrr', 'manual__2026-03-26T11:05:57.440444+00:00', '--job-id', '384', '--raw', '--subdir', 'DAGS_FOLDER/etl_pipeline2.py', '--cfg-path', '/tmp/tmpqd2pd8oa']
[2026-03-26T11:05:58.520+0000] {standard_task_runner.py:91} INFO - Job 384: Subtask load_customers_to_mrr
[2026-03-26T11:05:58.520+0000] {standard_task_runner.py:63} INFO - Started process 2831 to run task
[2026-03-26T11:05:58.575+0000] {task_command.py:426} INFO - Running <TaskInstance: etl_pipeline2.load_customers_to_mrr manual__2026-03-26T11:05:57.440444+00:00 [running]> on host 3ccff2366b2a
[2026-03-26T11:05:58.637+0000] {taskinstance.py:2644} INFO - Exporting env vars: AIRFLOW_CTX_DAG_OWNER='***' AIRFLOW_CTX_DAG_ID='etl_pipeline2' AIRFLOW_CTX_TASK_ID='load_customers_to_mrr' AIRFLOW_CTX_EXECUTION_DATE='2026-03-26T11:05:57.440444+00:00' AIRFLOW_CTX_TRY_NUMBER='1' AIRFLOW_CTX_DAG_RUN_ID='manual__2026-03-26T11:05:57.440444+00:00'
[2026-03-26T11:05:58.638+0000] {taskinstance.py:430} INFO - ::endgroup::
[2026-03-26T11:05:58.658+0000] {base.py:84} INFO - Using connection ID 'postgres_dwh' for task execution.
[2026-03-26T11:05:58.672+0000] {sql.py:457} INFO - Running statement: 
        SELECT last_loaded_at
        FROM dwh_high_water_mark
        WHERE table_name = %s
    , parameters: ('customers',)
[2026-03-26T11:05:58.676+0000] {sql.py:466} INFO - Rows affected: 1
[2026-03-26T11:05:58.678+0000] {logging_mixin.py:188} WARNING - /home/***/.local/lib/python3.12/site-packages/***/providers/common/sql/hooks/sql.py:407 AirflowProviderDeprecationWarning: Call to deprecated method _make_common_data_structure. (The `_make_serializable` method is deprecated and support will be removed in a future version of the common.sql provider. Please update the DbApiHook's provider to a version based on common.sql >= 1.9.1.)
[2026-03-26T11:05:58.686+0000] {base.py:84} INFO - Using connection ID 'postgres_operational' for task execution.
[2026-03-26T11:05:58.696+0000] {sql.py:457} INFO - Running statement: 
        SELECT customer_id, company_name, contact_name, address, contact_title, city, region, postal_code, country, phone, fax, updated_at
        FROM customers
        WHERE updated_at > %s
    , parameters: (datetime.datetime(2026, 3, 25, 10, 26, 45, 352579),)
[2026-03-26T11:05:58.699+0000] {sql.py:466} INFO - Rows affected: 1
[2026-03-26T11:05:58.706+0000] {base.py:84} INFO - Using connection ID 'postgres_mrr' for task execution.
[2026-03-26T11:05:58.716+0000] {sql.py:457} INFO - Running statement: 
        INSERT INTO mrr_dim_customers (customer_id, company_name, contact_name, address, contact_title, city, region, postal_code, country, phone, fax, updated_at)
        VALUES (%s, %s, %s, %s, %s, %s, %s, %s, %s, %s, %s, %s)
        ON CONFLICT (customer_id) DO UPDATE SET company_name = EXCLUDED.company_name, contact_name = EXCLUDED.contact_name, address = EXCLUDED.address, contact_title = EXCLUDED.contact_title, city = EXCLUDED.city, region = EXCLUDED.region, postal_code = EXCLUDED.postal_code, country = EXCLUDED.country, phone = EXCLUDED.phone, fax = EXCLUDED.fax, updated_at = EXCLUDED.updated_at
    , parameters: ('ALFKI', 'Alfreds Futterkiste', 'Maria Anders', 'Obere Str. 57', 'Sales Representative', 'Berlin', None, '12211', 'Germany', '030-0074321', '030-0076545', datetime.datetime(2026, 3, 26, 14, 5, 37, 949959))
[2026-03-26T11:05:58.720+0000] {sql.py:466} INFO - Rows affected: 1
[2026-03-26T11:05:58.727+0000] {base.py:84} INFO - Using connection ID 'postgres_dwh' for task execution.
[2026-03-26T11:05:58.737+0000] {sql.py:457} INFO - Running statement: 
        INSERT INTO dwh_high_water_mark (table_name, last_loaded_at)
        VALUES (%s, %s)
        ON CONFLICT (table_name)
        DO UPDATE SET last_loaded_at = EXCLUDED.last_loaded_at
    , parameters: ('customers', datetime.datetime(2026, 3, 26, 14, 5, 37, 949959))
[2026-03-26T11:05:58.741+0000] {sql.py:466} INFO - Rows affected: 1
[2026-03-26T11:05:58.743+0000] {logging_mixin.py:188} INFO - customers loaded, HWM updated to 2026-03-26 14:05:37.949959
[2026-03-26T11:05:58.744+0000] {python.py:237} INFO - Done. Returned value was: None
[2026-03-26T11:05:58.745+0000] {taskinstance.py:441} INFO - ::group::Post task execution logs
[2026-03-26T11:05:58.751+0000] {taskinstance.py:1205} INFO - Marking task as SUCCESS. dag_id=etl_pipeline2, task_id=load_customers_to_mrr, execution_date=20260326T110557, start_date=20260326T110558, end_date=20260326T110558
[2026-03-26T11:05:58.754+0000] {base.py:84} INFO - Using connection ID 'postgres_dwh' for task execution.
[2026-03-26T11:05:58.764+0000] {sql.py:457} INFO - Running statement: 
        INSERT INTO etl_logs (
            dag_id, task_id, status, start_time, end_time, duration_seconds, error_message
        )
        VALUES (%s, %s, %s, %s, %s, %s, %s)
    , parameters: ('etl_pipeline2', 'load_customers_to_mrr', 'SUCCESS', datetime.datetime(2026, 3, 26, 11, 5, 58, 495744), datetime.datetime(2026, 3, 26, 11, 5, 58, 752408), 0, None)
[2026-03-26T11:05:58.767+0000] {sql.py:466} INFO - Rows affected: 1
[2026-03-26T11:05:58.770+0000] {logging_mixin.py:188} INFO - SUCCESS CALLBACK TRIGGERED
[2026-03-26T11:05:58.815+0000] {local_task_job_runner.py:240} INFO - Task exited with return code 0
[2026-03-26T11:05:58.832+0000] {taskinstance.py:3482} INFO - 0 downstream tasks scheduled from follow-on schedule check
[2026-03-26T11:05:58.834+0000] {local_task_job_runner.py:222} INFO - ::endgroup::
