[2026-03-25T07:27:28.499+0000] {local_task_job_runner.py:120} INFO - ::group::Pre task execution logs
[2026-03-25T07:27:28.518+0000] {taskinstance.py:2073} INFO - Dependencies all met for dep_context=non-requeueable deps ti=<TaskInstance: etl_pipeline2.stg_to_dwh manual__2026-03-25T07:27:17.244406+00:00 [queued]>
[2026-03-25T07:27:28.524+0000] {taskinstance.py:2073} INFO - Dependencies all met for dep_context=requeueable deps ti=<TaskInstance: etl_pipeline2.stg_to_dwh manual__2026-03-25T07:27:17.244406+00:00 [queued]>
[2026-03-25T07:27:28.525+0000] {taskinstance.py:2303} INFO - Starting attempt 1 of 1
[2026-03-25T07:27:28.534+0000] {taskinstance.py:2327} INFO - Executing <Task(PythonOperator): stg_to_dwh> on 2026-03-25 07:27:17.244406+00:00
[2026-03-25T07:27:28.538+0000] {standard_task_runner.py:90} INFO - Running: ['***', 'tasks', 'run', 'etl_pipeline2', 'stg_to_dwh', 'manual__2026-03-25T07:27:17.244406+00:00', '--job-id', '190', '--raw', '--subdir', 'DAGS_FOLDER/etl_pipeline2.py', '--cfg-path', '/tmp/tmpsaur0u3v']
[2026-03-25T07:27:28.540+0000] {logging_mixin.py:188} WARNING - /home/***/.local/lib/python3.12/site-packages/***/task/task_runner/standard_task_runner.py:61 DeprecationWarning: This process (pid=314) is multi-threaded, use of fork() may lead to deadlocks in the child.
[2026-03-25T07:27:28.540+0000] {standard_task_runner.py:91} INFO - Job 190: Subtask stg_to_dwh
[2026-03-25T07:27:28.541+0000] {standard_task_runner.py:63} INFO - Started process 315 to run task
[2026-03-25T07:27:28.586+0000] {task_command.py:426} INFO - Running <TaskInstance: etl_pipeline2.stg_to_dwh manual__2026-03-25T07:27:17.244406+00:00 [running]> on host 3ccff2366b2a
[2026-03-25T07:27:28.646+0000] {taskinstance.py:2644} INFO - Exporting env vars: AIRFLOW_CTX_DAG_OWNER='***' AIRFLOW_CTX_DAG_ID='etl_pipeline2' AIRFLOW_CTX_TASK_ID='stg_to_dwh' AIRFLOW_CTX_EXECUTION_DATE='2026-03-25T07:27:17.244406+00:00' AIRFLOW_CTX_TRY_NUMBER='1' AIRFLOW_CTX_DAG_RUN_ID='manual__2026-03-25T07:27:17.244406+00:00'
[2026-03-25T07:27:28.647+0000] {taskinstance.py:430} INFO - ::endgroup::
[2026-03-25T07:27:28.661+0000] {base.py:84} INFO - Using connection ID 'postgres_dwh' for task execution.
[2026-03-25T07:27:28.672+0000] {sql.py:457} INFO - Running statement: TRUNCATE dwh_fact_orders, parameters: None
[2026-03-25T07:27:28.684+0000] {base.py:84} INFO - Using connection ID 'postgres_stg' for task execution.
[2026-03-25T07:27:28.693+0000] {sql.py:457} INFO - Running statement: SELECT * FROM stg_fact_orders, parameters: None
[2026-03-25T07:27:28.709+0000] {sql.py:466} INFO - Rows affected: 1660
[2026-03-25T07:27:28.715+0000] {logging_mixin.py:188} WARNING - /home/***/.local/lib/python3.12/site-packages/***/providers/common/sql/hooks/sql.py:407 AirflowProviderDeprecationWarning: Call to deprecated method _make_common_data_structure. (The `_make_serializable` method is deprecated and support will be removed in a future version of the common.sql provider. Please update the DbApiHook's provider to a version based on common.sql >= 1.9.1.)
[2026-03-25T07:27:28.721+0000] {base.py:84} INFO - Using connection ID 'postgres_dwh' for task execution.
[2026-03-25T07:27:29.621+0000] {sql.py:576} INFO - Loaded 1000 rows into dwh_fact_orders so far
[2026-03-25T07:27:30.188+0000] {sql.py:580} INFO - Done loading. Loaded a total of 1660 rows into dwh_fact_orders
[2026-03-25T07:27:30.193+0000] {base.py:84} INFO - Using connection ID 'postgres_dwh' for task execution.
[2026-03-25T07:27:30.203+0000] {sql.py:457} INFO - Running statement: TRUNCATE dwh_dim_customers, parameters: None
[2026-03-25T07:27:30.216+0000] {base.py:84} INFO - Using connection ID 'postgres_stg' for task execution.
[2026-03-25T07:27:30.225+0000] {sql.py:457} INFO - Running statement: SELECT * FROM stg_dim_customers, parameters: None
[2026-03-25T07:27:30.229+0000] {sql.py:466} INFO - Rows affected: 184
[2026-03-25T07:27:30.235+0000] {base.py:84} INFO - Using connection ID 'postgres_dwh' for task execution.
[2026-03-25T07:27:30.416+0000] {sql.py:580} INFO - Done loading. Loaded a total of 184 rows into dwh_dim_customers
[2026-03-25T07:27:30.420+0000] {base.py:84} INFO - Using connection ID 'postgres_dwh' for task execution.
[2026-03-25T07:27:30.429+0000] {sql.py:457} INFO - Running statement: TRUNCATE dwh_dim_products, parameters: None
[2026-03-25T07:27:30.438+0000] {base.py:84} INFO - Using connection ID 'postgres_stg' for task execution.
[2026-03-25T07:27:30.447+0000] {sql.py:457} INFO - Running statement: SELECT * FROM stg_dim_products, parameters: None
[2026-03-25T07:27:30.450+0000] {sql.py:466} INFO - Rows affected: 231
[2026-03-25T07:27:30.456+0000] {base.py:84} INFO - Using connection ID 'postgres_dwh' for task execution.
[2026-03-25T07:27:30.667+0000] {sql.py:580} INFO - Done loading. Loaded a total of 231 rows into dwh_dim_products
[2026-03-25T07:27:30.671+0000] {base.py:84} INFO - Using connection ID 'postgres_dwh' for task execution.
[2026-03-25T07:27:30.680+0000] {sql.py:457} INFO - Running statement: TRUNCATE dwh_fact_order_details, parameters: None
[2026-03-25T07:27:30.689+0000] {base.py:84} INFO - Using connection ID 'postgres_stg' for task execution.
[2026-03-25T07:27:30.698+0000] {sql.py:457} INFO - Running statement: SELECT * FROM stg_fact_order_details, parameters: None
[2026-03-25T07:27:30.718+0000] {sql.py:466} INFO - Rows affected: 6465
[2026-03-25T07:27:30.728+0000] {base.py:84} INFO - Using connection ID 'postgres_dwh' for task execution.
[2026-03-25T07:27:31.582+0000] {sql.py:576} INFO - Loaded 1000 rows into dwh_fact_order_details so far
[2026-03-25T07:27:32.429+0000] {sql.py:576} INFO - Loaded 2000 rows into dwh_fact_order_details so far
[2026-03-25T07:27:33.278+0000] {sql.py:576} INFO - Loaded 3000 rows into dwh_fact_order_details so far
[2026-03-25T07:27:34.159+0000] {sql.py:576} INFO - Loaded 4000 rows into dwh_fact_order_details so far
[2026-03-25T07:27:35.012+0000] {sql.py:576} INFO - Loaded 5000 rows into dwh_fact_order_details so far
[2026-03-25T07:27:38.383+0000] {sql.py:576} INFO - Loaded 6000 rows into dwh_fact_order_details so far
[2026-03-25T07:27:38.809+0000] {sql.py:580} INFO - Done loading. Loaded a total of 6465 rows into dwh_fact_order_details
[2026-03-25T07:27:38.810+0000] {python.py:237} INFO - Done. Returned value was: None
[2026-03-25T07:27:38.811+0000] {taskinstance.py:441} INFO - ::group::Post task execution logs
[2026-03-25T07:27:38.817+0000] {taskinstance.py:1205} INFO - Marking task as SUCCESS. dag_id=etl_pipeline2, task_id=stg_to_dwh, execution_date=20260325T072717, start_date=20260325T072728, end_date=20260325T072738
[2026-03-25T07:27:38.848+0000] {local_task_job_runner.py:240} INFO - Task exited with return code 0
[2026-03-25T07:27:38.858+0000] {taskinstance.py:3482} INFO - 0 downstream tasks scheduled from follow-on schedule check
[2026-03-25T07:27:38.860+0000] {local_task_job_runner.py:222} INFO - ::endgroup::
