[2026-03-26T10:55:28.688+0000] {local_task_job_runner.py:120} INFO - ::group::Pre task execution logs
[2026-03-26T10:55:28.708+0000] {taskinstance.py:2073} INFO - Dependencies all met for dep_context=non-requeueable deps ti=<TaskInstance: etl_pipeline2.mrr_to_stg manual__2026-03-26T10:55:26.446028+00:00 [queued]>
[2026-03-26T10:55:28.714+0000] {taskinstance.py:2073} INFO - Dependencies all met for dep_context=requeueable deps ti=<TaskInstance: etl_pipeline2.mrr_to_stg manual__2026-03-26T10:55:26.446028+00:00 [queued]>
[2026-03-26T10:55:28.715+0000] {taskinstance.py:2303} INFO - Starting attempt 1 of 1
[2026-03-26T10:55:28.724+0000] {taskinstance.py:2327} INFO - Executing <Task(PythonOperator): mrr_to_stg> on 2026-03-26 10:55:26.446028+00:00
[2026-03-26T10:55:28.730+0000] {logging_mixin.py:188} WARNING - /home/***/.local/lib/python3.12/site-packages/***/task/task_runner/standard_task_runner.py:61 DeprecationWarning: This process (pid=2718) is multi-threaded, use of fork() may lead to deadlocks in the child.
[2026-03-26T10:55:28.729+0000] {standard_task_runner.py:90} INFO - Running: ['***', 'tasks', 'run', 'etl_pipeline2', 'mrr_to_stg', 'manual__2026-03-26T10:55:26.446028+00:00', '--job-id', '379', '--raw', '--subdir', 'DAGS_FOLDER/etl_pipeline2.py', '--cfg-path', '/tmp/tmp_9_1z4xu']
[2026-03-26T10:55:28.731+0000] {standard_task_runner.py:63} INFO - Started process 2719 to run task
[2026-03-26T10:55:28.731+0000] {standard_task_runner.py:91} INFO - Job 379: Subtask mrr_to_stg
[2026-03-26T10:55:28.775+0000] {task_command.py:426} INFO - Running <TaskInstance: etl_pipeline2.mrr_to_stg manual__2026-03-26T10:55:26.446028+00:00 [running]> on host 3ccff2366b2a
[2026-03-26T10:55:28.835+0000] {taskinstance.py:2644} INFO - Exporting env vars: AIRFLOW_CTX_DAG_OWNER='***' AIRFLOW_CTX_DAG_ID='etl_pipeline2' AIRFLOW_CTX_TASK_ID='mrr_to_stg' AIRFLOW_CTX_EXECUTION_DATE='2026-03-26T10:55:26.446028+00:00' AIRFLOW_CTX_TRY_NUMBER='1' AIRFLOW_CTX_DAG_RUN_ID='manual__2026-03-26T10:55:26.446028+00:00'
[2026-03-26T10:55:28.836+0000] {taskinstance.py:430} INFO - ::endgroup::
[2026-03-26T10:55:28.851+0000] {base.py:84} INFO - Using connection ID 'postgres_stg' for task execution.
[2026-03-26T10:55:28.861+0000] {sql.py:457} INFO - Running statement: TRUNCATE stg_fact_orders, parameters: None
[2026-03-26T10:55:28.875+0000] {base.py:84} INFO - Using connection ID 'postgres_mrr' for task execution.
[2026-03-26T10:55:28.884+0000] {sql.py:457} INFO - Running statement: SELECT * FROM mrr_fact_orders, parameters: None
[2026-03-26T10:55:28.892+0000] {sql.py:466} INFO - Rows affected: 830
[2026-03-26T10:55:28.895+0000] {logging_mixin.py:188} WARNING - /home/***/.local/lib/python3.12/site-packages/***/providers/common/sql/hooks/sql.py:407 AirflowProviderDeprecationWarning: Call to deprecated method _make_common_data_structure. (The `_make_serializable` method is deprecated and support will be removed in a future version of the common.sql provider. Please update the DbApiHook's provider to a version based on common.sql >= 1.9.1.)
[2026-03-26T10:55:28.901+0000] {base.py:84} INFO - Using connection ID 'postgres_stg' for task execution.
[2026-03-26T10:55:29.721+0000] {sql.py:580} INFO - Done loading. Loaded a total of 830 rows into stg_fact_orders
[2026-03-26T10:55:29.727+0000] {base.py:84} INFO - Using connection ID 'postgres_stg' for task execution.
[2026-03-26T10:55:29.736+0000] {sql.py:457} INFO - Running statement: TRUNCATE stg_dim_customers, parameters: None
[2026-03-26T10:55:29.746+0000] {base.py:84} INFO - Using connection ID 'postgres_mrr' for task execution.
[2026-03-26T10:55:29.755+0000] {sql.py:457} INFO - Running statement: SELECT * FROM mrr_dim_customers, parameters: None
[2026-03-26T10:55:29.759+0000] {sql.py:466} INFO - Rows affected: 93
[2026-03-26T10:55:29.765+0000] {base.py:84} INFO - Using connection ID 'postgres_stg' for task execution.
[2026-03-26T10:55:29.857+0000] {sql.py:580} INFO - Done loading. Loaded a total of 93 rows into stg_dim_customers
[2026-03-26T10:55:29.862+0000] {base.py:84} INFO - Using connection ID 'postgres_stg' for task execution.
[2026-03-26T10:55:29.872+0000] {sql.py:457} INFO - Running statement: TRUNCATE stg_dim_products, parameters: None
[2026-03-26T10:55:29.880+0000] {base.py:84} INFO - Using connection ID 'postgres_mrr' for task execution.
[2026-03-26T10:55:29.889+0000] {sql.py:457} INFO - Running statement: SELECT * FROM mrr_dim_products, parameters: None
[2026-03-26T10:55:29.893+0000] {sql.py:466} INFO - Rows affected: 77
[2026-03-26T10:55:29.900+0000] {base.py:84} INFO - Using connection ID 'postgres_stg' for task execution.
[2026-03-26T10:55:29.991+0000] {sql.py:580} INFO - Done loading. Loaded a total of 77 rows into stg_dim_products
[2026-03-26T10:55:29.995+0000] {base.py:84} INFO - Using connection ID 'postgres_stg' for task execution.
[2026-03-26T10:55:30.005+0000] {sql.py:457} INFO - Running statement: TRUNCATE stg_fact_order_details, parameters: None
[2026-03-26T10:55:30.015+0000] {base.py:84} INFO - Using connection ID 'postgres_mrr' for task execution.
[2026-03-26T10:55:30.024+0000] {sql.py:457} INFO - Running statement: SELECT * FROM mrr_fact_order_details, parameters: None
[2026-03-26T10:55:30.033+0000] {sql.py:466} INFO - Rows affected: 2154
[2026-03-26T10:55:30.041+0000] {base.py:84} INFO - Using connection ID 'postgres_stg' for task execution.
[2026-03-26T10:55:30.909+0000] {sql.py:576} INFO - Loaded 1000 rows into stg_fact_order_details so far
[2026-03-26T10:55:31.728+0000] {sql.py:576} INFO - Loaded 2000 rows into stg_fact_order_details so far
[2026-03-26T10:55:31.852+0000] {sql.py:580} INFO - Done loading. Loaded a total of 2154 rows into stg_fact_order_details
[2026-03-26T10:55:31.853+0000] {python.py:237} INFO - Done. Returned value was: None
[2026-03-26T10:55:31.854+0000] {taskinstance.py:441} INFO - ::group::Post task execution logs
[2026-03-26T10:55:31.860+0000] {taskinstance.py:1205} INFO - Marking task as SUCCESS. dag_id=etl_pipeline2, task_id=mrr_to_stg, execution_date=20260326T105526, start_date=20260326T105528, end_date=20260326T105531
[2026-03-26T10:55:31.862+0000] {base.py:84} INFO - Using connection ID 'postgres_dwh' for task execution.
[2026-03-26T10:55:31.872+0000] {sql.py:457} INFO - Running statement: 
        INSERT INTO etl_logs (
            dag_id, task_id, status, start_time, end_time, duration_seconds, error_message
        )
        VALUES (%s, %s, %s, %s, %s, %s, %s)
    , parameters: ('etl_pipeline2', 'mrr_to_stg', 'SUCCESS', datetime.datetime(2026, 3, 26, 10, 55, 28, 709171), datetime.datetime(2026, 3, 26, 10, 55, 31, 860801), 3, None)
[2026-03-26T10:55:31.875+0000] {sql.py:466} INFO - Rows affected: 1
[2026-03-26T10:55:31.877+0000] {logging_mixin.py:188} INFO - SUCCESS CALLBACK TRIGGERED
[2026-03-26T10:55:31.910+0000] {local_task_job_runner.py:240} INFO - Task exited with return code 0
[2026-03-26T10:55:31.922+0000] {taskinstance.py:3482} INFO - 0 downstream tasks scheduled from follow-on schedule check
[2026-03-26T10:55:31.924+0000] {local_task_job_runner.py:222} INFO - ::endgroup::
