[2026-03-26T06:36:13.460+0000] {local_task_job_runner.py:120} INFO - ::group::Pre task execution logs
[2026-03-26T06:36:13.498+0000] {taskinstance.py:2073} INFO - Dependencies all met for dep_context=non-requeueable deps ti=<TaskInstance: etl_pipeline2.load_customers_to_mrr scheduled__2026-03-25T00:00:00+00:00 [queued]>
[2026-03-26T06:36:13.508+0000] {taskinstance.py:2073} INFO - Dependencies all met for dep_context=requeueable deps ti=<TaskInstance: etl_pipeline2.load_customers_to_mrr scheduled__2026-03-25T00:00:00+00:00 [queued]>
[2026-03-26T06:36:13.509+0000] {taskinstance.py:2303} INFO - Starting attempt 1 of 1
[2026-03-26T06:36:13.526+0000] {taskinstance.py:2327} INFO - Executing <Task(PythonOperator): load_customers_to_mrr> on 2026-03-25 00:00:00+00:00
[2026-03-26T06:36:13.536+0000] {standard_task_runner.py:90} INFO - Running: ['***', 'tasks', 'run', 'etl_pipeline2', 'load_customers_to_mrr', 'scheduled__2026-03-25T00:00:00+00:00', '--job-id', '296', '--raw', '--subdir', 'DAGS_FOLDER/etl_pipeline2.py', '--cfg-path', '/tmp/tmp2lmq2zei']
[2026-03-26T06:36:13.541+0000] {logging_mixin.py:188} WARNING - /home/***/.local/lib/python3.12/site-packages/***/task/task_runner/standard_task_runner.py:61 DeprecationWarning: This process (pid=174) is multi-threaded, use of fork() may lead to deadlocks in the child.
[2026-03-26T06:36:13.542+0000] {standard_task_runner.py:91} INFO - Job 296: Subtask load_customers_to_mrr
[2026-03-26T06:36:13.543+0000] {standard_task_runner.py:63} INFO - Started process 181 to run task
[2026-03-26T06:36:13.672+0000] {task_command.py:426} INFO - Running <TaskInstance: etl_pipeline2.load_customers_to_mrr scheduled__2026-03-25T00:00:00+00:00 [running]> on host 3ccff2366b2a
[2026-03-26T06:36:13.785+0000] {taskinstance.py:2644} INFO - Exporting env vars: AIRFLOW_CTX_DAG_OWNER='***' AIRFLOW_CTX_DAG_ID='etl_pipeline2' AIRFLOW_CTX_TASK_ID='load_customers_to_mrr' AIRFLOW_CTX_EXECUTION_DATE='2026-03-25T00:00:00+00:00' AIRFLOW_CTX_TRY_NUMBER='1' AIRFLOW_CTX_DAG_RUN_ID='scheduled__2026-03-25T00:00:00+00:00'
[2026-03-26T06:36:13.787+0000] {taskinstance.py:430} INFO - ::endgroup::
[2026-03-26T06:36:13.820+0000] {base.py:84} INFO - Using connection ID 'postgres_dwh' for task execution.
[2026-03-26T06:36:13.849+0000] {sql.py:457} INFO - Running statement: 
        SELECT last_loaded_at
        FROM dwh_high_water_mark
        WHERE table_name = %s
    , parameters: ('customers',)
[2026-03-26T06:36:13.854+0000] {sql.py:466} INFO - Rows affected: 1
[2026-03-26T06:36:13.860+0000] {logging_mixin.py:188} WARNING - /home/***/.local/lib/python3.12/site-packages/***/providers/common/sql/hooks/sql.py:407 AirflowProviderDeprecationWarning: Call to deprecated method _make_common_data_structure. (The `_make_serializable` method is deprecated and support will be removed in a future version of the common.sql provider. Please update the DbApiHook's provider to a version based on common.sql >= 1.9.1.)
[2026-03-26T06:36:13.871+0000] {base.py:84} INFO - Using connection ID 'postgres_operational' for task execution.
[2026-03-26T06:36:13.894+0000] {sql.py:457} INFO - Running statement: 
        SELECT customer_id, company_name, contact_name, contact_title, city, country, updated_at
        FROM customers
        WHERE updated_at > %s
    , parameters: (datetime.datetime(2026, 3, 25, 10, 26, 45, 352579),)
[2026-03-26T06:36:13.902+0000] {sql.py:466} INFO - Rows affected: 0
[2026-03-26T06:36:13.907+0000] {logging_mixin.py:188} INFO - No new data for customers
[2026-03-26T06:36:13.909+0000] {python.py:237} INFO - Done. Returned value was: None
[2026-03-26T06:36:13.911+0000] {taskinstance.py:441} INFO - ::group::Post task execution logs
[2026-03-26T06:36:13.926+0000] {taskinstance.py:1205} INFO - Marking task as SUCCESS. dag_id=etl_pipeline2, task_id=load_customers_to_mrr, execution_date=20260325T000000, start_date=20260326T063613, end_date=20260326T063613
[2026-03-26T06:36:13.931+0000] {base.py:84} INFO - Using connection ID 'postgres_dwh' for task execution.
[2026-03-26T06:36:13.950+0000] {sql.py:457} INFO - Running statement: 
        INSERT INTO etl_logs (
            dag_id, task_id, status, start_time, end_time, duration_seconds, error_message
        )
        VALUES (%s, %s, %s, %s, %s, %s, %s)
    , parameters: ('etl_pipeline2', 'load_customers_to_mrr', 'SUCCESS', datetime.datetime(2026, 3, 26, 6, 36, 13, 499030), datetime.datetime(2026, 3, 26, 6, 36, 13, 927581), 0, None)
[2026-03-26T06:36:13.959+0000] {sql.py:466} INFO - Rows affected: 1
[2026-03-26T06:36:13.964+0000] {logging_mixin.py:188} INFO - SUCCESS CALLBACK TRIGGERED
[2026-03-26T06:36:14.010+0000] {local_task_job_runner.py:240} INFO - Task exited with return code 0
[2026-03-26T06:36:14.069+0000] {taskinstance.py:3482} INFO - 0 downstream tasks scheduled from follow-on schedule check
[2026-03-26T06:36:14.071+0000] {local_task_job_runner.py:222} INFO - ::endgroup::
