[2026-03-26T13:40:34.069+0000] {local_task_job_runner.py:120} INFO - ::group::Pre task execution logs
[2026-03-26T13:40:34.091+0000] {taskinstance.py:2073} INFO - Dependencies all met for dep_context=non-requeueable deps ti=<TaskInstance: etl_pipeline2.stg_to_dwh manual__2026-03-26T13:40:27.008983+00:00 [queued]>
[2026-03-26T13:40:34.098+0000] {taskinstance.py:2073} INFO - Dependencies all met for dep_context=requeueable deps ti=<TaskInstance: etl_pipeline2.stg_to_dwh manual__2026-03-26T13:40:27.008983+00:00 [queued]>
[2026-03-26T13:40:34.099+0000] {taskinstance.py:2303} INFO - Starting attempt 1 of 1
[2026-03-26T13:40:34.109+0000] {taskinstance.py:2327} INFO - Executing <Task(PythonOperator): stg_to_dwh> on 2026-03-26 13:40:27.008983+00:00
[2026-03-26T13:40:34.115+0000] {logging_mixin.py:188} WARNING - /home/***/.local/lib/python3.12/site-packages/***/task/task_runner/standard_task_runner.py:61 DeprecationWarning: This process (pid=4246) is multi-threaded, use of fork() may lead to deadlocks in the child.
[2026-03-26T13:40:34.115+0000] {standard_task_runner.py:90} INFO - Running: ['***', 'tasks', 'run', 'etl_pipeline2', 'stg_to_dwh', 'manual__2026-03-26T13:40:27.008983+00:00', '--job-id', '392', '--raw', '--subdir', 'DAGS_FOLDER/etl_pipeline2.py', '--cfg-path', '/tmp/tmp3d6lggrz']
[2026-03-26T13:40:34.117+0000] {standard_task_runner.py:63} INFO - Started process 4247 to run task
[2026-03-26T13:40:34.117+0000] {standard_task_runner.py:91} INFO - Job 392: Subtask stg_to_dwh
[2026-03-26T13:40:34.165+0000] {task_command.py:426} INFO - Running <TaskInstance: etl_pipeline2.stg_to_dwh manual__2026-03-26T13:40:27.008983+00:00 [running]> on host 3ccff2366b2a
[2026-03-26T13:40:34.232+0000] {taskinstance.py:2644} INFO - Exporting env vars: AIRFLOW_CTX_DAG_OWNER='***' AIRFLOW_CTX_DAG_ID='etl_pipeline2' AIRFLOW_CTX_TASK_ID='stg_to_dwh' AIRFLOW_CTX_EXECUTION_DATE='2026-03-26T13:40:27.008983+00:00' AIRFLOW_CTX_TRY_NUMBER='1' AIRFLOW_CTX_DAG_RUN_ID='manual__2026-03-26T13:40:27.008983+00:00'
[2026-03-26T13:40:34.234+0000] {taskinstance.py:430} INFO - ::endgroup::
[2026-03-26T13:40:34.251+0000] {base.py:84} INFO - Using connection ID 'postgres_dwh' for task execution.
[2026-03-26T13:40:34.262+0000] {sql.py:457} INFO - Running statement: TRUNCATE dwh_fact_orders, parameters: None
[2026-03-26T13:40:34.265+0000] {taskinstance.py:441} INFO - ::group::Post task execution logs
[2026-03-26T13:40:34.266+0000] {taskinstance.py:2890} ERROR - Task failed with exception
Traceback (most recent call last):
  File "/home/airflow/.local/lib/python3.12/site-packages/airflow/models/taskinstance.py", line 465, in _execute_task
    result = _execute_callable(context=context, **execute_callable_kwargs)
             ^^^^^^^^^^^^^^^^^^^^^^^^^^^^^^^^^^^^^^^^^^^^^^^^^^^^^^^^^^^^^
  File "/home/airflow/.local/lib/python3.12/site-packages/airflow/models/taskinstance.py", line 432, in _execute_callable
    return execute_callable(context=context, **execute_callable_kwargs)
           ^^^^^^^^^^^^^^^^^^^^^^^^^^^^^^^^^^^^^^^^^^^^^^^^^^^^^^^^^^^^
  File "/home/airflow/.local/lib/python3.12/site-packages/airflow/models/baseoperator.py", line 400, in wrapper
    return func(self, *args, **kwargs)
           ^^^^^^^^^^^^^^^^^^^^^^^^^^^
  File "/home/airflow/.local/lib/python3.12/site-packages/airflow/operators/python.py", line 235, in execute
    return_value = self.execute_callable()
                   ^^^^^^^^^^^^^^^^^^^^^^^
  File "/home/airflow/.local/lib/python3.12/site-packages/airflow/operators/python.py", line 252, in execute_callable
    return self.python_callable(*self.op_args, **self.op_kwargs)
           ^^^^^^^^^^^^^^^^^^^^^^^^^^^^^^^^^^^^^^^^^^^^^^^^^^^^^
  File "/opt/airflow/dags/etl_pipeline2.py", line 204, in stg_to_dwh
    dwh.run(f"TRUNCATE {tgt}")
  File "/home/airflow/.local/lib/python3.12/site-packages/airflow/providers/common/sql/hooks/sql.py", line 404, in run
    self._run_command(cur, sql_statement, parameters)
  File "/home/airflow/.local/lib/python3.12/site-packages/airflow/providers/common/sql/hooks/sql.py", line 462, in _run_command
    cur.execute(sql_statement)
psycopg2.errors.UndefinedTable: relation "dwh_fact_orders" does not exist

[2026-03-26T13:40:34.279+0000] {taskinstance.py:1205} INFO - Marking task as FAILED. dag_id=etl_pipeline2, task_id=stg_to_dwh, execution_date=20260326T134027, start_date=20260326T134034, end_date=20260326T134034
[2026-03-26T13:40:34.281+0000] {base.py:84} INFO - Using connection ID 'postgres_dwh' for task execution.
[2026-03-26T13:40:34.292+0000] {sql.py:457} INFO - Running statement: 
        INSERT INTO etl_logs (
            dag_id, task_id, status, start_time, end_time, duration_seconds, error_message
        )
        VALUES (%s, %s, %s, %s, %s, %s, %s)
    , parameters: ('etl_pipeline2', 'stg_to_dwh', 'FAILED', datetime.datetime(2026, 3, 26, 13, 40, 34, 92199), datetime.datetime(2026, 3, 26, 13, 40, 34, 280308), 0, 'relation "dwh_fact_orders" does not exist\n')
[2026-03-26T13:40:34.295+0000] {sql.py:466} INFO - Rows affected: 1
[2026-03-26T13:40:34.298+0000] {logging_mixin.py:188} INFO - FAILURE CALLBACK TRIGGERED
[2026-03-26T13:40:34.307+0000] {standard_task_runner.py:110} ERROR - Failed to execute job 392 for task stg_to_dwh (relation "dwh_fact_orders" does not exist
; 4247)
[2026-03-26T13:40:34.330+0000] {local_task_job_runner.py:240} INFO - Task exited with return code 1
[2026-03-26T13:40:34.342+0000] {taskinstance.py:3482} INFO - 0 downstream tasks scheduled from follow-on schedule check
[2026-03-26T13:40:34.344+0000] {local_task_job_runner.py:222} INFO - ::endgroup::
