[2026-03-25T07:33:08.883+0000] {local_task_job_runner.py:120} INFO - ::group::Pre task execution logs
[2026-03-25T07:33:08.902+0000] {taskinstance.py:2073} INFO - Dependencies all met for dep_context=non-requeueable deps ti=<TaskInstance: etl_pipeline2.stg_to_dwh manual__2026-03-25T07:32:58.138019+00:00 [queued]>
[2026-03-25T07:33:08.908+0000] {taskinstance.py:2073} INFO - Dependencies all met for dep_context=requeueable deps ti=<TaskInstance: etl_pipeline2.stg_to_dwh manual__2026-03-25T07:32:58.138019+00:00 [queued]>
[2026-03-25T07:33:08.909+0000] {taskinstance.py:2303} INFO - Starting attempt 1 of 1
[2026-03-25T07:33:08.919+0000] {taskinstance.py:2327} INFO - Executing <Task(PythonOperator): stg_to_dwh> on 2026-03-25 07:32:58.138019+00:00
[2026-03-25T07:33:08.924+0000] {standard_task_runner.py:90} INFO - Running: ['***', 'tasks', 'run', 'etl_pipeline2', 'stg_to_dwh', 'manual__2026-03-25T07:32:58.138019+00:00', '--job-id', '196', '--raw', '--subdir', 'DAGS_FOLDER/etl_pipeline2.py', '--cfg-path', '/tmp/tmpun1oocvj']
[2026-03-25T07:33:08.926+0000] {logging_mixin.py:188} WARNING - /home/***/.local/lib/python3.12/site-packages/***/task/task_runner/standard_task_runner.py:61 DeprecationWarning: This process (pid=436) is multi-threaded, use of fork() may lead to deadlocks in the child.
[2026-03-25T07:33:08.926+0000] {standard_task_runner.py:91} INFO - Job 196: Subtask stg_to_dwh
[2026-03-25T07:33:08.926+0000] {standard_task_runner.py:63} INFO - Started process 437 to run task
[2026-03-25T07:33:08.972+0000] {task_command.py:426} INFO - Running <TaskInstance: etl_pipeline2.stg_to_dwh manual__2026-03-25T07:32:58.138019+00:00 [running]> on host 3ccff2366b2a
[2026-03-25T07:33:09.028+0000] {taskinstance.py:2644} INFO - Exporting env vars: AIRFLOW_CTX_DAG_OWNER='***' AIRFLOW_CTX_DAG_ID='etl_pipeline2' AIRFLOW_CTX_TASK_ID='stg_to_dwh' AIRFLOW_CTX_EXECUTION_DATE='2026-03-25T07:32:58.138019+00:00' AIRFLOW_CTX_TRY_NUMBER='1' AIRFLOW_CTX_DAG_RUN_ID='manual__2026-03-25T07:32:58.138019+00:00'
[2026-03-25T07:33:09.029+0000] {taskinstance.py:430} INFO - ::endgroup::
[2026-03-25T07:33:09.043+0000] {base.py:84} INFO - Using connection ID 'postgres_dwh' for task execution.
[2026-03-25T07:33:09.053+0000] {sql.py:457} INFO - Running statement: TRUNCATE dwh_fact_orders, parameters: None
[2026-03-25T07:33:09.065+0000] {base.py:84} INFO - Using connection ID 'postgres_stg' for task execution.
[2026-03-25T07:33:09.075+0000] {sql.py:457} INFO - Running statement: SELECT * FROM stg_fact_orders, parameters: None
[2026-03-25T07:33:09.084+0000] {sql.py:466} INFO - Rows affected: 1660
[2026-03-25T07:33:09.090+0000] {logging_mixin.py:188} WARNING - /home/***/.local/lib/python3.12/site-packages/***/providers/common/sql/hooks/sql.py:407 AirflowProviderDeprecationWarning: Call to deprecated method _make_common_data_structure. (The `_make_serializable` method is deprecated and support will be removed in a future version of the common.sql provider. Please update the DbApiHook's provider to a version based on common.sql >= 1.9.1.)
[2026-03-25T07:33:09.096+0000] {base.py:84} INFO - Using connection ID 'postgres_dwh' for task execution.
[2026-03-25T07:33:10.055+0000] {sql.py:576} INFO - Loaded 1000 rows into dwh_fact_orders so far
[2026-03-25T07:33:10.672+0000] {sql.py:580} INFO - Done loading. Loaded a total of 1660 rows into dwh_fact_orders
[2026-03-25T07:33:10.677+0000] {base.py:84} INFO - Using connection ID 'postgres_dwh' for task execution.
[2026-03-25T07:33:10.690+0000] {sql.py:457} INFO - Running statement: TRUNCATE dwh_dim_customers, parameters: None
[2026-03-25T07:33:10.702+0000] {base.py:84} INFO - Using connection ID 'postgres_stg' for task execution.
[2026-03-25T07:33:10.711+0000] {sql.py:457} INFO - Running statement: SELECT * FROM stg_dim_customers, parameters: None
[2026-03-25T07:33:10.714+0000] {sql.py:466} INFO - Rows affected: 184
[2026-03-25T07:33:10.720+0000] {base.py:84} INFO - Using connection ID 'postgres_dwh' for task execution.
[2026-03-25T07:33:10.897+0000] {sql.py:580} INFO - Done loading. Loaded a total of 184 rows into dwh_dim_customers
[2026-03-25T07:33:10.901+0000] {base.py:84} INFO - Using connection ID 'postgres_dwh' for task execution.
[2026-03-25T07:33:10.911+0000] {sql.py:457} INFO - Running statement: TRUNCATE dwh_dim_products, parameters: None
[2026-03-25T07:33:10.920+0000] {base.py:84} INFO - Using connection ID 'postgres_stg' for task execution.
[2026-03-25T07:33:10.929+0000] {sql.py:457} INFO - Running statement: SELECT * FROM stg_dim_products, parameters: None
[2026-03-25T07:33:10.933+0000] {sql.py:466} INFO - Rows affected: 231
[2026-03-25T07:33:10.938+0000] {base.py:84} INFO - Using connection ID 'postgres_dwh' for task execution.
[2026-03-25T07:33:11.164+0000] {sql.py:580} INFO - Done loading. Loaded a total of 231 rows into dwh_dim_products
[2026-03-25T07:33:11.169+0000] {base.py:84} INFO - Using connection ID 'postgres_dwh' for task execution.
[2026-03-25T07:33:11.179+0000] {sql.py:457} INFO - Running statement: TRUNCATE dwh_fact_order_details, parameters: None
[2026-03-25T07:33:11.187+0000] {base.py:84} INFO - Using connection ID 'postgres_stg' for task execution.
[2026-03-25T07:33:11.197+0000] {sql.py:457} INFO - Running statement: SELECT * FROM stg_fact_order_details, parameters: None
[2026-03-25T07:33:11.209+0000] {sql.py:466} INFO - Rows affected: 6466
[2026-03-25T07:33:11.220+0000] {base.py:84} INFO - Using connection ID 'postgres_dwh' for task execution.
[2026-03-25T07:33:12.145+0000] {sql.py:576} INFO - Loaded 1000 rows into dwh_fact_order_details so far
[2026-03-25T07:33:13.044+0000] {sql.py:576} INFO - Loaded 2000 rows into dwh_fact_order_details so far
[2026-03-25T07:33:13.982+0000] {sql.py:576} INFO - Loaded 3000 rows into dwh_fact_order_details so far
[2026-03-25T07:33:14.918+0000] {sql.py:576} INFO - Loaded 4000 rows into dwh_fact_order_details so far
[2026-03-25T07:33:15.839+0000] {sql.py:576} INFO - Loaded 5000 rows into dwh_fact_order_details so far
[2026-03-25T07:33:16.776+0000] {sql.py:576} INFO - Loaded 6000 rows into dwh_fact_order_details so far
[2026-03-25T07:33:17.232+0000] {sql.py:580} INFO - Done loading. Loaded a total of 6466 rows into dwh_fact_order_details
[2026-03-25T07:33:17.233+0000] {python.py:237} INFO - Done. Returned value was: None
[2026-03-25T07:33:17.234+0000] {taskinstance.py:441} INFO - ::group::Post task execution logs
[2026-03-25T07:33:17.240+0000] {taskinstance.py:1205} INFO - Marking task as SUCCESS. dag_id=etl_pipeline2, task_id=stg_to_dwh, execution_date=20260325T073258, start_date=20260325T073308, end_date=20260325T073317
[2026-03-25T07:33:17.263+0000] {local_task_job_runner.py:240} INFO - Task exited with return code 0
[2026-03-25T07:33:17.273+0000] {taskinstance.py:3482} INFO - 0 downstream tasks scheduled from follow-on schedule check
[2026-03-25T07:33:17.275+0000] {local_task_job_runner.py:222} INFO - ::endgroup::
