[2026-03-25T07:32:59.090+0000] {local_task_job_runner.py:120} INFO - ::group::Pre task execution logs
[2026-03-25T07:32:59.121+0000] {taskinstance.py:2073} INFO - Dependencies all met for dep_context=non-requeueable deps ti=<TaskInstance: etl_pipeline2.load_customers_to_mrr manual__2026-03-25T07:32:58.138019+00:00 [queued]>
[2026-03-25T07:32:59.128+0000] {taskinstance.py:2073} INFO - Dependencies all met for dep_context=requeueable deps ti=<TaskInstance: etl_pipeline2.load_customers_to_mrr manual__2026-03-25T07:32:58.138019+00:00 [queued]>
[2026-03-25T07:32:59.128+0000] {taskinstance.py:2303} INFO - Starting attempt 1 of 1
[2026-03-25T07:32:59.139+0000] {taskinstance.py:2327} INFO - Executing <Task(PythonOperator): load_customers_to_mrr> on 2026-03-25 07:32:58.138019+00:00
[2026-03-25T07:32:59.146+0000] {logging_mixin.py:188} WARNING - /home/***/.local/lib/python3.12/site-packages/***/task/task_runner/standard_task_runner.py:61 DeprecationWarning: This process (pid=426) is multi-threaded, use of fork() may lead to deadlocks in the child.
[2026-03-25T07:32:59.145+0000] {standard_task_runner.py:90} INFO - Running: ['***', 'tasks', 'run', 'etl_pipeline2', 'load_customers_to_mrr', 'manual__2026-03-25T07:32:58.138019+00:00', '--job-id', '193', '--raw', '--subdir', 'DAGS_FOLDER/etl_pipeline2.py', '--cfg-path', '/tmp/tmpr1piqhx1']
[2026-03-25T07:32:59.147+0000] {standard_task_runner.py:63} INFO - Started process 430 to run task
[2026-03-25T07:32:59.148+0000] {standard_task_runner.py:91} INFO - Job 193: Subtask load_customers_to_mrr
[2026-03-25T07:32:59.196+0000] {task_command.py:426} INFO - Running <TaskInstance: etl_pipeline2.load_customers_to_mrr manual__2026-03-25T07:32:58.138019+00:00 [running]> on host 3ccff2366b2a
[2026-03-25T07:32:59.266+0000] {taskinstance.py:2644} INFO - Exporting env vars: AIRFLOW_CTX_DAG_OWNER='***' AIRFLOW_CTX_DAG_ID='etl_pipeline2' AIRFLOW_CTX_TASK_ID='load_customers_to_mrr' AIRFLOW_CTX_EXECUTION_DATE='2026-03-25T07:32:58.138019+00:00' AIRFLOW_CTX_TRY_NUMBER='1' AIRFLOW_CTX_DAG_RUN_ID='manual__2026-03-25T07:32:58.138019+00:00'
[2026-03-25T07:32:59.268+0000] {taskinstance.py:430} INFO - ::endgroup::
[2026-03-25T07:32:59.290+0000] {base.py:84} INFO - Using connection ID 'postgres_dwh' for task execution.
[2026-03-25T07:32:59.305+0000] {sql.py:457} INFO - Running statement: 
        SELECT last_loaded_at
        FROM dwh_high_water_mark
        WHERE table_name = %s
    , parameters: ('customers',)
[2026-03-25T07:32:59.309+0000] {sql.py:466} INFO - Rows affected: 1
[2026-03-25T07:32:59.313+0000] {logging_mixin.py:188} WARNING - /home/***/.local/lib/python3.12/site-packages/***/providers/common/sql/hooks/sql.py:407 AirflowProviderDeprecationWarning: Call to deprecated method _make_common_data_structure. (The `_make_serializable` method is deprecated and support will be removed in a future version of the common.sql provider. Please update the DbApiHook's provider to a version based on common.sql >= 1.9.1.)
[2026-03-25T07:32:59.321+0000] {base.py:84} INFO - Using connection ID 'postgres_operational' for task execution.
[2026-03-25T07:32:59.332+0000] {sql.py:457} INFO - Running statement: 
        SELECT customer_id, company_name, contact_name, contact_title, city, country, updated_at
        FROM customers
        WHERE updated_at > %s
    , parameters: (datetime.datetime(2026, 3, 25, 10, 26, 45, 352579),)
[2026-03-25T07:32:59.335+0000] {sql.py:466} INFO - Rows affected: 0
[2026-03-25T07:32:59.336+0000] {logging_mixin.py:188} INFO - No new data for customers
[2026-03-25T07:32:59.337+0000] {python.py:237} INFO - Done. Returned value was: None
[2026-03-25T07:32:59.337+0000] {taskinstance.py:441} INFO - ::group::Post task execution logs
[2026-03-25T07:32:59.345+0000] {taskinstance.py:1205} INFO - Marking task as SUCCESS. dag_id=etl_pipeline2, task_id=load_customers_to_mrr, execution_date=20260325T073258, start_date=20260325T073259, end_date=20260325T073259
[2026-03-25T07:32:59.361+0000] {local_task_job_runner.py:240} INFO - Task exited with return code 0
[2026-03-25T07:32:59.394+0000] {taskinstance.py:3482} INFO - 0 downstream tasks scheduled from follow-on schedule check
[2026-03-25T07:32:59.397+0000] {local_task_job_runner.py:222} INFO - ::endgroup::
