[2026-03-26T09:24:20.192+0000] {local_task_job_runner.py:120} INFO - ::group::Pre task execution logs
[2026-03-26T09:24:20.222+0000] {taskinstance.py:2073} INFO - Dependencies all met for dep_context=non-requeueable deps ti=<TaskInstance: etl_pipeline2.load_products_to_mrr manual__2026-03-26T09:24:19.306447+00:00 [queued]>
[2026-03-26T09:24:20.229+0000] {taskinstance.py:2073} INFO - Dependencies all met for dep_context=requeueable deps ti=<TaskInstance: etl_pipeline2.load_products_to_mrr manual__2026-03-26T09:24:19.306447+00:00 [queued]>
[2026-03-26T09:24:20.230+0000] {taskinstance.py:2303} INFO - Starting attempt 1 of 1
[2026-03-26T09:24:20.240+0000] {taskinstance.py:2327} INFO - Executing <Task(PythonOperator): load_products_to_mrr> on 2026-03-26 09:24:19.306447+00:00
[2026-03-26T09:24:20.246+0000] {logging_mixin.py:188} WARNING - /home/***/.local/lib/python3.12/site-packages/***/task/task_runner/standard_task_runner.py:61 DeprecationWarning: This process (pid=1913) is multi-threaded, use of fork() may lead to deadlocks in the child.
[2026-03-26T09:24:20.247+0000] {standard_task_runner.py:63} INFO - Started process 1915 to run task
[2026-03-26T09:24:20.246+0000] {standard_task_runner.py:90} INFO - Running: ['***', 'tasks', 'run', 'etl_pipeline2', 'load_products_to_mrr', 'manual__2026-03-26T09:24:19.306447+00:00', '--job-id', '331', '--raw', '--subdir', 'DAGS_FOLDER/etl_pipeline2.py', '--cfg-path', '/tmp/tmp4x2m4to9']
[2026-03-26T09:24:20.249+0000] {standard_task_runner.py:91} INFO - Job 331: Subtask load_products_to_mrr
[2026-03-26T09:24:20.295+0000] {task_command.py:426} INFO - Running <TaskInstance: etl_pipeline2.load_products_to_mrr manual__2026-03-26T09:24:19.306447+00:00 [running]> on host 3ccff2366b2a
[2026-03-26T09:24:20.360+0000] {taskinstance.py:2644} INFO - Exporting env vars: AIRFLOW_CTX_DAG_OWNER='***' AIRFLOW_CTX_DAG_ID='etl_pipeline2' AIRFLOW_CTX_TASK_ID='load_products_to_mrr' AIRFLOW_CTX_EXECUTION_DATE='2026-03-26T09:24:19.306447+00:00' AIRFLOW_CTX_TRY_NUMBER='1' AIRFLOW_CTX_DAG_RUN_ID='manual__2026-03-26T09:24:19.306447+00:00'
[2026-03-26T09:24:20.361+0000] {taskinstance.py:430} INFO - ::endgroup::
[2026-03-26T09:24:20.382+0000] {base.py:84} INFO - Using connection ID 'postgres_dwh' for task execution.
[2026-03-26T09:24:20.395+0000] {sql.py:457} INFO - Running statement: 
        SELECT last_loaded_at
        FROM dwh_high_water_mark
        WHERE table_name = %s
    , parameters: ('products',)
[2026-03-26T09:24:20.398+0000] {sql.py:466} INFO - Rows affected: 1
[2026-03-26T09:24:20.400+0000] {logging_mixin.py:188} WARNING - /home/***/.local/lib/python3.12/site-packages/***/providers/common/sql/hooks/sql.py:407 AirflowProviderDeprecationWarning: Call to deprecated method _make_common_data_structure. (The `_make_serializable` method is deprecated and support will be removed in a future version of the common.sql provider. Please update the DbApiHook's provider to a version based on common.sql >= 1.9.1.)
[2026-03-26T09:24:20.401+0000] {logging_mixin.py:188} INFO - HWM for products: 2026-03-23 00:00:00
[2026-03-26T09:24:20.407+0000] {base.py:84} INFO - Using connection ID 'postgres_operational' for task execution.
[2026-03-26T09:24:20.417+0000] {sql.py:457} INFO - Running statement: 
        SELECT product_id, product_name, supplier_id, category_id, quantity_per_unit, unit_price, units_in_stock, units_on_order, reorder_level, discontinued, updated_at
        FROM products
        WHERE updated_at > %s
    , parameters: (datetime.datetime(2026, 3, 23, 0, 0),)
[2026-03-26T09:24:20.421+0000] {sql.py:466} INFO - Rows affected: 77
[2026-03-26T09:24:20.423+0000] {logging_mixin.py:188} INFO - Found 77 rows for products
[2026-03-26T09:24:20.428+0000] {base.py:84} INFO - Using connection ID 'postgres_mrr' for task execution.
[2026-03-26T09:24:20.524+0000] {sql.py:580} INFO - Done loading. Loaded a total of 77 rows into mrr_dim_products
[2026-03-26T09:24:20.525+0000] {logging_mixin.py:188} INFO - New HWM: 2026-03-23 19:03:47.842442
[2026-03-26T09:24:20.530+0000] {base.py:84} INFO - Using connection ID 'postgres_dwh' for task execution.
[2026-03-26T09:24:20.539+0000] {sql.py:457} INFO - Running statement: 
        INSERT INTO dwh_high_water_mark (table_name, last_loaded_at)
        VALUES (%s, %s)
        ON CONFLICT (table_name)
        DO UPDATE SET last_loaded_at = EXCLUDED.last_loaded_at
    , parameters: ('products', datetime.datetime(2026, 3, 23, 19, 3, 47, 842442))
[2026-03-26T09:24:20.542+0000] {sql.py:466} INFO - Rows affected: 1
[2026-03-26T09:24:20.544+0000] {logging_mixin.py:188} INFO - ✅ products → mrr_dim_products: 77 rows, HWM=2026-03-23 19:03:47.842442
[2026-03-26T09:24:20.545+0000] {python.py:237} INFO - Done. Returned value was: None
[2026-03-26T09:24:20.545+0000] {taskinstance.py:441} INFO - ::group::Post task execution logs
[2026-03-26T09:24:20.551+0000] {taskinstance.py:1205} INFO - Marking task as SUCCESS. dag_id=etl_pipeline2, task_id=load_products_to_mrr, execution_date=20260326T092419, start_date=20260326T092420, end_date=20260326T092420
[2026-03-26T09:24:20.554+0000] {base.py:84} INFO - Using connection ID 'postgres_dwh' for task execution.
[2026-03-26T09:24:20.565+0000] {sql.py:457} INFO - Running statement: 
        INSERT INTO etl_logs (
            dag_id, task_id, status, start_time, end_time, duration_seconds, error_message
        )
        VALUES (%s, %s, %s, %s, %s, %s, %s)
    , parameters: ('etl_pipeline2', 'load_products_to_mrr', 'SUCCESS', datetime.datetime(2026, 3, 26, 9, 24, 20, 223496), datetime.datetime(2026, 3, 26, 9, 24, 20, 552390), 0, None)
[2026-03-26T09:24:20.568+0000] {sql.py:466} INFO - Rows affected: 1
[2026-03-26T09:24:20.570+0000] {logging_mixin.py:188} INFO - SUCCESS CALLBACK TRIGGERED
[2026-03-26T09:24:20.622+0000] {local_task_job_runner.py:240} INFO - Task exited with return code 0
[2026-03-26T09:24:20.640+0000] {taskinstance.py:3482} INFO - 1 downstream tasks scheduled from follow-on schedule check
[2026-03-26T09:24:20.643+0000] {local_task_job_runner.py:222} INFO - ::endgroup::
