[2026-03-25T09:45:16.193+0000] {local_task_job_runner.py:120} INFO - ::group::Pre task execution logs
[2026-03-25T09:45:16.212+0000] {taskinstance.py:2073} INFO - Dependencies all met for dep_context=non-requeueable deps ti=<TaskInstance: etl_pipeline2.mrr_to_stg manual__2026-03-25T09:45:14.802999+00:00 [queued]>
[2026-03-25T09:45:16.218+0000] {taskinstance.py:2073} INFO - Dependencies all met for dep_context=requeueable deps ti=<TaskInstance: etl_pipeline2.mrr_to_stg manual__2026-03-25T09:45:14.802999+00:00 [queued]>
[2026-03-25T09:45:16.219+0000] {taskinstance.py:2303} INFO - Starting attempt 1 of 1
[2026-03-25T09:45:16.227+0000] {taskinstance.py:2327} INFO - Executing <Task(PythonOperator): mrr_to_stg> on 2026-03-25 09:45:14.802999+00:00
[2026-03-25T09:45:16.232+0000] {standard_task_runner.py:90} INFO - Running: ['***', 'tasks', 'run', 'etl_pipeline2', 'mrr_to_stg', 'manual__2026-03-25T09:45:14.802999+00:00', '--job-id', '234', '--raw', '--subdir', 'DAGS_FOLDER/etl_pipeline2.py', '--cfg-path', '/tmp/tmp7qb8lo0c']
[2026-03-25T09:45:16.234+0000] {standard_task_runner.py:91} INFO - Job 234: Subtask mrr_to_stg
[2026-03-25T09:45:16.234+0000] {logging_mixin.py:188} WARNING - /home/***/.local/lib/python3.12/site-packages/***/task/task_runner/standard_task_runner.py:61 DeprecationWarning: This process (pid=696) is multi-threaded, use of fork() may lead to deadlocks in the child.
[2026-03-25T09:45:16.234+0000] {standard_task_runner.py:63} INFO - Started process 697 to run task
[2026-03-25T09:45:16.276+0000] {task_command.py:426} INFO - Running <TaskInstance: etl_pipeline2.mrr_to_stg manual__2026-03-25T09:45:14.802999+00:00 [running]> on host 3ccff2366b2a
[2026-03-25T09:45:16.328+0000] {taskinstance.py:2644} INFO - Exporting env vars: AIRFLOW_CTX_DAG_OWNER='***' AIRFLOW_CTX_DAG_ID='etl_pipeline2' AIRFLOW_CTX_TASK_ID='mrr_to_stg' AIRFLOW_CTX_EXECUTION_DATE='2026-03-25T09:45:14.802999+00:00' AIRFLOW_CTX_TRY_NUMBER='1' AIRFLOW_CTX_DAG_RUN_ID='manual__2026-03-25T09:45:14.802999+00:00'
[2026-03-25T09:45:16.328+0000] {taskinstance.py:430} INFO - ::endgroup::
[2026-03-25T09:45:16.342+0000] {base.py:84} INFO - Using connection ID 'postgres_stg' for task execution.
[2026-03-25T09:45:16.352+0000] {sql.py:457} INFO - Running statement: TRUNCATE stg_fact_orders, parameters: None
[2026-03-25T09:45:16.364+0000] {base.py:84} INFO - Using connection ID 'postgres_mrr' for task execution.
[2026-03-25T09:45:16.374+0000] {sql.py:457} INFO - Running statement: SELECT * FROM mrr_fact_orders, parameters: None
[2026-03-25T09:45:16.381+0000] {sql.py:466} INFO - Rows affected: 830
[2026-03-25T09:45:16.386+0000] {logging_mixin.py:188} WARNING - /home/***/.local/lib/python3.12/site-packages/***/providers/common/sql/hooks/sql.py:407 AirflowProviderDeprecationWarning: Call to deprecated method _make_common_data_structure. (The `_make_serializable` method is deprecated and support will be removed in a future version of the common.sql provider. Please update the DbApiHook's provider to a version based on common.sql >= 1.9.1.)
[2026-03-25T09:45:16.392+0000] {base.py:84} INFO - Using connection ID 'postgres_stg' for task execution.
[2026-03-25T09:45:17.221+0000] {sql.py:580} INFO - Done loading. Loaded a total of 830 rows into stg_fact_orders
[2026-03-25T09:45:17.226+0000] {base.py:84} INFO - Using connection ID 'postgres_stg' for task execution.
[2026-03-25T09:45:17.236+0000] {sql.py:457} INFO - Running statement: TRUNCATE stg_dim_customers, parameters: None
[2026-03-25T09:45:17.247+0000] {base.py:84} INFO - Using connection ID 'postgres_mrr' for task execution.
[2026-03-25T09:45:17.256+0000] {sql.py:457} INFO - Running statement: SELECT * FROM mrr_dim_customers, parameters: None
[2026-03-25T09:45:17.261+0000] {sql.py:466} INFO - Rows affected: 184
[2026-03-25T09:45:17.267+0000] {base.py:84} INFO - Using connection ID 'postgres_stg' for task execution.
[2026-03-25T09:45:17.456+0000] {sql.py:580} INFO - Done loading. Loaded a total of 184 rows into stg_dim_customers
[2026-03-25T09:45:17.460+0000] {base.py:84} INFO - Using connection ID 'postgres_stg' for task execution.
[2026-03-25T09:45:17.469+0000] {sql.py:457} INFO - Running statement: TRUNCATE stg_dim_products, parameters: None
[2026-03-25T09:45:17.478+0000] {base.py:84} INFO - Using connection ID 'postgres_mrr' for task execution.
[2026-03-25T09:45:17.487+0000] {sql.py:457} INFO - Running statement: SELECT * FROM mrr_dim_products, parameters: None
[2026-03-25T09:45:17.491+0000] {sql.py:466} INFO - Rows affected: 231
[2026-03-25T09:45:17.497+0000] {base.py:84} INFO - Using connection ID 'postgres_stg' for task execution.
[2026-03-25T09:45:17.725+0000] {sql.py:580} INFO - Done loading. Loaded a total of 231 rows into stg_dim_products
[2026-03-25T09:45:17.729+0000] {base.py:84} INFO - Using connection ID 'postgres_stg' for task execution.
[2026-03-25T09:45:17.738+0000] {sql.py:457} INFO - Running statement: TRUNCATE stg_fact_order_details, parameters: None
[2026-03-25T09:45:17.748+0000] {base.py:84} INFO - Using connection ID 'postgres_mrr' for task execution.
[2026-03-25T09:45:17.758+0000] {sql.py:457} INFO - Running statement: SELECT * FROM mrr_fact_order_details, parameters: None
[2026-03-25T09:45:17.780+0000] {sql.py:466} INFO - Rows affected: 6466
[2026-03-25T09:45:17.790+0000] {base.py:84} INFO - Using connection ID 'postgres_stg' for task execution.
[2026-03-25T09:45:18.768+0000] {sql.py:576} INFO - Loaded 1000 rows into stg_fact_order_details so far
[2026-03-25T09:45:19.695+0000] {sql.py:576} INFO - Loaded 2000 rows into stg_fact_order_details so far
[2026-03-25T09:45:20.622+0000] {sql.py:576} INFO - Loaded 3000 rows into stg_fact_order_details so far
[2026-03-25T09:45:21.577+0000] {sql.py:576} INFO - Loaded 4000 rows into stg_fact_order_details so far
[2026-03-25T09:45:22.511+0000] {sql.py:576} INFO - Loaded 5000 rows into stg_fact_order_details so far
[2026-03-25T09:45:26.563+0000] {sql.py:576} INFO - Loaded 6000 rows into stg_fact_order_details so far
[2026-03-25T09:45:27.015+0000] {sql.py:580} INFO - Done loading. Loaded a total of 6466 rows into stg_fact_order_details
[2026-03-25T09:45:27.016+0000] {python.py:237} INFO - Done. Returned value was: None
[2026-03-25T09:45:27.017+0000] {taskinstance.py:441} INFO - ::group::Post task execution logs
[2026-03-25T09:45:27.022+0000] {taskinstance.py:1205} INFO - Marking task as SUCCESS. dag_id=etl_pipeline2, task_id=mrr_to_stg, execution_date=20260325T094514, start_date=20260325T094516, end_date=20260325T094527
[2026-03-25T09:45:27.025+0000] {base.py:84} INFO - Using connection ID 'postgres_dwh' for task execution.
[2026-03-25T09:45:27.035+0000] {sql.py:457} INFO - Running statement: 
        INSERT INTO etl_logs (
            dag_id, task_id, status, start_time, end_time, duration_seconds, error_message
        )
        VALUES (%s, %s, %s, %s, %s, %s, %s)
    , parameters: ('etl_pipeline2', 'mrr_to_stg', 'SUCCESS', datetime.datetime(2026, 3, 25, 9, 45, 16, 213482), datetime.datetime(2026, 3, 25, 9, 45, 27, 23449), 10, None)
[2026-03-25T09:45:27.038+0000] {sql.py:466} INFO - Rows affected: 1
[2026-03-25T09:45:27.040+0000] {logging_mixin.py:188} INFO - SUCCESS CALLBACK TRIGGERED
[2026-03-25T09:45:27.090+0000] {local_task_job_runner.py:240} INFO - Task exited with return code 0
[2026-03-25T09:45:27.100+0000] {taskinstance.py:3482} INFO - 0 downstream tasks scheduled from follow-on schedule check
[2026-03-25T09:45:27.101+0000] {local_task_job_runner.py:222} INFO - ::endgroup::
