[2026-03-24T14:26:27.766+0000] {local_task_job_runner.py:120} INFO - ::group::Pre task execution logs
[2026-03-24T14:26:27.790+0000] {taskinstance.py:2073} INFO - Dependencies all met for dep_context=non-requeueable deps ti=<TaskInstance: etl_pipeline2.load_customers_to_mrr manual__2026-03-24T14:26:27.396922+00:00 [queued]>
[2026-03-24T14:26:27.797+0000] {taskinstance.py:2073} INFO - Dependencies all met for dep_context=requeueable deps ti=<TaskInstance: etl_pipeline2.load_customers_to_mrr manual__2026-03-24T14:26:27.396922+00:00 [queued]>
[2026-03-24T14:26:27.797+0000] {taskinstance.py:2303} INFO - Starting attempt 1 of 1
[2026-03-24T14:26:27.808+0000] {taskinstance.py:2327} INFO - Executing <Task(PythonOperator): load_customers_to_mrr> on 2026-03-24 14:26:27.396922+00:00
[2026-03-24T14:26:27.815+0000] {standard_task_runner.py:90} INFO - Running: ['***', 'tasks', 'run', 'etl_pipeline2', 'load_customers_to_mrr', 'manual__2026-03-24T14:26:27.396922+00:00', '--job-id', '145', '--raw', '--subdir', 'DAGS_FOLDER/etl_pipeline2.py', '--cfg-path', '/tmp/tmpzys6vxw1']
[2026-03-24T14:26:27.817+0000] {logging_mixin.py:188} WARNING - /home/***/.local/lib/python3.12/site-packages/***/task/task_runner/standard_task_runner.py:61 DeprecationWarning: This process (pid=294) is multi-threaded, use of fork() may lead to deadlocks in the child.
[2026-03-24T14:26:27.818+0000] {standard_task_runner.py:91} INFO - Job 145: Subtask load_customers_to_mrr
[2026-03-24T14:26:27.818+0000] {standard_task_runner.py:63} INFO - Started process 299 to run task
[2026-03-24T14:26:27.868+0000] {task_command.py:426} INFO - Running <TaskInstance: etl_pipeline2.load_customers_to_mrr manual__2026-03-24T14:26:27.396922+00:00 [running]> on host 3ccff2366b2a
[2026-03-24T14:26:27.934+0000] {taskinstance.py:2644} INFO - Exporting env vars: AIRFLOW_CTX_DAG_OWNER='***' AIRFLOW_CTX_DAG_ID='etl_pipeline2' AIRFLOW_CTX_TASK_ID='load_customers_to_mrr' AIRFLOW_CTX_EXECUTION_DATE='2026-03-24T14:26:27.396922+00:00' AIRFLOW_CTX_TRY_NUMBER='1' AIRFLOW_CTX_DAG_RUN_ID='manual__2026-03-24T14:26:27.396922+00:00'
[2026-03-24T14:26:27.935+0000] {taskinstance.py:430} INFO - ::endgroup::
[2026-03-24T14:26:27.953+0000] {base.py:84} INFO - Using connection ID 'postgres_dwh' for task execution.
[2026-03-24T14:26:27.968+0000] {sql.py:457} INFO - Running statement: 
        SELECT last_loaded_at
        FROM dwh_high_water_mark
        WHERE table_name = 'customers'
    , parameters: None
[2026-03-24T14:26:27.973+0000] {sql.py:466} INFO - Rows affected: 1
[2026-03-24T14:26:27.978+0000] {logging_mixin.py:188} WARNING - /home/***/.local/lib/python3.12/site-packages/***/providers/common/sql/hooks/sql.py:407 AirflowProviderDeprecationWarning: Call to deprecated method _make_common_data_structure. (The `_make_serializable` method is deprecated and support will be removed in a future version of the common.sql provider. Please update the DbApiHook's provider to a version based on common.sql >= 1.9.1.)
[2026-03-24T14:26:27.986+0000] {base.py:84} INFO - Using connection ID 'postgres_operational' for task execution.
[2026-03-24T14:26:28.001+0000] {sql.py:457} INFO - Running statement: 
        SELECT customer_id, company_name, contact_name, contact_title, city, country, updated_at
        FROM customers
        WHERE updated_at > '1999-01-01 00:00:00'
    , parameters: None
[2026-03-24T14:26:28.006+0000] {sql.py:466} INFO - Rows affected: 91
[2026-03-24T14:26:28.015+0000] {base.py:84} INFO - Using connection ID 'postgres_mrr' for task execution.
[2026-03-24T14:26:28.176+0000] {sql.py:580} INFO - Done loading. Loaded a total of 91 rows into mrr_dim_customers
[2026-03-24T14:26:28.182+0000] {base.py:84} INFO - Using connection ID 'postgres_dwh' for task execution.
[2026-03-24T14:26:28.194+0000] {sql.py:457} INFO - Running statement: 
        UPDATE dwh_high_water_mark
        SET last_loaded_at = '2026-03-24 17:25:39.866729'
        WHERE table_name = 'customers'
    , parameters: None
[2026-03-24T14:26:28.197+0000] {sql.py:466} INFO - Rows affected: 1
[2026-03-24T14:26:28.199+0000] {logging_mixin.py:188} INFO - customers loaded, HWM updated
[2026-03-24T14:26:28.200+0000] {python.py:237} INFO - Done. Returned value was: None
[2026-03-24T14:26:28.201+0000] {taskinstance.py:441} INFO - ::group::Post task execution logs
[2026-03-24T14:26:28.208+0000] {taskinstance.py:1205} INFO - Marking task as SUCCESS. dag_id=etl_pipeline2, task_id=load_customers_to_mrr, execution_date=20260324T142627, start_date=20260324T142627, end_date=20260324T142628
[2026-03-24T14:26:28.233+0000] {local_task_job_runner.py:240} INFO - Task exited with return code 0
[2026-03-24T14:26:28.253+0000] {taskinstance.py:3482} INFO - 1 downstream tasks scheduled from follow-on schedule check
[2026-03-24T14:26:28.256+0000] {local_task_job_runner.py:222} INFO - ::endgroup::
