[2026-03-26T09:20:16.875+0000] {local_task_job_runner.py:120} INFO - ::group::Pre task execution logs
[2026-03-26T09:20:16.906+0000] {taskinstance.py:2073} INFO - Dependencies all met for dep_context=non-requeueable deps ti=<TaskInstance: etl_pipeline2.load_products_to_mrr manual__2026-03-26T09:20:16.492878+00:00 [queued]>
[2026-03-26T09:20:16.914+0000] {taskinstance.py:2073} INFO - Dependencies all met for dep_context=requeueable deps ti=<TaskInstance: etl_pipeline2.load_products_to_mrr manual__2026-03-26T09:20:16.492878+00:00 [queued]>
[2026-03-26T09:20:16.915+0000] {taskinstance.py:2303} INFO - Starting attempt 1 of 1
[2026-03-26T09:20:16.931+0000] {taskinstance.py:2327} INFO - Executing <Task(PythonOperator): load_products_to_mrr> on 2026-03-26 09:20:16.492878+00:00
[2026-03-26T09:20:16.937+0000] {standard_task_runner.py:90} INFO - Running: ['***', 'tasks', 'run', 'etl_pipeline2', 'load_products_to_mrr', 'manual__2026-03-26T09:20:16.492878+00:00', '--job-id', '327', '--raw', '--subdir', 'DAGS_FOLDER/etl_pipeline2.py', '--cfg-path', '/tmp/tmp4j98uggr']
[2026-03-26T09:20:16.938+0000] {logging_mixin.py:188} WARNING - /home/***/.local/lib/python3.12/site-packages/***/task/task_runner/standard_task_runner.py:61 DeprecationWarning: This process (pid=1861) is multi-threaded, use of fork() may lead to deadlocks in the child.
[2026-03-26T09:20:16.939+0000] {standard_task_runner.py:91} INFO - Job 327: Subtask load_products_to_mrr
[2026-03-26T09:20:16.940+0000] {standard_task_runner.py:63} INFO - Started process 1863 to run task
[2026-03-26T09:20:16.996+0000] {task_command.py:426} INFO - Running <TaskInstance: etl_pipeline2.load_products_to_mrr manual__2026-03-26T09:20:16.492878+00:00 [running]> on host 3ccff2366b2a
[2026-03-26T09:20:17.062+0000] {taskinstance.py:2644} INFO - Exporting env vars: AIRFLOW_CTX_DAG_OWNER='***' AIRFLOW_CTX_DAG_ID='etl_pipeline2' AIRFLOW_CTX_TASK_ID='load_products_to_mrr' AIRFLOW_CTX_EXECUTION_DATE='2026-03-26T09:20:16.492878+00:00' AIRFLOW_CTX_TRY_NUMBER='1' AIRFLOW_CTX_DAG_RUN_ID='manual__2026-03-26T09:20:16.492878+00:00'
[2026-03-26T09:20:17.063+0000] {taskinstance.py:430} INFO - ::endgroup::
[2026-03-26T09:20:17.084+0000] {base.py:84} INFO - Using connection ID 'postgres_dwh' for task execution.
[2026-03-26T09:20:17.096+0000] {sql.py:457} INFO - Running statement: 
        SELECT last_loaded_at
        FROM dwh_high_water_mark
        WHERE table_name = %s
    , parameters: ('products',)
[2026-03-26T09:20:17.100+0000] {sql.py:466} INFO - Rows affected: 1
[2026-03-26T09:20:17.102+0000] {logging_mixin.py:188} WARNING - /home/***/.local/lib/python3.12/site-packages/***/providers/common/sql/hooks/sql.py:407 AirflowProviderDeprecationWarning: Call to deprecated method _make_common_data_structure. (The `_make_serializable` method is deprecated and support will be removed in a future version of the common.sql provider. Please update the DbApiHook's provider to a version based on common.sql >= 1.9.1.)
[2026-03-26T09:20:17.103+0000] {logging_mixin.py:188} INFO - HWM for products: 2026-03-23 19:03:47.842442
[2026-03-26T09:20:17.109+0000] {base.py:84} INFO - Using connection ID 'postgres_operational' for task execution.
[2026-03-26T09:20:17.119+0000] {sql.py:457} INFO - Running statement: 
        SELECT product_id, product_name, supplier_id, category_id, quantity_per_unit, unit_price, units_in_stock, units_on_order, reorder_level, discontinued, updated_at
        FROM products
        WHERE updated_at > %s
    , parameters: (datetime.datetime(2026, 3, 23, 19, 3, 47, 842442),)
[2026-03-26T09:20:17.122+0000] {sql.py:466} INFO - Rows affected: 0
[2026-03-26T09:20:17.123+0000] {logging_mixin.py:188} INFO - No new data for products
[2026-03-26T09:20:17.124+0000] {python.py:237} INFO - Done. Returned value was: None
[2026-03-26T09:20:17.124+0000] {taskinstance.py:441} INFO - ::group::Post task execution logs
[2026-03-26T09:20:17.131+0000] {taskinstance.py:1205} INFO - Marking task as SUCCESS. dag_id=etl_pipeline2, task_id=load_products_to_mrr, execution_date=20260326T092016, start_date=20260326T092016, end_date=20260326T092017
[2026-03-26T09:20:17.135+0000] {base.py:84} INFO - Using connection ID 'postgres_dwh' for task execution.
[2026-03-26T09:20:17.145+0000] {sql.py:457} INFO - Running statement: 
        INSERT INTO etl_logs (
            dag_id, task_id, status, start_time, end_time, duration_seconds, error_message
        )
        VALUES (%s, %s, %s, %s, %s, %s, %s)
    , parameters: ('etl_pipeline2', 'load_products_to_mrr', 'SUCCESS', datetime.datetime(2026, 3, 26, 9, 20, 16, 907154), datetime.datetime(2026, 3, 26, 9, 20, 17, 132248), 0, None)
[2026-03-26T09:20:17.148+0000] {sql.py:466} INFO - Rows affected: 1
[2026-03-26T09:20:17.150+0000] {logging_mixin.py:188} INFO - SUCCESS CALLBACK TRIGGERED
[2026-03-26T09:20:17.194+0000] {local_task_job_runner.py:240} INFO - Task exited with return code 0
[2026-03-26T09:20:17.216+0000] {taskinstance.py:3482} INFO - 0 downstream tasks scheduled from follow-on schedule check
[2026-03-26T09:20:17.218+0000] {local_task_job_runner.py:222} INFO - ::endgroup::
