[2026-03-26T09:54:18.009+0000] {local_task_job_runner.py:120} INFO - ::group::Pre task execution logs
[2026-03-26T09:54:18.029+0000] {taskinstance.py:2073} INFO - Dependencies all met for dep_context=non-requeueable deps ti=<TaskInstance: etl_pipeline2.stg_to_dwh manual__2026-03-26T09:54:12.012631+00:00 [queued]>
[2026-03-26T09:54:18.034+0000] {taskinstance.py:2073} INFO - Dependencies all met for dep_context=requeueable deps ti=<TaskInstance: etl_pipeline2.stg_to_dwh manual__2026-03-26T09:54:12.012631+00:00 [queued]>
[2026-03-26T09:54:18.035+0000] {taskinstance.py:2303} INFO - Starting attempt 1 of 1
[2026-03-26T09:54:18.045+0000] {taskinstance.py:2327} INFO - Executing <Task(PythonOperator): stg_to_dwh> on 2026-03-26 09:54:12.012631+00:00
[2026-03-26T09:54:18.052+0000] {logging_mixin.py:188} WARNING - /home/***/.local/lib/python3.12/site-packages/***/task/task_runner/standard_task_runner.py:61 DeprecationWarning: This process (pid=2285) is multi-threaded, use of fork() may lead to deadlocks in the child.
[2026-03-26T09:54:18.051+0000] {standard_task_runner.py:90} INFO - Running: ['***', 'tasks', 'run', 'etl_pipeline2', 'stg_to_dwh', 'manual__2026-03-26T09:54:12.012631+00:00', '--job-id', '356', '--raw', '--subdir', 'DAGS_FOLDER/etl_pipeline2.py', '--cfg-path', '/tmp/tmp7g407dei']
[2026-03-26T09:54:18.053+0000] {standard_task_runner.py:63} INFO - Started process 2286 to run task
[2026-03-26T09:54:18.054+0000] {standard_task_runner.py:91} INFO - Job 356: Subtask stg_to_dwh
[2026-03-26T09:54:18.103+0000] {task_command.py:426} INFO - Running <TaskInstance: etl_pipeline2.stg_to_dwh manual__2026-03-26T09:54:12.012631+00:00 [running]> on host 3ccff2366b2a
[2026-03-26T09:54:18.163+0000] {taskinstance.py:2644} INFO - Exporting env vars: AIRFLOW_CTX_DAG_OWNER='***' AIRFLOW_CTX_DAG_ID='etl_pipeline2' AIRFLOW_CTX_TASK_ID='stg_to_dwh' AIRFLOW_CTX_EXECUTION_DATE='2026-03-26T09:54:12.012631+00:00' AIRFLOW_CTX_TRY_NUMBER='1' AIRFLOW_CTX_DAG_RUN_ID='manual__2026-03-26T09:54:12.012631+00:00'
[2026-03-26T09:54:18.164+0000] {taskinstance.py:430} INFO - ::endgroup::
[2026-03-26T09:54:18.181+0000] {base.py:84} INFO - Using connection ID 'postgres_dwh' for task execution.
[2026-03-26T09:54:18.193+0000] {sql.py:457} INFO - Running statement: TRUNCATE dwh_fact_orders, parameters: None
[2026-03-26T09:54:18.208+0000] {base.py:84} INFO - Using connection ID 'postgres_stg' for task execution.
[2026-03-26T09:54:18.218+0000] {sql.py:457} INFO - Running statement: SELECT * FROM stg_fact_orders, parameters: None
[2026-03-26T09:54:18.225+0000] {sql.py:466} INFO - Rows affected: 830
[2026-03-26T09:54:18.228+0000] {logging_mixin.py:188} WARNING - /home/***/.local/lib/python3.12/site-packages/***/providers/common/sql/hooks/sql.py:407 AirflowProviderDeprecationWarning: Call to deprecated method _make_common_data_structure. (The `_make_serializable` method is deprecated and support will be removed in a future version of the common.sql provider. Please update the DbApiHook's provider to a version based on common.sql >= 1.9.1.)
[2026-03-26T09:54:18.234+0000] {base.py:84} INFO - Using connection ID 'postgres_dwh' for task execution.
[2026-03-26T09:54:19.084+0000] {sql.py:580} INFO - Done loading. Loaded a total of 830 rows into dwh_fact_orders
[2026-03-26T09:54:19.089+0000] {base.py:84} INFO - Using connection ID 'postgres_dwh' for task execution.
[2026-03-26T09:54:19.099+0000] {sql.py:457} INFO - Running statement: TRUNCATE dwh_dim_customers, parameters: None
[2026-03-26T09:54:19.117+0000] {base.py:84} INFO - Using connection ID 'postgres_stg' for task execution.
[2026-03-26T09:54:19.128+0000] {sql.py:457} INFO - Running statement: SELECT * FROM stg_dim_customers, parameters: None
[2026-03-26T09:54:19.131+0000] {sql.py:466} INFO - Rows affected: 0
[2026-03-26T09:54:19.138+0000] {base.py:84} INFO - Using connection ID 'postgres_dwh' for task execution.
[2026-03-26T09:54:19.148+0000] {sql.py:457} INFO - Running statement: TRUNCATE dwh_dim_products, parameters: None
[2026-03-26T09:54:19.161+0000] {base.py:84} INFO - Using connection ID 'postgres_stg' for task execution.
[2026-03-26T09:54:19.171+0000] {sql.py:457} INFO - Running statement: SELECT * FROM stg_dim_products, parameters: None
[2026-03-26T09:54:19.175+0000] {sql.py:466} INFO - Rows affected: 77
[2026-03-26T09:54:19.181+0000] {base.py:84} INFO - Using connection ID 'postgres_dwh' for task execution.
[2026-03-26T09:54:19.269+0000] {sql.py:580} INFO - Done loading. Loaded a total of 77 rows into dwh_dim_products
[2026-03-26T09:54:19.274+0000] {base.py:84} INFO - Using connection ID 'postgres_dwh' for task execution.
[2026-03-26T09:54:19.284+0000] {sql.py:457} INFO - Running statement: TRUNCATE dwh_fact_order_details, parameters: None
[2026-03-26T09:54:19.294+0000] {base.py:84} INFO - Using connection ID 'postgres_stg' for task execution.
[2026-03-26T09:54:19.303+0000] {sql.py:457} INFO - Running statement: SELECT * FROM stg_fact_order_details, parameters: None
[2026-03-26T09:54:19.310+0000] {sql.py:466} INFO - Rows affected: 2154
[2026-03-26T09:54:19.318+0000] {base.py:84} INFO - Using connection ID 'postgres_dwh' for task execution.
[2026-03-26T09:54:20.217+0000] {sql.py:576} INFO - Loaded 1000 rows into dwh_fact_order_details so far
[2026-03-26T09:54:21.173+0000] {sql.py:576} INFO - Loaded 2000 rows into dwh_fact_order_details so far
[2026-03-26T09:54:21.311+0000] {sql.py:580} INFO - Done loading. Loaded a total of 2154 rows into dwh_fact_order_details
[2026-03-26T09:54:21.311+0000] {python.py:237} INFO - Done. Returned value was: None
[2026-03-26T09:54:21.312+0000] {taskinstance.py:441} INFO - ::group::Post task execution logs
[2026-03-26T09:54:21.318+0000] {taskinstance.py:1205} INFO - Marking task as SUCCESS. dag_id=etl_pipeline2, task_id=stg_to_dwh, execution_date=20260326T095412, start_date=20260326T095418, end_date=20260326T095421
[2026-03-26T09:54:21.320+0000] {base.py:84} INFO - Using connection ID 'postgres_dwh' for task execution.
[2026-03-26T09:54:21.330+0000] {sql.py:457} INFO - Running statement: 
        INSERT INTO etl_logs (
            dag_id, task_id, status, start_time, end_time, duration_seconds, error_message
        )
        VALUES (%s, %s, %s, %s, %s, %s, %s)
    , parameters: ('etl_pipeline2', 'stg_to_dwh', 'SUCCESS', datetime.datetime(2026, 3, 26, 9, 54, 18, 29833), datetime.datetime(2026, 3, 26, 9, 54, 21, 318887), 3, None)
[2026-03-26T09:54:21.333+0000] {sql.py:466} INFO - Rows affected: 1
[2026-03-26T09:54:21.335+0000] {logging_mixin.py:188} INFO - SUCCESS CALLBACK TRIGGERED
[2026-03-26T09:54:21.356+0000] {local_task_job_runner.py:240} INFO - Task exited with return code 0
[2026-03-26T09:54:21.366+0000] {taskinstance.py:3482} INFO - 0 downstream tasks scheduled from follow-on schedule check
[2026-03-26T09:54:21.369+0000] {local_task_job_runner.py:222} INFO - ::endgroup::
