[2026-03-26T10:55:32.068+0000] {local_task_job_runner.py:120} INFO - ::group::Pre task execution logs
[2026-03-26T10:55:32.087+0000] {taskinstance.py:2073} INFO - Dependencies all met for dep_context=non-requeueable deps ti=<TaskInstance: etl_pipeline2.stg_to_dwh manual__2026-03-26T10:55:26.446028+00:00 [queued]>
[2026-03-26T10:55:32.093+0000] {taskinstance.py:2073} INFO - Dependencies all met for dep_context=requeueable deps ti=<TaskInstance: etl_pipeline2.stg_to_dwh manual__2026-03-26T10:55:26.446028+00:00 [queued]>
[2026-03-26T10:55:32.094+0000] {taskinstance.py:2303} INFO - Starting attempt 1 of 1
[2026-03-26T10:55:32.103+0000] {taskinstance.py:2327} INFO - Executing <Task(PythonOperator): stg_to_dwh> on 2026-03-26 10:55:26.446028+00:00
[2026-03-26T10:55:32.109+0000] {logging_mixin.py:188} WARNING - /home/***/.local/lib/python3.12/site-packages/***/task/task_runner/standard_task_runner.py:61 DeprecationWarning: This process (pid=2720) is multi-threaded, use of fork() may lead to deadlocks in the child.
[2026-03-26T10:55:32.109+0000] {standard_task_runner.py:90} INFO - Running: ['***', 'tasks', 'run', 'etl_pipeline2', 'stg_to_dwh', 'manual__2026-03-26T10:55:26.446028+00:00', '--job-id', '380', '--raw', '--subdir', 'DAGS_FOLDER/etl_pipeline2.py', '--cfg-path', '/tmp/tmpujyae69p']
[2026-03-26T10:55:32.110+0000] {standard_task_runner.py:63} INFO - Started process 2721 to run task
[2026-03-26T10:55:32.110+0000] {standard_task_runner.py:91} INFO - Job 380: Subtask stg_to_dwh
[2026-03-26T10:55:32.155+0000] {task_command.py:426} INFO - Running <TaskInstance: etl_pipeline2.stg_to_dwh manual__2026-03-26T10:55:26.446028+00:00 [running]> on host 3ccff2366b2a
[2026-03-26T10:55:32.208+0000] {taskinstance.py:2644} INFO - Exporting env vars: AIRFLOW_CTX_DAG_OWNER='***' AIRFLOW_CTX_DAG_ID='etl_pipeline2' AIRFLOW_CTX_TASK_ID='stg_to_dwh' AIRFLOW_CTX_EXECUTION_DATE='2026-03-26T10:55:26.446028+00:00' AIRFLOW_CTX_TRY_NUMBER='1' AIRFLOW_CTX_DAG_RUN_ID='manual__2026-03-26T10:55:26.446028+00:00'
[2026-03-26T10:55:32.209+0000] {taskinstance.py:430} INFO - ::endgroup::
[2026-03-26T10:55:32.222+0000] {base.py:84} INFO - Using connection ID 'postgres_dwh' for task execution.
[2026-03-26T10:55:32.232+0000] {sql.py:457} INFO - Running statement: TRUNCATE dwh_fact_orders, parameters: None
[2026-03-26T10:55:32.248+0000] {base.py:84} INFO - Using connection ID 'postgres_stg' for task execution.
[2026-03-26T10:55:32.258+0000] {sql.py:457} INFO - Running statement: SELECT * FROM stg_fact_orders, parameters: None
[2026-03-26T10:55:32.264+0000] {sql.py:466} INFO - Rows affected: 830
[2026-03-26T10:55:32.267+0000] {logging_mixin.py:188} WARNING - /home/***/.local/lib/python3.12/site-packages/***/providers/common/sql/hooks/sql.py:407 AirflowProviderDeprecationWarning: Call to deprecated method _make_common_data_structure. (The `_make_serializable` method is deprecated and support will be removed in a future version of the common.sql provider. Please update the DbApiHook's provider to a version based on common.sql >= 1.9.1.)
[2026-03-26T10:55:32.272+0000] {base.py:84} INFO - Using connection ID 'postgres_dwh' for task execution.
[2026-03-26T10:55:33.204+0000] {sql.py:580} INFO - Done loading. Loaded a total of 830 rows into dwh_fact_orders
[2026-03-26T10:55:33.209+0000] {base.py:84} INFO - Using connection ID 'postgres_dwh' for task execution.
[2026-03-26T10:55:33.220+0000] {sql.py:457} INFO - Running statement: TRUNCATE dwh_dim_customers, parameters: None
[2026-03-26T10:55:33.233+0000] {base.py:84} INFO - Using connection ID 'postgres_stg' for task execution.
[2026-03-26T10:55:33.242+0000] {sql.py:457} INFO - Running statement: SELECT * FROM stg_dim_customers, parameters: None
[2026-03-26T10:55:33.245+0000] {sql.py:466} INFO - Rows affected: 93
[2026-03-26T10:55:33.251+0000] {base.py:84} INFO - Using connection ID 'postgres_dwh' for task execution.
[2026-03-26T10:55:33.349+0000] {sql.py:580} INFO - Done loading. Loaded a total of 93 rows into dwh_dim_customers
[2026-03-26T10:55:33.353+0000] {base.py:84} INFO - Using connection ID 'postgres_dwh' for task execution.
[2026-03-26T10:55:33.364+0000] {sql.py:457} INFO - Running statement: TRUNCATE dwh_dim_products, parameters: None
[2026-03-26T10:55:33.375+0000] {base.py:84} INFO - Using connection ID 'postgres_stg' for task execution.
[2026-03-26T10:55:33.385+0000] {sql.py:457} INFO - Running statement: SELECT * FROM stg_dim_products, parameters: None
[2026-03-26T10:55:33.388+0000] {sql.py:466} INFO - Rows affected: 77
[2026-03-26T10:55:33.393+0000] {base.py:84} INFO - Using connection ID 'postgres_dwh' for task execution.
[2026-03-26T10:55:33.472+0000] {sql.py:580} INFO - Done loading. Loaded a total of 77 rows into dwh_dim_products
[2026-03-26T10:55:33.477+0000] {base.py:84} INFO - Using connection ID 'postgres_dwh' for task execution.
[2026-03-26T10:55:33.486+0000] {sql.py:457} INFO - Running statement: TRUNCATE dwh_fact_order_details, parameters: None
[2026-03-26T10:55:33.498+0000] {base.py:84} INFO - Using connection ID 'postgres_stg' for task execution.
[2026-03-26T10:55:33.508+0000] {sql.py:457} INFO - Running statement: SELECT * FROM stg_fact_order_details, parameters: None
[2026-03-26T10:55:33.515+0000] {sql.py:466} INFO - Rows affected: 2154
[2026-03-26T10:55:33.523+0000] {base.py:84} INFO - Using connection ID 'postgres_dwh' for task execution.
[2026-03-26T10:55:34.469+0000] {sql.py:576} INFO - Loaded 1000 rows into dwh_fact_order_details so far
[2026-03-26T10:55:35.397+0000] {sql.py:576} INFO - Loaded 2000 rows into dwh_fact_order_details so far
[2026-03-26T10:55:35.546+0000] {sql.py:580} INFO - Done loading. Loaded a total of 2154 rows into dwh_fact_order_details
[2026-03-26T10:55:35.547+0000] {python.py:237} INFO - Done. Returned value was: None
[2026-03-26T10:55:35.547+0000] {taskinstance.py:441} INFO - ::group::Post task execution logs
[2026-03-26T10:55:35.553+0000] {taskinstance.py:1205} INFO - Marking task as SUCCESS. dag_id=etl_pipeline2, task_id=stg_to_dwh, execution_date=20260326T105526, start_date=20260326T105532, end_date=20260326T105535
[2026-03-26T10:55:35.556+0000] {base.py:84} INFO - Using connection ID 'postgres_dwh' for task execution.
[2026-03-26T10:55:35.566+0000] {sql.py:457} INFO - Running statement: 
        INSERT INTO etl_logs (
            dag_id, task_id, status, start_time, end_time, duration_seconds, error_message
        )
        VALUES (%s, %s, %s, %s, %s, %s, %s)
    , parameters: ('etl_pipeline2', 'stg_to_dwh', 'SUCCESS', datetime.datetime(2026, 3, 26, 10, 55, 32, 88445), datetime.datetime(2026, 3, 26, 10, 55, 35, 554499), 3, None)
[2026-03-26T10:55:35.570+0000] {sql.py:466} INFO - Rows affected: 1
[2026-03-26T10:55:35.572+0000] {logging_mixin.py:188} INFO - SUCCESS CALLBACK TRIGGERED
[2026-03-26T10:55:35.625+0000] {local_task_job_runner.py:240} INFO - Task exited with return code 0
[2026-03-26T10:55:35.635+0000] {taskinstance.py:3482} INFO - 0 downstream tasks scheduled from follow-on schedule check
[2026-03-26T10:55:35.637+0000] {local_task_job_runner.py:222} INFO - ::endgroup::
