[2026-03-24T14:21:47.836+0000] {local_task_job_runner.py:120} INFO - ::group::Pre task execution logs
[2026-03-24T14:21:47.863+0000] {taskinstance.py:2073} INFO - Dependencies all met for dep_context=non-requeueable deps ti=<TaskInstance: etl_pipeline2.load_order_details_to_mrr scheduled__2026-03-23T00:00:00+00:00 [queued]>
[2026-03-24T14:21:47.871+0000] {taskinstance.py:2073} INFO - Dependencies all met for dep_context=requeueable deps ti=<TaskInstance: etl_pipeline2.load_order_details_to_mrr scheduled__2026-03-23T00:00:00+00:00 [queued]>
[2026-03-24T14:21:47.872+0000] {taskinstance.py:2303} INFO - Starting attempt 1 of 1
[2026-03-24T14:21:47.883+0000] {taskinstance.py:2327} INFO - Executing <Task(PythonOperator): load_order_details_to_mrr> on 2026-03-23 00:00:00+00:00
[2026-03-24T14:21:47.892+0000] {logging_mixin.py:188} WARNING - /home/***/.local/lib/python3.12/site-packages/***/task/task_runner/standard_task_runner.py:61 DeprecationWarning: This process (pid=183) is multi-threaded, use of fork() may lead to deadlocks in the child.
[2026-03-24T14:21:47.890+0000] {standard_task_runner.py:90} INFO - Running: ['***', 'tasks', 'run', 'etl_pipeline2', 'load_order_details_to_mrr', 'scheduled__2026-03-23T00:00:00+00:00', '--job-id', '138', '--raw', '--subdir', 'DAGS_FOLDER/etl_pipeline2.py', '--cfg-path', '/tmp/tmpebqyp1s4']
[2026-03-24T14:21:47.893+0000] {standard_task_runner.py:63} INFO - Started process 191 to run task
[2026-03-24T14:21:47.894+0000] {standard_task_runner.py:91} INFO - Job 138: Subtask load_order_details_to_mrr
[2026-03-24T14:21:47.958+0000] {task_command.py:426} INFO - Running <TaskInstance: etl_pipeline2.load_order_details_to_mrr scheduled__2026-03-23T00:00:00+00:00 [running]> on host 3ccff2366b2a
[2026-03-24T14:21:48.041+0000] {taskinstance.py:2644} INFO - Exporting env vars: AIRFLOW_CTX_DAG_OWNER='***' AIRFLOW_CTX_DAG_ID='etl_pipeline2' AIRFLOW_CTX_TASK_ID='load_order_details_to_mrr' AIRFLOW_CTX_EXECUTION_DATE='2026-03-23T00:00:00+00:00' AIRFLOW_CTX_TRY_NUMBER='1' AIRFLOW_CTX_DAG_RUN_ID='scheduled__2026-03-23T00:00:00+00:00'
[2026-03-24T14:21:48.042+0000] {taskinstance.py:430} INFO - ::endgroup::
[2026-03-24T14:21:48.083+0000] {base.py:84} INFO - Using connection ID 'postgres_dwh' for task execution.
[2026-03-24T14:21:48.125+0000] {sql.py:457} INFO - Running statement: 
        SELECT last_loaded_at
        FROM dwh_high_water_mark
        WHERE table_name = 'order_details'
    , parameters: None
[2026-03-24T14:21:48.135+0000] {sql.py:466} INFO - Rows affected: 1
[2026-03-24T14:21:48.143+0000] {logging_mixin.py:188} WARNING - /home/***/.local/lib/python3.12/site-packages/***/providers/common/sql/hooks/sql.py:407 AirflowProviderDeprecationWarning: Call to deprecated method _make_common_data_structure. (The `_make_serializable` method is deprecated and support will be removed in a future version of the common.sql provider. Please update the DbApiHook's provider to a version based on common.sql >= 1.9.1.)
[2026-03-24T14:21:48.152+0000] {base.py:84} INFO - Using connection ID 'postgres_operational' for task execution.
[2026-03-24T14:21:48.163+0000] {sql.py:457} INFO - Running statement: 
        SELECT order_id, product_id, unit_price, quantity, discount, updated_at
        FROM order_details
        WHERE updated_at > '1999-01-01 00:00:00'
    , parameters: None
[2026-03-24T14:21:48.179+0000] {sql.py:466} INFO - Rows affected: 2155
[2026-03-24T14:21:48.190+0000] {base.py:84} INFO - Using connection ID 'postgres_mrr' for task execution.
[2026-03-24T14:21:49.239+0000] {sql.py:576} INFO - Loaded 1000 rows into mrr_fact_order_details so far
[2026-03-24T14:21:50.310+0000] {sql.py:576} INFO - Loaded 2000 rows into mrr_fact_order_details so far
[2026-03-24T14:21:50.467+0000] {sql.py:580} INFO - Done loading. Loaded a total of 2155 rows into mrr_fact_order_details
[2026-03-24T14:21:50.473+0000] {base.py:84} INFO - Using connection ID 'postgres_dwh' for task execution.
[2026-03-24T14:21:50.484+0000] {sql.py:457} INFO - Running statement: 
        UPDATE dwh_high_water_mark
        SET last_loaded_at = '2026-03-23 19:25:55.360025'
        WHERE table_name = 'order_details'
    , parameters: None
[2026-03-24T14:21:50.487+0000] {sql.py:466} INFO - Rows affected: 1
[2026-03-24T14:21:50.489+0000] {logging_mixin.py:188} INFO - order_details loaded, HWM updated
[2026-03-24T14:21:50.490+0000] {python.py:237} INFO - Done. Returned value was: None
[2026-03-24T14:21:50.490+0000] {taskinstance.py:441} INFO - ::group::Post task execution logs
[2026-03-24T14:21:50.497+0000] {taskinstance.py:1205} INFO - Marking task as SUCCESS. dag_id=etl_pipeline2, task_id=load_order_details_to_mrr, execution_date=20260323T000000, start_date=20260324T142147, end_date=20260324T142150
[2026-03-24T14:21:50.523+0000] {local_task_job_runner.py:240} INFO - Task exited with return code 0
[2026-03-24T14:21:50.535+0000] {taskinstance.py:3482} INFO - 0 downstream tasks scheduled from follow-on schedule check
[2026-03-24T14:21:50.537+0000] {local_task_job_runner.py:222} INFO - ::endgroup::
