[2026-03-26T09:31:09.100+0000] {local_task_job_runner.py:120} INFO - ::group::Pre task execution logs
[2026-03-26T09:31:09.121+0000] {taskinstance.py:2073} INFO - Dependencies all met for dep_context=non-requeueable deps ti=<TaskInstance: etl_pipeline2.stg_to_dwh manual__2026-03-26T09:30:58.523907+00:00 [queued]>
[2026-03-26T09:31:09.128+0000] {taskinstance.py:2073} INFO - Dependencies all met for dep_context=requeueable deps ti=<TaskInstance: etl_pipeline2.stg_to_dwh manual__2026-03-26T09:30:58.523907+00:00 [queued]>
[2026-03-26T09:31:09.130+0000] {taskinstance.py:2303} INFO - Starting attempt 1 of 1
[2026-03-26T09:31:09.139+0000] {taskinstance.py:2327} INFO - Executing <Task(PythonOperator): stg_to_dwh> on 2026-03-26 09:30:58.523907+00:00
[2026-03-26T09:31:09.144+0000] {logging_mixin.py:188} WARNING - /home/***/.local/lib/python3.12/site-packages/***/task/task_runner/standard_task_runner.py:61 DeprecationWarning: This process (pid=2025) is multi-threaded, use of fork() may lead to deadlocks in the child.
[2026-03-26T09:31:09.146+0000] {standard_task_runner.py:63} INFO - Started process 2026 to run task
[2026-03-26T09:31:09.145+0000] {standard_task_runner.py:90} INFO - Running: ['***', 'tasks', 'run', 'etl_pipeline2', 'stg_to_dwh', 'manual__2026-03-26T09:30:58.523907+00:00', '--job-id', '346', '--raw', '--subdir', 'DAGS_FOLDER/etl_pipeline2.py', '--cfg-path', '/tmp/tmpcvo_9s1j']
[2026-03-26T09:31:09.147+0000] {standard_task_runner.py:91} INFO - Job 346: Subtask stg_to_dwh
[2026-03-26T09:31:09.196+0000] {task_command.py:426} INFO - Running <TaskInstance: etl_pipeline2.stg_to_dwh manual__2026-03-26T09:30:58.523907+00:00 [running]> on host 3ccff2366b2a
[2026-03-26T09:31:09.255+0000] {taskinstance.py:2644} INFO - Exporting env vars: AIRFLOW_CTX_DAG_OWNER='***' AIRFLOW_CTX_DAG_ID='etl_pipeline2' AIRFLOW_CTX_TASK_ID='stg_to_dwh' AIRFLOW_CTX_EXECUTION_DATE='2026-03-26T09:30:58.523907+00:00' AIRFLOW_CTX_TRY_NUMBER='1' AIRFLOW_CTX_DAG_RUN_ID='manual__2026-03-26T09:30:58.523907+00:00'
[2026-03-26T09:31:09.256+0000] {taskinstance.py:430} INFO - ::endgroup::
[2026-03-26T09:31:09.271+0000] {base.py:84} INFO - Using connection ID 'postgres_dwh' for task execution.
[2026-03-26T09:31:09.284+0000] {sql.py:457} INFO - Running statement: TRUNCATE dwh_fact_orders, parameters: None
[2026-03-26T09:31:09.302+0000] {base.py:84} INFO - Using connection ID 'postgres_stg' for task execution.
[2026-03-26T09:31:09.311+0000] {sql.py:457} INFO - Running statement: SELECT * FROM stg_fact_orders, parameters: None
[2026-03-26T09:31:09.318+0000] {sql.py:466} INFO - Rows affected: 830
[2026-03-26T09:31:09.321+0000] {logging_mixin.py:188} WARNING - /home/***/.local/lib/python3.12/site-packages/***/providers/common/sql/hooks/sql.py:407 AirflowProviderDeprecationWarning: Call to deprecated method _make_common_data_structure. (The `_make_serializable` method is deprecated and support will be removed in a future version of the common.sql provider. Please update the DbApiHook's provider to a version based on common.sql >= 1.9.1.)
[2026-03-26T09:31:09.327+0000] {base.py:84} INFO - Using connection ID 'postgres_dwh' for task execution.
[2026-03-26T09:31:10.203+0000] {sql.py:580} INFO - Done loading. Loaded a total of 830 rows into dwh_fact_orders
[2026-03-26T09:31:10.208+0000] {base.py:84} INFO - Using connection ID 'postgres_dwh' for task execution.
[2026-03-26T09:31:10.219+0000] {sql.py:457} INFO - Running statement: TRUNCATE dwh_dim_customers, parameters: None
[2026-03-26T09:31:10.233+0000] {base.py:84} INFO - Using connection ID 'postgres_stg' for task execution.
[2026-03-26T09:31:10.244+0000] {sql.py:457} INFO - Running statement: SELECT * FROM stg_dim_customers, parameters: None
[2026-03-26T09:31:10.248+0000] {sql.py:466} INFO - Rows affected: 277
[2026-03-26T09:31:10.255+0000] {base.py:84} INFO - Using connection ID 'postgres_dwh' for task execution.
[2026-03-26T09:31:10.534+0000] {sql.py:580} INFO - Done loading. Loaded a total of 277 rows into dwh_dim_customers
[2026-03-26T09:31:10.539+0000] {base.py:84} INFO - Using connection ID 'postgres_dwh' for task execution.
[2026-03-26T09:31:10.549+0000] {sql.py:457} INFO - Running statement: TRUNCATE dwh_dim_products, parameters: None
[2026-03-26T09:31:10.560+0000] {base.py:84} INFO - Using connection ID 'postgres_stg' for task execution.
[2026-03-26T09:31:10.570+0000] {sql.py:457} INFO - Running statement: SELECT * FROM stg_dim_products, parameters: None
[2026-03-26T09:31:10.575+0000] {sql.py:466} INFO - Rows affected: 308
[2026-03-26T09:31:10.582+0000] {base.py:84} INFO - Using connection ID 'postgres_dwh' for task execution.
[2026-03-26T09:31:10.908+0000] {sql.py:580} INFO - Done loading. Loaded a total of 308 rows into dwh_dim_products
[2026-03-26T09:31:10.913+0000] {base.py:84} INFO - Using connection ID 'postgres_dwh' for task execution.
[2026-03-26T09:31:10.923+0000] {sql.py:457} INFO - Running statement: TRUNCATE dwh_fact_order_details, parameters: None
[2026-03-26T09:31:10.939+0000] {base.py:84} INFO - Using connection ID 'postgres_stg' for task execution.
[2026-03-26T09:31:10.949+0000] {sql.py:457} INFO - Running statement: SELECT * FROM stg_fact_order_details, parameters: None
[2026-03-26T09:31:10.965+0000] {sql.py:466} INFO - Rows affected: 6466
[2026-03-26T09:31:10.977+0000] {base.py:84} INFO - Using connection ID 'postgres_dwh' for task execution.
[2026-03-26T09:31:11.998+0000] {sql.py:576} INFO - Loaded 1000 rows into dwh_fact_order_details so far
[2026-03-26T09:31:13.018+0000] {sql.py:576} INFO - Loaded 2000 rows into dwh_fact_order_details so far
[2026-03-26T09:31:14.213+0000] {sql.py:576} INFO - Loaded 3000 rows into dwh_fact_order_details so far
[2026-03-26T09:31:15.214+0000] {sql.py:576} INFO - Loaded 4000 rows into dwh_fact_order_details so far
[2026-03-26T09:31:16.212+0000] {sql.py:576} INFO - Loaded 5000 rows into dwh_fact_order_details so far
[2026-03-26T09:31:17.197+0000] {sql.py:576} INFO - Loaded 6000 rows into dwh_fact_order_details so far
[2026-03-26T09:31:17.635+0000] {sql.py:580} INFO - Done loading. Loaded a total of 6466 rows into dwh_fact_order_details
[2026-03-26T09:31:17.636+0000] {python.py:237} INFO - Done. Returned value was: None
[2026-03-26T09:31:17.637+0000] {taskinstance.py:441} INFO - ::group::Post task execution logs
[2026-03-26T09:31:17.643+0000] {taskinstance.py:1205} INFO - Marking task as SUCCESS. dag_id=etl_pipeline2, task_id=stg_to_dwh, execution_date=20260326T093058, start_date=20260326T093109, end_date=20260326T093117
[2026-03-26T09:31:17.646+0000] {base.py:84} INFO - Using connection ID 'postgres_dwh' for task execution.
[2026-03-26T09:31:17.656+0000] {sql.py:457} INFO - Running statement: 
        INSERT INTO etl_logs (
            dag_id, task_id, status, start_time, end_time, duration_seconds, error_message
        )
        VALUES (%s, %s, %s, %s, %s, %s, %s)
    , parameters: ('etl_pipeline2', 'stg_to_dwh', 'SUCCESS', datetime.datetime(2026, 3, 26, 9, 31, 9, 122725), datetime.datetime(2026, 3, 26, 9, 31, 17, 644283), 8, None)
[2026-03-26T09:31:17.659+0000] {sql.py:466} INFO - Rows affected: 1
[2026-03-26T09:31:17.662+0000] {logging_mixin.py:188} INFO - SUCCESS CALLBACK TRIGGERED
[2026-03-26T09:31:17.705+0000] {local_task_job_runner.py:240} INFO - Task exited with return code 0
[2026-03-26T09:31:17.715+0000] {taskinstance.py:3482} INFO - 0 downstream tasks scheduled from follow-on schedule check
[2026-03-26T09:31:17.717+0000] {local_task_job_runner.py:222} INFO - ::endgroup::
