[2026-03-25T10:54:58.645+0000] {local_task_job_runner.py:120} INFO - ::group::Pre task execution logs
[2026-03-25T10:54:58.665+0000] {taskinstance.py:2073} INFO - Dependencies all met for dep_context=non-requeueable deps ti=<TaskInstance: etl_pipeline2.stg_to_dwh manual__2026-03-25T10:54:48.892558+00:00 [queued]>
[2026-03-25T10:54:58.671+0000] {taskinstance.py:2073} INFO - Dependencies all met for dep_context=requeueable deps ti=<TaskInstance: etl_pipeline2.stg_to_dwh manual__2026-03-25T10:54:48.892558+00:00 [queued]>
[2026-03-25T10:54:58.672+0000] {taskinstance.py:2303} INFO - Starting attempt 1 of 1
[2026-03-25T10:54:58.680+0000] {taskinstance.py:2327} INFO - Executing <Task(PythonOperator): stg_to_dwh> on 2026-03-25 10:54:48.892558+00:00
[2026-03-25T10:54:58.685+0000] {standard_task_runner.py:90} INFO - Running: ['***', 'tasks', 'run', 'etl_pipeline2', 'stg_to_dwh', 'manual__2026-03-25T10:54:48.892558+00:00', '--job-id', '289', '--raw', '--subdir', 'DAGS_FOLDER/etl_pipeline2.py', '--cfg-path', '/tmp/tmpi6rzlv59']
[2026-03-25T10:54:58.686+0000] {logging_mixin.py:188} WARNING - /home/***/.local/lib/python3.12/site-packages/***/task/task_runner/standard_task_runner.py:61 DeprecationWarning: This process (pid=202) is multi-threaded, use of fork() may lead to deadlocks in the child.
[2026-03-25T10:54:58.687+0000] {standard_task_runner.py:91} INFO - Job 289: Subtask stg_to_dwh
[2026-03-25T10:54:58.688+0000] {standard_task_runner.py:63} INFO - Started process 203 to run task
[2026-03-25T10:54:58.731+0000] {task_command.py:426} INFO - Running <TaskInstance: etl_pipeline2.stg_to_dwh manual__2026-03-25T10:54:48.892558+00:00 [running]> on host 3ccff2366b2a
[2026-03-25T10:54:58.788+0000] {taskinstance.py:2644} INFO - Exporting env vars: AIRFLOW_CTX_DAG_OWNER='***' AIRFLOW_CTX_DAG_ID='etl_pipeline2' AIRFLOW_CTX_TASK_ID='stg_to_dwh' AIRFLOW_CTX_EXECUTION_DATE='2026-03-25T10:54:48.892558+00:00' AIRFLOW_CTX_TRY_NUMBER='1' AIRFLOW_CTX_DAG_RUN_ID='manual__2026-03-25T10:54:48.892558+00:00'
[2026-03-25T10:54:58.789+0000] {taskinstance.py:430} INFO - ::endgroup::
[2026-03-25T10:54:58.802+0000] {base.py:84} INFO - Using connection ID 'postgres_dwh' for task execution.
[2026-03-25T10:54:58.814+0000] {sql.py:457} INFO - Running statement: TRUNCATE dwh_fact_orders, parameters: None
[2026-03-25T10:54:58.825+0000] {base.py:84} INFO - Using connection ID 'postgres_stg' for task execution.
[2026-03-25T10:54:58.834+0000] {sql.py:457} INFO - Running statement: SELECT * FROM stg_fact_orders, parameters: None
[2026-03-25T10:54:58.847+0000] {sql.py:466} INFO - Rows affected: 830
[2026-03-25T10:54:58.852+0000] {logging_mixin.py:188} WARNING - /home/***/.local/lib/python3.12/site-packages/***/providers/common/sql/hooks/sql.py:407 AirflowProviderDeprecationWarning: Call to deprecated method _make_common_data_structure. (The `_make_serializable` method is deprecated and support will be removed in a future version of the common.sql provider. Please update the DbApiHook's provider to a version based on common.sql >= 1.9.1.)
[2026-03-25T10:54:58.858+0000] {base.py:84} INFO - Using connection ID 'postgres_dwh' for task execution.
[2026-03-25T10:54:59.707+0000] {sql.py:580} INFO - Done loading. Loaded a total of 830 rows into dwh_fact_orders
[2026-03-25T10:54:59.711+0000] {base.py:84} INFO - Using connection ID 'postgres_dwh' for task execution.
[2026-03-25T10:54:59.721+0000] {sql.py:457} INFO - Running statement: TRUNCATE dwh_dim_customers, parameters: None
[2026-03-25T10:54:59.733+0000] {base.py:84} INFO - Using connection ID 'postgres_stg' for task execution.
[2026-03-25T10:54:59.743+0000] {sql.py:457} INFO - Running statement: SELECT * FROM stg_dim_customers, parameters: None
[2026-03-25T10:54:59.749+0000] {sql.py:466} INFO - Rows affected: 184
[2026-03-25T10:54:59.755+0000] {base.py:84} INFO - Using connection ID 'postgres_dwh' for task execution.
[2026-03-25T10:54:59.924+0000] {sql.py:580} INFO - Done loading. Loaded a total of 184 rows into dwh_dim_customers
[2026-03-25T10:54:59.929+0000] {base.py:84} INFO - Using connection ID 'postgres_dwh' for task execution.
[2026-03-25T10:54:59.937+0000] {sql.py:457} INFO - Running statement: TRUNCATE dwh_dim_products, parameters: None
[2026-03-25T10:54:59.945+0000] {base.py:84} INFO - Using connection ID 'postgres_stg' for task execution.
[2026-03-25T10:54:59.953+0000] {sql.py:457} INFO - Running statement: SELECT * FROM stg_dim_products, parameters: None
[2026-03-25T10:54:59.957+0000] {sql.py:466} INFO - Rows affected: 231
[2026-03-25T10:54:59.963+0000] {base.py:84} INFO - Using connection ID 'postgres_dwh' for task execution.
[2026-03-25T10:55:00.205+0000] {sql.py:580} INFO - Done loading. Loaded a total of 231 rows into dwh_dim_products
[2026-03-25T10:55:00.210+0000] {base.py:84} INFO - Using connection ID 'postgres_dwh' for task execution.
[2026-03-25T10:55:00.219+0000] {sql.py:457} INFO - Running statement: TRUNCATE dwh_fact_order_details, parameters: None
[2026-03-25T10:55:00.228+0000] {base.py:84} INFO - Using connection ID 'postgres_stg' for task execution.
[2026-03-25T10:55:00.238+0000] {sql.py:457} INFO - Running statement: SELECT * FROM stg_fact_order_details, parameters: None
[2026-03-25T10:55:00.274+0000] {sql.py:466} INFO - Rows affected: 6466
[2026-03-25T10:55:00.284+0000] {base.py:84} INFO - Using connection ID 'postgres_dwh' for task execution.
[2026-03-25T10:55:01.231+0000] {sql.py:576} INFO - Loaded 1000 rows into dwh_fact_order_details so far
[2026-03-25T10:55:05.230+0000] {sql.py:576} INFO - Loaded 2000 rows into dwh_fact_order_details so far
[2026-03-25T10:55:06.152+0000] {sql.py:576} INFO - Loaded 3000 rows into dwh_fact_order_details so far
[2026-03-25T10:55:07.090+0000] {sql.py:576} INFO - Loaded 4000 rows into dwh_fact_order_details so far
[2026-03-25T10:55:08.105+0000] {sql.py:576} INFO - Loaded 5000 rows into dwh_fact_order_details so far
[2026-03-25T10:55:09.173+0000] {sql.py:576} INFO - Loaded 6000 rows into dwh_fact_order_details so far
[2026-03-25T10:55:09.649+0000] {sql.py:580} INFO - Done loading. Loaded a total of 6466 rows into dwh_fact_order_details
[2026-03-25T10:55:09.650+0000] {python.py:237} INFO - Done. Returned value was: None
[2026-03-25T10:55:09.651+0000] {taskinstance.py:441} INFO - ::group::Post task execution logs
[2026-03-25T10:55:09.657+0000] {taskinstance.py:1205} INFO - Marking task as SUCCESS. dag_id=etl_pipeline2, task_id=stg_to_dwh, execution_date=20260325T105448, start_date=20260325T105458, end_date=20260325T105509
[2026-03-25T10:55:09.660+0000] {base.py:84} INFO - Using connection ID 'postgres_dwh' for task execution.
[2026-03-25T10:55:09.670+0000] {sql.py:457} INFO - Running statement: 
        INSERT INTO etl_logs (
            dag_id, task_id, status, start_time, end_time, duration_seconds, error_message
        )
        VALUES (%s, %s, %s, %s, %s, %s, %s)
    , parameters: ('etl_pipeline2', 'stg_to_dwh', 'SUCCESS', datetime.datetime(2026, 3, 25, 10, 54, 58, 666075), datetime.datetime(2026, 3, 25, 10, 55, 9, 658146), 10, None)
[2026-03-25T10:55:09.673+0000] {sql.py:466} INFO - Rows affected: 1
[2026-03-25T10:55:09.675+0000] {logging_mixin.py:188} INFO - SUCCESS CALLBACK TRIGGERED
[2026-03-25T10:55:09.705+0000] {local_task_job_runner.py:240} INFO - Task exited with return code 0
[2026-03-25T10:55:09.716+0000] {taskinstance.py:3482} INFO - 0 downstream tasks scheduled from follow-on schedule check
[2026-03-25T10:55:09.717+0000] {local_task_job_runner.py:222} INFO - ::endgroup::
