[2026-03-26T09:30:59.918+0000] {local_task_job_runner.py:120} INFO - ::group::Pre task execution logs
[2026-03-26T09:30:59.946+0000] {taskinstance.py:2073} INFO - Dependencies all met for dep_context=non-requeueable deps ti=<TaskInstance: etl_pipeline2.mrr_to_stg manual__2026-03-26T09:30:58.523907+00:00 [queued]>
[2026-03-26T09:30:59.954+0000] {taskinstance.py:2073} INFO - Dependencies all met for dep_context=requeueable deps ti=<TaskInstance: etl_pipeline2.mrr_to_stg manual__2026-03-26T09:30:58.523907+00:00 [queued]>
[2026-03-26T09:30:59.955+0000] {taskinstance.py:2303} INFO - Starting attempt 1 of 1
[2026-03-26T09:30:59.971+0000] {taskinstance.py:2327} INFO - Executing <Task(PythonOperator): mrr_to_stg> on 2026-03-26 09:30:58.523907+00:00
[2026-03-26T09:30:59.978+0000] {logging_mixin.py:188} WARNING - /home/***/.local/lib/python3.12/site-packages/***/task/task_runner/standard_task_runner.py:61 DeprecationWarning: This process (pid=2023) is multi-threaded, use of fork() may lead to deadlocks in the child.
[2026-03-26T09:30:59.979+0000] {standard_task_runner.py:63} INFO - Started process 2024 to run task
[2026-03-26T09:30:59.978+0000] {standard_task_runner.py:90} INFO - Running: ['***', 'tasks', 'run', 'etl_pipeline2', 'mrr_to_stg', 'manual__2026-03-26T09:30:58.523907+00:00', '--job-id', '345', '--raw', '--subdir', 'DAGS_FOLDER/etl_pipeline2.py', '--cfg-path', '/tmp/tmp1ywi455i']
[2026-03-26T09:30:59.980+0000] {standard_task_runner.py:91} INFO - Job 345: Subtask mrr_to_stg
[2026-03-26T09:31:00.032+0000] {task_command.py:426} INFO - Running <TaskInstance: etl_pipeline2.mrr_to_stg manual__2026-03-26T09:30:58.523907+00:00 [running]> on host 3ccff2366b2a
[2026-03-26T09:31:00.095+0000] {taskinstance.py:2644} INFO - Exporting env vars: AIRFLOW_CTX_DAG_OWNER='***' AIRFLOW_CTX_DAG_ID='etl_pipeline2' AIRFLOW_CTX_TASK_ID='mrr_to_stg' AIRFLOW_CTX_EXECUTION_DATE='2026-03-26T09:30:58.523907+00:00' AIRFLOW_CTX_TRY_NUMBER='1' AIRFLOW_CTX_DAG_RUN_ID='manual__2026-03-26T09:30:58.523907+00:00'
[2026-03-26T09:31:00.096+0000] {taskinstance.py:430} INFO - ::endgroup::
[2026-03-26T09:31:00.111+0000] {base.py:84} INFO - Using connection ID 'postgres_stg' for task execution.
[2026-03-26T09:31:00.123+0000] {sql.py:457} INFO - Running statement: TRUNCATE stg_fact_orders, parameters: None
[2026-03-26T09:31:00.137+0000] {base.py:84} INFO - Using connection ID 'postgres_mrr' for task execution.
[2026-03-26T09:31:00.147+0000] {sql.py:457} INFO - Running statement: SELECT * FROM mrr_fact_orders, parameters: None
[2026-03-26T09:31:00.155+0000] {sql.py:466} INFO - Rows affected: 830
[2026-03-26T09:31:00.158+0000] {logging_mixin.py:188} WARNING - /home/***/.local/lib/python3.12/site-packages/***/providers/common/sql/hooks/sql.py:407 AirflowProviderDeprecationWarning: Call to deprecated method _make_common_data_structure. (The `_make_serializable` method is deprecated and support will be removed in a future version of the common.sql provider. Please update the DbApiHook's provider to a version based on common.sql >= 1.9.1.)
[2026-03-26T09:31:00.164+0000] {base.py:84} INFO - Using connection ID 'postgres_stg' for task execution.
[2026-03-26T09:31:00.989+0000] {sql.py:580} INFO - Done loading. Loaded a total of 830 rows into stg_fact_orders
[2026-03-26T09:31:00.994+0000] {base.py:84} INFO - Using connection ID 'postgres_stg' for task execution.
[2026-03-26T09:31:01.005+0000] {sql.py:457} INFO - Running statement: TRUNCATE stg_dim_customers, parameters: None
[2026-03-26T09:31:01.016+0000] {base.py:84} INFO - Using connection ID 'postgres_mrr' for task execution.
[2026-03-26T09:31:01.025+0000] {sql.py:457} INFO - Running statement: SELECT * FROM mrr_dim_customers, parameters: None
[2026-03-26T09:31:01.030+0000] {sql.py:466} INFO - Rows affected: 277
[2026-03-26T09:31:01.036+0000] {base.py:84} INFO - Using connection ID 'postgres_stg' for task execution.
[2026-03-26T09:31:01.313+0000] {sql.py:580} INFO - Done loading. Loaded a total of 277 rows into stg_dim_customers
[2026-03-26T09:31:01.318+0000] {base.py:84} INFO - Using connection ID 'postgres_stg' for task execution.
[2026-03-26T09:31:01.327+0000] {sql.py:457} INFO - Running statement: TRUNCATE stg_dim_products, parameters: None
[2026-03-26T09:31:01.336+0000] {base.py:84} INFO - Using connection ID 'postgres_mrr' for task execution.
[2026-03-26T09:31:01.345+0000] {sql.py:457} INFO - Running statement: SELECT * FROM mrr_dim_products, parameters: None
[2026-03-26T09:31:01.349+0000] {sql.py:466} INFO - Rows affected: 308
[2026-03-26T09:31:01.357+0000] {base.py:84} INFO - Using connection ID 'postgres_stg' for task execution.
[2026-03-26T09:31:01.660+0000] {sql.py:580} INFO - Done loading. Loaded a total of 308 rows into stg_dim_products
[2026-03-26T09:31:01.666+0000] {base.py:84} INFO - Using connection ID 'postgres_stg' for task execution.
[2026-03-26T09:31:01.675+0000] {sql.py:457} INFO - Running statement: TRUNCATE stg_fact_order_details, parameters: None
[2026-03-26T09:31:01.684+0000] {base.py:84} INFO - Using connection ID 'postgres_mrr' for task execution.
[2026-03-26T09:31:01.694+0000] {sql.py:457} INFO - Running statement: SELECT * FROM mrr_fact_order_details, parameters: None
[2026-03-26T09:31:01.712+0000] {sql.py:466} INFO - Rows affected: 6466
[2026-03-26T09:31:01.725+0000] {base.py:84} INFO - Using connection ID 'postgres_stg' for task execution.
[2026-03-26T09:31:02.754+0000] {sql.py:576} INFO - Loaded 1000 rows into stg_fact_order_details so far
[2026-03-26T09:31:03.691+0000] {sql.py:576} INFO - Loaded 2000 rows into stg_fact_order_details so far
[2026-03-26T09:31:04.628+0000] {sql.py:576} INFO - Loaded 3000 rows into stg_fact_order_details so far
[2026-03-26T09:31:05.544+0000] {sql.py:576} INFO - Loaded 4000 rows into stg_fact_order_details so far
[2026-03-26T09:31:06.483+0000] {sql.py:576} INFO - Loaded 5000 rows into stg_fact_order_details so far
[2026-03-26T09:31:07.461+0000] {sql.py:576} INFO - Loaded 6000 rows into stg_fact_order_details so far
[2026-03-26T09:31:07.912+0000] {sql.py:580} INFO - Done loading. Loaded a total of 6466 rows into stg_fact_order_details
[2026-03-26T09:31:07.913+0000] {python.py:237} INFO - Done. Returned value was: None
[2026-03-26T09:31:07.914+0000] {taskinstance.py:441} INFO - ::group::Post task execution logs
[2026-03-26T09:31:07.920+0000] {taskinstance.py:1205} INFO - Marking task as SUCCESS. dag_id=etl_pipeline2, task_id=mrr_to_stg, execution_date=20260326T093058, start_date=20260326T093059, end_date=20260326T093107
[2026-03-26T09:31:07.923+0000] {base.py:84} INFO - Using connection ID 'postgres_dwh' for task execution.
[2026-03-26T09:31:07.934+0000] {sql.py:457} INFO - Running statement: 
        INSERT INTO etl_logs (
            dag_id, task_id, status, start_time, end_time, duration_seconds, error_message
        )
        VALUES (%s, %s, %s, %s, %s, %s, %s)
    , parameters: ('etl_pipeline2', 'mrr_to_stg', 'SUCCESS', datetime.datetime(2026, 3, 26, 9, 30, 59, 947077), datetime.datetime(2026, 3, 26, 9, 31, 7, 921484), 7, None)
[2026-03-26T09:31:07.937+0000] {sql.py:466} INFO - Rows affected: 1
[2026-03-26T09:31:07.941+0000] {logging_mixin.py:188} INFO - SUCCESS CALLBACK TRIGGERED
[2026-03-26T09:31:07.981+0000] {local_task_job_runner.py:240} INFO - Task exited with return code 0
[2026-03-26T09:31:07.995+0000] {taskinstance.py:3482} INFO - 1 downstream tasks scheduled from follow-on schedule check
[2026-03-26T09:31:07.998+0000] {local_task_job_runner.py:222} INFO - ::endgroup::
