[2026-03-25T09:45:27.250+0000] {local_task_job_runner.py:120} INFO - ::group::Pre task execution logs
[2026-03-25T09:45:27.269+0000] {taskinstance.py:2073} INFO - Dependencies all met for dep_context=non-requeueable deps ti=<TaskInstance: etl_pipeline2.stg_to_dwh manual__2026-03-25T09:45:14.802999+00:00 [queued]>
[2026-03-25T09:45:27.275+0000] {taskinstance.py:2073} INFO - Dependencies all met for dep_context=requeueable deps ti=<TaskInstance: etl_pipeline2.stg_to_dwh manual__2026-03-25T09:45:14.802999+00:00 [queued]>
[2026-03-25T09:45:27.276+0000] {taskinstance.py:2303} INFO - Starting attempt 1 of 1
[2026-03-25T09:45:27.284+0000] {taskinstance.py:2327} INFO - Executing <Task(PythonOperator): stg_to_dwh> on 2026-03-25 09:45:14.802999+00:00
[2026-03-25T09:45:27.289+0000] {standard_task_runner.py:90} INFO - Running: ['***', 'tasks', 'run', 'etl_pipeline2', 'stg_to_dwh', 'manual__2026-03-25T09:45:14.802999+00:00', '--job-id', '235', '--raw', '--subdir', 'DAGS_FOLDER/etl_pipeline2.py', '--cfg-path', '/tmp/tmpblb8318i']
[2026-03-25T09:45:27.291+0000] {logging_mixin.py:188} WARNING - /home/***/.local/lib/python3.12/site-packages/***/task/task_runner/standard_task_runner.py:61 DeprecationWarning: This process (pid=713) is multi-threaded, use of fork() may lead to deadlocks in the child.
[2026-03-25T09:45:27.291+0000] {standard_task_runner.py:91} INFO - Job 235: Subtask stg_to_dwh
[2026-03-25T09:45:27.292+0000] {standard_task_runner.py:63} INFO - Started process 714 to run task
[2026-03-25T09:45:27.334+0000] {task_command.py:426} INFO - Running <TaskInstance: etl_pipeline2.stg_to_dwh manual__2026-03-25T09:45:14.802999+00:00 [running]> on host 3ccff2366b2a
[2026-03-25T09:45:27.389+0000] {taskinstance.py:2644} INFO - Exporting env vars: AIRFLOW_CTX_DAG_OWNER='***' AIRFLOW_CTX_DAG_ID='etl_pipeline2' AIRFLOW_CTX_TASK_ID='stg_to_dwh' AIRFLOW_CTX_EXECUTION_DATE='2026-03-25T09:45:14.802999+00:00' AIRFLOW_CTX_TRY_NUMBER='1' AIRFLOW_CTX_DAG_RUN_ID='manual__2026-03-25T09:45:14.802999+00:00'
[2026-03-25T09:45:27.390+0000] {taskinstance.py:430} INFO - ::endgroup::
[2026-03-25T09:45:27.404+0000] {base.py:84} INFO - Using connection ID 'postgres_dwh' for task execution.
[2026-03-25T09:45:27.415+0000] {sql.py:457} INFO - Running statement: TRUNCATE dwh_fact_orders, parameters: None
[2026-03-25T09:45:27.428+0000] {base.py:84} INFO - Using connection ID 'postgres_stg' for task execution.
[2026-03-25T09:45:27.437+0000] {sql.py:457} INFO - Running statement: SELECT * FROM stg_fact_orders, parameters: None
[2026-03-25T09:45:27.444+0000] {sql.py:466} INFO - Rows affected: 830
[2026-03-25T09:45:27.449+0000] {logging_mixin.py:188} WARNING - /home/***/.local/lib/python3.12/site-packages/***/providers/common/sql/hooks/sql.py:407 AirflowProviderDeprecationWarning: Call to deprecated method _make_common_data_structure. (The `_make_serializable` method is deprecated and support will be removed in a future version of the common.sql provider. Please update the DbApiHook's provider to a version based on common.sql >= 1.9.1.)
[2026-03-25T09:45:27.454+0000] {base.py:84} INFO - Using connection ID 'postgres_dwh' for task execution.
[2026-03-25T09:45:28.258+0000] {sql.py:580} INFO - Done loading. Loaded a total of 830 rows into dwh_fact_orders
[2026-03-25T09:45:28.262+0000] {base.py:84} INFO - Using connection ID 'postgres_dwh' for task execution.
[2026-03-25T09:45:28.271+0000] {sql.py:457} INFO - Running statement: TRUNCATE dwh_dim_customers, parameters: None
[2026-03-25T09:45:28.282+0000] {base.py:84} INFO - Using connection ID 'postgres_stg' for task execution.
[2026-03-25T09:45:28.291+0000] {sql.py:457} INFO - Running statement: SELECT * FROM stg_dim_customers, parameters: None
[2026-03-25T09:45:28.294+0000] {sql.py:466} INFO - Rows affected: 184
[2026-03-25T09:45:28.300+0000] {base.py:84} INFO - Using connection ID 'postgres_dwh' for task execution.
[2026-03-25T09:45:28.481+0000] {sql.py:580} INFO - Done loading. Loaded a total of 184 rows into dwh_dim_customers
[2026-03-25T09:45:28.485+0000] {base.py:84} INFO - Using connection ID 'postgres_dwh' for task execution.
[2026-03-25T09:45:28.493+0000] {sql.py:457} INFO - Running statement: TRUNCATE dwh_dim_products, parameters: None
[2026-03-25T09:45:28.503+0000] {base.py:84} INFO - Using connection ID 'postgres_stg' for task execution.
[2026-03-25T09:45:28.512+0000] {sql.py:457} INFO - Running statement: SELECT * FROM stg_dim_products, parameters: None
[2026-03-25T09:45:28.516+0000] {sql.py:466} INFO - Rows affected: 231
[2026-03-25T09:45:28.522+0000] {base.py:84} INFO - Using connection ID 'postgres_dwh' for task execution.
[2026-03-25T09:45:28.737+0000] {sql.py:580} INFO - Done loading. Loaded a total of 231 rows into dwh_dim_products
[2026-03-25T09:45:28.742+0000] {base.py:84} INFO - Using connection ID 'postgres_dwh' for task execution.
[2026-03-25T09:45:28.751+0000] {sql.py:457} INFO - Running statement: TRUNCATE dwh_fact_order_details, parameters: None
[2026-03-25T09:45:28.759+0000] {base.py:84} INFO - Using connection ID 'postgres_stg' for task execution.
[2026-03-25T09:45:28.768+0000] {sql.py:457} INFO - Running statement: SELECT * FROM stg_fact_order_details, parameters: None
[2026-03-25T09:45:28.794+0000] {sql.py:466} INFO - Rows affected: 6466
[2026-03-25T09:45:28.805+0000] {base.py:84} INFO - Using connection ID 'postgres_dwh' for task execution.
[2026-03-25T09:45:29.756+0000] {sql.py:576} INFO - Loaded 1000 rows into dwh_fact_order_details so far
[2026-03-25T09:45:30.692+0000] {sql.py:576} INFO - Loaded 2000 rows into dwh_fact_order_details so far
[2026-03-25T09:45:31.677+0000] {sql.py:576} INFO - Loaded 3000 rows into dwh_fact_order_details so far
[2026-03-25T09:45:32.628+0000] {sql.py:576} INFO - Loaded 4000 rows into dwh_fact_order_details so far
[2026-03-25T09:45:33.587+0000] {sql.py:576} INFO - Loaded 5000 rows into dwh_fact_order_details so far
[2026-03-25T09:45:34.536+0000] {sql.py:576} INFO - Loaded 6000 rows into dwh_fact_order_details so far
[2026-03-25T09:45:34.962+0000] {sql.py:580} INFO - Done loading. Loaded a total of 6466 rows into dwh_fact_order_details
[2026-03-25T09:45:34.963+0000] {python.py:237} INFO - Done. Returned value was: None
[2026-03-25T09:45:34.963+0000] {taskinstance.py:441} INFO - ::group::Post task execution logs
[2026-03-25T09:45:34.969+0000] {taskinstance.py:1205} INFO - Marking task as SUCCESS. dag_id=etl_pipeline2, task_id=stg_to_dwh, execution_date=20260325T094514, start_date=20260325T094527, end_date=20260325T094534
[2026-03-25T09:45:34.971+0000] {base.py:84} INFO - Using connection ID 'postgres_dwh' for task execution.
[2026-03-25T09:45:34.981+0000] {sql.py:457} INFO - Running statement: 
        INSERT INTO etl_logs (
            dag_id, task_id, status, start_time, end_time, duration_seconds, error_message
        )
        VALUES (%s, %s, %s, %s, %s, %s, %s)
    , parameters: ('etl_pipeline2', 'stg_to_dwh', 'SUCCESS', datetime.datetime(2026, 3, 25, 9, 45, 27, 270106), datetime.datetime(2026, 3, 25, 9, 45, 34, 969842), 7, None)
[2026-03-25T09:45:34.985+0000] {sql.py:466} INFO - Rows affected: 1
[2026-03-25T09:45:34.987+0000] {logging_mixin.py:188} INFO - SUCCESS CALLBACK TRIGGERED
[2026-03-25T09:45:35.027+0000] {local_task_job_runner.py:240} INFO - Task exited with return code 0
[2026-03-25T09:45:35.037+0000] {taskinstance.py:3482} INFO - 0 downstream tasks scheduled from follow-on schedule check
[2026-03-25T09:45:35.038+0000] {local_task_job_runner.py:222} INFO - ::endgroup::
