[2026-03-25T07:27:19.524+0000] {local_task_job_runner.py:120} INFO - ::group::Pre task execution logs
[2026-03-25T07:27:19.543+0000] {taskinstance.py:2073} INFO - Dependencies all met for dep_context=non-requeueable deps ti=<TaskInstance: etl_pipeline2.mrr_to_stg manual__2026-03-25T07:27:17.244406+00:00 [queued]>
[2026-03-25T07:27:19.549+0000] {taskinstance.py:2073} INFO - Dependencies all met for dep_context=requeueable deps ti=<TaskInstance: etl_pipeline2.mrr_to_stg manual__2026-03-25T07:27:17.244406+00:00 [queued]>
[2026-03-25T07:27:19.550+0000] {taskinstance.py:2303} INFO - Starting attempt 1 of 1
[2026-03-25T07:27:19.558+0000] {taskinstance.py:2327} INFO - Executing <Task(PythonOperator): mrr_to_stg> on 2026-03-25 07:27:17.244406+00:00
[2026-03-25T07:27:19.563+0000] {standard_task_runner.py:90} INFO - Running: ['***', 'tasks', 'run', 'etl_pipeline2', 'mrr_to_stg', 'manual__2026-03-25T07:27:17.244406+00:00', '--job-id', '189', '--raw', '--subdir', 'DAGS_FOLDER/etl_pipeline2.py', '--cfg-path', '/tmp/tmprks0evks']
[2026-03-25T07:27:19.564+0000] {logging_mixin.py:188} WARNING - /home/***/.local/lib/python3.12/site-packages/***/task/task_runner/standard_task_runner.py:61 DeprecationWarning: This process (pid=312) is multi-threaded, use of fork() may lead to deadlocks in the child.
[2026-03-25T07:27:19.565+0000] {standard_task_runner.py:91} INFO - Job 189: Subtask mrr_to_stg
[2026-03-25T07:27:19.565+0000] {standard_task_runner.py:63} INFO - Started process 313 to run task
[2026-03-25T07:27:19.610+0000] {task_command.py:426} INFO - Running <TaskInstance: etl_pipeline2.mrr_to_stg manual__2026-03-25T07:27:17.244406+00:00 [running]> on host 3ccff2366b2a
[2026-03-25T07:27:19.662+0000] {taskinstance.py:2644} INFO - Exporting env vars: AIRFLOW_CTX_DAG_OWNER='***' AIRFLOW_CTX_DAG_ID='etl_pipeline2' AIRFLOW_CTX_TASK_ID='mrr_to_stg' AIRFLOW_CTX_EXECUTION_DATE='2026-03-25T07:27:17.244406+00:00' AIRFLOW_CTX_TRY_NUMBER='1' AIRFLOW_CTX_DAG_RUN_ID='manual__2026-03-25T07:27:17.244406+00:00'
[2026-03-25T07:27:19.663+0000] {taskinstance.py:430} INFO - ::endgroup::
[2026-03-25T07:27:19.676+0000] {base.py:84} INFO - Using connection ID 'postgres_stg' for task execution.
[2026-03-25T07:27:19.688+0000] {sql.py:457} INFO - Running statement: TRUNCATE stg_fact_orders, parameters: None
[2026-03-25T07:27:19.698+0000] {base.py:84} INFO - Using connection ID 'postgres_mrr' for task execution.
[2026-03-25T07:27:19.708+0000] {sql.py:457} INFO - Running statement: SELECT * FROM mrr_fact_orders, parameters: None
[2026-03-25T07:27:19.718+0000] {sql.py:466} INFO - Rows affected: 1660
[2026-03-25T07:27:19.724+0000] {logging_mixin.py:188} WARNING - /home/***/.local/lib/python3.12/site-packages/***/providers/common/sql/hooks/sql.py:407 AirflowProviderDeprecationWarning: Call to deprecated method _make_common_data_structure. (The `_make_serializable` method is deprecated and support will be removed in a future version of the common.sql provider. Please update the DbApiHook's provider to a version based on common.sql >= 1.9.1.)
[2026-03-25T07:27:19.729+0000] {base.py:84} INFO - Using connection ID 'postgres_stg' for task execution.
[2026-03-25T07:27:20.672+0000] {sql.py:576} INFO - Loaded 1000 rows into stg_fact_orders so far
[2026-03-25T07:27:21.256+0000] {sql.py:580} INFO - Done loading. Loaded a total of 1660 rows into stg_fact_orders
[2026-03-25T07:27:21.264+0000] {base.py:84} INFO - Using connection ID 'postgres_stg' for task execution.
[2026-03-25T07:27:21.276+0000] {sql.py:457} INFO - Running statement: TRUNCATE stg_dim_customers, parameters: None
[2026-03-25T07:27:21.288+0000] {base.py:84} INFO - Using connection ID 'postgres_mrr' for task execution.
[2026-03-25T07:27:21.297+0000] {sql.py:457} INFO - Running statement: SELECT * FROM mrr_dim_customers, parameters: None
[2026-03-25T07:27:21.301+0000] {sql.py:466} INFO - Rows affected: 184
[2026-03-25T07:27:21.306+0000] {base.py:84} INFO - Using connection ID 'postgres_stg' for task execution.
[2026-03-25T07:27:21.479+0000] {sql.py:580} INFO - Done loading. Loaded a total of 184 rows into stg_dim_customers
[2026-03-25T07:27:21.483+0000] {base.py:84} INFO - Using connection ID 'postgres_stg' for task execution.
[2026-03-25T07:27:21.492+0000] {sql.py:457} INFO - Running statement: TRUNCATE stg_dim_products, parameters: None
[2026-03-25T07:27:21.501+0000] {base.py:84} INFO - Using connection ID 'postgres_mrr' for task execution.
[2026-03-25T07:27:21.511+0000] {sql.py:457} INFO - Running statement: SELECT * FROM mrr_dim_products, parameters: None
[2026-03-25T07:27:21.515+0000] {sql.py:466} INFO - Rows affected: 231
[2026-03-25T07:27:21.520+0000] {base.py:84} INFO - Using connection ID 'postgres_stg' for task execution.
[2026-03-25T07:27:21.736+0000] {sql.py:580} INFO - Done loading. Loaded a total of 231 rows into stg_dim_products
[2026-03-25T07:27:21.741+0000] {base.py:84} INFO - Using connection ID 'postgres_stg' for task execution.
[2026-03-25T07:27:21.750+0000] {sql.py:457} INFO - Running statement: TRUNCATE stg_fact_order_details, parameters: None
[2026-03-25T07:27:21.758+0000] {base.py:84} INFO - Using connection ID 'postgres_mrr' for task execution.
[2026-03-25T07:27:21.767+0000] {sql.py:457} INFO - Running statement: SELECT * FROM mrr_fact_order_details, parameters: None
[2026-03-25T07:27:21.799+0000] {sql.py:466} INFO - Rows affected: 6465
[2026-03-25T07:27:21.810+0000] {base.py:84} INFO - Using connection ID 'postgres_stg' for task execution.
[2026-03-25T07:27:22.694+0000] {sql.py:576} INFO - Loaded 1000 rows into stg_fact_order_details so far
[2026-03-25T07:27:23.562+0000] {sql.py:576} INFO - Loaded 2000 rows into stg_fact_order_details so far
[2026-03-25T07:27:24.416+0000] {sql.py:576} INFO - Loaded 3000 rows into stg_fact_order_details so far
[2026-03-25T07:27:25.304+0000] {sql.py:576} INFO - Loaded 4000 rows into stg_fact_order_details so far
[2026-03-25T07:27:26.142+0000] {sql.py:576} INFO - Loaded 5000 rows into stg_fact_order_details so far
[2026-03-25T07:27:27.023+0000] {sql.py:576} INFO - Loaded 6000 rows into stg_fact_order_details so far
[2026-03-25T07:27:27.426+0000] {sql.py:580} INFO - Done loading. Loaded a total of 6465 rows into stg_fact_order_details
[2026-03-25T07:27:27.427+0000] {python.py:237} INFO - Done. Returned value was: None
[2026-03-25T07:27:27.428+0000] {taskinstance.py:441} INFO - ::group::Post task execution logs
[2026-03-25T07:27:27.433+0000] {taskinstance.py:1205} INFO - Marking task as SUCCESS. dag_id=etl_pipeline2, task_id=mrr_to_stg, execution_date=20260325T072717, start_date=20260325T072719, end_date=20260325T072727
[2026-03-25T07:27:27.463+0000] {local_task_job_runner.py:240} INFO - Task exited with return code 0
[2026-03-25T07:27:27.474+0000] {taskinstance.py:3482} INFO - 1 downstream tasks scheduled from follow-on schedule check
[2026-03-25T07:27:27.476+0000] {local_task_job_runner.py:222} INFO - ::endgroup::
