[2026-03-26T09:17:19.330+0000] {local_task_job_runner.py:120} INFO - ::group::Pre task execution logs
[2026-03-26T09:17:19.362+0000] {taskinstance.py:2073} INFO - Dependencies all met for dep_context=non-requeueable deps ti=<TaskInstance: etl_pipeline2.load_order_details_to_mrr manual__2026-03-26T09:17:18.161264+00:00 [queued]>
[2026-03-26T09:17:19.368+0000] {taskinstance.py:2073} INFO - Dependencies all met for dep_context=requeueable deps ti=<TaskInstance: etl_pipeline2.load_order_details_to_mrr manual__2026-03-26T09:17:18.161264+00:00 [queued]>
[2026-03-26T09:17:19.369+0000] {taskinstance.py:2303} INFO - Starting attempt 1 of 1
[2026-03-26T09:17:19.379+0000] {taskinstance.py:2327} INFO - Executing <Task(PythonOperator): load_order_details_to_mrr> on 2026-03-26 09:17:18.161264+00:00
[2026-03-26T09:17:19.386+0000] {standard_task_runner.py:90} INFO - Running: ['***', 'tasks', 'run', 'etl_pipeline2', 'load_order_details_to_mrr', 'manual__2026-03-26T09:17:18.161264+00:00', '--job-id', '324', '--raw', '--subdir', 'DAGS_FOLDER/etl_pipeline2.py', '--cfg-path', '/tmp/tmpjr8dvl2q']
[2026-03-26T09:17:19.388+0000] {logging_mixin.py:188} WARNING - /home/***/.local/lib/python3.12/site-packages/***/task/task_runner/standard_task_runner.py:61 DeprecationWarning: This process (pid=1816) is multi-threaded, use of fork() may lead to deadlocks in the child.
[2026-03-26T09:17:19.388+0000] {standard_task_runner.py:91} INFO - Job 324: Subtask load_order_details_to_mrr
[2026-03-26T09:17:19.389+0000] {standard_task_runner.py:63} INFO - Started process 1820 to run task
[2026-03-26T09:17:19.437+0000] {task_command.py:426} INFO - Running <TaskInstance: etl_pipeline2.load_order_details_to_mrr manual__2026-03-26T09:17:18.161264+00:00 [running]> on host 3ccff2366b2a
[2026-03-26T09:17:19.504+0000] {taskinstance.py:2644} INFO - Exporting env vars: AIRFLOW_CTX_DAG_OWNER='***' AIRFLOW_CTX_DAG_ID='etl_pipeline2' AIRFLOW_CTX_TASK_ID='load_order_details_to_mrr' AIRFLOW_CTX_EXECUTION_DATE='2026-03-26T09:17:18.161264+00:00' AIRFLOW_CTX_TRY_NUMBER='1' AIRFLOW_CTX_DAG_RUN_ID='manual__2026-03-26T09:17:18.161264+00:00'
[2026-03-26T09:17:19.505+0000] {taskinstance.py:430} INFO - ::endgroup::
[2026-03-26T09:17:19.519+0000] {taskinstance.py:441} INFO - ::group::Post task execution logs
[2026-03-26T09:17:19.520+0000] {taskinstance.py:2890} ERROR - Task failed with exception
Traceback (most recent call last):
  File "/home/airflow/.local/lib/python3.12/site-packages/airflow/models/taskinstance.py", line 465, in _execute_task
    result = _execute_callable(context=context, **execute_callable_kwargs)
             ^^^^^^^^^^^^^^^^^^^^^^^^^^^^^^^^^^^^^^^^^^^^^^^^^^^^^^^^^^^^^
  File "/home/airflow/.local/lib/python3.12/site-packages/airflow/models/taskinstance.py", line 432, in _execute_callable
    return execute_callable(context=context, **execute_callable_kwargs)
           ^^^^^^^^^^^^^^^^^^^^^^^^^^^^^^^^^^^^^^^^^^^^^^^^^^^^^^^^^^^^
  File "/home/airflow/.local/lib/python3.12/site-packages/airflow/models/baseoperator.py", line 400, in wrapper
    return func(self, *args, **kwargs)
           ^^^^^^^^^^^^^^^^^^^^^^^^^^^
  File "/home/airflow/.local/lib/python3.12/site-packages/airflow/operators/python.py", line 235, in execute
    return_value = self.execute_callable()
                   ^^^^^^^^^^^^^^^^^^^^^^^
  File "/home/airflow/.local/lib/python3.12/site-packages/airflow/operators/python.py", line 252, in execute_callable
    return self.python_callable(*self.op_args, **self.op_kwargs)
           ^^^^^^^^^^^^^^^^^^^^^^^^^^^^^^^^^^^^^^^^^^^^^^^^^^^^^
  File "/opt/airflow/dags/etl_pipeline2.py", line 158, in load_order_details_to_mrr
    load_table_to_mrr(
  File "/opt/airflow/dags/etl_pipeline2.py", line 88, in load_table_to_mrr
    last_loaded = target_hook.get_first(f"""
                  ^^^^^^^^^^^
NameError: name 'target_hook' is not defined
[2026-03-26T09:17:19.535+0000] {taskinstance.py:1205} INFO - Marking task as FAILED. dag_id=etl_pipeline2, task_id=load_order_details_to_mrr, execution_date=20260326T091718, start_date=20260326T091719, end_date=20260326T091719
[2026-03-26T09:17:19.539+0000] {base.py:84} INFO - Using connection ID 'postgres_dwh' for task execution.
[2026-03-26T09:17:19.551+0000] {sql.py:457} INFO - Running statement: 
        INSERT INTO etl_logs (
            dag_id, task_id, status, start_time, end_time, duration_seconds, error_message
        )
        VALUES (%s, %s, %s, %s, %s, %s, %s)
    , parameters: ('etl_pipeline2', 'load_order_details_to_mrr', 'FAILED', datetime.datetime(2026, 3, 26, 9, 17, 19, 362839), datetime.datetime(2026, 3, 26, 9, 17, 19, 536165), 0, "name 'target_hook' is not defined")
[2026-03-26T09:17:19.555+0000] {sql.py:466} INFO - Rows affected: 1
[2026-03-26T09:17:19.557+0000] {logging_mixin.py:188} INFO - FAILURE CALLBACK TRIGGERED
[2026-03-26T09:17:19.567+0000] {standard_task_runner.py:110} ERROR - Failed to execute job 324 for task load_order_details_to_mrr (name 'target_hook' is not defined; 1820)
[2026-03-26T09:17:19.603+0000] {local_task_job_runner.py:240} INFO - Task exited with return code 1
[2026-03-26T09:17:19.631+0000] {taskinstance.py:3482} INFO - 0 downstream tasks scheduled from follow-on schedule check
[2026-03-26T09:17:19.635+0000] {local_task_job_runner.py:222} INFO - ::endgroup::
