[2026-03-26T09:07:11.812+0000] {local_task_job_runner.py:120} INFO - ::group::Pre task execution logs
[2026-03-26T09:07:11.844+0000] {taskinstance.py:2073} INFO - Dependencies all met for dep_context=non-requeueable deps ti=<TaskInstance: etl_pipeline2.load_order_details_to_mrr manual__2026-03-26T09:07:10.724672+00:00 [queued]>
[2026-03-26T09:07:11.851+0000] {taskinstance.py:2073} INFO - Dependencies all met for dep_context=requeueable deps ti=<TaskInstance: etl_pipeline2.load_order_details_to_mrr manual__2026-03-26T09:07:10.724672+00:00 [queued]>
[2026-03-26T09:07:11.851+0000] {taskinstance.py:2303} INFO - Starting attempt 1 of 1
[2026-03-26T09:07:11.862+0000] {taskinstance.py:2327} INFO - Executing <Task(PythonOperator): load_order_details_to_mrr> on 2026-03-26 09:07:10.724672+00:00
[2026-03-26T09:07:11.869+0000] {standard_task_runner.py:90} INFO - Running: ['***', 'tasks', 'run', 'etl_pipeline2', 'load_order_details_to_mrr', 'manual__2026-03-26T09:07:10.724672+00:00', '--job-id', '310', '--raw', '--subdir', 'DAGS_FOLDER/etl_pipeline2.py', '--cfg-path', '/tmp/tmp8ze0par8']
[2026-03-26T09:07:11.870+0000] {logging_mixin.py:188} WARNING - /home/***/.local/lib/python3.12/site-packages/***/task/task_runner/standard_task_runner.py:61 DeprecationWarning: This process (pid=1689) is multi-threaded, use of fork() may lead to deadlocks in the child.
[2026-03-26T09:07:11.872+0000] {standard_task_runner.py:91} INFO - Job 310: Subtask load_order_details_to_mrr
[2026-03-26T09:07:11.872+0000] {standard_task_runner.py:63} INFO - Started process 1692 to run task
[2026-03-26T09:07:11.923+0000] {task_command.py:426} INFO - Running <TaskInstance: etl_pipeline2.load_order_details_to_mrr manual__2026-03-26T09:07:10.724672+00:00 [running]> on host 3ccff2366b2a
[2026-03-26T09:07:11.987+0000] {taskinstance.py:2644} INFO - Exporting env vars: AIRFLOW_CTX_DAG_OWNER='***' AIRFLOW_CTX_DAG_ID='etl_pipeline2' AIRFLOW_CTX_TASK_ID='load_order_details_to_mrr' AIRFLOW_CTX_EXECUTION_DATE='2026-03-26T09:07:10.724672+00:00' AIRFLOW_CTX_TRY_NUMBER='1' AIRFLOW_CTX_DAG_RUN_ID='manual__2026-03-26T09:07:10.724672+00:00'
[2026-03-26T09:07:11.987+0000] {taskinstance.py:430} INFO - ::endgroup::
[2026-03-26T09:07:12.008+0000] {base.py:84} INFO - Using connection ID 'postgres_dwh' for task execution.
[2026-03-26T09:07:12.020+0000] {sql.py:457} INFO - Running statement: 
        SELECT last_loaded_at
        FROM dwh_high_water_mark
        WHERE table_name = %s
    , parameters: ('order_details',)
[2026-03-26T09:07:12.023+0000] {sql.py:466} INFO - Rows affected: 1
[2026-03-26T09:07:12.027+0000] {logging_mixin.py:188} WARNING - /home/***/.local/lib/python3.12/site-packages/***/providers/common/sql/hooks/sql.py:407 AirflowProviderDeprecationWarning: Call to deprecated method _make_common_data_structure. (The `_make_serializable` method is deprecated and support will be removed in a future version of the common.sql provider. Please update the DbApiHook's provider to a version based on common.sql >= 1.9.1.)
[2026-03-26T09:07:12.034+0000] {base.py:84} INFO - Using connection ID 'postgres_operational' for task execution.
[2026-03-26T09:07:12.044+0000] {sql.py:457} INFO - Running statement: 
        SELECT order_id, product_id, unit_price, quantity, discount, updated_at
        FROM order_details
        WHERE updated_at > %s
    , parameters: (datetime.datetime(2026, 3, 25, 10, 32, 48, 804701),)
[2026-03-26T09:07:12.047+0000] {sql.py:466} INFO - Rows affected: 0
[2026-03-26T09:07:12.049+0000] {logging_mixin.py:188} INFO - No new data for order_details
[2026-03-26T09:07:12.049+0000] {python.py:237} INFO - Done. Returned value was: None
[2026-03-26T09:07:12.049+0000] {taskinstance.py:441} INFO - ::group::Post task execution logs
[2026-03-26T09:07:12.057+0000] {taskinstance.py:1205} INFO - Marking task as SUCCESS. dag_id=etl_pipeline2, task_id=load_order_details_to_mrr, execution_date=20260326T090710, start_date=20260326T090711, end_date=20260326T090712
[2026-03-26T09:07:12.061+0000] {base.py:84} INFO - Using connection ID 'postgres_dwh' for task execution.
[2026-03-26T09:07:12.070+0000] {sql.py:457} INFO - Running statement: 
        INSERT INTO etl_logs (
            dag_id, task_id, status, start_time, end_time, duration_seconds, error_message
        )
        VALUES (%s, %s, %s, %s, %s, %s, %s)
    , parameters: ('etl_pipeline2', 'load_order_details_to_mrr', 'SUCCESS', datetime.datetime(2026, 3, 26, 9, 7, 11, 844635), datetime.datetime(2026, 3, 26, 9, 7, 12, 57885), 0, None)
[2026-03-26T09:07:12.073+0000] {sql.py:466} INFO - Rows affected: 1
[2026-03-26T09:07:12.077+0000] {logging_mixin.py:188} INFO - SUCCESS CALLBACK TRIGGERED
[2026-03-26T09:07:12.127+0000] {local_task_job_runner.py:240} INFO - Task exited with return code 0
[2026-03-26T09:07:12.156+0000] {taskinstance.py:3482} INFO - 0 downstream tasks scheduled from follow-on schedule check
[2026-03-26T09:07:12.158+0000] {local_task_job_runner.py:222} INFO - ::endgroup::
