[2026-03-24T14:43:28.399+0000] {local_task_job_runner.py:120} INFO - ::group::Pre task execution logs
[2026-03-24T14:43:28.420+0000] {taskinstance.py:2073} INFO - Dependencies all met for dep_context=non-requeueable deps ti=<TaskInstance: etl_pipeline2.mrr_to_stg manual__2026-03-24T14:43:26.405522+00:00 [queued]>
[2026-03-24T14:43:28.427+0000] {taskinstance.py:2073} INFO - Dependencies all met for dep_context=requeueable deps ti=<TaskInstance: etl_pipeline2.mrr_to_stg manual__2026-03-24T14:43:26.405522+00:00 [queued]>
[2026-03-24T14:43:28.428+0000] {taskinstance.py:2303} INFO - Starting attempt 1 of 1
[2026-03-24T14:43:28.444+0000] {taskinstance.py:2327} INFO - Executing <Task(PythonOperator): mrr_to_stg> on 2026-03-24 14:43:26.405522+00:00
[2026-03-24T14:43:28.451+0000] {standard_task_runner.py:90} INFO - Running: ['***', 'tasks', 'run', 'etl_pipeline2', 'mrr_to_stg', 'manual__2026-03-24T14:43:26.405522+00:00', '--job-id', '166', '--raw', '--subdir', 'DAGS_FOLDER/etl_pipeline2.py', '--cfg-path', '/tmp/tmpxkbdf8bw']
[2026-03-24T14:43:28.453+0000] {logging_mixin.py:188} WARNING - /home/***/.local/lib/python3.12/site-packages/***/task/task_runner/standard_task_runner.py:61 DeprecationWarning: This process (pid=675) is multi-threaded, use of fork() may lead to deadlocks in the child.
[2026-03-24T14:43:28.454+0000] {standard_task_runner.py:91} INFO - Job 166: Subtask mrr_to_stg
[2026-03-24T14:43:28.454+0000] {standard_task_runner.py:63} INFO - Started process 676 to run task
[2026-03-24T14:43:28.508+0000] {task_command.py:426} INFO - Running <TaskInstance: etl_pipeline2.mrr_to_stg manual__2026-03-24T14:43:26.405522+00:00 [running]> on host 3ccff2366b2a
[2026-03-24T14:43:28.749+0000] {taskinstance.py:2644} INFO - Exporting env vars: AIRFLOW_CTX_DAG_OWNER='***' AIRFLOW_CTX_DAG_ID='etl_pipeline2' AIRFLOW_CTX_TASK_ID='mrr_to_stg' AIRFLOW_CTX_EXECUTION_DATE='2026-03-24T14:43:26.405522+00:00' AIRFLOW_CTX_TRY_NUMBER='1' AIRFLOW_CTX_DAG_RUN_ID='manual__2026-03-24T14:43:26.405522+00:00'
[2026-03-24T14:43:28.750+0000] {taskinstance.py:430} INFO - ::endgroup::
[2026-03-24T14:43:28.767+0000] {base.py:84} INFO - Using connection ID 'postgres_stg' for task execution.
[2026-03-24T14:43:29.825+0000] {sql.py:457} INFO - Running statement: TRUNCATE stg_fact_orders, parameters: None
[2026-03-24T14:43:29.840+0000] {base.py:84} INFO - Using connection ID 'postgres_mrr' for task execution.
[2026-03-24T14:43:29.851+0000] {sql.py:457} INFO - Running statement: SELECT * FROM mrr_fact_orders, parameters: None
[2026-03-24T14:43:29.862+0000] {sql.py:466} INFO - Rows affected: 1660
[2026-03-24T14:43:29.869+0000] {logging_mixin.py:188} WARNING - /home/***/.local/lib/python3.12/site-packages/***/providers/common/sql/hooks/sql.py:407 AirflowProviderDeprecationWarning: Call to deprecated method _make_common_data_structure. (The `_make_serializable` method is deprecated and support will be removed in a future version of the common.sql provider. Please update the DbApiHook's provider to a version based on common.sql >= 1.9.1.)
[2026-03-24T14:43:29.876+0000] {base.py:84} INFO - Using connection ID 'postgres_stg' for task execution.
[2026-03-24T14:43:30.883+0000] {sql.py:576} INFO - Loaded 1000 rows into stg_fact_orders so far
[2026-03-24T14:43:31.517+0000] {sql.py:580} INFO - Done loading. Loaded a total of 1660 rows into stg_fact_orders
[2026-03-24T14:43:31.522+0000] {base.py:84} INFO - Using connection ID 'postgres_stg' for task execution.
[2026-03-24T14:43:31.532+0000] {sql.py:457} INFO - Running statement: TRUNCATE stg_dim_customers, parameters: None
[2026-03-24T14:43:31.542+0000] {base.py:84} INFO - Using connection ID 'postgres_mrr' for task execution.
[2026-03-24T14:43:31.551+0000] {sql.py:457} INFO - Running statement: SELECT * FROM mrr_dim_customers, parameters: None
[2026-03-24T14:43:31.558+0000] {sql.py:466} INFO - Rows affected: 183
[2026-03-24T14:43:31.565+0000] {base.py:84} INFO - Using connection ID 'postgres_stg' for task execution.
[2026-03-24T14:43:31.750+0000] {sql.py:580} INFO - Done loading. Loaded a total of 183 rows into stg_dim_customers
[2026-03-24T14:43:31.755+0000] {base.py:84} INFO - Using connection ID 'postgres_stg' for task execution.
[2026-03-24T14:43:31.765+0000] {sql.py:457} INFO - Running statement: TRUNCATE stg_dim_products, parameters: None
[2026-03-24T14:43:31.774+0000] {base.py:84} INFO - Using connection ID 'postgres_mrr' for task execution.
[2026-03-24T14:43:31.784+0000] {sql.py:457} INFO - Running statement: SELECT * FROM mrr_dim_products, parameters: None
[2026-03-24T14:43:31.788+0000] {sql.py:466} INFO - Rows affected: 231
[2026-03-24T14:43:31.793+0000] {base.py:84} INFO - Using connection ID 'postgres_stg' for task execution.
[2026-03-24T14:43:32.035+0000] {sql.py:580} INFO - Done loading. Loaded a total of 231 rows into stg_dim_products
[2026-03-24T14:43:32.039+0000] {base.py:84} INFO - Using connection ID 'postgres_stg' for task execution.
[2026-03-24T14:43:32.049+0000] {sql.py:457} INFO - Running statement: TRUNCATE stg_fact_order_details, parameters: None
[2026-03-24T14:43:32.058+0000] {base.py:84} INFO - Using connection ID 'postgres_mrr' for task execution.
[2026-03-24T14:43:32.068+0000] {sql.py:457} INFO - Running statement: SELECT * FROM mrr_fact_order_details, parameters: None
[2026-03-24T14:43:32.089+0000] {sql.py:466} INFO - Rows affected: 6465
[2026-03-24T14:43:32.101+0000] {base.py:84} INFO - Using connection ID 'postgres_stg' for task execution.
[2026-03-24T14:43:33.073+0000] {sql.py:576} INFO - Loaded 1000 rows into stg_fact_order_details so far
[2026-03-24T14:43:34.052+0000] {sql.py:576} INFO - Loaded 2000 rows into stg_fact_order_details so far
[2026-03-24T14:43:34.996+0000] {sql.py:576} INFO - Loaded 3000 rows into stg_fact_order_details so far
[2026-03-24T14:43:35.930+0000] {sql.py:576} INFO - Loaded 4000 rows into stg_fact_order_details so far
[2026-03-24T14:43:36.887+0000] {sql.py:576} INFO - Loaded 5000 rows into stg_fact_order_details so far
[2026-03-24T14:43:37.851+0000] {sql.py:576} INFO - Loaded 6000 rows into stg_fact_order_details so far
[2026-03-24T14:43:38.331+0000] {sql.py:580} INFO - Done loading. Loaded a total of 6465 rows into stg_fact_order_details
[2026-03-24T14:43:38.332+0000] {python.py:237} INFO - Done. Returned value was: None
[2026-03-24T14:43:38.333+0000] {taskinstance.py:441} INFO - ::group::Post task execution logs
[2026-03-24T14:43:38.339+0000] {taskinstance.py:1205} INFO - Marking task as SUCCESS. dag_id=etl_pipeline2, task_id=mrr_to_stg, execution_date=20260324T144326, start_date=20260324T144328, end_date=20260324T144338
[2026-03-24T14:43:38.374+0000] {local_task_job_runner.py:240} INFO - Task exited with return code 0
[2026-03-24T14:43:38.387+0000] {taskinstance.py:3482} INFO - 1 downstream tasks scheduled from follow-on schedule check
[2026-03-24T14:43:38.389+0000] {local_task_job_runner.py:222} INFO - ::endgroup::
