[2026-03-26T09:56:06.501+0000] {local_task_job_runner.py:120} INFO - ::group::Pre task execution logs
[2026-03-26T09:56:06.525+0000] {taskinstance.py:2073} INFO - Dependencies all met for dep_context=non-requeueable deps ti=<TaskInstance: etl_pipeline2.mrr_to_stg manual__2026-03-26T09:56:04.687523+00:00 [queued]>
[2026-03-26T09:56:06.533+0000] {taskinstance.py:2073} INFO - Dependencies all met for dep_context=requeueable deps ti=<TaskInstance: etl_pipeline2.mrr_to_stg manual__2026-03-26T09:56:04.687523+00:00 [queued]>
[2026-03-26T09:56:06.534+0000] {taskinstance.py:2303} INFO - Starting attempt 1 of 1
[2026-03-26T09:56:06.544+0000] {taskinstance.py:2327} INFO - Executing <Task(PythonOperator): mrr_to_stg> on 2026-03-26 09:56:04.687523+00:00
[2026-03-26T09:56:06.550+0000] {logging_mixin.py:188} WARNING - /home/***/.local/lib/python3.12/site-packages/***/task/task_runner/standard_task_runner.py:61 DeprecationWarning: This process (pid=2322) is multi-threaded, use of fork() may lead to deadlocks in the child.
[2026-03-26T09:56:06.550+0000] {standard_task_runner.py:90} INFO - Running: ['***', 'tasks', 'run', 'etl_pipeline2', 'mrr_to_stg', 'manual__2026-03-26T09:56:04.687523+00:00', '--job-id', '367', '--raw', '--subdir', 'DAGS_FOLDER/etl_pipeline2.py', '--cfg-path', '/tmp/tmpcvc8cuxv']
[2026-03-26T09:56:06.551+0000] {standard_task_runner.py:63} INFO - Started process 2328 to run task
[2026-03-26T09:56:06.552+0000] {standard_task_runner.py:91} INFO - Job 367: Subtask mrr_to_stg
[2026-03-26T09:56:06.604+0000] {task_command.py:426} INFO - Running <TaskInstance: etl_pipeline2.mrr_to_stg manual__2026-03-26T09:56:04.687523+00:00 [running]> on host 3ccff2366b2a
[2026-03-26T09:56:06.665+0000] {taskinstance.py:2644} INFO - Exporting env vars: AIRFLOW_CTX_DAG_OWNER='***' AIRFLOW_CTX_DAG_ID='etl_pipeline2' AIRFLOW_CTX_TASK_ID='mrr_to_stg' AIRFLOW_CTX_EXECUTION_DATE='2026-03-26T09:56:04.687523+00:00' AIRFLOW_CTX_TRY_NUMBER='1' AIRFLOW_CTX_DAG_RUN_ID='manual__2026-03-26T09:56:04.687523+00:00'
[2026-03-26T09:56:06.666+0000] {taskinstance.py:430} INFO - ::endgroup::
[2026-03-26T09:56:06.681+0000] {base.py:84} INFO - Using connection ID 'postgres_stg' for task execution.
[2026-03-26T09:56:06.692+0000] {sql.py:457} INFO - Running statement: TRUNCATE stg_fact_orders, parameters: None
[2026-03-26T09:56:06.704+0000] {base.py:84} INFO - Using connection ID 'postgres_mrr' for task execution.
[2026-03-26T09:56:06.714+0000] {sql.py:457} INFO - Running statement: SELECT * FROM mrr_fact_orders, parameters: None
[2026-03-26T09:56:06.721+0000] {sql.py:466} INFO - Rows affected: 830
[2026-03-26T09:56:06.738+0000] {logging_mixin.py:188} WARNING - /home/***/.local/lib/python3.12/site-packages/***/providers/common/sql/hooks/sql.py:407 AirflowProviderDeprecationWarning: Call to deprecated method _make_common_data_structure. (The `_make_serializable` method is deprecated and support will be removed in a future version of the common.sql provider. Please update the DbApiHook's provider to a version based on common.sql >= 1.9.1.)
[2026-03-26T09:56:06.744+0000] {base.py:84} INFO - Using connection ID 'postgres_stg' for task execution.
[2026-03-26T09:56:07.591+0000] {sql.py:580} INFO - Done loading. Loaded a total of 830 rows into stg_fact_orders
[2026-03-26T09:56:07.597+0000] {base.py:84} INFO - Using connection ID 'postgres_stg' for task execution.
[2026-03-26T09:56:07.608+0000] {sql.py:457} INFO - Running statement: TRUNCATE stg_dim_customers, parameters: None
[2026-03-26T09:56:07.622+0000] {base.py:84} INFO - Using connection ID 'postgres_mrr' for task execution.
[2026-03-26T09:56:07.633+0000] {sql.py:457} INFO - Running statement: SELECT * FROM mrr_dim_customers, parameters: None
[2026-03-26T09:56:07.638+0000] {sql.py:466} INFO - Rows affected: 0
[2026-03-26T09:56:07.645+0000] {base.py:84} INFO - Using connection ID 'postgres_stg' for task execution.
[2026-03-26T09:56:07.656+0000] {sql.py:457} INFO - Running statement: TRUNCATE stg_dim_products, parameters: None
[2026-03-26T09:56:07.669+0000] {base.py:84} INFO - Using connection ID 'postgres_mrr' for task execution.
[2026-03-26T09:56:07.681+0000] {sql.py:457} INFO - Running statement: SELECT * FROM mrr_dim_products, parameters: None
[2026-03-26T09:56:07.685+0000] {sql.py:466} INFO - Rows affected: 77
[2026-03-26T09:56:07.692+0000] {base.py:84} INFO - Using connection ID 'postgres_stg' for task execution.
[2026-03-26T09:56:07.790+0000] {sql.py:580} INFO - Done loading. Loaded a total of 77 rows into stg_dim_products
[2026-03-26T09:56:07.795+0000] {base.py:84} INFO - Using connection ID 'postgres_stg' for task execution.
[2026-03-26T09:56:07.805+0000] {sql.py:457} INFO - Running statement: TRUNCATE stg_fact_order_details, parameters: None
[2026-03-26T09:56:07.815+0000] {base.py:84} INFO - Using connection ID 'postgres_mrr' for task execution.
[2026-03-26T09:56:07.825+0000] {sql.py:457} INFO - Running statement: SELECT * FROM mrr_fact_order_details, parameters: None
[2026-03-26T09:56:07.835+0000] {sql.py:466} INFO - Rows affected: 2154
[2026-03-26T09:56:07.844+0000] {base.py:84} INFO - Using connection ID 'postgres_stg' for task execution.
[2026-03-26T09:56:08.773+0000] {sql.py:576} INFO - Loaded 1000 rows into stg_fact_order_details so far
[2026-03-26T09:56:09.650+0000] {sql.py:576} INFO - Loaded 2000 rows into stg_fact_order_details so far
[2026-03-26T09:56:09.794+0000] {sql.py:580} INFO - Done loading. Loaded a total of 2154 rows into stg_fact_order_details
[2026-03-26T09:56:09.795+0000] {python.py:237} INFO - Done. Returned value was: None
[2026-03-26T09:56:09.795+0000] {taskinstance.py:441} INFO - ::group::Post task execution logs
[2026-03-26T09:56:09.802+0000] {taskinstance.py:1205} INFO - Marking task as SUCCESS. dag_id=etl_pipeline2, task_id=mrr_to_stg, execution_date=20260326T095604, start_date=20260326T095606, end_date=20260326T095609
[2026-03-26T09:56:09.805+0000] {base.py:84} INFO - Using connection ID 'postgres_dwh' for task execution.
[2026-03-26T09:56:09.816+0000] {sql.py:457} INFO - Running statement: 
        INSERT INTO etl_logs (
            dag_id, task_id, status, start_time, end_time, duration_seconds, error_message
        )
        VALUES (%s, %s, %s, %s, %s, %s, %s)
    , parameters: ('etl_pipeline2', 'mrr_to_stg', 'SUCCESS', datetime.datetime(2026, 3, 26, 9, 56, 6, 526399), datetime.datetime(2026, 3, 26, 9, 56, 9, 803177), 3, None)
[2026-03-26T09:56:09.819+0000] {sql.py:466} INFO - Rows affected: 1
[2026-03-26T09:56:09.821+0000] {logging_mixin.py:188} INFO - SUCCESS CALLBACK TRIGGERED
[2026-03-26T09:56:09.870+0000] {local_task_job_runner.py:240} INFO - Task exited with return code 0
[2026-03-26T09:56:09.886+0000] {taskinstance.py:3482} INFO - 1 downstream tasks scheduled from follow-on schedule check
[2026-03-26T09:56:09.888+0000] {local_task_job_runner.py:222} INFO - ::endgroup::
