[2026-03-24T14:30:14.887+0000] {local_task_job_runner.py:120} INFO - ::group::Pre task execution logs
[2026-03-24T14:30:14.910+0000] {taskinstance.py:2073} INFO - Dependencies all met for dep_context=non-requeueable deps ti=<TaskInstance: etl_pipeline2.mrr_to_stg manual__2026-03-24T14:30:13.630024+00:00 [queued]>
[2026-03-24T14:30:14.917+0000] {taskinstance.py:2073} INFO - Dependencies all met for dep_context=requeueable deps ti=<TaskInstance: etl_pipeline2.mrr_to_stg manual__2026-03-24T14:30:13.630024+00:00 [queued]>
[2026-03-24T14:30:14.918+0000] {taskinstance.py:2303} INFO - Starting attempt 1 of 1
[2026-03-24T14:30:14.928+0000] {taskinstance.py:2327} INFO - Executing <Task(PythonOperator): mrr_to_stg> on 2026-03-24 14:30:13.630024+00:00
[2026-03-24T14:30:14.934+0000] {standard_task_runner.py:90} INFO - Running: ['***', 'tasks', 'run', 'etl_pipeline2', 'mrr_to_stg', 'manual__2026-03-24T14:30:13.630024+00:00', '--job-id', '154', '--raw', '--subdir', 'DAGS_FOLDER/etl_pipeline2.py', '--cfg-path', '/tmp/tmp5knvauno']
[2026-03-24T14:30:14.935+0000] {logging_mixin.py:188} WARNING - /home/***/.local/lib/python3.12/site-packages/***/task/task_runner/standard_task_runner.py:61 DeprecationWarning: This process (pid=386) is multi-threaded, use of fork() may lead to deadlocks in the child.
[2026-03-24T14:30:14.936+0000] {standard_task_runner.py:91} INFO - Job 154: Subtask mrr_to_stg
[2026-03-24T14:30:14.936+0000] {standard_task_runner.py:63} INFO - Started process 387 to run task
[2026-03-24T14:30:14.988+0000] {task_command.py:426} INFO - Running <TaskInstance: etl_pipeline2.mrr_to_stg manual__2026-03-24T14:30:13.630024+00:00 [running]> on host 3ccff2366b2a
[2026-03-24T14:30:15.048+0000] {taskinstance.py:2644} INFO - Exporting env vars: AIRFLOW_CTX_DAG_OWNER='***' AIRFLOW_CTX_DAG_ID='etl_pipeline2' AIRFLOW_CTX_TASK_ID='mrr_to_stg' AIRFLOW_CTX_EXECUTION_DATE='2026-03-24T14:30:13.630024+00:00' AIRFLOW_CTX_TRY_NUMBER='1' AIRFLOW_CTX_DAG_RUN_ID='manual__2026-03-24T14:30:13.630024+00:00'
[2026-03-24T14:30:15.049+0000] {taskinstance.py:430} INFO - ::endgroup::
[2026-03-24T14:30:15.064+0000] {base.py:84} INFO - Using connection ID 'postgres_stg' for task execution.
[2026-03-24T14:30:15.077+0000] {sql.py:457} INFO - Running statement: TRUNCATE stg_fact_orders, parameters: None
[2026-03-24T14:30:15.091+0000] {base.py:84} INFO - Using connection ID 'postgres_mrr' for task execution.
[2026-03-24T14:30:15.101+0000] {sql.py:457} INFO - Running statement: SELECT * FROM mrr_fact_orders, parameters: None
[2026-03-24T14:30:15.122+0000] {sql.py:466} INFO - Rows affected: 1660
[2026-03-24T14:30:15.128+0000] {logging_mixin.py:188} WARNING - /home/***/.local/lib/python3.12/site-packages/***/providers/common/sql/hooks/sql.py:407 AirflowProviderDeprecationWarning: Call to deprecated method _make_common_data_structure. (The `_make_serializable` method is deprecated and support will be removed in a future version of the common.sql provider. Please update the DbApiHook's provider to a version based on common.sql >= 1.9.1.)
[2026-03-24T14:30:15.135+0000] {base.py:84} INFO - Using connection ID 'postgres_stg' for task execution.
[2026-03-24T14:30:16.229+0000] {sql.py:576} INFO - Loaded 1000 rows into stg_fact_orders so far
[2026-03-24T14:30:16.901+0000] {sql.py:580} INFO - Done loading. Loaded a total of 1660 rows into stg_fact_orders
[2026-03-24T14:30:16.907+0000] {base.py:84} INFO - Using connection ID 'postgres_stg' for task execution.
[2026-03-24T14:30:16.918+0000] {sql.py:457} INFO - Running statement: TRUNCATE stg_dim_customers, parameters: None
[2026-03-24T14:30:16.930+0000] {base.py:84} INFO - Using connection ID 'postgres_mrr' for task execution.
[2026-03-24T14:30:16.941+0000] {sql.py:457} INFO - Running statement: SELECT * FROM mrr_dim_customers, parameters: None
[2026-03-24T14:30:16.946+0000] {sql.py:466} INFO - Rows affected: 182
[2026-03-24T14:30:16.952+0000] {base.py:84} INFO - Using connection ID 'postgres_stg' for task execution.
[2026-03-24T14:30:17.149+0000] {sql.py:580} INFO - Done loading. Loaded a total of 182 rows into stg_dim_customers
[2026-03-24T14:30:17.154+0000] {base.py:84} INFO - Using connection ID 'postgres_stg' for task execution.
[2026-03-24T14:30:17.165+0000] {sql.py:457} INFO - Running statement: TRUNCATE stg_dim_products, parameters: None
[2026-03-24T14:30:17.174+0000] {base.py:84} INFO - Using connection ID 'postgres_mrr' for task execution.
[2026-03-24T14:30:17.184+0000] {sql.py:457} INFO - Running statement: SELECT * FROM mrr_dim_products, parameters: None
[2026-03-24T14:30:17.188+0000] {sql.py:466} INFO - Rows affected: 231
[2026-03-24T14:30:17.194+0000] {base.py:84} INFO - Using connection ID 'postgres_stg' for task execution.
[2026-03-24T14:30:17.429+0000] {sql.py:580} INFO - Done loading. Loaded a total of 231 rows into stg_dim_products
[2026-03-24T14:30:17.434+0000] {base.py:84} INFO - Using connection ID 'postgres_stg' for task execution.
[2026-03-24T14:30:17.444+0000] {sql.py:457} INFO - Running statement: TRUNCATE stg_fact_order_details, parameters: None
[2026-03-24T14:30:17.454+0000] {base.py:84} INFO - Using connection ID 'postgres_mrr' for task execution.
[2026-03-24T14:30:17.465+0000] {sql.py:457} INFO - Running statement: SELECT * FROM mrr_fact_order_details, parameters: None
[2026-03-24T14:30:17.481+0000] {sql.py:466} INFO - Rows affected: 6465
[2026-03-24T14:30:17.493+0000] {base.py:84} INFO - Using connection ID 'postgres_stg' for task execution.
[2026-03-24T14:30:18.472+0000] {sql.py:576} INFO - Loaded 1000 rows into stg_fact_order_details so far
[2026-03-24T14:30:19.464+0000] {sql.py:576} INFO - Loaded 2000 rows into stg_fact_order_details so far
[2026-03-24T14:30:20.483+0000] {sql.py:576} INFO - Loaded 3000 rows into stg_fact_order_details so far
[2026-03-24T14:30:21.463+0000] {sql.py:576} INFO - Loaded 4000 rows into stg_fact_order_details so far
[2026-03-24T14:30:22.487+0000] {sql.py:576} INFO - Loaded 5000 rows into stg_fact_order_details so far
[2026-03-24T14:30:23.484+0000] {sql.py:576} INFO - Loaded 6000 rows into stg_fact_order_details so far
[2026-03-24T14:30:23.969+0000] {sql.py:580} INFO - Done loading. Loaded a total of 6465 rows into stg_fact_order_details
[2026-03-24T14:30:23.970+0000] {python.py:237} INFO - Done. Returned value was: None
[2026-03-24T14:30:23.971+0000] {taskinstance.py:441} INFO - ::group::Post task execution logs
[2026-03-24T14:30:23.977+0000] {taskinstance.py:1205} INFO - Marking task as SUCCESS. dag_id=etl_pipeline2, task_id=mrr_to_stg, execution_date=20260324T143013, start_date=20260324T143014, end_date=20260324T143023
[2026-03-24T14:30:24.005+0000] {local_task_job_runner.py:240} INFO - Task exited with return code 0
[2026-03-24T14:30:24.020+0000] {taskinstance.py:3482} INFO - 1 downstream tasks scheduled from follow-on schedule check
[2026-03-24T14:30:24.022+0000] {local_task_job_runner.py:222} INFO - ::endgroup::
