[2026-03-26T10:02:15.885+0000] {local_task_job_runner.py:120} INFO - ::group::Pre task execution logs
[2026-03-26T10:02:15.906+0000] {taskinstance.py:2073} INFO - Dependencies all met for dep_context=non-requeueable deps ti=<TaskInstance: etl_pipeline2.stg_to_dwh manual__2026-03-26T10:02:09.328474+00:00 [queued]>
[2026-03-26T10:02:15.912+0000] {taskinstance.py:2073} INFO - Dependencies all met for dep_context=requeueable deps ti=<TaskInstance: etl_pipeline2.stg_to_dwh manual__2026-03-26T10:02:09.328474+00:00 [queued]>
[2026-03-26T10:02:15.913+0000] {taskinstance.py:2303} INFO - Starting attempt 1 of 1
[2026-03-26T10:02:15.922+0000] {taskinstance.py:2327} INFO - Executing <Task(PythonOperator): stg_to_dwh> on 2026-03-26 10:02:09.328474+00:00
[2026-03-26T10:02:15.928+0000] {logging_mixin.py:188} WARNING - /home/***/.local/lib/python3.12/site-packages/***/task/task_runner/standard_task_runner.py:61 DeprecationWarning: This process (pid=2401) is multi-threaded, use of fork() may lead to deadlocks in the child.
[2026-03-26T10:02:15.927+0000] {standard_task_runner.py:90} INFO - Running: ['***', 'tasks', 'run', 'etl_pipeline2', 'stg_to_dwh', 'manual__2026-03-26T10:02:09.328474+00:00', '--job-id', '374', '--raw', '--subdir', 'DAGS_FOLDER/etl_pipeline2.py', '--cfg-path', '/tmp/tmphv6tg_tf']
[2026-03-26T10:02:15.929+0000] {standard_task_runner.py:63} INFO - Started process 2402 to run task
[2026-03-26T10:02:15.929+0000] {standard_task_runner.py:91} INFO - Job 374: Subtask stg_to_dwh
[2026-03-26T10:02:15.975+0000] {task_command.py:426} INFO - Running <TaskInstance: etl_pipeline2.stg_to_dwh manual__2026-03-26T10:02:09.328474+00:00 [running]> on host 3ccff2366b2a
[2026-03-26T10:02:16.031+0000] {taskinstance.py:2644} INFO - Exporting env vars: AIRFLOW_CTX_DAG_OWNER='***' AIRFLOW_CTX_DAG_ID='etl_pipeline2' AIRFLOW_CTX_TASK_ID='stg_to_dwh' AIRFLOW_CTX_EXECUTION_DATE='2026-03-26T10:02:09.328474+00:00' AIRFLOW_CTX_TRY_NUMBER='1' AIRFLOW_CTX_DAG_RUN_ID='manual__2026-03-26T10:02:09.328474+00:00'
[2026-03-26T10:02:16.032+0000] {taskinstance.py:430} INFO - ::endgroup::
[2026-03-26T10:02:16.047+0000] {base.py:84} INFO - Using connection ID 'postgres_dwh' for task execution.
[2026-03-26T10:02:16.059+0000] {sql.py:457} INFO - Running statement: TRUNCATE dwh_fact_orders, parameters: None
[2026-03-26T10:02:16.074+0000] {base.py:84} INFO - Using connection ID 'postgres_stg' for task execution.
[2026-03-26T10:02:16.085+0000] {sql.py:457} INFO - Running statement: SELECT * FROM stg_fact_orders, parameters: None
[2026-03-26T10:02:16.094+0000] {sql.py:466} INFO - Rows affected: 830
[2026-03-26T10:02:16.098+0000] {logging_mixin.py:188} WARNING - /home/***/.local/lib/python3.12/site-packages/***/providers/common/sql/hooks/sql.py:407 AirflowProviderDeprecationWarning: Call to deprecated method _make_common_data_structure. (The `_make_serializable` method is deprecated and support will be removed in a future version of the common.sql provider. Please update the DbApiHook's provider to a version based on common.sql >= 1.9.1.)
[2026-03-26T10:02:16.104+0000] {base.py:84} INFO - Using connection ID 'postgres_dwh' for task execution.
[2026-03-26T10:02:16.947+0000] {sql.py:580} INFO - Done loading. Loaded a total of 830 rows into dwh_fact_orders
[2026-03-26T10:02:16.951+0000] {base.py:84} INFO - Using connection ID 'postgres_dwh' for task execution.
[2026-03-26T10:02:16.961+0000] {sql.py:457} INFO - Running statement: TRUNCATE dwh_dim_customers, parameters: None
[2026-03-26T10:02:16.975+0000] {base.py:84} INFO - Using connection ID 'postgres_stg' for task execution.
[2026-03-26T10:02:16.986+0000] {sql.py:457} INFO - Running statement: SELECT * FROM stg_dim_customers, parameters: None
[2026-03-26T10:02:16.989+0000] {sql.py:466} INFO - Rows affected: 0
[2026-03-26T10:02:16.995+0000] {base.py:84} INFO - Using connection ID 'postgres_dwh' for task execution.
[2026-03-26T10:02:17.005+0000] {sql.py:457} INFO - Running statement: TRUNCATE dwh_dim_products, parameters: None
[2026-03-26T10:02:17.017+0000] {base.py:84} INFO - Using connection ID 'postgres_stg' for task execution.
[2026-03-26T10:02:17.026+0000] {sql.py:457} INFO - Running statement: SELECT * FROM stg_dim_products, parameters: None
[2026-03-26T10:02:17.030+0000] {sql.py:466} INFO - Rows affected: 77
[2026-03-26T10:02:17.035+0000] {base.py:84} INFO - Using connection ID 'postgres_dwh' for task execution.
[2026-03-26T10:02:17.124+0000] {sql.py:580} INFO - Done loading. Loaded a total of 77 rows into dwh_dim_products
[2026-03-26T10:02:17.129+0000] {base.py:84} INFO - Using connection ID 'postgres_dwh' for task execution.
[2026-03-26T10:02:17.139+0000] {sql.py:457} INFO - Running statement: TRUNCATE dwh_fact_order_details, parameters: None
[2026-03-26T10:02:17.152+0000] {base.py:84} INFO - Using connection ID 'postgres_stg' for task execution.
[2026-03-26T10:02:17.163+0000] {sql.py:457} INFO - Running statement: SELECT * FROM stg_fact_order_details, parameters: None
[2026-03-26T10:02:17.169+0000] {sql.py:466} INFO - Rows affected: 2154
[2026-03-26T10:02:17.178+0000] {base.py:84} INFO - Using connection ID 'postgres_dwh' for task execution.
[2026-03-26T10:02:18.073+0000] {sql.py:576} INFO - Loaded 1000 rows into dwh_fact_order_details so far
[2026-03-26T10:02:18.980+0000] {sql.py:576} INFO - Loaded 2000 rows into dwh_fact_order_details so far
[2026-03-26T10:02:19.123+0000] {sql.py:580} INFO - Done loading. Loaded a total of 2154 rows into dwh_fact_order_details
[2026-03-26T10:02:19.124+0000] {python.py:237} INFO - Done. Returned value was: None
[2026-03-26T10:02:19.125+0000] {taskinstance.py:441} INFO - ::group::Post task execution logs
[2026-03-26T10:02:19.131+0000] {taskinstance.py:1205} INFO - Marking task as SUCCESS. dag_id=etl_pipeline2, task_id=stg_to_dwh, execution_date=20260326T100209, start_date=20260326T100215, end_date=20260326T100219
[2026-03-26T10:02:19.133+0000] {base.py:84} INFO - Using connection ID 'postgres_dwh' for task execution.
[2026-03-26T10:02:19.144+0000] {sql.py:457} INFO - Running statement: 
        INSERT INTO etl_logs (
            dag_id, task_id, status, start_time, end_time, duration_seconds, error_message
        )
        VALUES (%s, %s, %s, %s, %s, %s, %s)
    , parameters: ('etl_pipeline2', 'stg_to_dwh', 'SUCCESS', datetime.datetime(2026, 3, 26, 10, 2, 15, 907292), datetime.datetime(2026, 3, 26, 10, 2, 19, 131805), 3, None)
[2026-03-26T10:02:19.147+0000] {sql.py:466} INFO - Rows affected: 1
[2026-03-26T10:02:19.149+0000] {logging_mixin.py:188} INFO - SUCCESS CALLBACK TRIGGERED
[2026-03-26T10:02:19.187+0000] {local_task_job_runner.py:240} INFO - Task exited with return code 0
[2026-03-26T10:02:19.197+0000] {taskinstance.py:3482} INFO - 0 downstream tasks scheduled from follow-on schedule check
[2026-03-26T10:02:19.200+0000] {local_task_job_runner.py:222} INFO - ::endgroup::
