[2026-03-25T07:22:03.046+0000] {local_task_job_runner.py:120} INFO - ::group::Pre task execution logs
[2026-03-25T07:22:03.066+0000] {taskinstance.py:2073} INFO - Dependencies all met for dep_context=non-requeueable deps ti=<TaskInstance: etl_pipeline2.mrr_to_stg manual__2026-03-25T07:22:01.265322+00:00 [queued]>
[2026-03-25T07:22:03.072+0000] {taskinstance.py:2073} INFO - Dependencies all met for dep_context=requeueable deps ti=<TaskInstance: etl_pipeline2.mrr_to_stg manual__2026-03-25T07:22:01.265322+00:00 [queued]>
[2026-03-25T07:22:03.072+0000] {taskinstance.py:2303} INFO - Starting attempt 1 of 1
[2026-03-25T07:22:03.080+0000] {taskinstance.py:2327} INFO - Executing <Task(PythonOperator): mrr_to_stg> on 2026-03-25 07:22:01.265322+00:00
[2026-03-25T07:22:03.085+0000] {standard_task_runner.py:90} INFO - Running: ['***', 'tasks', 'run', 'etl_pipeline2', 'mrr_to_stg', 'manual__2026-03-25T07:22:01.265322+00:00', '--job-id', '183', '--raw', '--subdir', 'DAGS_FOLDER/etl_pipeline2.py', '--cfg-path', '/tmp/tmpqlf37u64']
[2026-03-25T07:22:03.087+0000] {standard_task_runner.py:91} INFO - Job 183: Subtask mrr_to_stg
[2026-03-25T07:22:03.087+0000] {logging_mixin.py:188} WARNING - /home/***/.local/lib/python3.12/site-packages/***/task/task_runner/standard_task_runner.py:61 DeprecationWarning: This process (pid=200) is multi-threaded, use of fork() may lead to deadlocks in the child.
[2026-03-25T07:22:03.088+0000] {standard_task_runner.py:63} INFO - Started process 201 to run task
[2026-03-25T07:22:03.129+0000] {task_command.py:426} INFO - Running <TaskInstance: etl_pipeline2.mrr_to_stg manual__2026-03-25T07:22:01.265322+00:00 [running]> on host 3ccff2366b2a
[2026-03-25T07:22:03.185+0000] {taskinstance.py:2644} INFO - Exporting env vars: AIRFLOW_CTX_DAG_OWNER='***' AIRFLOW_CTX_DAG_ID='etl_pipeline2' AIRFLOW_CTX_TASK_ID='mrr_to_stg' AIRFLOW_CTX_EXECUTION_DATE='2026-03-25T07:22:01.265322+00:00' AIRFLOW_CTX_TRY_NUMBER='1' AIRFLOW_CTX_DAG_RUN_ID='manual__2026-03-25T07:22:01.265322+00:00'
[2026-03-25T07:22:03.186+0000] {taskinstance.py:430} INFO - ::endgroup::
[2026-03-25T07:22:03.200+0000] {base.py:84} INFO - Using connection ID 'postgres_stg' for task execution.
[2026-03-25T07:22:03.210+0000] {sql.py:457} INFO - Running statement: TRUNCATE stg_fact_orders, parameters: None
[2026-03-25T07:22:03.222+0000] {base.py:84} INFO - Using connection ID 'postgres_mrr' for task execution.
[2026-03-25T07:22:03.232+0000] {sql.py:457} INFO - Running statement: SELECT * FROM mrr_fact_orders, parameters: None
[2026-03-25T07:22:03.242+0000] {sql.py:466} INFO - Rows affected: 1660
[2026-03-25T07:22:03.248+0000] {logging_mixin.py:188} WARNING - /home/***/.local/lib/python3.12/site-packages/***/providers/common/sql/hooks/sql.py:407 AirflowProviderDeprecationWarning: Call to deprecated method _make_common_data_structure. (The `_make_serializable` method is deprecated and support will be removed in a future version of the common.sql provider. Please update the DbApiHook's provider to a version based on common.sql >= 1.9.1.)
[2026-03-25T07:22:03.254+0000] {base.py:84} INFO - Using connection ID 'postgres_stg' for task execution.
[2026-03-25T07:22:04.266+0000] {sql.py:576} INFO - Loaded 1000 rows into stg_fact_orders so far
[2026-03-25T07:22:04.894+0000] {sql.py:580} INFO - Done loading. Loaded a total of 1660 rows into stg_fact_orders
[2026-03-25T07:22:04.899+0000] {base.py:84} INFO - Using connection ID 'postgres_stg' for task execution.
[2026-03-25T07:22:04.909+0000] {sql.py:457} INFO - Running statement: TRUNCATE stg_dim_customers, parameters: None
[2026-03-25T07:22:04.919+0000] {base.py:84} INFO - Using connection ID 'postgres_mrr' for task execution.
[2026-03-25T07:22:04.928+0000] {sql.py:457} INFO - Running statement: SELECT * FROM mrr_dim_customers, parameters: None
[2026-03-25T07:22:04.932+0000] {sql.py:466} INFO - Rows affected: 183
[2026-03-25T07:22:04.938+0000] {base.py:84} INFO - Using connection ID 'postgres_stg' for task execution.
[2026-03-25T07:22:05.113+0000] {sql.py:580} INFO - Done loading. Loaded a total of 183 rows into stg_dim_customers
[2026-03-25T07:22:05.118+0000] {base.py:84} INFO - Using connection ID 'postgres_stg' for task execution.
[2026-03-25T07:22:05.126+0000] {sql.py:457} INFO - Running statement: TRUNCATE stg_dim_products, parameters: None
[2026-03-25T07:22:05.135+0000] {base.py:84} INFO - Using connection ID 'postgres_mrr' for task execution.
[2026-03-25T07:22:05.144+0000] {sql.py:457} INFO - Running statement: SELECT * FROM mrr_dim_products, parameters: None
[2026-03-25T07:22:05.148+0000] {sql.py:466} INFO - Rows affected: 231
[2026-03-25T07:22:05.153+0000] {base.py:84} INFO - Using connection ID 'postgres_stg' for task execution.
[2026-03-25T07:22:05.370+0000] {sql.py:580} INFO - Done loading. Loaded a total of 231 rows into stg_dim_products
[2026-03-25T07:22:05.375+0000] {base.py:84} INFO - Using connection ID 'postgres_stg' for task execution.
[2026-03-25T07:22:05.384+0000] {sql.py:457} INFO - Running statement: TRUNCATE stg_fact_order_details, parameters: None
[2026-03-25T07:22:05.392+0000] {base.py:84} INFO - Using connection ID 'postgres_mrr' for task execution.
[2026-03-25T07:22:05.402+0000] {sql.py:457} INFO - Running statement: SELECT * FROM mrr_fact_order_details, parameters: None
[2026-03-25T07:22:05.417+0000] {sql.py:466} INFO - Rows affected: 6465
[2026-03-25T07:22:05.429+0000] {base.py:84} INFO - Using connection ID 'postgres_stg' for task execution.
[2026-03-25T07:22:06.423+0000] {sql.py:576} INFO - Loaded 1000 rows into stg_fact_order_details so far
[2026-03-25T07:22:07.339+0000] {sql.py:576} INFO - Loaded 2000 rows into stg_fact_order_details so far
[2026-03-25T07:22:08.233+0000] {sql.py:576} INFO - Loaded 3000 rows into stg_fact_order_details so far
[2026-03-25T07:22:09.161+0000] {sql.py:576} INFO - Loaded 4000 rows into stg_fact_order_details so far
[2026-03-25T07:22:10.058+0000] {sql.py:576} INFO - Loaded 5000 rows into stg_fact_order_details so far
[2026-03-25T07:22:13.288+0000] {sql.py:576} INFO - Loaded 6000 rows into stg_fact_order_details so far
[2026-03-25T07:22:13.697+0000] {sql.py:580} INFO - Done loading. Loaded a total of 6465 rows into stg_fact_order_details
[2026-03-25T07:22:13.698+0000] {python.py:237} INFO - Done. Returned value was: None
[2026-03-25T07:22:13.699+0000] {taskinstance.py:441} INFO - ::group::Post task execution logs
[2026-03-25T07:22:13.704+0000] {taskinstance.py:1205} INFO - Marking task as SUCCESS. dag_id=etl_pipeline2, task_id=mrr_to_stg, execution_date=20260325T072201, start_date=20260325T072203, end_date=20260325T072213
[2026-03-25T07:22:13.748+0000] {local_task_job_runner.py:240} INFO - Task exited with return code 0
[2026-03-25T07:22:13.760+0000] {taskinstance.py:3482} INFO - 1 downstream tasks scheduled from follow-on schedule check
[2026-03-25T07:22:13.762+0000] {local_task_job_runner.py:222} INFO - ::endgroup::
