[2026-03-26T09:29:49.716+0000] {local_task_job_runner.py:120} INFO - ::group::Pre task execution logs
[2026-03-26T09:29:49.748+0000] {taskinstance.py:2073} INFO - Dependencies all met for dep_context=non-requeueable deps ti=<TaskInstance: etl_pipeline2.load_orders_to_mrr manual__2026-03-26T09:29:49.160081+00:00 [queued]>
[2026-03-26T09:29:49.754+0000] {taskinstance.py:2073} INFO - Dependencies all met for dep_context=requeueable deps ti=<TaskInstance: etl_pipeline2.load_orders_to_mrr manual__2026-03-26T09:29:49.160081+00:00 [queued]>
[2026-03-26T09:29:49.755+0000] {taskinstance.py:2303} INFO - Starting attempt 1 of 1
[2026-03-26T09:29:49.766+0000] {taskinstance.py:2327} INFO - Executing <Task(PythonOperator): load_orders_to_mrr> on 2026-03-26 09:29:49.160081+00:00
[2026-03-26T09:29:49.772+0000] {logging_mixin.py:188} WARNING - /home/***/.local/lib/python3.12/site-packages/***/task/task_runner/standard_task_runner.py:61 DeprecationWarning: This process (pid=1992) is multi-threaded, use of fork() may lead to deadlocks in the child.
[2026-03-26T09:29:49.773+0000] {standard_task_runner.py:90} INFO - Running: ['***', 'tasks', 'run', 'etl_pipeline2', 'load_orders_to_mrr', 'manual__2026-03-26T09:29:49.160081+00:00', '--job-id', '337', '--raw', '--subdir', 'DAGS_FOLDER/etl_pipeline2.py', '--cfg-path', '/tmp/tmpztkiq4po']
[2026-03-26T09:29:49.775+0000] {standard_task_runner.py:63} INFO - Started process 1999 to run task
[2026-03-26T09:29:49.775+0000] {standard_task_runner.py:91} INFO - Job 337: Subtask load_orders_to_mrr
[2026-03-26T09:29:49.827+0000] {task_command.py:426} INFO - Running <TaskInstance: etl_pipeline2.load_orders_to_mrr manual__2026-03-26T09:29:49.160081+00:00 [running]> on host 3ccff2366b2a
[2026-03-26T09:29:49.894+0000] {taskinstance.py:2644} INFO - Exporting env vars: AIRFLOW_CTX_DAG_OWNER='***' AIRFLOW_CTX_DAG_ID='etl_pipeline2' AIRFLOW_CTX_TASK_ID='load_orders_to_mrr' AIRFLOW_CTX_EXECUTION_DATE='2026-03-26T09:29:49.160081+00:00' AIRFLOW_CTX_TRY_NUMBER='1' AIRFLOW_CTX_DAG_RUN_ID='manual__2026-03-26T09:29:49.160081+00:00'
[2026-03-26T09:29:49.894+0000] {taskinstance.py:430} INFO - ::endgroup::
[2026-03-26T09:29:49.910+0000] {taskinstance.py:441} INFO - ::group::Post task execution logs
[2026-03-26T09:29:49.911+0000] {taskinstance.py:2890} ERROR - Task failed with exception
Traceback (most recent call last):
  File "/home/airflow/.local/lib/python3.12/site-packages/airflow/models/taskinstance.py", line 465, in _execute_task
    result = _execute_callable(context=context, **execute_callable_kwargs)
             ^^^^^^^^^^^^^^^^^^^^^^^^^^^^^^^^^^^^^^^^^^^^^^^^^^^^^^^^^^^^^
  File "/home/airflow/.local/lib/python3.12/site-packages/airflow/models/taskinstance.py", line 432, in _execute_callable
    return execute_callable(context=context, **execute_callable_kwargs)
           ^^^^^^^^^^^^^^^^^^^^^^^^^^^^^^^^^^^^^^^^^^^^^^^^^^^^^^^^^^^^
  File "/home/airflow/.local/lib/python3.12/site-packages/airflow/models/baseoperator.py", line 400, in wrapper
    return func(self, *args, **kwargs)
           ^^^^^^^^^^^^^^^^^^^^^^^^^^^
  File "/home/airflow/.local/lib/python3.12/site-packages/airflow/operators/python.py", line 235, in execute
    return_value = self.execute_callable()
                   ^^^^^^^^^^^^^^^^^^^^^^^
  File "/home/airflow/.local/lib/python3.12/site-packages/airflow/operators/python.py", line 252, in execute_callable
    return self.python_callable(*self.op_args, **self.op_kwargs)
           ^^^^^^^^^^^^^^^^^^^^^^^^^^^^^^^^^^^^^^^^^^^^^^^^^^^^^
  File "/opt/airflow/dags/etl_pipeline2.py", line 134, in load_orders_to_mrr
    load_table_to_mrr(
TypeError: load_table_to_mrr() missing 1 required positional argument: 'pk_columns'
[2026-03-26T09:29:49.925+0000] {taskinstance.py:1205} INFO - Marking task as FAILED. dag_id=etl_pipeline2, task_id=load_orders_to_mrr, execution_date=20260326T092949, start_date=20260326T092949, end_date=20260326T092949
[2026-03-26T09:29:49.929+0000] {base.py:84} INFO - Using connection ID 'postgres_dwh' for task execution.
[2026-03-26T09:29:49.945+0000] {sql.py:457} INFO - Running statement: 
        INSERT INTO etl_logs (
            dag_id, task_id, status, start_time, end_time, duration_seconds, error_message
        )
        VALUES (%s, %s, %s, %s, %s, %s, %s)
    , parameters: ('etl_pipeline2', 'load_orders_to_mrr', 'FAILED', datetime.datetime(2026, 3, 26, 9, 29, 49, 748864), datetime.datetime(2026, 3, 26, 9, 29, 49, 925864), 0, "load_table_to_mrr() missing 1 required positional argument: 'pk_columns'")
[2026-03-26T09:29:49.948+0000] {sql.py:466} INFO - Rows affected: 1
[2026-03-26T09:29:49.952+0000] {logging_mixin.py:188} INFO - FAILURE CALLBACK TRIGGERED
[2026-03-26T09:29:49.964+0000] {standard_task_runner.py:110} ERROR - Failed to execute job 337 for task load_orders_to_mrr (load_table_to_mrr() missing 1 required positional argument: 'pk_columns'; 1999)
[2026-03-26T09:29:49.989+0000] {local_task_job_runner.py:240} INFO - Task exited with return code 1
[2026-03-26T09:29:50.031+0000] {taskinstance.py:3482} INFO - 0 downstream tasks scheduled from follow-on schedule check
[2026-03-26T09:29:50.033+0000] {local_task_job_runner.py:222} INFO - ::endgroup::
