[2026-03-26T09:56:10.354+0000] {local_task_job_runner.py:120} INFO - ::group::Pre task execution logs
[2026-03-26T09:56:10.376+0000] {taskinstance.py:2073} INFO - Dependencies all met for dep_context=non-requeueable deps ti=<TaskInstance: etl_pipeline2.stg_to_dwh manual__2026-03-26T09:56:04.687523+00:00 [queued]>
[2026-03-26T09:56:10.383+0000] {taskinstance.py:2073} INFO - Dependencies all met for dep_context=requeueable deps ti=<TaskInstance: etl_pipeline2.stg_to_dwh manual__2026-03-26T09:56:04.687523+00:00 [queued]>
[2026-03-26T09:56:10.383+0000] {taskinstance.py:2303} INFO - Starting attempt 1 of 1
[2026-03-26T09:56:10.393+0000] {taskinstance.py:2327} INFO - Executing <Task(PythonOperator): stg_to_dwh> on 2026-03-26 09:56:04.687523+00:00
[2026-03-26T09:56:10.399+0000] {logging_mixin.py:188} WARNING - /home/***/.local/lib/python3.12/site-packages/***/task/task_runner/standard_task_runner.py:61 DeprecationWarning: This process (pid=2329) is multi-threaded, use of fork() may lead to deadlocks in the child.
[2026-03-26T09:56:10.398+0000] {standard_task_runner.py:90} INFO - Running: ['***', 'tasks', 'run', 'etl_pipeline2', 'stg_to_dwh', 'manual__2026-03-26T09:56:04.687523+00:00', '--job-id', '368', '--raw', '--subdir', 'DAGS_FOLDER/etl_pipeline2.py', '--cfg-path', '/tmp/tmpf0pb5mru']
[2026-03-26T09:56:10.400+0000] {standard_task_runner.py:63} INFO - Started process 2330 to run task
[2026-03-26T09:56:10.400+0000] {standard_task_runner.py:91} INFO - Job 368: Subtask stg_to_dwh
[2026-03-26T09:56:10.450+0000] {task_command.py:426} INFO - Running <TaskInstance: etl_pipeline2.stg_to_dwh manual__2026-03-26T09:56:04.687523+00:00 [running]> on host 3ccff2366b2a
[2026-03-26T09:56:10.508+0000] {taskinstance.py:2644} INFO - Exporting env vars: AIRFLOW_CTX_DAG_OWNER='***' AIRFLOW_CTX_DAG_ID='etl_pipeline2' AIRFLOW_CTX_TASK_ID='stg_to_dwh' AIRFLOW_CTX_EXECUTION_DATE='2026-03-26T09:56:04.687523+00:00' AIRFLOW_CTX_TRY_NUMBER='1' AIRFLOW_CTX_DAG_RUN_ID='manual__2026-03-26T09:56:04.687523+00:00'
[2026-03-26T09:56:10.509+0000] {taskinstance.py:430} INFO - ::endgroup::
[2026-03-26T09:56:10.524+0000] {base.py:84} INFO - Using connection ID 'postgres_dwh' for task execution.
[2026-03-26T09:56:10.535+0000] {sql.py:457} INFO - Running statement: TRUNCATE dwh_fact_orders, parameters: None
[2026-03-26T09:56:10.551+0000] {base.py:84} INFO - Using connection ID 'postgres_stg' for task execution.
[2026-03-26T09:56:10.561+0000] {sql.py:457} INFO - Running statement: SELECT * FROM stg_fact_orders, parameters: None
[2026-03-26T09:56:10.569+0000] {sql.py:466} INFO - Rows affected: 830
[2026-03-26T09:56:10.572+0000] {logging_mixin.py:188} WARNING - /home/***/.local/lib/python3.12/site-packages/***/providers/common/sql/hooks/sql.py:407 AirflowProviderDeprecationWarning: Call to deprecated method _make_common_data_structure. (The `_make_serializable` method is deprecated and support will be removed in a future version of the common.sql provider. Please update the DbApiHook's provider to a version based on common.sql >= 1.9.1.)
[2026-03-26T09:56:10.580+0000] {base.py:84} INFO - Using connection ID 'postgres_dwh' for task execution.
[2026-03-26T09:56:11.440+0000] {sql.py:580} INFO - Done loading. Loaded a total of 830 rows into dwh_fact_orders
[2026-03-26T09:56:11.445+0000] {base.py:84} INFO - Using connection ID 'postgres_dwh' for task execution.
[2026-03-26T09:56:11.455+0000] {sql.py:457} INFO - Running statement: TRUNCATE dwh_dim_customers, parameters: None
[2026-03-26T09:56:11.468+0000] {base.py:84} INFO - Using connection ID 'postgres_stg' for task execution.
[2026-03-26T09:56:11.478+0000] {sql.py:457} INFO - Running statement: SELECT * FROM stg_dim_customers, parameters: None
[2026-03-26T09:56:11.481+0000] {sql.py:466} INFO - Rows affected: 0
[2026-03-26T09:56:11.487+0000] {base.py:84} INFO - Using connection ID 'postgres_dwh' for task execution.
[2026-03-26T09:56:11.497+0000] {sql.py:457} INFO - Running statement: TRUNCATE dwh_dim_products, parameters: None
[2026-03-26T09:56:11.513+0000] {base.py:84} INFO - Using connection ID 'postgres_stg' for task execution.
[2026-03-26T09:56:11.522+0000] {sql.py:457} INFO - Running statement: SELECT * FROM stg_dim_products, parameters: None
[2026-03-26T09:56:11.526+0000] {sql.py:466} INFO - Rows affected: 77
[2026-03-26T09:56:11.531+0000] {base.py:84} INFO - Using connection ID 'postgres_dwh' for task execution.
[2026-03-26T09:56:11.615+0000] {sql.py:580} INFO - Done loading. Loaded a total of 77 rows into dwh_dim_products
[2026-03-26T09:56:11.620+0000] {base.py:84} INFO - Using connection ID 'postgres_dwh' for task execution.
[2026-03-26T09:56:11.630+0000] {sql.py:457} INFO - Running statement: TRUNCATE dwh_fact_order_details, parameters: None
[2026-03-26T09:56:11.641+0000] {base.py:84} INFO - Using connection ID 'postgres_stg' for task execution.
[2026-03-26T09:56:11.651+0000] {sql.py:457} INFO - Running statement: SELECT * FROM stg_fact_order_details, parameters: None
[2026-03-26T09:56:11.656+0000] {sql.py:466} INFO - Rows affected: 2154
[2026-03-26T09:56:11.665+0000] {base.py:84} INFO - Using connection ID 'postgres_dwh' for task execution.
[2026-03-26T09:56:12.575+0000] {sql.py:576} INFO - Loaded 1000 rows into dwh_fact_order_details so far
[2026-03-26T09:56:13.456+0000] {sql.py:576} INFO - Loaded 2000 rows into dwh_fact_order_details so far
[2026-03-26T09:56:13.603+0000] {sql.py:580} INFO - Done loading. Loaded a total of 2154 rows into dwh_fact_order_details
[2026-03-26T09:56:13.604+0000] {python.py:237} INFO - Done. Returned value was: None
[2026-03-26T09:56:13.605+0000] {taskinstance.py:441} INFO - ::group::Post task execution logs
[2026-03-26T09:56:13.611+0000] {taskinstance.py:1205} INFO - Marking task as SUCCESS. dag_id=etl_pipeline2, task_id=stg_to_dwh, execution_date=20260326T095604, start_date=20260326T095610, end_date=20260326T095613
[2026-03-26T09:56:13.613+0000] {base.py:84} INFO - Using connection ID 'postgres_dwh' for task execution.
[2026-03-26T09:56:13.624+0000] {sql.py:457} INFO - Running statement: 
        INSERT INTO etl_logs (
            dag_id, task_id, status, start_time, end_time, duration_seconds, error_message
        )
        VALUES (%s, %s, %s, %s, %s, %s, %s)
    , parameters: ('etl_pipeline2', 'stg_to_dwh', 'SUCCESS', datetime.datetime(2026, 3, 26, 9, 56, 10, 377146), datetime.datetime(2026, 3, 26, 9, 56, 13, 611974), 3, None)
[2026-03-26T09:56:13.628+0000] {sql.py:466} INFO - Rows affected: 1
[2026-03-26T09:56:13.631+0000] {logging_mixin.py:188} INFO - SUCCESS CALLBACK TRIGGERED
[2026-03-26T09:56:13.681+0000] {local_task_job_runner.py:240} INFO - Task exited with return code 0
[2026-03-26T09:56:13.694+0000] {taskinstance.py:3482} INFO - 0 downstream tasks scheduled from follow-on schedule check
[2026-03-26T09:56:13.696+0000] {local_task_job_runner.py:222} INFO - ::endgroup::
