[2026-03-25T07:39:23.090+0000] {local_task_job_runner.py:120} INFO - ::group::Pre task execution logs
[2026-03-25T07:39:23.110+0000] {taskinstance.py:2073} INFO - Dependencies all met for dep_context=non-requeueable deps ti=<TaskInstance: etl_pipeline2.stg_to_dwh manual__2026-03-25T07:39:09.941337+00:00 [queued]>
[2026-03-25T07:39:23.115+0000] {taskinstance.py:2073} INFO - Dependencies all met for dep_context=requeueable deps ti=<TaskInstance: etl_pipeline2.stg_to_dwh manual__2026-03-25T07:39:09.941337+00:00 [queued]>
[2026-03-25T07:39:23.116+0000] {taskinstance.py:2303} INFO - Starting attempt 1 of 1
[2026-03-25T07:39:23.125+0000] {taskinstance.py:2327} INFO - Executing <Task(PythonOperator): stg_to_dwh> on 2026-03-25 07:39:09.941337+00:00
[2026-03-25T07:39:23.130+0000] {standard_task_runner.py:90} INFO - Running: ['***', 'tasks', 'run', 'etl_pipeline2', 'stg_to_dwh', 'manual__2026-03-25T07:39:09.941337+00:00', '--job-id', '203', '--raw', '--subdir', 'DAGS_FOLDER/etl_pipeline2.py', '--cfg-path', '/tmp/tmp0xq49wyb']
[2026-03-25T07:39:23.132+0000] {logging_mixin.py:188} WARNING - /home/***/.local/lib/python3.12/site-packages/***/task/task_runner/standard_task_runner.py:61 DeprecationWarning: This process (pid=222) is multi-threaded, use of fork() may lead to deadlocks in the child.
[2026-03-25T07:39:23.132+0000] {standard_task_runner.py:91} INFO - Job 203: Subtask stg_to_dwh
[2026-03-25T07:39:23.133+0000] {standard_task_runner.py:63} INFO - Started process 223 to run task
[2026-03-25T07:39:23.175+0000] {task_command.py:426} INFO - Running <TaskInstance: etl_pipeline2.stg_to_dwh manual__2026-03-25T07:39:09.941337+00:00 [running]> on host 3ccff2366b2a
[2026-03-25T07:39:23.235+0000] {taskinstance.py:2644} INFO - Exporting env vars: AIRFLOW_CTX_DAG_OWNER='***' AIRFLOW_CTX_DAG_ID='etl_pipeline2' AIRFLOW_CTX_TASK_ID='stg_to_dwh' AIRFLOW_CTX_EXECUTION_DATE='2026-03-25T07:39:09.941337+00:00' AIRFLOW_CTX_TRY_NUMBER='1' AIRFLOW_CTX_DAG_RUN_ID='manual__2026-03-25T07:39:09.941337+00:00'
[2026-03-25T07:39:23.236+0000] {taskinstance.py:430} INFO - ::endgroup::
[2026-03-25T07:39:23.250+0000] {base.py:84} INFO - Using connection ID 'postgres_dwh' for task execution.
[2026-03-25T07:39:23.261+0000] {sql.py:457} INFO - Running statement: TRUNCATE dwh_fact_orders, parameters: None
[2026-03-25T07:39:23.272+0000] {base.py:84} INFO - Using connection ID 'postgres_stg' for task execution.
[2026-03-25T07:39:23.281+0000] {sql.py:457} INFO - Running statement: SELECT * FROM stg_fact_orders, parameters: None
[2026-03-25T07:39:23.292+0000] {sql.py:466} INFO - Rows affected: 1660
[2026-03-25T07:39:23.298+0000] {logging_mixin.py:188} WARNING - /home/***/.local/lib/python3.12/site-packages/***/providers/common/sql/hooks/sql.py:407 AirflowProviderDeprecationWarning: Call to deprecated method _make_common_data_structure. (The `_make_serializable` method is deprecated and support will be removed in a future version of the common.sql provider. Please update the DbApiHook's provider to a version based on common.sql >= 1.9.1.)
[2026-03-25T07:39:23.304+0000] {base.py:84} INFO - Using connection ID 'postgres_dwh' for task execution.
[2026-03-25T07:39:24.353+0000] {sql.py:576} INFO - Loaded 1000 rows into dwh_fact_orders so far
[2026-03-25T07:39:25.048+0000] {sql.py:580} INFO - Done loading. Loaded a total of 1660 rows into dwh_fact_orders
[2026-03-25T07:39:25.053+0000] {base.py:84} INFO - Using connection ID 'postgres_dwh' for task execution.
[2026-03-25T07:39:25.064+0000] {sql.py:457} INFO - Running statement: TRUNCATE dwh_dim_customers, parameters: None
[2026-03-25T07:39:25.076+0000] {base.py:84} INFO - Using connection ID 'postgres_stg' for task execution.
[2026-03-25T07:39:25.088+0000] {sql.py:457} INFO - Running statement: SELECT * FROM stg_dim_customers, parameters: None
[2026-03-25T07:39:25.092+0000] {sql.py:466} INFO - Rows affected: 184
[2026-03-25T07:39:25.100+0000] {base.py:84} INFO - Using connection ID 'postgres_dwh' for task execution.
[2026-03-25T07:39:25.308+0000] {sql.py:580} INFO - Done loading. Loaded a total of 184 rows into dwh_dim_customers
[2026-03-25T07:39:25.314+0000] {base.py:84} INFO - Using connection ID 'postgres_dwh' for task execution.
[2026-03-25T07:39:25.324+0000] {sql.py:457} INFO - Running statement: TRUNCATE dwh_dim_products, parameters: None
[2026-03-25T07:39:25.334+0000] {base.py:84} INFO - Using connection ID 'postgres_stg' for task execution.
[2026-03-25T07:39:25.345+0000] {sql.py:457} INFO - Running statement: SELECT * FROM stg_dim_products, parameters: None
[2026-03-25T07:39:25.350+0000] {sql.py:466} INFO - Rows affected: 231
[2026-03-25T07:39:25.356+0000] {base.py:84} INFO - Using connection ID 'postgres_dwh' for task execution.
[2026-03-25T07:39:25.615+0000] {sql.py:580} INFO - Done loading. Loaded a total of 231 rows into dwh_dim_products
[2026-03-25T07:39:25.620+0000] {base.py:84} INFO - Using connection ID 'postgres_dwh' for task execution.
[2026-03-25T07:39:25.630+0000] {sql.py:457} INFO - Running statement: TRUNCATE dwh_fact_order_details, parameters: None
[2026-03-25T07:39:25.640+0000] {base.py:84} INFO - Using connection ID 'postgres_stg' for task execution.
[2026-03-25T07:39:25.651+0000] {sql.py:457} INFO - Running statement: SELECT * FROM stg_fact_order_details, parameters: None
[2026-03-25T07:39:25.668+0000] {sql.py:466} INFO - Rows affected: 6466
[2026-03-25T07:39:25.681+0000] {base.py:84} INFO - Using connection ID 'postgres_dwh' for task execution.
[2026-03-25T07:39:26.774+0000] {sql.py:576} INFO - Loaded 1000 rows into dwh_fact_order_details so far
[2026-03-25T07:39:27.833+0000] {sql.py:576} INFO - Loaded 2000 rows into dwh_fact_order_details so far
[2026-03-25T07:39:28.918+0000] {sql.py:576} INFO - Loaded 3000 rows into dwh_fact_order_details so far
[2026-03-25T07:39:29.859+0000] {sql.py:576} INFO - Loaded 4000 rows into dwh_fact_order_details so far
[2026-03-25T07:39:30.808+0000] {sql.py:576} INFO - Loaded 5000 rows into dwh_fact_order_details so far
[2026-03-25T07:39:31.730+0000] {sql.py:576} INFO - Loaded 6000 rows into dwh_fact_order_details so far
[2026-03-25T07:39:32.146+0000] {sql.py:580} INFO - Done loading. Loaded a total of 6466 rows into dwh_fact_order_details
[2026-03-25T07:39:32.147+0000] {python.py:237} INFO - Done. Returned value was: None
[2026-03-25T07:39:32.148+0000] {taskinstance.py:441} INFO - ::group::Post task execution logs
[2026-03-25T07:39:32.154+0000] {taskinstance.py:1205} INFO - Marking task as SUCCESS. dag_id=etl_pipeline2, task_id=stg_to_dwh, execution_date=20260325T073909, start_date=20260325T073923, end_date=20260325T073932
[2026-03-25T07:39:32.156+0000] {base.py:84} INFO - Using connection ID 'postgres_dwh' for task execution.
[2026-03-25T07:39:32.166+0000] {sql.py:457} INFO - Running statement: 
        INSERT INTO etl_logs (
            dag_id, task_id, status, start_time, end_time, duration_seconds, error_message
        )
        VALUES (%s, %s, %s, %s, %s, %s, %s)
    , parameters: ('etl_pipeline2', 'stg_to_dwh', 'SUCCESS', datetime.datetime(2026, 3, 25, 7, 39, 23, 110722), datetime.datetime(2026, 3, 25, 7, 39, 32, 154712), 9, None)
[2026-03-25T07:39:32.170+0000] {sql.py:466} INFO - Rows affected: 1
[2026-03-25T07:39:32.172+0000] {logging_mixin.py:188} INFO - SUCCESS CALLBACK TRIGGERED
[2026-03-25T07:39:32.198+0000] {local_task_job_runner.py:240} INFO - Task exited with return code 0
[2026-03-25T07:39:32.207+0000] {taskinstance.py:3482} INFO - 0 downstream tasks scheduled from follow-on schedule check
[2026-03-25T07:39:32.209+0000] {local_task_job_runner.py:222} INFO - ::endgroup::
