[2026-03-24T14:39:11.528+0000] {local_task_job_runner.py:120} INFO - ::group::Pre task execution logs
[2026-03-24T14:39:11.548+0000] {taskinstance.py:2073} INFO - Dependencies all met for dep_context=non-requeueable deps ti=<TaskInstance: etl_pipeline2.stg_to_dwh manual__2026-03-24T14:38:59.457278+00:00 [queued]>
[2026-03-24T14:39:11.555+0000] {taskinstance.py:2073} INFO - Dependencies all met for dep_context=requeueable deps ti=<TaskInstance: etl_pipeline2.stg_to_dwh manual__2026-03-24T14:38:59.457278+00:00 [queued]>
[2026-03-24T14:39:11.555+0000] {taskinstance.py:2303} INFO - Starting attempt 1 of 1
[2026-03-24T14:39:11.565+0000] {taskinstance.py:2327} INFO - Executing <Task(PythonOperator): stg_to_dwh> on 2026-03-24 14:38:59.457278+00:00
[2026-03-24T14:39:11.570+0000] {standard_task_runner.py:90} INFO - Running: ['***', 'tasks', 'run', 'etl_pipeline2', 'stg_to_dwh', 'manual__2026-03-24T14:38:59.457278+00:00', '--job-id', '161', '--raw', '--subdir', 'DAGS_FOLDER/etl_pipeline2.py', '--cfg-path', '/tmp/tmpqpq_2cgt']
[2026-03-24T14:39:11.572+0000] {logging_mixin.py:188} WARNING - /home/***/.local/lib/python3.12/site-packages/***/task/task_runner/standard_task_runner.py:61 DeprecationWarning: This process (pid=580) is multi-threaded, use of fork() may lead to deadlocks in the child.
[2026-03-24T14:39:11.573+0000] {standard_task_runner.py:91} INFO - Job 161: Subtask stg_to_dwh
[2026-03-24T14:39:11.573+0000] {standard_task_runner.py:63} INFO - Started process 581 to run task
[2026-03-24T14:39:11.622+0000] {task_command.py:426} INFO - Running <TaskInstance: etl_pipeline2.stg_to_dwh manual__2026-03-24T14:38:59.457278+00:00 [running]> on host 3ccff2366b2a
[2026-03-24T14:39:11.681+0000] {taskinstance.py:2644} INFO - Exporting env vars: AIRFLOW_CTX_DAG_OWNER='***' AIRFLOW_CTX_DAG_ID='etl_pipeline2' AIRFLOW_CTX_TASK_ID='stg_to_dwh' AIRFLOW_CTX_EXECUTION_DATE='2026-03-24T14:38:59.457278+00:00' AIRFLOW_CTX_TRY_NUMBER='1' AIRFLOW_CTX_DAG_RUN_ID='manual__2026-03-24T14:38:59.457278+00:00'
[2026-03-24T14:39:11.682+0000] {taskinstance.py:430} INFO - ::endgroup::
[2026-03-24T14:39:11.697+0000] {base.py:84} INFO - Using connection ID 'postgres_dwh' for task execution.
[2026-03-24T14:39:11.710+0000] {sql.py:457} INFO - Running statement: TRUNCATE dwh_fact_orders, parameters: None
[2026-03-24T14:39:11.722+0000] {base.py:84} INFO - Using connection ID 'postgres_stg' for task execution.
[2026-03-24T14:39:11.732+0000] {sql.py:457} INFO - Running statement: SELECT * FROM stg_fact_orders, parameters: None
[2026-03-24T14:39:11.742+0000] {sql.py:466} INFO - Rows affected: 1660
[2026-03-24T14:39:11.748+0000] {logging_mixin.py:188} WARNING - /home/***/.local/lib/python3.12/site-packages/***/providers/common/sql/hooks/sql.py:407 AirflowProviderDeprecationWarning: Call to deprecated method _make_common_data_structure. (The `_make_serializable` method is deprecated and support will be removed in a future version of the common.sql provider. Please update the DbApiHook's provider to a version based on common.sql >= 1.9.1.)
[2026-03-24T14:39:11.755+0000] {base.py:84} INFO - Using connection ID 'postgres_dwh' for task execution.
[2026-03-24T14:39:12.784+0000] {sql.py:576} INFO - Loaded 1000 rows into dwh_fact_orders so far
[2026-03-24T14:39:13.443+0000] {sql.py:580} INFO - Done loading. Loaded a total of 1660 rows into dwh_fact_orders
[2026-03-24T14:39:13.448+0000] {base.py:84} INFO - Using connection ID 'postgres_dwh' for task execution.
[2026-03-24T14:39:13.459+0000] {sql.py:457} INFO - Running statement: TRUNCATE dwh_dim_customers, parameters: None
[2026-03-24T14:39:13.470+0000] {base.py:84} INFO - Using connection ID 'postgres_stg' for task execution.
[2026-03-24T14:39:13.481+0000] {sql.py:457} INFO - Running statement: SELECT * FROM stg_dim_customers, parameters: None
[2026-03-24T14:39:13.486+0000] {sql.py:466} INFO - Rows affected: 182
[2026-03-24T14:39:13.492+0000] {base.py:84} INFO - Using connection ID 'postgres_dwh' for task execution.
[2026-03-24T14:39:13.699+0000] {sql.py:580} INFO - Done loading. Loaded a total of 182 rows into dwh_dim_customers
[2026-03-24T14:39:13.704+0000] {base.py:84} INFO - Using connection ID 'postgres_dwh' for task execution.
[2026-03-24T14:39:13.714+0000] {sql.py:457} INFO - Running statement: TRUNCATE dwh_dim_products, parameters: None
[2026-03-24T14:39:13.723+0000] {base.py:84} INFO - Using connection ID 'postgres_stg' for task execution.
[2026-03-24T14:39:13.734+0000] {sql.py:457} INFO - Running statement: SELECT * FROM stg_dim_products, parameters: None
[2026-03-24T14:39:13.738+0000] {sql.py:466} INFO - Rows affected: 231
[2026-03-24T14:39:13.744+0000] {base.py:84} INFO - Using connection ID 'postgres_dwh' for task execution.
[2026-03-24T14:39:13.985+0000] {sql.py:580} INFO - Done loading. Loaded a total of 231 rows into dwh_dim_products
[2026-03-24T14:39:13.990+0000] {base.py:84} INFO - Using connection ID 'postgres_dwh' for task execution.
[2026-03-24T14:39:13.999+0000] {sql.py:457} INFO - Running statement: TRUNCATE dwh_fact_order_details, parameters: None
[2026-03-24T14:39:14.009+0000] {base.py:84} INFO - Using connection ID 'postgres_stg' for task execution.
[2026-03-24T14:39:14.019+0000] {sql.py:457} INFO - Running statement: SELECT * FROM stg_fact_order_details, parameters: None
[2026-03-24T14:39:14.036+0000] {sql.py:466} INFO - Rows affected: 6465
[2026-03-24T14:39:14.047+0000] {base.py:84} INFO - Using connection ID 'postgres_dwh' for task execution.
[2026-03-24T14:39:15.027+0000] {sql.py:576} INFO - Loaded 1000 rows into dwh_fact_order_details so far
[2026-03-24T14:39:16.000+0000] {sql.py:576} INFO - Loaded 2000 rows into dwh_fact_order_details so far
[2026-03-24T14:39:16.951+0000] {sql.py:576} INFO - Loaded 3000 rows into dwh_fact_order_details so far
[2026-03-24T14:39:17.940+0000] {sql.py:576} INFO - Loaded 4000 rows into dwh_fact_order_details so far
[2026-03-24T14:39:18.924+0000] {sql.py:576} INFO - Loaded 5000 rows into dwh_fact_order_details so far
[2026-03-24T14:39:19.948+0000] {sql.py:576} INFO - Loaded 6000 rows into dwh_fact_order_details so far
[2026-03-24T14:39:20.408+0000] {sql.py:580} INFO - Done loading. Loaded a total of 6465 rows into dwh_fact_order_details
[2026-03-24T14:39:20.409+0000] {python.py:237} INFO - Done. Returned value was: None
[2026-03-24T14:39:20.410+0000] {taskinstance.py:441} INFO - ::group::Post task execution logs
[2026-03-24T14:39:20.416+0000] {taskinstance.py:1205} INFO - Marking task as SUCCESS. dag_id=etl_pipeline2, task_id=stg_to_dwh, execution_date=20260324T143859, start_date=20260324T143911, end_date=20260324T143920
[2026-03-24T14:39:20.441+0000] {local_task_job_runner.py:240} INFO - Task exited with return code 0
[2026-03-24T14:39:20.452+0000] {taskinstance.py:3482} INFO - 0 downstream tasks scheduled from follow-on schedule check
[2026-03-24T14:39:20.454+0000] {local_task_job_runner.py:222} INFO - ::endgroup::
