[2026-03-26T06:36:14.564+0000] {local_task_job_runner.py:120} INFO - ::group::Pre task execution logs
[2026-03-26T06:36:14.597+0000] {taskinstance.py:2073} INFO - Dependencies all met for dep_context=non-requeueable deps ti=<TaskInstance: etl_pipeline2.mrr_to_stg scheduled__2026-03-25T00:00:00+00:00 [queued]>
[2026-03-26T06:36:14.606+0000] {taskinstance.py:2073} INFO - Dependencies all met for dep_context=requeueable deps ti=<TaskInstance: etl_pipeline2.mrr_to_stg scheduled__2026-03-25T00:00:00+00:00 [queued]>
[2026-03-26T06:36:14.607+0000] {taskinstance.py:2303} INFO - Starting attempt 1 of 1
[2026-03-26T06:36:14.618+0000] {taskinstance.py:2327} INFO - Executing <Task(PythonOperator): mrr_to_stg> on 2026-03-25 00:00:00+00:00
[2026-03-26T06:36:14.625+0000] {standard_task_runner.py:90} INFO - Running: ['***', 'tasks', 'run', 'etl_pipeline2', 'mrr_to_stg', 'scheduled__2026-03-25T00:00:00+00:00', '--job-id', '297', '--raw', '--subdir', 'DAGS_FOLDER/etl_pipeline2.py', '--cfg-path', '/tmp/tmpu5imiwfg']
[2026-03-26T06:36:14.627+0000] {logging_mixin.py:188} WARNING - /home/***/.local/lib/python3.12/site-packages/***/task/task_runner/standard_task_runner.py:61 DeprecationWarning: This process (pid=185) is multi-threaded, use of fork() may lead to deadlocks in the child.
[2026-03-26T06:36:14.628+0000] {standard_task_runner.py:91} INFO - Job 297: Subtask mrr_to_stg
[2026-03-26T06:36:14.628+0000] {standard_task_runner.py:63} INFO - Started process 186 to run task
[2026-03-26T06:36:14.690+0000] {task_command.py:426} INFO - Running <TaskInstance: etl_pipeline2.mrr_to_stg scheduled__2026-03-25T00:00:00+00:00 [running]> on host 3ccff2366b2a
[2026-03-26T06:36:14.778+0000] {taskinstance.py:2644} INFO - Exporting env vars: AIRFLOW_CTX_DAG_OWNER='***' AIRFLOW_CTX_DAG_ID='etl_pipeline2' AIRFLOW_CTX_TASK_ID='mrr_to_stg' AIRFLOW_CTX_EXECUTION_DATE='2026-03-25T00:00:00+00:00' AIRFLOW_CTX_TRY_NUMBER='1' AIRFLOW_CTX_DAG_RUN_ID='scheduled__2026-03-25T00:00:00+00:00'
[2026-03-26T06:36:14.780+0000] {taskinstance.py:430} INFO - ::endgroup::
[2026-03-26T06:36:14.799+0000] {base.py:84} INFO - Using connection ID 'postgres_stg' for task execution.
[2026-03-26T06:36:14.823+0000] {sql.py:457} INFO - Running statement: TRUNCATE stg_fact_orders, parameters: None
[2026-03-26T06:36:14.851+0000] {base.py:84} INFO - Using connection ID 'postgres_mrr' for task execution.
[2026-03-26T06:36:14.877+0000] {sql.py:457} INFO - Running statement: SELECT * FROM mrr_fact_orders, parameters: None
[2026-03-26T06:36:14.913+0000] {sql.py:466} INFO - Rows affected: 830
[2026-03-26T06:36:14.923+0000] {logging_mixin.py:188} WARNING - /home/***/.local/lib/python3.12/site-packages/***/providers/common/sql/hooks/sql.py:407 AirflowProviderDeprecationWarning: Call to deprecated method _make_common_data_structure. (The `_make_serializable` method is deprecated and support will be removed in a future version of the common.sql provider. Please update the DbApiHook's provider to a version based on common.sql >= 1.9.1.)
[2026-03-26T06:36:14.936+0000] {base.py:84} INFO - Using connection ID 'postgres_stg' for task execution.
[2026-03-26T06:36:17.298+0000] {sql.py:580} INFO - Done loading. Loaded a total of 830 rows into stg_fact_orders
[2026-03-26T06:36:17.304+0000] {base.py:84} INFO - Using connection ID 'postgres_stg' for task execution.
[2026-03-26T06:36:17.332+0000] {sql.py:457} INFO - Running statement: TRUNCATE stg_dim_customers, parameters: None
[2026-03-26T06:36:17.354+0000] {base.py:84} INFO - Using connection ID 'postgres_mrr' for task execution.
[2026-03-26T06:36:17.372+0000] {sql.py:457} INFO - Running statement: SELECT * FROM mrr_dim_customers, parameters: None
[2026-03-26T06:36:17.383+0000] {sql.py:466} INFO - Rows affected: 184
[2026-03-26T06:36:17.391+0000] {base.py:84} INFO - Using connection ID 'postgres_stg' for task execution.
[2026-03-26T06:36:17.693+0000] {sql.py:580} INFO - Done loading. Loaded a total of 184 rows into stg_dim_customers
[2026-03-26T06:36:17.698+0000] {base.py:84} INFO - Using connection ID 'postgres_stg' for task execution.
[2026-03-26T06:36:17.709+0000] {sql.py:457} INFO - Running statement: TRUNCATE stg_dim_products, parameters: None
[2026-03-26T06:36:17.719+0000] {base.py:84} INFO - Using connection ID 'postgres_mrr' for task execution.
[2026-03-26T06:36:17.733+0000] {sql.py:457} INFO - Running statement: SELECT * FROM mrr_dim_products, parameters: None
[2026-03-26T06:36:17.738+0000] {sql.py:466} INFO - Rows affected: 231
[2026-03-26T06:36:17.744+0000] {base.py:84} INFO - Using connection ID 'postgres_stg' for task execution.
[2026-03-26T06:36:18.029+0000] {sql.py:580} INFO - Done loading. Loaded a total of 231 rows into stg_dim_products
[2026-03-26T06:36:18.034+0000] {base.py:84} INFO - Using connection ID 'postgres_stg' for task execution.
[2026-03-26T06:36:18.046+0000] {sql.py:457} INFO - Running statement: TRUNCATE stg_fact_order_details, parameters: None
[2026-03-26T06:36:18.058+0000] {base.py:84} INFO - Using connection ID 'postgres_mrr' for task execution.
[2026-03-26T06:36:18.070+0000] {sql.py:457} INFO - Running statement: SELECT * FROM mrr_fact_order_details, parameters: None
[2026-03-26T06:36:18.089+0000] {sql.py:466} INFO - Rows affected: 6466
[2026-03-26T06:36:18.106+0000] {base.py:84} INFO - Using connection ID 'postgres_stg' for task execution.
[2026-03-26T06:36:19.161+0000] {sql.py:576} INFO - Loaded 1000 rows into stg_fact_order_details so far
[2026-03-26T06:36:20.205+0000] {sql.py:576} INFO - Loaded 2000 rows into stg_fact_order_details so far
[2026-03-26T06:36:21.503+0000] {sql.py:576} INFO - Loaded 3000 rows into stg_fact_order_details so far
[2026-03-26T06:36:22.837+0000] {sql.py:576} INFO - Loaded 4000 rows into stg_fact_order_details so far
[2026-03-26T06:36:24.401+0000] {sql.py:576} INFO - Loaded 5000 rows into stg_fact_order_details so far
[2026-03-26T06:36:25.832+0000] {sql.py:576} INFO - Loaded 6000 rows into stg_fact_order_details so far
[2026-03-26T06:36:26.230+0000] {sql.py:580} INFO - Done loading. Loaded a total of 6466 rows into stg_fact_order_details
[2026-03-26T06:36:26.231+0000] {python.py:237} INFO - Done. Returned value was: None
[2026-03-26T06:36:26.232+0000] {taskinstance.py:441} INFO - ::group::Post task execution logs
[2026-03-26T06:36:26.238+0000] {taskinstance.py:1205} INFO - Marking task as SUCCESS. dag_id=etl_pipeline2, task_id=mrr_to_stg, execution_date=20260325T000000, start_date=20260326T063614, end_date=20260326T063626
[2026-03-26T06:36:26.241+0000] {base.py:84} INFO - Using connection ID 'postgres_dwh' for task execution.
[2026-03-26T06:36:26.252+0000] {sql.py:457} INFO - Running statement: 
        INSERT INTO etl_logs (
            dag_id, task_id, status, start_time, end_time, duration_seconds, error_message
        )
        VALUES (%s, %s, %s, %s, %s, %s, %s)
    , parameters: ('etl_pipeline2', 'mrr_to_stg', 'SUCCESS', datetime.datetime(2026, 3, 26, 6, 36, 14, 597968), datetime.datetime(2026, 3, 26, 6, 36, 26, 239308), 11, None)
[2026-03-26T06:36:26.254+0000] {sql.py:466} INFO - Rows affected: 1
[2026-03-26T06:36:26.257+0000] {logging_mixin.py:188} INFO - SUCCESS CALLBACK TRIGGERED
[2026-03-26T06:36:26.298+0000] {local_task_job_runner.py:240} INFO - Task exited with return code 0
[2026-03-26T06:36:26.315+0000] {taskinstance.py:3482} INFO - 1 downstream tasks scheduled from follow-on schedule check
[2026-03-26T06:36:26.317+0000] {local_task_job_runner.py:222} INFO - ::endgroup::
