[2026-03-26T09:24:28.998+0000] {local_task_job_runner.py:120} INFO - ::group::Pre task execution logs
[2026-03-26T09:24:29.018+0000] {taskinstance.py:2073} INFO - Dependencies all met for dep_context=non-requeueable deps ti=<TaskInstance: etl_pipeline2.stg_to_dwh manual__2026-03-26T09:24:19.306447+00:00 [queued]>
[2026-03-26T09:24:29.025+0000] {taskinstance.py:2073} INFO - Dependencies all met for dep_context=requeueable deps ti=<TaskInstance: etl_pipeline2.stg_to_dwh manual__2026-03-26T09:24:19.306447+00:00 [queued]>
[2026-03-26T09:24:29.026+0000] {taskinstance.py:2303} INFO - Starting attempt 1 of 1
[2026-03-26T09:24:29.035+0000] {taskinstance.py:2327} INFO - Executing <Task(PythonOperator): stg_to_dwh> on 2026-03-26 09:24:19.306447+00:00
[2026-03-26T09:24:29.040+0000] {logging_mixin.py:188} WARNING - /home/***/.local/lib/python3.12/site-packages/***/task/task_runner/standard_task_runner.py:61 DeprecationWarning: This process (pid=1920) is multi-threaded, use of fork() may lead to deadlocks in the child.
[2026-03-26T09:24:29.040+0000] {standard_task_runner.py:90} INFO - Running: ['***', 'tasks', 'run', 'etl_pipeline2', 'stg_to_dwh', 'manual__2026-03-26T09:24:19.306447+00:00', '--job-id', '336', '--raw', '--subdir', 'DAGS_FOLDER/etl_pipeline2.py', '--cfg-path', '/tmp/tmp3x_5nw_k']
[2026-03-26T09:24:29.042+0000] {standard_task_runner.py:63} INFO - Started process 1921 to run task
[2026-03-26T09:24:29.042+0000] {standard_task_runner.py:91} INFO - Job 336: Subtask stg_to_dwh
[2026-03-26T09:24:29.089+0000] {task_command.py:426} INFO - Running <TaskInstance: etl_pipeline2.stg_to_dwh manual__2026-03-26T09:24:19.306447+00:00 [running]> on host 3ccff2366b2a
[2026-03-26T09:24:29.150+0000] {taskinstance.py:2644} INFO - Exporting env vars: AIRFLOW_CTX_DAG_OWNER='***' AIRFLOW_CTX_DAG_ID='etl_pipeline2' AIRFLOW_CTX_TASK_ID='stg_to_dwh' AIRFLOW_CTX_EXECUTION_DATE='2026-03-26T09:24:19.306447+00:00' AIRFLOW_CTX_TRY_NUMBER='1' AIRFLOW_CTX_DAG_RUN_ID='manual__2026-03-26T09:24:19.306447+00:00'
[2026-03-26T09:24:29.151+0000] {taskinstance.py:430} INFO - ::endgroup::
[2026-03-26T09:24:29.167+0000] {base.py:84} INFO - Using connection ID 'postgres_dwh' for task execution.
[2026-03-26T09:24:29.179+0000] {sql.py:457} INFO - Running statement: TRUNCATE dwh_fact_orders, parameters: None
[2026-03-26T09:24:29.193+0000] {base.py:84} INFO - Using connection ID 'postgres_stg' for task execution.
[2026-03-26T09:24:29.203+0000] {sql.py:457} INFO - Running statement: SELECT * FROM stg_fact_orders, parameters: None
[2026-03-26T09:24:29.209+0000] {sql.py:466} INFO - Rows affected: 830
[2026-03-26T09:24:29.212+0000] {logging_mixin.py:188} WARNING - /home/***/.local/lib/python3.12/site-packages/***/providers/common/sql/hooks/sql.py:407 AirflowProviderDeprecationWarning: Call to deprecated method _make_common_data_structure. (The `_make_serializable` method is deprecated and support will be removed in a future version of the common.sql provider. Please update the DbApiHook's provider to a version based on common.sql >= 1.9.1.)
[2026-03-26T09:24:29.218+0000] {base.py:84} INFO - Using connection ID 'postgres_dwh' for task execution.
[2026-03-26T09:24:29.987+0000] {sql.py:580} INFO - Done loading. Loaded a total of 830 rows into dwh_fact_orders
[2026-03-26T09:24:29.993+0000] {base.py:84} INFO - Using connection ID 'postgres_dwh' for task execution.
[2026-03-26T09:24:30.001+0000] {sql.py:457} INFO - Running statement: TRUNCATE dwh_dim_customers, parameters: None
[2026-03-26T09:24:30.014+0000] {base.py:84} INFO - Using connection ID 'postgres_stg' for task execution.
[2026-03-26T09:24:30.024+0000] {sql.py:457} INFO - Running statement: SELECT * FROM stg_dim_customers, parameters: None
[2026-03-26T09:24:30.027+0000] {sql.py:466} INFO - Rows affected: 277
[2026-03-26T09:24:30.033+0000] {base.py:84} INFO - Using connection ID 'postgres_dwh' for task execution.
[2026-03-26T09:24:30.284+0000] {sql.py:580} INFO - Done loading. Loaded a total of 277 rows into dwh_dim_customers
[2026-03-26T09:24:30.288+0000] {base.py:84} INFO - Using connection ID 'postgres_dwh' for task execution.
[2026-03-26T09:24:30.297+0000] {sql.py:457} INFO - Running statement: TRUNCATE dwh_dim_products, parameters: None
[2026-03-26T09:24:30.307+0000] {base.py:84} INFO - Using connection ID 'postgres_stg' for task execution.
[2026-03-26T09:24:30.316+0000] {sql.py:457} INFO - Running statement: SELECT * FROM stg_dim_products, parameters: None
[2026-03-26T09:24:30.320+0000] {sql.py:466} INFO - Rows affected: 308
[2026-03-26T09:24:30.327+0000] {base.py:84} INFO - Using connection ID 'postgres_dwh' for task execution.
[2026-03-26T09:24:30.627+0000] {sql.py:580} INFO - Done loading. Loaded a total of 308 rows into dwh_dim_products
[2026-03-26T09:24:30.632+0000] {base.py:84} INFO - Using connection ID 'postgres_dwh' for task execution.
[2026-03-26T09:24:30.641+0000] {sql.py:457} INFO - Running statement: TRUNCATE dwh_fact_order_details, parameters: None
[2026-03-26T09:24:30.652+0000] {base.py:84} INFO - Using connection ID 'postgres_stg' for task execution.
[2026-03-26T09:24:30.661+0000] {sql.py:457} INFO - Running statement: SELECT * FROM stg_fact_order_details, parameters: None
[2026-03-26T09:24:30.675+0000] {sql.py:466} INFO - Rows affected: 6466
[2026-03-26T09:24:30.686+0000] {base.py:84} INFO - Using connection ID 'postgres_dwh' for task execution.
[2026-03-26T09:24:31.615+0000] {sql.py:576} INFO - Loaded 1000 rows into dwh_fact_order_details so far
[2026-03-26T09:24:32.510+0000] {sql.py:576} INFO - Loaded 2000 rows into dwh_fact_order_details so far
[2026-03-26T09:24:33.359+0000] {sql.py:576} INFO - Loaded 3000 rows into dwh_fact_order_details so far
[2026-03-26T09:24:34.228+0000] {sql.py:576} INFO - Loaded 4000 rows into dwh_fact_order_details so far
[2026-03-26T09:24:35.063+0000] {sql.py:576} INFO - Loaded 5000 rows into dwh_fact_order_details so far
[2026-03-26T09:24:35.946+0000] {sql.py:576} INFO - Loaded 6000 rows into dwh_fact_order_details so far
[2026-03-26T09:24:36.364+0000] {sql.py:580} INFO - Done loading. Loaded a total of 6466 rows into dwh_fact_order_details
[2026-03-26T09:24:36.365+0000] {python.py:237} INFO - Done. Returned value was: None
[2026-03-26T09:24:36.366+0000] {taskinstance.py:441} INFO - ::group::Post task execution logs
[2026-03-26T09:24:36.372+0000] {taskinstance.py:1205} INFO - Marking task as SUCCESS. dag_id=etl_pipeline2, task_id=stg_to_dwh, execution_date=20260326T092419, start_date=20260326T092429, end_date=20260326T092436
[2026-03-26T09:24:36.374+0000] {base.py:84} INFO - Using connection ID 'postgres_dwh' for task execution.
[2026-03-26T09:24:36.385+0000] {sql.py:457} INFO - Running statement: 
        INSERT INTO etl_logs (
            dag_id, task_id, status, start_time, end_time, duration_seconds, error_message
        )
        VALUES (%s, %s, %s, %s, %s, %s, %s)
    , parameters: ('etl_pipeline2', 'stg_to_dwh', 'SUCCESS', datetime.datetime(2026, 3, 26, 9, 24, 29, 19672), datetime.datetime(2026, 3, 26, 9, 24, 36, 372707), 7, None)
[2026-03-26T09:24:36.388+0000] {sql.py:466} INFO - Rows affected: 1
[2026-03-26T09:24:36.390+0000] {logging_mixin.py:188} INFO - SUCCESS CALLBACK TRIGGERED
[2026-03-26T09:24:36.427+0000] {local_task_job_runner.py:240} INFO - Task exited with return code 0
[2026-03-26T09:24:36.437+0000] {taskinstance.py:3482} INFO - 0 downstream tasks scheduled from follow-on schedule check
[2026-03-26T09:24:36.438+0000] {local_task_job_runner.py:222} INFO - ::endgroup::
