[2026-03-24T14:21:47.836+0000] {local_task_job_runner.py:120} INFO - ::group::Pre task execution logs
[2026-03-24T14:21:47.867+0000] {taskinstance.py:2073} INFO - Dependencies all met for dep_context=non-requeueable deps ti=<TaskInstance: etl_pipeline2.load_orders_to_mrr manual__2026-03-24T14:21:46.573848+00:00 [queued]>
[2026-03-24T14:21:47.875+0000] {taskinstance.py:2073} INFO - Dependencies all met for dep_context=requeueable deps ti=<TaskInstance: etl_pipeline2.load_orders_to_mrr manual__2026-03-24T14:21:46.573848+00:00 [queued]>
[2026-03-24T14:21:47.879+0000] {taskinstance.py:2303} INFO - Starting attempt 1 of 1
[2026-03-24T14:21:47.894+0000] {taskinstance.py:2327} INFO - Executing <Task(PythonOperator): load_orders_to_mrr> on 2026-03-24 14:21:46.573848+00:00
[2026-03-24T14:21:47.904+0000] {standard_task_runner.py:90} INFO - Running: ['***', 'tasks', 'run', 'etl_pipeline2', 'load_orders_to_mrr', 'manual__2026-03-24T14:21:46.573848+00:00', '--job-id', '141', '--raw', '--subdir', 'DAGS_FOLDER/etl_pipeline2.py', '--cfg-path', '/tmp/tmpbcaqjp7g']
[2026-03-24T14:21:47.907+0000] {standard_task_runner.py:91} INFO - Job 141: Subtask load_orders_to_mrr
[2026-03-24T14:21:47.908+0000] {logging_mixin.py:188} WARNING - /home/***/.local/lib/python3.12/site-packages/***/task/task_runner/standard_task_runner.py:61 DeprecationWarning: This process (pid=185) is multi-threaded, use of fork() may lead to deadlocks in the child.
[2026-03-24T14:21:47.908+0000] {standard_task_runner.py:63} INFO - Started process 197 to run task
[2026-03-24T14:21:47.969+0000] {task_command.py:426} INFO - Running <TaskInstance: etl_pipeline2.load_orders_to_mrr manual__2026-03-24T14:21:46.573848+00:00 [running]> on host 3ccff2366b2a
[2026-03-24T14:21:48.046+0000] {taskinstance.py:2644} INFO - Exporting env vars: AIRFLOW_CTX_DAG_OWNER='***' AIRFLOW_CTX_DAG_ID='etl_pipeline2' AIRFLOW_CTX_TASK_ID='load_orders_to_mrr' AIRFLOW_CTX_EXECUTION_DATE='2026-03-24T14:21:46.573848+00:00' AIRFLOW_CTX_TRY_NUMBER='1' AIRFLOW_CTX_DAG_RUN_ID='manual__2026-03-24T14:21:46.573848+00:00'
[2026-03-24T14:21:48.049+0000] {taskinstance.py:430} INFO - ::endgroup::
[2026-03-24T14:21:48.083+0000] {base.py:84} INFO - Using connection ID 'postgres_dwh' for task execution.
[2026-03-24T14:21:48.125+0000] {sql.py:457} INFO - Running statement: 
        SELECT last_loaded_at
        FROM dwh_high_water_mark
        WHERE table_name = 'orders'
    , parameters: None
[2026-03-24T14:21:48.135+0000] {sql.py:466} INFO - Rows affected: 1
[2026-03-24T14:21:48.139+0000] {logging_mixin.py:188} WARNING - /home/***/.local/lib/python3.12/site-packages/***/providers/common/sql/hooks/sql.py:407 AirflowProviderDeprecationWarning: Call to deprecated method _make_common_data_structure. (The `_make_serializable` method is deprecated and support will be removed in a future version of the common.sql provider. Please update the DbApiHook's provider to a version based on common.sql >= 1.9.1.)
[2026-03-24T14:21:48.149+0000] {base.py:84} INFO - Using connection ID 'postgres_operational' for task execution.
[2026-03-24T14:21:48.162+0000] {sql.py:457} INFO - Running statement: 
        SELECT order_id, customer_id, employee_id, order_date, required_date, shipped_date, ship_via, freight, ship_name, ship_address, ship_city, ship_region, ship_postal_code, ship_country, updated_at
        FROM orders
        WHERE updated_at > '2026-03-23 19:25:30.170448'
    , parameters: None
[2026-03-24T14:21:48.171+0000] {sql.py:466} INFO - Rows affected: 0
[2026-03-24T14:21:48.173+0000] {logging_mixin.py:188} INFO - No new data for orders
[2026-03-24T14:21:48.174+0000] {python.py:237} INFO - Done. Returned value was: None
[2026-03-24T14:21:48.176+0000] {taskinstance.py:441} INFO - ::group::Post task execution logs
[2026-03-24T14:21:48.185+0000] {taskinstance.py:1205} INFO - Marking task as SUCCESS. dag_id=etl_pipeline2, task_id=load_orders_to_mrr, execution_date=20260324T142146, start_date=20260324T142147, end_date=20260324T142148
[2026-03-24T14:21:48.203+0000] {local_task_job_runner.py:240} INFO - Task exited with return code 0
[2026-03-24T14:21:48.223+0000] {taskinstance.py:3482} INFO - 0 downstream tasks scheduled from follow-on schedule check
[2026-03-24T14:21:48.227+0000] {local_task_job_runner.py:222} INFO - ::endgroup::
