[2026-03-25T09:07:21.681+0000] {local_task_job_runner.py:120} INFO - ::group::Pre task execution logs
[2026-03-25T09:07:21.705+0000] {taskinstance.py:2073} INFO - Dependencies all met for dep_context=non-requeueable deps ti=<TaskInstance: etl_pipeline2.mrr_to_stg manual__2026-03-25T09:07:19.526208+00:00 [queued]>
[2026-03-25T09:07:21.711+0000] {taskinstance.py:2073} INFO - Dependencies all met for dep_context=requeueable deps ti=<TaskInstance: etl_pipeline2.mrr_to_stg manual__2026-03-25T09:07:19.526208+00:00 [queued]>
[2026-03-25T09:07:21.712+0000] {taskinstance.py:2303} INFO - Starting attempt 1 of 1
[2026-03-25T09:07:21.723+0000] {taskinstance.py:2327} INFO - Executing <Task(PythonOperator): mrr_to_stg> on 2026-03-25 09:07:19.526208+00:00
[2026-03-25T09:07:21.728+0000] {standard_task_runner.py:90} INFO - Running: ['***', 'tasks', 'run', 'etl_pipeline2', 'mrr_to_stg', 'manual__2026-03-25T09:07:19.526208+00:00', '--job-id', '209', '--raw', '--subdir', 'DAGS_FOLDER/etl_pipeline2.py', '--cfg-path', '/tmp/tmpir7dy6w2']
[2026-03-25T09:07:21.731+0000] {standard_task_runner.py:91} INFO - Job 209: Subtask mrr_to_stg
[2026-03-25T09:07:21.731+0000] {logging_mixin.py:188} WARNING - /home/***/.local/lib/python3.12/site-packages/***/task/task_runner/standard_task_runner.py:61 DeprecationWarning: This process (pid=1320) is multi-threaded, use of fork() may lead to deadlocks in the child.
[2026-03-25T09:07:21.731+0000] {standard_task_runner.py:63} INFO - Started process 1321 to run task
[2026-03-25T09:07:21.781+0000] {task_command.py:426} INFO - Running <TaskInstance: etl_pipeline2.mrr_to_stg manual__2026-03-25T09:07:19.526208+00:00 [running]> on host 3ccff2366b2a
[2026-03-25T09:07:21.846+0000] {taskinstance.py:2644} INFO - Exporting env vars: AIRFLOW_CTX_DAG_OWNER='***' AIRFLOW_CTX_DAG_ID='etl_pipeline2' AIRFLOW_CTX_TASK_ID='mrr_to_stg' AIRFLOW_CTX_EXECUTION_DATE='2026-03-25T09:07:19.526208+00:00' AIRFLOW_CTX_TRY_NUMBER='1' AIRFLOW_CTX_DAG_RUN_ID='manual__2026-03-25T09:07:19.526208+00:00'
[2026-03-25T09:07:21.847+0000] {taskinstance.py:430} INFO - ::endgroup::
[2026-03-25T09:07:21.862+0000] {base.py:84} INFO - Using connection ID 'postgres_stg' for task execution.
[2026-03-25T09:07:21.874+0000] {sql.py:457} INFO - Running statement: TRUNCATE stg_fact_orders, parameters: None
[2026-03-25T09:07:21.890+0000] {base.py:84} INFO - Using connection ID 'postgres_mrr' for task execution.
[2026-03-25T09:07:21.901+0000] {sql.py:457} INFO - Running statement: SELECT * FROM mrr_fact_orders, parameters: None
[2026-03-25T09:07:21.914+0000] {sql.py:466} INFO - Rows affected: 830
[2026-03-25T09:07:21.919+0000] {logging_mixin.py:188} WARNING - /home/***/.local/lib/python3.12/site-packages/***/providers/common/sql/hooks/sql.py:407 AirflowProviderDeprecationWarning: Call to deprecated method _make_common_data_structure. (The `_make_serializable` method is deprecated and support will be removed in a future version of the common.sql provider. Please update the DbApiHook's provider to a version based on common.sql >= 1.9.1.)
[2026-03-25T09:07:21.925+0000] {base.py:84} INFO - Using connection ID 'postgres_stg' for task execution.
[2026-03-25T09:07:22.734+0000] {sql.py:580} INFO - Done loading. Loaded a total of 830 rows into stg_fact_orders
[2026-03-25T09:07:22.739+0000] {base.py:84} INFO - Using connection ID 'postgres_stg' for task execution.
[2026-03-25T09:07:22.749+0000] {sql.py:457} INFO - Running statement: TRUNCATE stg_dim_customers, parameters: None
[2026-03-25T09:07:22.762+0000] {base.py:84} INFO - Using connection ID 'postgres_mrr' for task execution.
[2026-03-25T09:07:22.772+0000] {sql.py:457} INFO - Running statement: SELECT * FROM mrr_dim_customers, parameters: None
[2026-03-25T09:07:22.776+0000] {sql.py:466} INFO - Rows affected: 184
[2026-03-25T09:07:22.782+0000] {base.py:84} INFO - Using connection ID 'postgres_stg' for task execution.
[2026-03-25T09:07:22.989+0000] {sql.py:580} INFO - Done loading. Loaded a total of 184 rows into stg_dim_customers
[2026-03-25T09:07:22.993+0000] {base.py:84} INFO - Using connection ID 'postgres_stg' for task execution.
[2026-03-25T09:07:23.003+0000] {sql.py:457} INFO - Running statement: TRUNCATE stg_dim_products, parameters: None
[2026-03-25T09:07:23.012+0000] {base.py:84} INFO - Using connection ID 'postgres_mrr' for task execution.
[2026-03-25T09:07:23.022+0000] {sql.py:457} INFO - Running statement: SELECT * FROM mrr_dim_products, parameters: None
[2026-03-25T09:07:23.026+0000] {sql.py:466} INFO - Rows affected: 231
[2026-03-25T09:07:23.031+0000] {base.py:84} INFO - Using connection ID 'postgres_stg' for task execution.
[2026-03-25T09:07:23.260+0000] {sql.py:580} INFO - Done loading. Loaded a total of 231 rows into stg_dim_products
[2026-03-25T09:07:23.265+0000] {base.py:84} INFO - Using connection ID 'postgres_stg' for task execution.
[2026-03-25T09:07:23.274+0000] {sql.py:457} INFO - Running statement: TRUNCATE stg_fact_order_details, parameters: None
[2026-03-25T09:07:23.283+0000] {base.py:84} INFO - Using connection ID 'postgres_mrr' for task execution.
[2026-03-25T09:07:23.293+0000] {sql.py:457} INFO - Running statement: SELECT * FROM mrr_fact_order_details, parameters: None
[2026-03-25T09:07:23.308+0000] {sql.py:466} INFO - Rows affected: 6466
[2026-03-25T09:07:23.320+0000] {base.py:84} INFO - Using connection ID 'postgres_stg' for task execution.
[2026-03-25T09:07:24.367+0000] {sql.py:576} INFO - Loaded 1000 rows into stg_fact_order_details so far
[2026-03-25T09:07:25.305+0000] {sql.py:576} INFO - Loaded 2000 rows into stg_fact_order_details so far
[2026-03-25T09:07:26.196+0000] {sql.py:576} INFO - Loaded 3000 rows into stg_fact_order_details so far
[2026-03-25T09:07:27.098+0000] {sql.py:576} INFO - Loaded 4000 rows into stg_fact_order_details so far
[2026-03-25T09:07:27.964+0000] {sql.py:576} INFO - Loaded 5000 rows into stg_fact_order_details so far
[2026-03-25T09:07:28.884+0000] {sql.py:576} INFO - Loaded 6000 rows into stg_fact_order_details so far
[2026-03-25T09:07:29.301+0000] {sql.py:580} INFO - Done loading. Loaded a total of 6466 rows into stg_fact_order_details
[2026-03-25T09:07:29.302+0000] {python.py:237} INFO - Done. Returned value was: None
[2026-03-25T09:07:29.303+0000] {taskinstance.py:441} INFO - ::group::Post task execution logs
[2026-03-25T09:07:29.310+0000] {taskinstance.py:1205} INFO - Marking task as SUCCESS. dag_id=etl_pipeline2, task_id=mrr_to_stg, execution_date=20260325T090719, start_date=20260325T090721, end_date=20260325T090729
[2026-03-25T09:07:29.312+0000] {base.py:84} INFO - Using connection ID 'postgres_dwh' for task execution.
[2026-03-25T09:07:29.323+0000] {sql.py:457} INFO - Running statement: 
        INSERT INTO etl_logs (
            dag_id, task_id, status, start_time, end_time, duration_seconds, error_message
        )
        VALUES (%s, %s, %s, %s, %s, %s, %s)
    , parameters: ('etl_pipeline2', 'mrr_to_stg', 'SUCCESS', datetime.datetime(2026, 3, 25, 9, 7, 21, 706076), datetime.datetime(2026, 3, 25, 9, 7, 29, 310871), 7, None)
[2026-03-25T09:07:29.326+0000] {sql.py:466} INFO - Rows affected: 1
[2026-03-25T09:07:29.328+0000] {logging_mixin.py:188} INFO - SUCCESS CALLBACK TRIGGERED
[2026-03-25T09:07:29.347+0000] {local_task_job_runner.py:240} INFO - Task exited with return code 0
[2026-03-25T09:07:29.363+0000] {taskinstance.py:3482} INFO - 1 downstream tasks scheduled from follow-on schedule check
[2026-03-25T09:07:29.364+0000] {local_task_job_runner.py:222} INFO - ::endgroup::
