[2026-03-25T07:27:18.467+0000] {local_task_job_runner.py:120} INFO - ::group::Pre task execution logs
[2026-03-25T07:27:18.489+0000] {taskinstance.py:2073} INFO - Dependencies all met for dep_context=non-requeueable deps ti=<TaskInstance: etl_pipeline2.load_customers_to_mrr manual__2026-03-25T07:27:17.244406+00:00 [queued]>
[2026-03-25T07:27:18.495+0000] {taskinstance.py:2073} INFO - Dependencies all met for dep_context=requeueable deps ti=<TaskInstance: etl_pipeline2.load_customers_to_mrr manual__2026-03-25T07:27:17.244406+00:00 [queued]>
[2026-03-25T07:27:18.496+0000] {taskinstance.py:2303} INFO - Starting attempt 1 of 1
[2026-03-25T07:27:18.505+0000] {taskinstance.py:2327} INFO - Executing <Task(PythonOperator): load_customers_to_mrr> on 2026-03-25 07:27:17.244406+00:00
[2026-03-25T07:27:18.513+0000] {logging_mixin.py:188} WARNING - /home/***/.local/lib/python3.12/site-packages/***/task/task_runner/standard_task_runner.py:61 DeprecationWarning: This process (pid=305) is multi-threaded, use of fork() may lead to deadlocks in the child.
[2026-03-25T07:27:18.515+0000] {standard_task_runner.py:63} INFO - Started process 310 to run task
[2026-03-25T07:27:18.513+0000] {standard_task_runner.py:90} INFO - Running: ['***', 'tasks', 'run', 'etl_pipeline2', 'load_customers_to_mrr', 'manual__2026-03-25T07:27:17.244406+00:00', '--job-id', '187', '--raw', '--subdir', 'DAGS_FOLDER/etl_pipeline2.py', '--cfg-path', '/tmp/tmpfeahy58p']
[2026-03-25T07:27:18.516+0000] {standard_task_runner.py:91} INFO - Job 187: Subtask load_customers_to_mrr
[2026-03-25T07:27:18.565+0000] {task_command.py:426} INFO - Running <TaskInstance: etl_pipeline2.load_customers_to_mrr manual__2026-03-25T07:27:17.244406+00:00 [running]> on host 3ccff2366b2a
[2026-03-25T07:27:18.622+0000] {taskinstance.py:2644} INFO - Exporting env vars: AIRFLOW_CTX_DAG_OWNER='***' AIRFLOW_CTX_DAG_ID='etl_pipeline2' AIRFLOW_CTX_TASK_ID='load_customers_to_mrr' AIRFLOW_CTX_EXECUTION_DATE='2026-03-25T07:27:17.244406+00:00' AIRFLOW_CTX_TRY_NUMBER='1' AIRFLOW_CTX_DAG_RUN_ID='manual__2026-03-25T07:27:17.244406+00:00'
[2026-03-25T07:27:18.623+0000] {taskinstance.py:430} INFO - ::endgroup::
[2026-03-25T07:27:18.639+0000] {base.py:84} INFO - Using connection ID 'postgres_dwh' for task execution.
[2026-03-25T07:27:18.650+0000] {sql.py:457} INFO - Running statement: 
        SELECT last_loaded_at
        FROM dwh_high_water_mark
        WHERE table_name = %s
    , parameters: ('customers',)
[2026-03-25T07:27:18.653+0000] {sql.py:466} INFO - Rows affected: 1
[2026-03-25T07:27:18.656+0000] {logging_mixin.py:188} WARNING - /home/***/.local/lib/python3.12/site-packages/***/providers/common/sql/hooks/sql.py:407 AirflowProviderDeprecationWarning: Call to deprecated method _make_common_data_structure. (The `_make_serializable` method is deprecated and support will be removed in a future version of the common.sql provider. Please update the DbApiHook's provider to a version based on common.sql >= 1.9.1.)
[2026-03-25T07:27:18.663+0000] {base.py:84} INFO - Using connection ID 'postgres_operational' for task execution.
[2026-03-25T07:27:18.675+0000] {sql.py:457} INFO - Running statement: 
        SELECT customer_id, company_name, contact_name, contact_title, city, country, updated_at
        FROM customers
        WHERE updated_at > %s
    , parameters: (datetime.datetime(2026, 3, 24, 17, 43, 16, 855266),)
[2026-03-25T07:27:18.678+0000] {sql.py:466} INFO - Rows affected: 1
[2026-03-25T07:27:18.686+0000] {base.py:84} INFO - Using connection ID 'postgres_mrr' for task execution.
[2026-03-25T07:27:18.705+0000] {sql.py:580} INFO - Done loading. Loaded a total of 1 rows into mrr_dim_customers
[2026-03-25T07:27:18.711+0000] {base.py:84} INFO - Using connection ID 'postgres_dwh' for task execution.
[2026-03-25T07:27:18.720+0000] {sql.py:457} INFO - Running statement: 
        INSERT INTO dwh_high_water_mark (table_name, last_loaded_at)
        VALUES (%s, %s)
        ON CONFLICT (table_name)
        DO UPDATE SET last_loaded_at = EXCLUDED.last_loaded_at
    , parameters: ('customers', datetime.datetime(2026, 3, 25, 10, 26, 45, 352579))
[2026-03-25T07:27:18.725+0000] {sql.py:466} INFO - Rows affected: 1
[2026-03-25T07:27:18.727+0000] {logging_mixin.py:188} INFO - customers loaded, HWM updated to 2026-03-25 10:26:45.352579
[2026-03-25T07:27:18.728+0000] {python.py:237} INFO - Done. Returned value was: None
[2026-03-25T07:27:18.729+0000] {taskinstance.py:441} INFO - ::group::Post task execution logs
[2026-03-25T07:27:18.738+0000] {taskinstance.py:1205} INFO - Marking task as SUCCESS. dag_id=etl_pipeline2, task_id=load_customers_to_mrr, execution_date=20260325T072717, start_date=20260325T072718, end_date=20260325T072718
[2026-03-25T07:27:18.769+0000] {local_task_job_runner.py:240} INFO - Task exited with return code 0
[2026-03-25T07:27:18.818+0000] {taskinstance.py:3482} INFO - 0 downstream tasks scheduled from follow-on schedule check
[2026-03-25T07:27:18.820+0000] {local_task_job_runner.py:222} INFO - ::endgroup::
