[2026-03-26T13:40:28.216+0000] {local_task_job_runner.py:120} INFO - ::group::Pre task execution logs
[2026-03-26T13:40:28.264+0000] {taskinstance.py:2073} INFO - Dependencies all met for dep_context=non-requeueable deps ti=<TaskInstance: etl_pipeline2.load_products_to_mrr manual__2026-03-26T13:40:27.008983+00:00 [queued]>
[2026-03-26T13:40:28.272+0000] {taskinstance.py:2073} INFO - Dependencies all met for dep_context=requeueable deps ti=<TaskInstance: etl_pipeline2.load_products_to_mrr manual__2026-03-26T13:40:27.008983+00:00 [queued]>
[2026-03-26T13:40:28.272+0000] {taskinstance.py:2303} INFO - Starting attempt 1 of 1
[2026-03-26T13:40:28.285+0000] {taskinstance.py:2327} INFO - Executing <Task(PythonOperator): load_products_to_mrr> on 2026-03-26 13:40:27.008983+00:00
[2026-03-26T13:40:28.295+0000] {logging_mixin.py:188} WARNING - /home/***/.local/lib/python3.12/site-packages/***/task/task_runner/standard_task_runner.py:61 DeprecationWarning: This process (pid=4237) is multi-threaded, use of fork() may lead to deadlocks in the child.
[2026-03-26T13:40:28.293+0000] {standard_task_runner.py:90} INFO - Running: ['***', 'tasks', 'run', 'etl_pipeline2', 'load_products_to_mrr', 'manual__2026-03-26T13:40:27.008983+00:00', '--job-id', '387', '--raw', '--subdir', 'DAGS_FOLDER/etl_pipeline2.py', '--cfg-path', '/tmp/tmpl3zjb5qv']
[2026-03-26T13:40:28.296+0000] {standard_task_runner.py:63} INFO - Started process 4240 to run task
[2026-03-26T13:40:28.299+0000] {standard_task_runner.py:91} INFO - Job 387: Subtask load_products_to_mrr
[2026-03-26T13:40:28.360+0000] {task_command.py:426} INFO - Running <TaskInstance: etl_pipeline2.load_products_to_mrr manual__2026-03-26T13:40:27.008983+00:00 [running]> on host 3ccff2366b2a
[2026-03-26T13:40:28.441+0000] {taskinstance.py:2644} INFO - Exporting env vars: AIRFLOW_CTX_DAG_OWNER='***' AIRFLOW_CTX_DAG_ID='etl_pipeline2' AIRFLOW_CTX_TASK_ID='load_products_to_mrr' AIRFLOW_CTX_EXECUTION_DATE='2026-03-26T13:40:27.008983+00:00' AIRFLOW_CTX_TRY_NUMBER='1' AIRFLOW_CTX_DAG_RUN_ID='manual__2026-03-26T13:40:27.008983+00:00'
[2026-03-26T13:40:28.442+0000] {taskinstance.py:430} INFO - ::endgroup::
[2026-03-26T13:40:28.469+0000] {base.py:84} INFO - Using connection ID 'postgres_dwh' for task execution.
[2026-03-26T13:40:28.500+0000] {sql.py:457} INFO - Running statement: 
        SELECT last_loaded_at
        FROM dwh_high_water_mark
        WHERE table_name = %s
    , parameters: ('products',)
[2026-03-26T13:40:28.505+0000] {sql.py:466} INFO - Rows affected: 1
[2026-03-26T13:40:28.507+0000] {logging_mixin.py:188} WARNING - /home/***/.local/lib/python3.12/site-packages/***/providers/common/sql/hooks/sql.py:407 AirflowProviderDeprecationWarning: Call to deprecated method _make_common_data_structure. (The `_make_serializable` method is deprecated and support will be removed in a future version of the common.sql provider. Please update the DbApiHook's provider to a version based on common.sql >= 1.9.1.)
[2026-03-26T13:40:28.515+0000] {base.py:84} INFO - Using connection ID 'postgres_operational' for task execution.
[2026-03-26T13:40:28.527+0000] {sql.py:457} INFO - Running statement: 
        SELECT product_id, product_name, supplier_id, category_id, quantity_per_unit, unit_price, units_in_stock, units_on_order, reorder_level, discontinued, updated_at
        FROM products
        WHERE updated_at > %s
    , parameters: (datetime.datetime(2026, 3, 23, 19, 3, 47, 842442),)
[2026-03-26T13:40:28.532+0000] {sql.py:466} INFO - Rows affected: 0
[2026-03-26T13:40:28.533+0000] {logging_mixin.py:188} INFO - No new data for products
[2026-03-26T13:40:28.534+0000] {python.py:237} INFO - Done. Returned value was: None
[2026-03-26T13:40:28.535+0000] {taskinstance.py:441} INFO - ::group::Post task execution logs
[2026-03-26T13:40:28.542+0000] {taskinstance.py:1205} INFO - Marking task as SUCCESS. dag_id=etl_pipeline2, task_id=load_products_to_mrr, execution_date=20260326T134027, start_date=20260326T134028, end_date=20260326T134028
[2026-03-26T13:40:28.545+0000] {base.py:84} INFO - Using connection ID 'postgres_dwh' for task execution.
[2026-03-26T13:40:28.555+0000] {sql.py:457} INFO - Running statement: 
        INSERT INTO etl_logs (
            dag_id, task_id, status, start_time, end_time, duration_seconds, error_message
        )
        VALUES (%s, %s, %s, %s, %s, %s, %s)
    , parameters: ('etl_pipeline2', 'load_products_to_mrr', 'SUCCESS', datetime.datetime(2026, 3, 26, 13, 40, 28, 265201), datetime.datetime(2026, 3, 26, 13, 40, 28, 543036), 0, None)
[2026-03-26T13:40:28.560+0000] {sql.py:466} INFO - Rows affected: 1
[2026-03-26T13:40:28.564+0000] {logging_mixin.py:188} INFO - SUCCESS CALLBACK TRIGGERED
[2026-03-26T13:40:28.593+0000] {local_task_job_runner.py:240} INFO - Task exited with return code 0
[2026-03-26T13:40:28.626+0000] {taskinstance.py:3482} INFO - 0 downstream tasks scheduled from follow-on schedule check
[2026-03-26T13:40:28.628+0000] {local_task_job_runner.py:222} INFO - ::endgroup::
