[2026-03-26T09:20:17.354+0000] {local_task_job_runner.py:120} INFO - ::group::Pre task execution logs
[2026-03-26T09:20:17.374+0000] {taskinstance.py:2073} INFO - Dependencies all met for dep_context=non-requeueable deps ti=<TaskInstance: etl_pipeline2.mrr_to_stg manual__2026-03-26T09:20:16.492878+00:00 [queued]>
[2026-03-26T09:20:17.381+0000] {taskinstance.py:2073} INFO - Dependencies all met for dep_context=requeueable deps ti=<TaskInstance: etl_pipeline2.mrr_to_stg manual__2026-03-26T09:20:16.492878+00:00 [queued]>
[2026-03-26T09:20:17.382+0000] {taskinstance.py:2303} INFO - Starting attempt 1 of 1
[2026-03-26T09:20:17.392+0000] {taskinstance.py:2327} INFO - Executing <Task(PythonOperator): mrr_to_stg> on 2026-03-26 09:20:16.492878+00:00
[2026-03-26T09:20:17.399+0000] {logging_mixin.py:188} WARNING - /home/***/.local/lib/python3.12/site-packages/***/task/task_runner/standard_task_runner.py:61 DeprecationWarning: This process (pid=1866) is multi-threaded, use of fork() may lead to deadlocks in the child.
[2026-03-26T09:20:17.398+0000] {standard_task_runner.py:90} INFO - Running: ['***', 'tasks', 'run', 'etl_pipeline2', 'mrr_to_stg', 'manual__2026-03-26T09:20:16.492878+00:00', '--job-id', '329', '--raw', '--subdir', 'DAGS_FOLDER/etl_pipeline2.py', '--cfg-path', '/tmp/tmpjhil4lhi']
[2026-03-26T09:20:17.400+0000] {standard_task_runner.py:63} INFO - Started process 1867 to run task
[2026-03-26T09:20:17.401+0000] {standard_task_runner.py:91} INFO - Job 329: Subtask mrr_to_stg
[2026-03-26T09:20:17.449+0000] {task_command.py:426} INFO - Running <TaskInstance: etl_pipeline2.mrr_to_stg manual__2026-03-26T09:20:16.492878+00:00 [running]> on host 3ccff2366b2a
[2026-03-26T09:20:17.505+0000] {taskinstance.py:2644} INFO - Exporting env vars: AIRFLOW_CTX_DAG_OWNER='***' AIRFLOW_CTX_DAG_ID='etl_pipeline2' AIRFLOW_CTX_TASK_ID='mrr_to_stg' AIRFLOW_CTX_EXECUTION_DATE='2026-03-26T09:20:16.492878+00:00' AIRFLOW_CTX_TRY_NUMBER='1' AIRFLOW_CTX_DAG_RUN_ID='manual__2026-03-26T09:20:16.492878+00:00'
[2026-03-26T09:20:17.507+0000] {taskinstance.py:430} INFO - ::endgroup::
[2026-03-26T09:20:17.520+0000] {base.py:84} INFO - Using connection ID 'postgres_stg' for task execution.
[2026-03-26T09:20:17.532+0000] {sql.py:457} INFO - Running statement: TRUNCATE stg_fact_orders, parameters: None
[2026-03-26T09:20:17.543+0000] {base.py:84} INFO - Using connection ID 'postgres_mrr' for task execution.
[2026-03-26T09:20:17.553+0000] {sql.py:457} INFO - Running statement: SELECT * FROM mrr_fact_orders, parameters: None
[2026-03-26T09:20:17.560+0000] {sql.py:466} INFO - Rows affected: 830
[2026-03-26T09:20:17.563+0000] {logging_mixin.py:188} WARNING - /home/***/.local/lib/python3.12/site-packages/***/providers/common/sql/hooks/sql.py:407 AirflowProviderDeprecationWarning: Call to deprecated method _make_common_data_structure. (The `_make_serializable` method is deprecated and support will be removed in a future version of the common.sql provider. Please update the DbApiHook's provider to a version based on common.sql >= 1.9.1.)
[2026-03-26T09:20:17.569+0000] {base.py:84} INFO - Using connection ID 'postgres_stg' for task execution.
[2026-03-26T09:20:18.399+0000] {sql.py:580} INFO - Done loading. Loaded a total of 830 rows into stg_fact_orders
[2026-03-26T09:20:18.404+0000] {base.py:84} INFO - Using connection ID 'postgres_stg' for task execution.
[2026-03-26T09:20:18.414+0000] {sql.py:457} INFO - Running statement: TRUNCATE stg_dim_customers, parameters: None
[2026-03-26T09:20:18.426+0000] {base.py:84} INFO - Using connection ID 'postgres_mrr' for task execution.
[2026-03-26T09:20:18.437+0000] {sql.py:457} INFO - Running statement: SELECT * FROM mrr_dim_customers, parameters: None
[2026-03-26T09:20:18.441+0000] {sql.py:466} INFO - Rows affected: 184
[2026-03-26T09:20:18.447+0000] {base.py:84} INFO - Using connection ID 'postgres_stg' for task execution.
[2026-03-26T09:20:18.630+0000] {sql.py:580} INFO - Done loading. Loaded a total of 184 rows into stg_dim_customers
[2026-03-26T09:20:18.634+0000] {base.py:84} INFO - Using connection ID 'postgres_stg' for task execution.
[2026-03-26T09:20:18.644+0000] {sql.py:457} INFO - Running statement: TRUNCATE stg_dim_products, parameters: None
[2026-03-26T09:20:18.652+0000] {base.py:84} INFO - Using connection ID 'postgres_mrr' for task execution.
[2026-03-26T09:20:18.661+0000] {sql.py:457} INFO - Running statement: SELECT * FROM mrr_dim_products, parameters: None
[2026-03-26T09:20:18.665+0000] {sql.py:466} INFO - Rows affected: 231
[2026-03-26T09:20:18.670+0000] {base.py:84} INFO - Using connection ID 'postgres_stg' for task execution.
[2026-03-26T09:20:18.906+0000] {sql.py:580} INFO - Done loading. Loaded a total of 231 rows into stg_dim_products
[2026-03-26T09:20:18.912+0000] {base.py:84} INFO - Using connection ID 'postgres_stg' for task execution.
[2026-03-26T09:20:18.922+0000] {sql.py:457} INFO - Running statement: TRUNCATE stg_fact_order_details, parameters: None
[2026-03-26T09:20:18.932+0000] {base.py:84} INFO - Using connection ID 'postgres_mrr' for task execution.
[2026-03-26T09:20:18.943+0000] {sql.py:457} INFO - Running statement: SELECT * FROM mrr_fact_order_details, parameters: None
[2026-03-26T09:20:18.956+0000] {sql.py:466} INFO - Rows affected: 6466
[2026-03-26T09:20:18.967+0000] {base.py:84} INFO - Using connection ID 'postgres_stg' for task execution.
[2026-03-26T09:20:19.947+0000] {sql.py:576} INFO - Loaded 1000 rows into stg_fact_order_details so far
[2026-03-26T09:20:20.796+0000] {sql.py:576} INFO - Loaded 2000 rows into stg_fact_order_details so far
[2026-03-26T09:20:21.669+0000] {sql.py:576} INFO - Loaded 3000 rows into stg_fact_order_details so far
[2026-03-26T09:20:22.512+0000] {sql.py:576} INFO - Loaded 4000 rows into stg_fact_order_details so far
[2026-03-26T09:20:23.400+0000] {sql.py:576} INFO - Loaded 5000 rows into stg_fact_order_details so far
[2026-03-26T09:20:24.291+0000] {sql.py:576} INFO - Loaded 6000 rows into stg_fact_order_details so far
[2026-03-26T09:20:24.724+0000] {sql.py:580} INFO - Done loading. Loaded a total of 6466 rows into stg_fact_order_details
[2026-03-26T09:20:24.725+0000] {python.py:237} INFO - Done. Returned value was: None
[2026-03-26T09:20:24.726+0000] {taskinstance.py:441} INFO - ::group::Post task execution logs
[2026-03-26T09:20:24.656+0000] {taskinstance.py:1205} INFO - Marking task as SUCCESS. dag_id=etl_pipeline2, task_id=mrr_to_stg, execution_date=20260326T092016, start_date=20260326T092017, end_date=20260326T092024
[2026-03-26T09:20:24.659+0000] {base.py:84} INFO - Using connection ID 'postgres_dwh' for task execution.
[2026-03-26T09:20:24.669+0000] {sql.py:457} INFO - Running statement: 
        INSERT INTO etl_logs (
            dag_id, task_id, status, start_time, end_time, duration_seconds, error_message
        )
        VALUES (%s, %s, %s, %s, %s, %s, %s)
    , parameters: ('etl_pipeline2', 'mrr_to_stg', 'SUCCESS', datetime.datetime(2026, 3, 26, 9, 20, 17, 375847), datetime.datetime(2026, 3, 26, 9, 20, 24, 657383), 7, None)
[2026-03-26T09:20:24.672+0000] {sql.py:466} INFO - Rows affected: 1
[2026-03-26T09:20:24.674+0000] {logging_mixin.py:188} INFO - SUCCESS CALLBACK TRIGGERED
[2026-03-26T09:20:24.724+0000] {local_task_job_runner.py:240} INFO - Task exited with return code 0
[2026-03-26T09:20:24.737+0000] {taskinstance.py:3482} INFO - 1 downstream tasks scheduled from follow-on schedule check
[2026-03-26T09:20:24.739+0000] {local_task_job_runner.py:222} INFO - ::endgroup::
