[2026-03-24T14:30:24.957+0000] {local_task_job_runner.py:120} INFO - ::group::Pre task execution logs
[2026-03-24T14:30:24.980+0000] {taskinstance.py:2073} INFO - Dependencies all met for dep_context=non-requeueable deps ti=<TaskInstance: etl_pipeline2.stg_to_dwh manual__2026-03-24T14:30:13.630024+00:00 [queued]>
[2026-03-24T14:30:24.988+0000] {taskinstance.py:2073} INFO - Dependencies all met for dep_context=requeueable deps ti=<TaskInstance: etl_pipeline2.stg_to_dwh manual__2026-03-24T14:30:13.630024+00:00 [queued]>
[2026-03-24T14:30:24.988+0000] {taskinstance.py:2303} INFO - Starting attempt 1 of 1
[2026-03-24T14:30:24.998+0000] {taskinstance.py:2327} INFO - Executing <Task(PythonOperator): stg_to_dwh> on 2026-03-24 14:30:13.630024+00:00
[2026-03-24T14:30:25.003+0000] {standard_task_runner.py:90} INFO - Running: ['***', 'tasks', 'run', 'etl_pipeline2', 'stg_to_dwh', 'manual__2026-03-24T14:30:13.630024+00:00', '--job-id', '155', '--raw', '--subdir', 'DAGS_FOLDER/etl_pipeline2.py', '--cfg-path', '/tmp/tmpaz9iovm6']
[2026-03-24T14:30:25.005+0000] {logging_mixin.py:188} WARNING - /home/***/.local/lib/python3.12/site-packages/***/task/task_runner/standard_task_runner.py:61 DeprecationWarning: This process (pid=393) is multi-threaded, use of fork() may lead to deadlocks in the child.
[2026-03-24T14:30:25.006+0000] {standard_task_runner.py:91} INFO - Job 155: Subtask stg_to_dwh
[2026-03-24T14:30:25.006+0000] {standard_task_runner.py:63} INFO - Started process 394 to run task
[2026-03-24T14:30:25.055+0000] {task_command.py:426} INFO - Running <TaskInstance: etl_pipeline2.stg_to_dwh manual__2026-03-24T14:30:13.630024+00:00 [running]> on host 3ccff2366b2a
[2026-03-24T14:30:25.122+0000] {taskinstance.py:2644} INFO - Exporting env vars: AIRFLOW_CTX_DAG_OWNER='***' AIRFLOW_CTX_DAG_ID='etl_pipeline2' AIRFLOW_CTX_TASK_ID='stg_to_dwh' AIRFLOW_CTX_EXECUTION_DATE='2026-03-24T14:30:13.630024+00:00' AIRFLOW_CTX_TRY_NUMBER='1' AIRFLOW_CTX_DAG_RUN_ID='manual__2026-03-24T14:30:13.630024+00:00'
[2026-03-24T14:30:25.123+0000] {taskinstance.py:430} INFO - ::endgroup::
[2026-03-24T14:30:25.141+0000] {base.py:84} INFO - Using connection ID 'postgres_dwh' for task execution.
[2026-03-24T14:30:25.156+0000] {sql.py:457} INFO - Running statement: TRUNCATE dwh_fact_orders, parameters: None
[2026-03-24T14:30:25.169+0000] {base.py:84} INFO - Using connection ID 'postgres_stg' for task execution.
[2026-03-24T14:30:25.180+0000] {sql.py:457} INFO - Running statement: SELECT * FROM stg_fact_orders, parameters: None
[2026-03-24T14:30:25.195+0000] {sql.py:466} INFO - Rows affected: 1660
[2026-03-24T14:30:25.201+0000] {logging_mixin.py:188} WARNING - /home/***/.local/lib/python3.12/site-packages/***/providers/common/sql/hooks/sql.py:407 AirflowProviderDeprecationWarning: Call to deprecated method _make_common_data_structure. (The `_make_serializable` method is deprecated and support will be removed in a future version of the common.sql provider. Please update the DbApiHook's provider to a version based on common.sql >= 1.9.1.)
[2026-03-24T14:30:25.207+0000] {base.py:84} INFO - Using connection ID 'postgres_dwh' for task execution.
[2026-03-24T14:30:26.315+0000] {sql.py:576} INFO - Loaded 1000 rows into dwh_fact_orders so far
[2026-03-24T14:30:26.982+0000] {sql.py:580} INFO - Done loading. Loaded a total of 1660 rows into dwh_fact_orders
[2026-03-24T14:30:26.987+0000] {base.py:84} INFO - Using connection ID 'postgres_dwh' for task execution.
[2026-03-24T14:30:26.997+0000] {sql.py:457} INFO - Running statement: TRUNCATE dwh_dim_customers, parameters: None
[2026-03-24T14:30:27.009+0000] {base.py:84} INFO - Using connection ID 'postgres_stg' for task execution.
[2026-03-24T14:30:27.019+0000] {sql.py:457} INFO - Running statement: SELECT * FROM stg_dim_customers, parameters: None
[2026-03-24T14:30:27.024+0000] {sql.py:466} INFO - Rows affected: 182
[2026-03-24T14:30:27.030+0000] {base.py:84} INFO - Using connection ID 'postgres_dwh' for task execution.
[2026-03-24T14:30:27.230+0000] {sql.py:580} INFO - Done loading. Loaded a total of 182 rows into dwh_dim_customers
[2026-03-24T14:30:27.235+0000] {base.py:84} INFO - Using connection ID 'postgres_dwh' for task execution.
[2026-03-24T14:30:27.248+0000] {sql.py:457} INFO - Running statement: TRUNCATE dwh_dim_products, parameters: None
[2026-03-24T14:30:27.257+0000] {base.py:84} INFO - Using connection ID 'postgres_stg' for task execution.
[2026-03-24T14:30:27.266+0000] {sql.py:457} INFO - Running statement: SELECT * FROM stg_dim_products, parameters: None
[2026-03-24T14:30:27.270+0000] {sql.py:466} INFO - Rows affected: 231
[2026-03-24T14:30:27.276+0000] {base.py:84} INFO - Using connection ID 'postgres_dwh' for task execution.
[2026-03-24T14:30:27.573+0000] {sql.py:580} INFO - Done loading. Loaded a total of 231 rows into dwh_dim_products
[2026-03-24T14:30:27.577+0000] {base.py:84} INFO - Using connection ID 'postgres_dwh' for task execution.
[2026-03-24T14:30:27.587+0000] {sql.py:457} INFO - Running statement: TRUNCATE dwh_fact_order_details, parameters: None
[2026-03-24T14:30:27.597+0000] {base.py:84} INFO - Using connection ID 'postgres_stg' for task execution.
[2026-03-24T14:30:27.607+0000] {sql.py:457} INFO - Running statement: SELECT * FROM stg_fact_order_details, parameters: None
[2026-03-24T14:30:27.639+0000] {sql.py:466} INFO - Rows affected: 6465
[2026-03-24T14:30:27.651+0000] {base.py:84} INFO - Using connection ID 'postgres_dwh' for task execution.
[2026-03-24T14:30:28.648+0000] {sql.py:576} INFO - Loaded 1000 rows into dwh_fact_order_details so far
[2026-03-24T14:30:29.699+0000] {sql.py:576} INFO - Loaded 2000 rows into dwh_fact_order_details so far
[2026-03-24T14:30:30.689+0000] {sql.py:576} INFO - Loaded 3000 rows into dwh_fact_order_details so far
[2026-03-24T14:30:31.655+0000] {sql.py:576} INFO - Loaded 4000 rows into dwh_fact_order_details so far
[2026-03-24T14:30:32.678+0000] {sql.py:576} INFO - Loaded 5000 rows into dwh_fact_order_details so far
[2026-03-24T14:30:33.681+0000] {sql.py:576} INFO - Loaded 6000 rows into dwh_fact_order_details so far
[2026-03-24T14:30:34.133+0000] {sql.py:580} INFO - Done loading. Loaded a total of 6465 rows into dwh_fact_order_details
[2026-03-24T14:30:34.134+0000] {python.py:237} INFO - Done. Returned value was: None
[2026-03-24T14:30:34.135+0000] {taskinstance.py:441} INFO - ::group::Post task execution logs
[2026-03-24T14:30:34.141+0000] {taskinstance.py:1205} INFO - Marking task as SUCCESS. dag_id=etl_pipeline2, task_id=stg_to_dwh, execution_date=20260324T143013, start_date=20260324T143024, end_date=20260324T143034
[2026-03-24T14:30:34.181+0000] {local_task_job_runner.py:240} INFO - Task exited with return code 0
[2026-03-24T14:30:34.192+0000] {taskinstance.py:3482} INFO - 0 downstream tasks scheduled from follow-on schedule check
[2026-03-24T14:30:34.194+0000] {local_task_job_runner.py:222} INFO - ::endgroup::
