[2026-03-26T09:07:12.852+0000] {local_task_job_runner.py:120} INFO - ::group::Pre task execution logs
[2026-03-26T09:07:12.871+0000] {taskinstance.py:2073} INFO - Dependencies all met for dep_context=non-requeueable deps ti=<TaskInstance: etl_pipeline2.mrr_to_stg manual__2026-03-26T09:07:10.724672+00:00 [queued]>
[2026-03-26T09:07:12.877+0000] {taskinstance.py:2073} INFO - Dependencies all met for dep_context=requeueable deps ti=<TaskInstance: etl_pipeline2.mrr_to_stg manual__2026-03-26T09:07:10.724672+00:00 [queued]>
[2026-03-26T09:07:12.878+0000] {taskinstance.py:2303} INFO - Starting attempt 1 of 1
[2026-03-26T09:07:12.886+0000] {taskinstance.py:2327} INFO - Executing <Task(PythonOperator): mrr_to_stg> on 2026-03-26 09:07:10.724672+00:00
[2026-03-26T09:07:12.892+0000] {standard_task_runner.py:90} INFO - Running: ['***', 'tasks', 'run', 'etl_pipeline2', 'mrr_to_stg', 'manual__2026-03-26T09:07:10.724672+00:00', '--job-id', '313', '--raw', '--subdir', 'DAGS_FOLDER/etl_pipeline2.py', '--cfg-path', '/tmp/tmpt67oolqh']
[2026-03-26T09:07:12.893+0000] {standard_task_runner.py:91} INFO - Job 313: Subtask mrr_to_stg
[2026-03-26T09:07:12.893+0000] {logging_mixin.py:188} WARNING - /home/***/.local/lib/python3.12/site-packages/***/task/task_runner/standard_task_runner.py:61 DeprecationWarning: This process (pid=1694) is multi-threaded, use of fork() may lead to deadlocks in the child.
[2026-03-26T09:07:12.894+0000] {standard_task_runner.py:63} INFO - Started process 1695 to run task
[2026-03-26T09:07:12.939+0000] {task_command.py:426} INFO - Running <TaskInstance: etl_pipeline2.mrr_to_stg manual__2026-03-26T09:07:10.724672+00:00 [running]> on host 3ccff2366b2a
[2026-03-26T09:07:12.995+0000] {taskinstance.py:2644} INFO - Exporting env vars: AIRFLOW_CTX_DAG_OWNER='***' AIRFLOW_CTX_DAG_ID='etl_pipeline2' AIRFLOW_CTX_TASK_ID='mrr_to_stg' AIRFLOW_CTX_EXECUTION_DATE='2026-03-26T09:07:10.724672+00:00' AIRFLOW_CTX_TRY_NUMBER='1' AIRFLOW_CTX_DAG_RUN_ID='manual__2026-03-26T09:07:10.724672+00:00'
[2026-03-26T09:07:12.995+0000] {taskinstance.py:430} INFO - ::endgroup::
[2026-03-26T09:07:13.010+0000] {base.py:84} INFO - Using connection ID 'postgres_stg' for task execution.
[2026-03-26T09:07:13.023+0000] {sql.py:457} INFO - Running statement: TRUNCATE stg_fact_orders, parameters: None
[2026-03-26T09:07:13.037+0000] {base.py:84} INFO - Using connection ID 'postgres_mrr' for task execution.
[2026-03-26T09:07:13.047+0000] {sql.py:457} INFO - Running statement: SELECT * FROM mrr_fact_orders, parameters: None
[2026-03-26T09:07:13.055+0000] {sql.py:466} INFO - Rows affected: 830
[2026-03-26T09:07:13.061+0000] {logging_mixin.py:188} WARNING - /home/***/.local/lib/python3.12/site-packages/***/providers/common/sql/hooks/sql.py:407 AirflowProviderDeprecationWarning: Call to deprecated method _make_common_data_structure. (The `_make_serializable` method is deprecated and support will be removed in a future version of the common.sql provider. Please update the DbApiHook's provider to a version based on common.sql >= 1.9.1.)
[2026-03-26T09:07:13.068+0000] {base.py:84} INFO - Using connection ID 'postgres_stg' for task execution.
[2026-03-26T09:07:13.959+0000] {sql.py:580} INFO - Done loading. Loaded a total of 830 rows into stg_fact_orders
[2026-03-26T09:07:13.964+0000] {base.py:84} INFO - Using connection ID 'postgres_stg' for task execution.
[2026-03-26T09:07:13.974+0000] {sql.py:457} INFO - Running statement: TRUNCATE stg_dim_customers, parameters: None
[2026-03-26T09:07:13.987+0000] {base.py:84} INFO - Using connection ID 'postgres_mrr' for task execution.
[2026-03-26T09:07:13.996+0000] {sql.py:457} INFO - Running statement: SELECT * FROM mrr_dim_customers, parameters: None
[2026-03-26T09:07:14.000+0000] {sql.py:466} INFO - Rows affected: 184
[2026-03-26T09:07:14.006+0000] {base.py:84} INFO - Using connection ID 'postgres_stg' for task execution.
[2026-03-26T09:07:14.194+0000] {sql.py:580} INFO - Done loading. Loaded a total of 184 rows into stg_dim_customers
[2026-03-26T09:07:14.199+0000] {base.py:84} INFO - Using connection ID 'postgres_stg' for task execution.
[2026-03-26T09:07:14.213+0000] {sql.py:457} INFO - Running statement: TRUNCATE stg_dim_products, parameters: None
[2026-03-26T09:07:14.223+0000] {base.py:84} INFO - Using connection ID 'postgres_mrr' for task execution.
[2026-03-26T09:07:14.234+0000] {sql.py:457} INFO - Running statement: SELECT * FROM mrr_dim_products, parameters: None
[2026-03-26T09:07:14.238+0000] {sql.py:466} INFO - Rows affected: 231
[2026-03-26T09:07:14.244+0000] {base.py:84} INFO - Using connection ID 'postgres_stg' for task execution.
[2026-03-26T09:07:14.494+0000] {sql.py:580} INFO - Done loading. Loaded a total of 231 rows into stg_dim_products
[2026-03-26T09:07:14.499+0000] {base.py:84} INFO - Using connection ID 'postgres_stg' for task execution.
[2026-03-26T09:07:14.508+0000] {sql.py:457} INFO - Running statement: TRUNCATE stg_fact_order_details, parameters: None
[2026-03-26T09:07:14.517+0000] {base.py:84} INFO - Using connection ID 'postgres_mrr' for task execution.
[2026-03-26T09:07:14.528+0000] {sql.py:457} INFO - Running statement: SELECT * FROM mrr_fact_order_details, parameters: None
[2026-03-26T09:07:14.543+0000] {sql.py:466} INFO - Rows affected: 6466
[2026-03-26T09:07:14.554+0000] {base.py:84} INFO - Using connection ID 'postgres_stg' for task execution.
[2026-03-26T09:07:15.492+0000] {sql.py:576} INFO - Loaded 1000 rows into stg_fact_order_details so far
[2026-03-26T09:07:16.355+0000] {sql.py:576} INFO - Loaded 2000 rows into stg_fact_order_details so far
[2026-03-26T09:07:17.304+0000] {sql.py:576} INFO - Loaded 3000 rows into stg_fact_order_details so far
[2026-03-26T09:07:18.263+0000] {sql.py:576} INFO - Loaded 4000 rows into stg_fact_order_details so far
[2026-03-26T09:07:19.192+0000] {sql.py:576} INFO - Loaded 5000 rows into stg_fact_order_details so far
[2026-03-26T09:07:20.057+0000] {sql.py:576} INFO - Loaded 6000 rows into stg_fact_order_details so far
[2026-03-26T09:07:20.442+0000] {sql.py:580} INFO - Done loading. Loaded a total of 6466 rows into stg_fact_order_details
[2026-03-26T09:07:20.443+0000] {python.py:237} INFO - Done. Returned value was: None
[2026-03-26T09:07:20.444+0000] {taskinstance.py:441} INFO - ::group::Post task execution logs
[2026-03-26T09:07:20.451+0000] {taskinstance.py:1205} INFO - Marking task as SUCCESS. dag_id=etl_pipeline2, task_id=mrr_to_stg, execution_date=20260326T090710, start_date=20260326T090712, end_date=20260326T090720
[2026-03-26T09:07:20.453+0000] {base.py:84} INFO - Using connection ID 'postgres_dwh' for task execution.
[2026-03-26T09:07:20.463+0000] {sql.py:457} INFO - Running statement: 
        INSERT INTO etl_logs (
            dag_id, task_id, status, start_time, end_time, duration_seconds, error_message
        )
        VALUES (%s, %s, %s, %s, %s, %s, %s)
    , parameters: ('etl_pipeline2', 'mrr_to_stg', 'SUCCESS', datetime.datetime(2026, 3, 26, 9, 7, 12, 872379), datetime.datetime(2026, 3, 26, 9, 7, 20, 451747), 7, None)
[2026-03-26T09:07:20.466+0000] {sql.py:466} INFO - Rows affected: 1
[2026-03-26T09:07:20.468+0000] {logging_mixin.py:188} INFO - SUCCESS CALLBACK TRIGGERED
[2026-03-26T09:07:20.503+0000] {local_task_job_runner.py:240} INFO - Task exited with return code 0
[2026-03-26T09:07:20.515+0000] {taskinstance.py:3482} INFO - 1 downstream tasks scheduled from follow-on schedule check
[2026-03-26T09:07:20.517+0000] {local_task_job_runner.py:222} INFO - ::endgroup::
