[2026-03-25T05:47:31.563+0000] {local_task_job_runner.py:120} INFO - ::group::Pre task execution logs
[2026-03-25T05:47:31.614+0000] {taskinstance.py:2073} INFO - Dependencies all met for dep_context=non-requeueable deps ti=<TaskInstance: etl_pipeline2.mrr_to_stg scheduled__2026-03-24T00:00:00+00:00 [queued]>
[2026-03-25T05:47:31.637+0000] {taskinstance.py:2073} INFO - Dependencies all met for dep_context=requeueable deps ti=<TaskInstance: etl_pipeline2.mrr_to_stg scheduled__2026-03-24T00:00:00+00:00 [queued]>
[2026-03-25T05:47:31.648+0000] {taskinstance.py:2303} INFO - Starting attempt 1 of 1
[2026-03-25T05:47:31.687+0000] {taskinstance.py:2327} INFO - Executing <Task(PythonOperator): mrr_to_stg> on 2026-03-24 00:00:00+00:00
[2026-03-25T05:47:31.710+0000] {logging_mixin.py:188} WARNING - /home/***/.local/lib/python3.12/site-packages/***/task/task_runner/standard_task_runner.py:61 DeprecationWarning: This process (pid=1071) is multi-threaded, use of fork() may lead to deadlocks in the child.
[2026-03-25T05:47:31.709+0000] {standard_task_runner.py:90} INFO - Running: ['***', 'tasks', 'run', 'etl_pipeline2', 'mrr_to_stg', 'scheduled__2026-03-24T00:00:00+00:00', '--job-id', '173', '--raw', '--subdir', 'DAGS_FOLDER/etl_pipeline2.py', '--cfg-path', '/tmp/tmp1dmzay48']
[2026-03-25T05:47:31.722+0000] {standard_task_runner.py:63} INFO - Started process 1077 to run task
[2026-03-25T05:47:31.746+0000] {standard_task_runner.py:91} INFO - Job 173: Subtask mrr_to_stg
[2026-03-25T05:47:32.109+0000] {task_command.py:426} INFO - Running <TaskInstance: etl_pipeline2.mrr_to_stg scheduled__2026-03-24T00:00:00+00:00 [running]> on host 3ccff2366b2a
[2026-03-25T05:47:32.239+0000] {taskinstance.py:2644} INFO - Exporting env vars: AIRFLOW_CTX_DAG_OWNER='***' AIRFLOW_CTX_DAG_ID='etl_pipeline2' AIRFLOW_CTX_TASK_ID='mrr_to_stg' AIRFLOW_CTX_EXECUTION_DATE='2026-03-24T00:00:00+00:00' AIRFLOW_CTX_TRY_NUMBER='1' AIRFLOW_CTX_DAG_RUN_ID='scheduled__2026-03-24T00:00:00+00:00'
[2026-03-25T05:47:32.284+0000] {taskinstance.py:430} INFO - ::endgroup::
[2026-03-25T05:47:32.402+0000] {base.py:84} INFO - Using connection ID 'postgres_stg' for task execution.
[2026-03-25T05:47:32.641+0000] {sql.py:457} INFO - Running statement: TRUNCATE stg_fact_orders, parameters: None
[2026-03-25T05:47:32.860+0000] {base.py:84} INFO - Using connection ID 'postgres_mrr' for task execution.
[2026-03-25T05:47:33.012+0000] {sql.py:457} INFO - Running statement: SELECT * FROM mrr_fact_orders, parameters: None
[2026-03-25T05:47:33.268+0000] {sql.py:466} INFO - Rows affected: 1660
[2026-03-25T05:47:33.276+0000] {logging_mixin.py:188} WARNING - /home/***/.local/lib/python3.12/site-packages/***/providers/common/sql/hooks/sql.py:407 AirflowProviderDeprecationWarning: Call to deprecated method _make_common_data_structure. (The `_make_serializable` method is deprecated and support will be removed in a future version of the common.sql provider. Please update the DbApiHook's provider to a version based on common.sql >= 1.9.1.)
[2026-03-25T05:47:33.293+0000] {base.py:84} INFO - Using connection ID 'postgres_stg' for task execution.
[2026-03-25T05:47:38.241+0000] {sql.py:576} INFO - Loaded 1000 rows into stg_fact_orders so far
[2026-03-25T05:47:40.409+0000] {sql.py:580} INFO - Done loading. Loaded a total of 1660 rows into stg_fact_orders
[2026-03-25T05:47:40.419+0000] {base.py:84} INFO - Using connection ID 'postgres_stg' for task execution.
[2026-03-25T05:47:40.435+0000] {sql.py:457} INFO - Running statement: TRUNCATE stg_dim_customers, parameters: None
[2026-03-25T05:47:40.465+0000] {base.py:84} INFO - Using connection ID 'postgres_mrr' for task execution.
[2026-03-25T05:47:40.487+0000] {sql.py:457} INFO - Running statement: SELECT * FROM mrr_dim_customers, parameters: None
[2026-03-25T05:47:40.502+0000] {sql.py:466} INFO - Rows affected: 183
[2026-03-25T05:47:40.515+0000] {base.py:84} INFO - Using connection ID 'postgres_stg' for task execution.
[2026-03-25T05:47:41.439+0000] {sql.py:580} INFO - Done loading. Loaded a total of 183 rows into stg_dim_customers
[2026-03-25T05:47:41.447+0000] {base.py:84} INFO - Using connection ID 'postgres_stg' for task execution.
[2026-03-25T05:47:41.469+0000] {sql.py:457} INFO - Running statement: TRUNCATE stg_dim_products, parameters: None
[2026-03-25T05:47:41.494+0000] {base.py:84} INFO - Using connection ID 'postgres_mrr' for task execution.
[2026-03-25T05:47:41.514+0000] {sql.py:457} INFO - Running statement: SELECT * FROM mrr_dim_products, parameters: None
[2026-03-25T05:47:41.521+0000] {sql.py:466} INFO - Rows affected: 231
[2026-03-25T05:47:41.532+0000] {base.py:84} INFO - Using connection ID 'postgres_stg' for task execution.
[2026-03-25T05:47:42.236+0000] {sql.py:580} INFO - Done loading. Loaded a total of 231 rows into stg_dim_products
[2026-03-25T05:47:42.246+0000] {base.py:84} INFO - Using connection ID 'postgres_stg' for task execution.
[2026-03-25T05:47:42.265+0000] {sql.py:457} INFO - Running statement: TRUNCATE stg_fact_order_details, parameters: None
[2026-03-25T05:47:42.281+0000] {base.py:84} INFO - Using connection ID 'postgres_mrr' for task execution.
[2026-03-25T05:47:42.295+0000] {sql.py:457} INFO - Running statement: SELECT * FROM mrr_fact_order_details, parameters: None
[2026-03-25T05:47:42.319+0000] {sql.py:466} INFO - Rows affected: 6465
[2026-03-25T05:47:42.338+0000] {base.py:84} INFO - Using connection ID 'postgres_stg' for task execution.
[2026-03-25T05:47:45.776+0000] {sql.py:576} INFO - Loaded 1000 rows into stg_fact_order_details so far
[2026-03-25T05:47:49.487+0000] {sql.py:576} INFO - Loaded 2000 rows into stg_fact_order_details so far
[2026-03-25T05:47:53.037+0000] {sql.py:576} INFO - Loaded 3000 rows into stg_fact_order_details so far
[2026-03-25T05:47:56.443+0000] {sql.py:576} INFO - Loaded 4000 rows into stg_fact_order_details so far
[2026-03-25T05:47:58.125+0000] {sql.py:576} INFO - Loaded 5000 rows into stg_fact_order_details so far
[2026-03-25T05:47:59.689+0000] {sql.py:576} INFO - Loaded 6000 rows into stg_fact_order_details so far
[2026-03-25T05:48:00.986+0000] {sql.py:580} INFO - Done loading. Loaded a total of 6465 rows into stg_fact_order_details
[2026-03-25T05:48:00.989+0000] {python.py:237} INFO - Done. Returned value was: None
[2026-03-25T05:48:00.991+0000] {taskinstance.py:441} INFO - ::group::Post task execution logs
[2026-03-25T05:48:00.998+0000] {taskinstance.py:1205} INFO - Marking task as SUCCESS. dag_id=etl_pipeline2, task_id=mrr_to_stg, execution_date=20260324T000000, start_date=20260325T054731, end_date=20260325T054800
[2026-03-25T05:48:01.017+0000] {local_task_job_runner.py:240} INFO - Task exited with return code 0
[2026-03-25T05:48:01.035+0000] {taskinstance.py:3482} INFO - 1 downstream tasks scheduled from follow-on schedule check
[2026-03-25T05:48:01.040+0000] {local_task_job_runner.py:222} INFO - ::endgroup::
