[2026-03-26T09:05:17.477+0000] {local_task_job_runner.py:120} INFO - ::group::Pre task execution logs
[2026-03-26T09:05:17.511+0000] {taskinstance.py:2073} INFO - Dependencies all met for dep_context=non-requeueable deps ti=<TaskInstance: etl_pipeline2.load_customers_to_mrr manual__2026-03-26T09:05:16.643004+00:00 [queued]>
[2026-03-26T09:05:17.517+0000] {taskinstance.py:2073} INFO - Dependencies all met for dep_context=requeueable deps ti=<TaskInstance: etl_pipeline2.load_customers_to_mrr manual__2026-03-26T09:05:16.643004+00:00 [queued]>
[2026-03-26T09:05:17.518+0000] {taskinstance.py:2303} INFO - Starting attempt 1 of 1
[2026-03-26T09:05:17.530+0000] {taskinstance.py:2327} INFO - Executing <Task(PythonOperator): load_customers_to_mrr> on 2026-03-26 09:05:16.643004+00:00
[2026-03-26T09:05:17.537+0000] {logging_mixin.py:188} WARNING - /home/***/.local/lib/python3.12/site-packages/***/task/task_runner/standard_task_runner.py:61 DeprecationWarning: This process (pid=1649) is multi-threaded, use of fork() may lead to deadlocks in the child.
[2026-03-26T09:05:17.539+0000] {standard_task_runner.py:63} INFO - Started process 1653 to run task
[2026-03-26T09:05:17.537+0000] {standard_task_runner.py:90} INFO - Running: ['***', 'tasks', 'run', 'etl_pipeline2', 'load_customers_to_mrr', 'manual__2026-03-26T09:05:16.643004+00:00', '--job-id', '307', '--raw', '--subdir', 'DAGS_FOLDER/etl_pipeline2.py', '--cfg-path', '/tmp/tmpz200pzpw']
[2026-03-26T09:05:17.539+0000] {standard_task_runner.py:91} INFO - Job 307: Subtask load_customers_to_mrr
[2026-03-26T09:05:17.593+0000] {task_command.py:426} INFO - Running <TaskInstance: etl_pipeline2.load_customers_to_mrr manual__2026-03-26T09:05:16.643004+00:00 [running]> on host 3ccff2366b2a
[2026-03-26T09:05:17.661+0000] {taskinstance.py:2644} INFO - Exporting env vars: AIRFLOW_CTX_DAG_OWNER='***' AIRFLOW_CTX_DAG_ID='etl_pipeline2' AIRFLOW_CTX_TASK_ID='load_customers_to_mrr' AIRFLOW_CTX_EXECUTION_DATE='2026-03-26T09:05:16.643004+00:00' AIRFLOW_CTX_TRY_NUMBER='1' AIRFLOW_CTX_DAG_RUN_ID='manual__2026-03-26T09:05:16.643004+00:00'
[2026-03-26T09:05:17.662+0000] {taskinstance.py:430} INFO - ::endgroup::
[2026-03-26T09:05:17.683+0000] {base.py:84} INFO - Using connection ID 'postgres_dwh' for task execution.
[2026-03-26T09:05:17.696+0000] {sql.py:457} INFO - Running statement: 
        SELECT last_loaded_at
        FROM dwh_high_water_mark
        WHERE table_name = %s
    , parameters: ('customers',)
[2026-03-26T09:05:17.699+0000] {sql.py:466} INFO - Rows affected: 1
[2026-03-26T09:05:17.703+0000] {logging_mixin.py:188} WARNING - /home/***/.local/lib/python3.12/site-packages/***/providers/common/sql/hooks/sql.py:407 AirflowProviderDeprecationWarning: Call to deprecated method _make_common_data_structure. (The `_make_serializable` method is deprecated and support will be removed in a future version of the common.sql provider. Please update the DbApiHook's provider to a version based on common.sql >= 1.9.1.)
[2026-03-26T09:05:17.709+0000] {base.py:84} INFO - Using connection ID 'postgres_operational' for task execution.
[2026-03-26T09:05:17.719+0000] {sql.py:457} INFO - Running statement: 
        SELECT customer_id, company_name, contact_name, address, contact_title, city, region, postal_code, country, phone, fax, updated_at
        FROM customers
        WHERE updated_at > %s
    , parameters: (datetime.datetime(2026, 3, 25, 10, 26, 45, 352579),)
[2026-03-26T09:05:17.722+0000] {sql.py:466} INFO - Rows affected: 0
[2026-03-26T09:05:17.723+0000] {logging_mixin.py:188} INFO - No new data for customers
[2026-03-26T09:05:17.725+0000] {python.py:237} INFO - Done. Returned value was: None
[2026-03-26T09:05:17.726+0000] {taskinstance.py:441} INFO - ::group::Post task execution logs
[2026-03-26T09:05:17.732+0000] {taskinstance.py:1205} INFO - Marking task as SUCCESS. dag_id=etl_pipeline2, task_id=load_customers_to_mrr, execution_date=20260326T090516, start_date=20260326T090517, end_date=20260326T090517
[2026-03-26T09:05:17.734+0000] {base.py:84} INFO - Using connection ID 'postgres_dwh' for task execution.
[2026-03-26T09:05:17.746+0000] {sql.py:457} INFO - Running statement: 
        INSERT INTO etl_logs (
            dag_id, task_id, status, start_time, end_time, duration_seconds, error_message
        )
        VALUES (%s, %s, %s, %s, %s, %s, %s)
    , parameters: ('etl_pipeline2', 'load_customers_to_mrr', 'SUCCESS', datetime.datetime(2026, 3, 26, 9, 5, 17, 512074), datetime.datetime(2026, 3, 26, 9, 5, 17, 733033), 0, None)
[2026-03-26T09:05:17.749+0000] {sql.py:466} INFO - Rows affected: 1
[2026-03-26T09:05:17.751+0000] {logging_mixin.py:188} INFO - SUCCESS CALLBACK TRIGGERED
[2026-03-26T09:05:17.793+0000] {local_task_job_runner.py:240} INFO - Task exited with return code 0
[2026-03-26T09:05:17.810+0000] {taskinstance.py:3482} INFO - 0 downstream tasks scheduled from follow-on schedule check
[2026-03-26T09:05:17.814+0000] {local_task_job_runner.py:222} INFO - ::endgroup::
