[2026-03-24T14:43:39.587+0000] {local_task_job_runner.py:120} INFO - ::group::Pre task execution logs
[2026-03-24T14:43:39.608+0000] {taskinstance.py:2073} INFO - Dependencies all met for dep_context=non-requeueable deps ti=<TaskInstance: etl_pipeline2.stg_to_dwh manual__2026-03-24T14:43:26.405522+00:00 [queued]>
[2026-03-24T14:43:39.614+0000] {taskinstance.py:2073} INFO - Dependencies all met for dep_context=requeueable deps ti=<TaskInstance: etl_pipeline2.stg_to_dwh manual__2026-03-24T14:43:26.405522+00:00 [queued]>
[2026-03-24T14:43:39.615+0000] {taskinstance.py:2303} INFO - Starting attempt 1 of 1
[2026-03-24T14:43:39.624+0000] {taskinstance.py:2327} INFO - Executing <Task(PythonOperator): stg_to_dwh> on 2026-03-24 14:43:26.405522+00:00
[2026-03-24T14:43:39.630+0000] {standard_task_runner.py:90} INFO - Running: ['***', 'tasks', 'run', 'etl_pipeline2', 'stg_to_dwh', 'manual__2026-03-24T14:43:26.405522+00:00', '--job-id', '167', '--raw', '--subdir', 'DAGS_FOLDER/etl_pipeline2.py', '--cfg-path', '/tmp/tmp5fwwa69r']
[2026-03-24T14:43:39.631+0000] {logging_mixin.py:188} WARNING - /home/***/.local/lib/python3.12/site-packages/***/task/task_runner/standard_task_runner.py:61 DeprecationWarning: This process (pid=677) is multi-threaded, use of fork() may lead to deadlocks in the child.
[2026-03-24T14:43:39.632+0000] {standard_task_runner.py:91} INFO - Job 167: Subtask stg_to_dwh
[2026-03-24T14:43:39.632+0000] {standard_task_runner.py:63} INFO - Started process 678 to run task
[2026-03-24T14:43:39.678+0000] {task_command.py:426} INFO - Running <TaskInstance: etl_pipeline2.stg_to_dwh manual__2026-03-24T14:43:26.405522+00:00 [running]> on host 3ccff2366b2a
[2026-03-24T14:43:39.737+0000] {taskinstance.py:2644} INFO - Exporting env vars: AIRFLOW_CTX_DAG_OWNER='***' AIRFLOW_CTX_DAG_ID='etl_pipeline2' AIRFLOW_CTX_TASK_ID='stg_to_dwh' AIRFLOW_CTX_EXECUTION_DATE='2026-03-24T14:43:26.405522+00:00' AIRFLOW_CTX_TRY_NUMBER='1' AIRFLOW_CTX_DAG_RUN_ID='manual__2026-03-24T14:43:26.405522+00:00'
[2026-03-24T14:43:39.739+0000] {taskinstance.py:430} INFO - ::endgroup::
[2026-03-24T14:43:39.754+0000] {base.py:84} INFO - Using connection ID 'postgres_dwh' for task execution.
[2026-03-24T14:43:39.767+0000] {sql.py:457} INFO - Running statement: TRUNCATE dwh_fact_orders, parameters: None
[2026-03-24T14:43:39.780+0000] {base.py:84} INFO - Using connection ID 'postgres_stg' for task execution.
[2026-03-24T14:43:39.790+0000] {sql.py:457} INFO - Running statement: SELECT * FROM stg_fact_orders, parameters: None
[2026-03-24T14:43:39.802+0000] {sql.py:466} INFO - Rows affected: 1660
[2026-03-24T14:43:39.808+0000] {logging_mixin.py:188} WARNING - /home/***/.local/lib/python3.12/site-packages/***/providers/common/sql/hooks/sql.py:407 AirflowProviderDeprecationWarning: Call to deprecated method _make_common_data_structure. (The `_make_serializable` method is deprecated and support will be removed in a future version of the common.sql provider. Please update the DbApiHook's provider to a version based on common.sql >= 1.9.1.)
[2026-03-24T14:43:39.815+0000] {base.py:84} INFO - Using connection ID 'postgres_dwh' for task execution.
[2026-03-24T14:43:40.864+0000] {sql.py:576} INFO - Loaded 1000 rows into dwh_fact_orders so far
[2026-03-24T14:43:41.490+0000] {sql.py:580} INFO - Done loading. Loaded a total of 1660 rows into dwh_fact_orders
[2026-03-24T14:43:41.496+0000] {base.py:84} INFO - Using connection ID 'postgres_dwh' for task execution.
[2026-03-24T14:43:41.505+0000] {sql.py:457} INFO - Running statement: TRUNCATE dwh_dim_customers, parameters: None
[2026-03-24T14:43:41.516+0000] {base.py:84} INFO - Using connection ID 'postgres_stg' for task execution.
[2026-03-24T14:43:41.530+0000] {sql.py:457} INFO - Running statement: SELECT * FROM stg_dim_customers, parameters: None
[2026-03-24T14:43:41.534+0000] {sql.py:466} INFO - Rows affected: 183
[2026-03-24T14:43:41.540+0000] {base.py:84} INFO - Using connection ID 'postgres_dwh' for task execution.
[2026-03-24T14:43:41.734+0000] {sql.py:580} INFO - Done loading. Loaded a total of 183 rows into dwh_dim_customers
[2026-03-24T14:43:41.740+0000] {base.py:84} INFO - Using connection ID 'postgres_dwh' for task execution.
[2026-03-24T14:43:41.750+0000] {sql.py:457} INFO - Running statement: TRUNCATE dwh_dim_products, parameters: None
[2026-03-24T14:43:41.760+0000] {base.py:84} INFO - Using connection ID 'postgres_stg' for task execution.
[2026-03-24T14:43:41.769+0000] {sql.py:457} INFO - Running statement: SELECT * FROM stg_dim_products, parameters: None
[2026-03-24T14:43:41.773+0000] {sql.py:466} INFO - Rows affected: 231
[2026-03-24T14:43:41.779+0000] {base.py:84} INFO - Using connection ID 'postgres_dwh' for task execution.
[2026-03-24T14:43:42.017+0000] {sql.py:580} INFO - Done loading. Loaded a total of 231 rows into dwh_dim_products
[2026-03-24T14:43:42.022+0000] {base.py:84} INFO - Using connection ID 'postgres_dwh' for task execution.
[2026-03-24T14:43:42.034+0000] {sql.py:457} INFO - Running statement: TRUNCATE dwh_fact_order_details, parameters: None
[2026-03-24T14:43:42.044+0000] {base.py:84} INFO - Using connection ID 'postgres_stg' for task execution.
[2026-03-24T14:43:42.054+0000] {sql.py:457} INFO - Running statement: SELECT * FROM stg_fact_order_details, parameters: None
[2026-03-24T14:43:42.076+0000] {sql.py:466} INFO - Rows affected: 6465
[2026-03-24T14:43:42.087+0000] {base.py:84} INFO - Using connection ID 'postgres_dwh' for task execution.
[2026-03-24T14:43:43.077+0000] {sql.py:576} INFO - Loaded 1000 rows into dwh_fact_order_details so far
[2026-03-24T14:43:44.067+0000] {sql.py:576} INFO - Loaded 2000 rows into dwh_fact_order_details so far
[2026-03-24T14:43:45.037+0000] {sql.py:576} INFO - Loaded 3000 rows into dwh_fact_order_details so far
[2026-03-24T14:43:46.046+0000] {sql.py:576} INFO - Loaded 4000 rows into dwh_fact_order_details so far
[2026-03-24T14:43:47.022+0000] {sql.py:576} INFO - Loaded 5000 rows into dwh_fact_order_details so far
[2026-03-24T14:43:47.970+0000] {sql.py:576} INFO - Loaded 6000 rows into dwh_fact_order_details so far
[2026-03-24T14:43:48.418+0000] {sql.py:580} INFO - Done loading. Loaded a total of 6465 rows into dwh_fact_order_details
[2026-03-24T14:43:48.419+0000] {python.py:237} INFO - Done. Returned value was: None
[2026-03-24T14:43:48.420+0000] {taskinstance.py:441} INFO - ::group::Post task execution logs
[2026-03-24T14:43:48.426+0000] {taskinstance.py:1205} INFO - Marking task as SUCCESS. dag_id=etl_pipeline2, task_id=stg_to_dwh, execution_date=20260324T144326, start_date=20260324T144339, end_date=20260324T144348
[2026-03-24T14:43:48.467+0000] {local_task_job_runner.py:240} INFO - Task exited with return code 0
[2026-03-24T14:43:48.479+0000] {taskinstance.py:3482} INFO - 0 downstream tasks scheduled from follow-on schedule check
[2026-03-24T14:43:48.481+0000] {local_task_job_runner.py:222} INFO - ::endgroup::
