[2026-03-25T09:07:30.365+0000] {local_task_job_runner.py:120} INFO - ::group::Pre task execution logs
[2026-03-25T09:07:30.392+0000] {taskinstance.py:2073} INFO - Dependencies all met for dep_context=non-requeueable deps ti=<TaskInstance: etl_pipeline2.stg_to_dwh manual__2026-03-25T09:07:19.526208+00:00 [queued]>
[2026-03-25T09:07:30.399+0000] {taskinstance.py:2073} INFO - Dependencies all met for dep_context=requeueable deps ti=<TaskInstance: etl_pipeline2.stg_to_dwh manual__2026-03-25T09:07:19.526208+00:00 [queued]>
[2026-03-25T09:07:30.399+0000] {taskinstance.py:2303} INFO - Starting attempt 1 of 1
[2026-03-25T09:07:30.408+0000] {taskinstance.py:2327} INFO - Executing <Task(PythonOperator): stg_to_dwh> on 2026-03-25 09:07:19.526208+00:00
[2026-03-25T09:07:30.414+0000] {standard_task_runner.py:90} INFO - Running: ['***', 'tasks', 'run', 'etl_pipeline2', 'stg_to_dwh', 'manual__2026-03-25T09:07:19.526208+00:00', '--job-id', '210', '--raw', '--subdir', 'DAGS_FOLDER/etl_pipeline2.py', '--cfg-path', '/tmp/tmpmtbboqb3']
[2026-03-25T09:07:30.415+0000] {logging_mixin.py:188} WARNING - /home/***/.local/lib/python3.12/site-packages/***/task/task_runner/standard_task_runner.py:61 DeprecationWarning: This process (pid=1322) is multi-threaded, use of fork() may lead to deadlocks in the child.
[2026-03-25T09:07:30.416+0000] {standard_task_runner.py:91} INFO - Job 210: Subtask stg_to_dwh
[2026-03-25T09:07:30.416+0000] {standard_task_runner.py:63} INFO - Started process 1323 to run task
[2026-03-25T09:07:30.460+0000] {task_command.py:426} INFO - Running <TaskInstance: etl_pipeline2.stg_to_dwh manual__2026-03-25T09:07:19.526208+00:00 [running]> on host 3ccff2366b2a
[2026-03-25T09:07:30.520+0000] {taskinstance.py:2644} INFO - Exporting env vars: AIRFLOW_CTX_DAG_OWNER='***' AIRFLOW_CTX_DAG_ID='etl_pipeline2' AIRFLOW_CTX_TASK_ID='stg_to_dwh' AIRFLOW_CTX_EXECUTION_DATE='2026-03-25T09:07:19.526208+00:00' AIRFLOW_CTX_TRY_NUMBER='1' AIRFLOW_CTX_DAG_RUN_ID='manual__2026-03-25T09:07:19.526208+00:00'
[2026-03-25T09:07:30.521+0000] {taskinstance.py:430} INFO - ::endgroup::
[2026-03-25T09:07:30.535+0000] {base.py:84} INFO - Using connection ID 'postgres_dwh' for task execution.
[2026-03-25T09:07:30.547+0000] {sql.py:457} INFO - Running statement: TRUNCATE dwh_fact_orders, parameters: None
[2026-03-25T09:07:30.560+0000] {base.py:84} INFO - Using connection ID 'postgres_stg' for task execution.
[2026-03-25T09:07:30.570+0000] {sql.py:457} INFO - Running statement: SELECT * FROM stg_fact_orders, parameters: None
[2026-03-25T09:07:30.578+0000] {sql.py:466} INFO - Rows affected: 830
[2026-03-25T09:07:30.583+0000] {logging_mixin.py:188} WARNING - /home/***/.local/lib/python3.12/site-packages/***/providers/common/sql/hooks/sql.py:407 AirflowProviderDeprecationWarning: Call to deprecated method _make_common_data_structure. (The `_make_serializable` method is deprecated and support will be removed in a future version of the common.sql provider. Please update the DbApiHook's provider to a version based on common.sql >= 1.9.1.)
[2026-03-25T09:07:30.589+0000] {base.py:84} INFO - Using connection ID 'postgres_dwh' for task execution.
[2026-03-25T09:07:31.399+0000] {sql.py:580} INFO - Done loading. Loaded a total of 830 rows into dwh_fact_orders
[2026-03-25T09:07:31.404+0000] {base.py:84} INFO - Using connection ID 'postgres_dwh' for task execution.
[2026-03-25T09:07:31.414+0000] {sql.py:457} INFO - Running statement: TRUNCATE dwh_dim_customers, parameters: None
[2026-03-25T09:07:31.425+0000] {base.py:84} INFO - Using connection ID 'postgres_stg' for task execution.
[2026-03-25T09:07:31.434+0000] {sql.py:457} INFO - Running statement: SELECT * FROM stg_dim_customers, parameters: None
[2026-03-25T09:07:31.438+0000] {sql.py:466} INFO - Rows affected: 184
[2026-03-25T09:07:31.444+0000] {base.py:84} INFO - Using connection ID 'postgres_dwh' for task execution.
[2026-03-25T09:07:31.638+0000] {sql.py:580} INFO - Done loading. Loaded a total of 184 rows into dwh_dim_customers
[2026-03-25T09:07:31.643+0000] {base.py:84} INFO - Using connection ID 'postgres_dwh' for task execution.
[2026-03-25T09:07:31.652+0000] {sql.py:457} INFO - Running statement: TRUNCATE dwh_dim_products, parameters: None
[2026-03-25T09:07:31.660+0000] {base.py:84} INFO - Using connection ID 'postgres_stg' for task execution.
[2026-03-25T09:07:31.670+0000] {sql.py:457} INFO - Running statement: SELECT * FROM stg_dim_products, parameters: None
[2026-03-25T09:07:31.673+0000] {sql.py:466} INFO - Rows affected: 231
[2026-03-25T09:07:31.679+0000] {base.py:84} INFO - Using connection ID 'postgres_dwh' for task execution.
[2026-03-25T09:07:31.905+0000] {sql.py:580} INFO - Done loading. Loaded a total of 231 rows into dwh_dim_products
[2026-03-25T09:07:31.909+0000] {base.py:84} INFO - Using connection ID 'postgres_dwh' for task execution.
[2026-03-25T09:07:31.918+0000] {sql.py:457} INFO - Running statement: TRUNCATE dwh_fact_order_details, parameters: None
[2026-03-25T09:07:31.927+0000] {base.py:84} INFO - Using connection ID 'postgres_stg' for task execution.
[2026-03-25T09:07:31.937+0000] {sql.py:457} INFO - Running statement: SELECT * FROM stg_fact_order_details, parameters: None
[2026-03-25T09:07:31.965+0000] {sql.py:466} INFO - Rows affected: 6466
[2026-03-25T09:07:31.975+0000] {base.py:84} INFO - Using connection ID 'postgres_dwh' for task execution.
[2026-03-25T09:07:32.939+0000] {sql.py:576} INFO - Loaded 1000 rows into dwh_fact_order_details so far
[2026-03-25T09:07:33.832+0000] {sql.py:576} INFO - Loaded 2000 rows into dwh_fact_order_details so far
[2026-03-25T09:07:34.718+0000] {sql.py:576} INFO - Loaded 3000 rows into dwh_fact_order_details so far
[2026-03-25T09:07:35.621+0000] {sql.py:576} INFO - Loaded 4000 rows into dwh_fact_order_details so far
[2026-03-25T09:07:36.524+0000] {sql.py:576} INFO - Loaded 5000 rows into dwh_fact_order_details so far
[2026-03-25T09:07:37.476+0000] {sql.py:576} INFO - Loaded 6000 rows into dwh_fact_order_details so far
[2026-03-25T09:07:37.905+0000] {sql.py:580} INFO - Done loading. Loaded a total of 6466 rows into dwh_fact_order_details
[2026-03-25T09:07:37.906+0000] {python.py:237} INFO - Done. Returned value was: None
[2026-03-25T09:07:37.906+0000] {taskinstance.py:441} INFO - ::group::Post task execution logs
[2026-03-25T09:07:37.912+0000] {taskinstance.py:1205} INFO - Marking task as SUCCESS. dag_id=etl_pipeline2, task_id=stg_to_dwh, execution_date=20260325T090719, start_date=20260325T090730, end_date=20260325T090737
[2026-03-25T09:07:37.915+0000] {base.py:84} INFO - Using connection ID 'postgres_dwh' for task execution.
[2026-03-25T09:07:37.925+0000] {sql.py:457} INFO - Running statement: 
        INSERT INTO etl_logs (
            dag_id, task_id, status, start_time, end_time, duration_seconds, error_message
        )
        VALUES (%s, %s, %s, %s, %s, %s, %s)
    , parameters: ('etl_pipeline2', 'stg_to_dwh', 'SUCCESS', datetime.datetime(2026, 3, 25, 9, 7, 30, 393028), datetime.datetime(2026, 3, 25, 9, 7, 37, 913166), 7, None)
[2026-03-25T09:07:37.928+0000] {sql.py:466} INFO - Rows affected: 1
[2026-03-25T09:07:37.931+0000] {logging_mixin.py:188} INFO - SUCCESS CALLBACK TRIGGERED
[2026-03-25T09:07:37.950+0000] {local_task_job_runner.py:240} INFO - Task exited with return code 0
[2026-03-25T09:07:37.961+0000] {taskinstance.py:3482} INFO - 0 downstream tasks scheduled from follow-on schedule check
[2026-03-25T09:07:37.963+0000] {local_task_job_runner.py:222} INFO - ::endgroup::
