[2026-03-25T10:05:06.625+0000] {processor.py:161} INFO - Started process (PID=172) to work on /opt/airflow/dags/etl_pipeline_fixed.py
[2026-03-25T10:05:06.626+0000] {processor.py:830} INFO - Processing file /opt/airflow/dags/etl_pipeline_fixed.py for tasks to queue
[2026-03-25T10:05:06.628+0000] {logging_mixin.py:188} INFO - [2026-03-25T10:05:06.627+0000] {dagbag.py:540} INFO - Filling up the DagBag from /opt/airflow/dags/etl_pipeline_fixed.py
[2026-03-25T10:05:06.659+0000] {processor.py:840} INFO - DAG(s) 'etl_pipeline_fixed' retrieved from /opt/airflow/dags/etl_pipeline_fixed.py
[2026-03-25T10:05:06.803+0000] {logging_mixin.py:188} INFO - [2026-03-25T10:05:06.802+0000] {override.py:1829} INFO - Created Permission View: can delete on DAG:etl_pipeline_fixed
[2026-03-25T10:05:06.812+0000] {logging_mixin.py:188} INFO - [2026-03-25T10:05:06.812+0000] {override.py:1829} INFO - Created Permission View: can read on DAG:etl_pipeline_fixed
[2026-03-25T10:05:06.818+0000] {logging_mixin.py:188} INFO - [2026-03-25T10:05:06.817+0000] {override.py:1829} INFO - Created Permission View: can edit on DAG:etl_pipeline_fixed
[2026-03-25T10:05:06.818+0000] {logging_mixin.py:188} INFO - [2026-03-25T10:05:06.818+0000] {dag.py:3096} INFO - Sync 1 DAGs
[2026-03-25T10:05:06.827+0000] {logging_mixin.py:188} INFO - [2026-03-25T10:05:06.827+0000] {dag.py:3118} INFO - Creating ORM DAG for etl_pipeline_fixed
[2026-03-25T10:05:06.836+0000] {logging_mixin.py:188} INFO - [2026-03-25T10:05:06.836+0000] {dag.py:3954} INFO - Setting next_dagrun for etl_pipeline_fixed to 2026-03-24 00:00:00+00:00, run_after=2026-03-25 00:00:00+00:00
[2026-03-25T10:05:06.914+0000] {processor.py:183} INFO - Processing /opt/airflow/dags/etl_pipeline_fixed.py took 0.297 seconds
[2026-03-25T10:05:37.348+0000] {processor.py:161} INFO - Started process (PID=208) to work on /opt/airflow/dags/etl_pipeline_fixed.py
[2026-03-25T10:05:37.349+0000] {processor.py:830} INFO - Processing file /opt/airflow/dags/etl_pipeline_fixed.py for tasks to queue
[2026-03-25T10:05:37.351+0000] {logging_mixin.py:188} INFO - [2026-03-25T10:05:37.350+0000] {dagbag.py:540} INFO - Filling up the DagBag from /opt/airflow/dags/etl_pipeline_fixed.py
[2026-03-25T10:05:37.368+0000] {processor.py:840} INFO - DAG(s) 'etl_pipeline_fixed' retrieved from /opt/airflow/dags/etl_pipeline_fixed.py
[2026-03-25T10:05:37.405+0000] {logging_mixin.py:188} INFO - [2026-03-25T10:05:37.404+0000] {dag.py:3096} INFO - Sync 1 DAGs
[2026-03-25T10:05:37.422+0000] {logging_mixin.py:188} INFO - [2026-03-25T10:05:37.422+0000] {dag.py:3954} INFO - Setting next_dagrun for etl_pipeline_fixed to 2026-03-25 00:00:00+00:00, run_after=2026-03-26 00:00:00+00:00
[2026-03-25T10:05:37.438+0000] {processor.py:183} INFO - Processing /opt/airflow/dags/etl_pipeline_fixed.py took 0.095 seconds
[2026-03-25T10:06:07.844+0000] {processor.py:161} INFO - Started process (PID=228) to work on /opt/airflow/dags/etl_pipeline_fixed.py
[2026-03-25T10:06:07.845+0000] {processor.py:830} INFO - Processing file /opt/airflow/dags/etl_pipeline_fixed.py for tasks to queue
[2026-03-25T10:06:07.847+0000] {logging_mixin.py:188} INFO - [2026-03-25T10:06:07.846+0000] {dagbag.py:540} INFO - Filling up the DagBag from /opt/airflow/dags/etl_pipeline_fixed.py
[2026-03-25T10:06:07.867+0000] {processor.py:840} INFO - DAG(s) 'etl_pipeline_fixed' retrieved from /opt/airflow/dags/etl_pipeline_fixed.py
[2026-03-25T10:06:07.909+0000] {logging_mixin.py:188} INFO - [2026-03-25T10:06:07.909+0000] {dag.py:3096} INFO - Sync 1 DAGs
[2026-03-25T10:06:07.926+0000] {logging_mixin.py:188} INFO - [2026-03-25T10:06:07.925+0000] {dag.py:3954} INFO - Setting next_dagrun for etl_pipeline_fixed to 2026-03-25 00:00:00+00:00, run_after=2026-03-26 00:00:00+00:00
[2026-03-25T10:06:07.940+0000] {processor.py:183} INFO - Processing /opt/airflow/dags/etl_pipeline_fixed.py took 0.100 seconds
[2026-03-25T10:06:16.192+0000] {processor.py:161} INFO - Started process (PID=248) to work on /opt/airflow/dags/etl_pipeline_fixed.py
[2026-03-25T10:06:16.193+0000] {processor.py:830} INFO - Processing file /opt/airflow/dags/etl_pipeline_fixed.py for tasks to queue
[2026-03-25T10:06:16.194+0000] {logging_mixin.py:188} INFO - [2026-03-25T10:06:16.194+0000] {dagbag.py:540} INFO - Filling up the DagBag from /opt/airflow/dags/etl_pipeline_fixed.py
[2026-03-25T10:06:16.220+0000] {processor.py:840} INFO - DAG(s) 'etl_pipeline_fixed' retrieved from /opt/airflow/dags/etl_pipeline_fixed.py
[2026-03-25T10:06:16.334+0000] {logging_mixin.py:188} INFO - [2026-03-25T10:06:16.333+0000] {dag.py:3096} INFO - Sync 1 DAGs
[2026-03-25T10:06:16.349+0000] {logging_mixin.py:188} INFO - [2026-03-25T10:06:16.349+0000] {dag.py:3954} INFO - Setting next_dagrun for etl_pipeline_fixed to 2026-03-25 00:00:00+00:00, run_after=2026-03-26 00:00:00+00:00
[2026-03-25T10:06:16.371+0000] {processor.py:183} INFO - Processing /opt/airflow/dags/etl_pipeline_fixed.py took 0.184 seconds
[2026-03-25T10:06:46.680+0000] {processor.py:161} INFO - Started process (PID=292) to work on /opt/airflow/dags/etl_pipeline_fixed.py
[2026-03-25T10:06:46.681+0000] {processor.py:830} INFO - Processing file /opt/airflow/dags/etl_pipeline_fixed.py for tasks to queue
[2026-03-25T10:06:46.682+0000] {logging_mixin.py:188} INFO - [2026-03-25T10:06:46.682+0000] {dagbag.py:540} INFO - Filling up the DagBag from /opt/airflow/dags/etl_pipeline_fixed.py
[2026-03-25T10:06:46.702+0000] {processor.py:840} INFO - DAG(s) 'etl_pipeline_fixed' retrieved from /opt/airflow/dags/etl_pipeline_fixed.py
[2026-03-25T10:06:46.744+0000] {logging_mixin.py:188} INFO - [2026-03-25T10:06:46.743+0000] {dag.py:3096} INFO - Sync 1 DAGs
[2026-03-25T10:06:46.761+0000] {logging_mixin.py:188} INFO - [2026-03-25T10:06:46.761+0000] {dag.py:3954} INFO - Setting next_dagrun for etl_pipeline_fixed to 2026-03-25 00:00:00+00:00, run_after=2026-03-26 00:00:00+00:00
[2026-03-25T10:06:46.775+0000] {processor.py:183} INFO - Processing /opt/airflow/dags/etl_pipeline_fixed.py took 0.100 seconds
[2026-03-25T10:07:17.256+0000] {processor.py:161} INFO - Started process (PID=312) to work on /opt/airflow/dags/etl_pipeline_fixed.py
[2026-03-25T10:07:17.257+0000] {processor.py:830} INFO - Processing file /opt/airflow/dags/etl_pipeline_fixed.py for tasks to queue
[2026-03-25T10:07:17.258+0000] {logging_mixin.py:188} INFO - [2026-03-25T10:07:17.258+0000] {dagbag.py:540} INFO - Filling up the DagBag from /opt/airflow/dags/etl_pipeline_fixed.py
[2026-03-25T10:07:17.275+0000] {processor.py:840} INFO - DAG(s) 'etl_pipeline_fixed' retrieved from /opt/airflow/dags/etl_pipeline_fixed.py
[2026-03-25T10:07:17.310+0000] {logging_mixin.py:188} INFO - [2026-03-25T10:07:17.310+0000] {dag.py:3096} INFO - Sync 1 DAGs
[2026-03-25T10:07:17.324+0000] {logging_mixin.py:188} INFO - [2026-03-25T10:07:17.324+0000] {dag.py:3954} INFO - Setting next_dagrun for etl_pipeline_fixed to 2026-03-25 00:00:00+00:00, run_after=2026-03-26 00:00:00+00:00
[2026-03-25T10:07:17.338+0000] {processor.py:183} INFO - Processing /opt/airflow/dags/etl_pipeline_fixed.py took 0.086 seconds
[2026-03-25T10:07:47.794+0000] {processor.py:161} INFO - Started process (PID=356) to work on /opt/airflow/dags/etl_pipeline_fixed.py
[2026-03-25T10:07:47.795+0000] {processor.py:830} INFO - Processing file /opt/airflow/dags/etl_pipeline_fixed.py for tasks to queue
[2026-03-25T10:07:47.797+0000] {logging_mixin.py:188} INFO - [2026-03-25T10:07:47.796+0000] {dagbag.py:540} INFO - Filling up the DagBag from /opt/airflow/dags/etl_pipeline_fixed.py
[2026-03-25T10:07:47.815+0000] {processor.py:840} INFO - DAG(s) 'etl_pipeline_fixed' retrieved from /opt/airflow/dags/etl_pipeline_fixed.py
[2026-03-25T10:07:47.860+0000] {logging_mixin.py:188} INFO - [2026-03-25T10:07:47.860+0000] {dag.py:3096} INFO - Sync 1 DAGs
[2026-03-25T10:07:47.880+0000] {logging_mixin.py:188} INFO - [2026-03-25T10:07:47.880+0000] {dag.py:3954} INFO - Setting next_dagrun for etl_pipeline_fixed to 2026-03-25 00:00:00+00:00, run_after=2026-03-26 00:00:00+00:00
[2026-03-25T10:07:47.899+0000] {processor.py:183} INFO - Processing /opt/airflow/dags/etl_pipeline_fixed.py took 0.108 seconds
[2026-03-25T10:07:59.045+0000] {processor.py:161} INFO - Started process (PID=361) to work on /opt/airflow/dags/etl_pipeline_fixed.py
[2026-03-25T10:07:59.046+0000] {processor.py:830} INFO - Processing file /opt/airflow/dags/etl_pipeline_fixed.py for tasks to queue
[2026-03-25T10:07:59.048+0000] {logging_mixin.py:188} INFO - [2026-03-25T10:07:59.047+0000] {dagbag.py:540} INFO - Filling up the DagBag from /opt/airflow/dags/etl_pipeline_fixed.py
[2026-03-25T10:07:59.079+0000] {processor.py:840} INFO - DAG(s) 'etl_pipeline_fixed' retrieved from /opt/airflow/dags/etl_pipeline_fixed.py
[2026-03-25T10:07:59.133+0000] {logging_mixin.py:188} INFO - [2026-03-25T10:07:59.133+0000] {dag.py:3096} INFO - Sync 1 DAGs
[2026-03-25T10:07:59.149+0000] {logging_mixin.py:188} INFO - [2026-03-25T10:07:59.149+0000] {dag.py:3954} INFO - Setting next_dagrun for etl_pipeline_fixed to 2026-03-25 00:00:00+00:00, run_after=2026-03-26 00:00:00+00:00
[2026-03-25T10:07:59.167+0000] {processor.py:183} INFO - Processing /opt/airflow/dags/etl_pipeline_fixed.py took 0.126 seconds
[2026-03-25T10:07:59.205+0000] {processor.py:161} INFO - Started process (PID=366) to work on /opt/airflow/dags/etl_pipeline_fixed.py
[2026-03-25T10:07:59.206+0000] {processor.py:830} INFO - Processing file /opt/airflow/dags/etl_pipeline_fixed.py for tasks to queue
[2026-03-25T10:07:59.208+0000] {logging_mixin.py:188} INFO - [2026-03-25T10:07:59.208+0000] {dagbag.py:540} INFO - Filling up the DagBag from /opt/airflow/dags/etl_pipeline_fixed.py
[2026-03-25T10:07:59.225+0000] {processor.py:840} INFO - DAG(s) 'etl_pipeline_fixed' retrieved from /opt/airflow/dags/etl_pipeline_fixed.py
[2026-03-25T10:07:59.266+0000] {logging_mixin.py:188} INFO - [2026-03-25T10:07:59.266+0000] {dag.py:3096} INFO - Sync 1 DAGs
[2026-03-25T10:07:59.282+0000] {logging_mixin.py:188} INFO - [2026-03-25T10:07:59.281+0000] {dag.py:3954} INFO - Setting next_dagrun for etl_pipeline_fixed to 2026-03-25 00:00:00+00:00, run_after=2026-03-26 00:00:00+00:00
[2026-03-25T10:07:59.298+0000] {processor.py:183} INFO - Processing /opt/airflow/dags/etl_pipeline_fixed.py took 0.097 seconds
[2026-03-25T10:07:59.342+0000] {processor.py:161} INFO - Started process (PID=371) to work on /opt/airflow/dags/etl_pipeline_fixed.py
[2026-03-25T10:07:59.343+0000] {processor.py:830} INFO - Processing file /opt/airflow/dags/etl_pipeline_fixed.py for tasks to queue
[2026-03-25T10:07:59.345+0000] {logging_mixin.py:188} INFO - [2026-03-25T10:07:59.344+0000] {dagbag.py:540} INFO - Filling up the DagBag from /opt/airflow/dags/etl_pipeline_fixed.py
[2026-03-25T10:07:59.364+0000] {processor.py:840} INFO - DAG(s) 'etl_pipeline_fixed' retrieved from /opt/airflow/dags/etl_pipeline_fixed.py
[2026-03-25T10:07:59.402+0000] {logging_mixin.py:188} INFO - [2026-03-25T10:07:59.402+0000] {dag.py:3096} INFO - Sync 1 DAGs
[2026-03-25T10:07:59.417+0000] {logging_mixin.py:188} INFO - [2026-03-25T10:07:59.417+0000] {dag.py:3954} INFO - Setting next_dagrun for etl_pipeline_fixed to 2026-03-25 00:00:00+00:00, run_after=2026-03-26 00:00:00+00:00
[2026-03-25T10:07:59.431+0000] {processor.py:183} INFO - Processing /opt/airflow/dags/etl_pipeline_fixed.py took 0.093 seconds
[2026-03-25T10:07:59.475+0000] {processor.py:161} INFO - Started process (PID=376) to work on /opt/airflow/dags/etl_pipeline_fixed.py
[2026-03-25T10:07:59.476+0000] {processor.py:830} INFO - Processing file /opt/airflow/dags/etl_pipeline_fixed.py for tasks to queue
[2026-03-25T10:07:59.478+0000] {logging_mixin.py:188} INFO - [2026-03-25T10:07:59.478+0000] {dagbag.py:540} INFO - Filling up the DagBag from /opt/airflow/dags/etl_pipeline_fixed.py
[2026-03-25T10:07:59.501+0000] {processor.py:840} INFO - DAG(s) 'etl_pipeline_fixed' retrieved from /opt/airflow/dags/etl_pipeline_fixed.py
[2026-03-25T10:07:59.548+0000] {logging_mixin.py:188} INFO - [2026-03-25T10:07:59.547+0000] {dag.py:3096} INFO - Sync 1 DAGs
[2026-03-25T10:07:59.563+0000] {logging_mixin.py:188} INFO - [2026-03-25T10:07:59.563+0000] {dag.py:3954} INFO - Setting next_dagrun for etl_pipeline_fixed to 2026-03-25 00:00:00+00:00, run_after=2026-03-26 00:00:00+00:00
[2026-03-25T10:07:59.578+0000] {processor.py:183} INFO - Processing /opt/airflow/dags/etl_pipeline_fixed.py took 0.107 seconds
[2026-03-25T10:08:30.141+0000] {processor.py:161} INFO - Started process (PID=406) to work on /opt/airflow/dags/etl_pipeline_fixed.py
[2026-03-25T10:08:30.142+0000] {processor.py:830} INFO - Processing file /opt/airflow/dags/etl_pipeline_fixed.py for tasks to queue
[2026-03-25T10:08:30.144+0000] {logging_mixin.py:188} INFO - [2026-03-25T10:08:30.144+0000] {dagbag.py:540} INFO - Filling up the DagBag from /opt/airflow/dags/etl_pipeline_fixed.py
[2026-03-25T10:08:30.165+0000] {processor.py:840} INFO - DAG(s) 'etl_pipeline_fixed' retrieved from /opt/airflow/dags/etl_pipeline_fixed.py
[2026-03-25T10:08:30.205+0000] {logging_mixin.py:188} INFO - [2026-03-25T10:08:30.204+0000] {dag.py:3096} INFO - Sync 1 DAGs
[2026-03-25T10:08:30.224+0000] {logging_mixin.py:188} INFO - [2026-03-25T10:08:30.224+0000] {dag.py:3954} INFO - Setting next_dagrun for etl_pipeline_fixed to 2026-03-25 00:00:00+00:00, run_after=2026-03-26 00:00:00+00:00
[2026-03-25T10:08:30.240+0000] {processor.py:183} INFO - Processing /opt/airflow/dags/etl_pipeline_fixed.py took 0.105 seconds
[2026-03-25T10:09:00.573+0000] {processor.py:161} INFO - Started process (PID=426) to work on /opt/airflow/dags/etl_pipeline_fixed.py
[2026-03-25T10:09:00.574+0000] {processor.py:830} INFO - Processing file /opt/airflow/dags/etl_pipeline_fixed.py for tasks to queue
[2026-03-25T10:09:00.577+0000] {logging_mixin.py:188} INFO - [2026-03-25T10:09:00.576+0000] {dagbag.py:540} INFO - Filling up the DagBag from /opt/airflow/dags/etl_pipeline_fixed.py
[2026-03-25T10:09:00.601+0000] {processor.py:840} INFO - DAG(s) 'etl_pipeline_fixed' retrieved from /opt/airflow/dags/etl_pipeline_fixed.py
[2026-03-25T10:09:00.647+0000] {logging_mixin.py:188} INFO - [2026-03-25T10:09:00.647+0000] {dag.py:3096} INFO - Sync 1 DAGs
[2026-03-25T10:09:00.666+0000] {logging_mixin.py:188} INFO - [2026-03-25T10:09:00.665+0000] {dag.py:3954} INFO - Setting next_dagrun for etl_pipeline_fixed to 2026-03-25 00:00:00+00:00, run_after=2026-03-26 00:00:00+00:00
[2026-03-25T10:09:00.680+0000] {processor.py:183} INFO - Processing /opt/airflow/dags/etl_pipeline_fixed.py took 0.111 seconds
[2026-03-25T10:09:31.154+0000] {processor.py:161} INFO - Started process (PID=448) to work on /opt/airflow/dags/etl_pipeline_fixed.py
[2026-03-25T10:09:31.155+0000] {processor.py:830} INFO - Processing file /opt/airflow/dags/etl_pipeline_fixed.py for tasks to queue
[2026-03-25T10:09:31.157+0000] {logging_mixin.py:188} INFO - [2026-03-25T10:09:31.157+0000] {dagbag.py:540} INFO - Filling up the DagBag from /opt/airflow/dags/etl_pipeline_fixed.py
[2026-03-25T10:09:31.172+0000] {processor.py:840} INFO - DAG(s) 'etl_pipeline_fixed' retrieved from /opt/airflow/dags/etl_pipeline_fixed.py
[2026-03-25T10:09:31.207+0000] {logging_mixin.py:188} INFO - [2026-03-25T10:09:31.207+0000] {dag.py:3096} INFO - Sync 1 DAGs
[2026-03-25T10:09:31.223+0000] {logging_mixin.py:188} INFO - [2026-03-25T10:09:31.223+0000] {dag.py:3954} INFO - Setting next_dagrun for etl_pipeline_fixed to 2026-03-25 00:00:00+00:00, run_after=2026-03-26 00:00:00+00:00
[2026-03-25T10:09:31.236+0000] {processor.py:183} INFO - Processing /opt/airflow/dags/etl_pipeline_fixed.py took 0.086 seconds
[2026-03-25T10:10:01.804+0000] {processor.py:161} INFO - Started process (PID=468) to work on /opt/airflow/dags/etl_pipeline_fixed.py
[2026-03-25T10:10:01.805+0000] {processor.py:830} INFO - Processing file /opt/airflow/dags/etl_pipeline_fixed.py for tasks to queue
[2026-03-25T10:10:01.806+0000] {logging_mixin.py:188} INFO - [2026-03-25T10:10:01.806+0000] {dagbag.py:540} INFO - Filling up the DagBag from /opt/airflow/dags/etl_pipeline_fixed.py
[2026-03-25T10:10:01.829+0000] {processor.py:840} INFO - DAG(s) 'etl_pipeline_fixed' retrieved from /opt/airflow/dags/etl_pipeline_fixed.py
[2026-03-25T10:10:01.888+0000] {logging_mixin.py:188} INFO - [2026-03-25T10:10:01.888+0000] {dag.py:3096} INFO - Sync 1 DAGs
[2026-03-25T10:10:01.906+0000] {logging_mixin.py:188} INFO - [2026-03-25T10:10:01.905+0000] {dag.py:3954} INFO - Setting next_dagrun for etl_pipeline_fixed to 2026-03-25 00:00:00+00:00, run_after=2026-03-26 00:00:00+00:00
[2026-03-25T10:10:01.923+0000] {processor.py:183} INFO - Processing /opt/airflow/dags/etl_pipeline_fixed.py took 0.123 seconds
[2026-03-25T10:10:32.450+0000] {processor.py:161} INFO - Started process (PID=490) to work on /opt/airflow/dags/etl_pipeline_fixed.py
[2026-03-25T10:10:32.451+0000] {processor.py:830} INFO - Processing file /opt/airflow/dags/etl_pipeline_fixed.py for tasks to queue
[2026-03-25T10:10:32.453+0000] {logging_mixin.py:188} INFO - [2026-03-25T10:10:32.453+0000] {dagbag.py:540} INFO - Filling up the DagBag from /opt/airflow/dags/etl_pipeline_fixed.py
[2026-03-25T10:10:32.474+0000] {processor.py:840} INFO - DAG(s) 'etl_pipeline_fixed' retrieved from /opt/airflow/dags/etl_pipeline_fixed.py
[2026-03-25T10:10:32.520+0000] {logging_mixin.py:188} INFO - [2026-03-25T10:10:32.520+0000] {dag.py:3096} INFO - Sync 1 DAGs
[2026-03-25T10:10:32.540+0000] {logging_mixin.py:188} INFO - [2026-03-25T10:10:32.539+0000] {dag.py:3954} INFO - Setting next_dagrun for etl_pipeline_fixed to 2026-03-25 00:00:00+00:00, run_after=2026-03-26 00:00:00+00:00
[2026-03-25T10:10:32.557+0000] {processor.py:183} INFO - Processing /opt/airflow/dags/etl_pipeline_fixed.py took 0.112 seconds
[2026-03-25T10:11:03.059+0000] {processor.py:161} INFO - Started process (PID=510) to work on /opt/airflow/dags/etl_pipeline_fixed.py
[2026-03-25T10:11:03.060+0000] {processor.py:830} INFO - Processing file /opt/airflow/dags/etl_pipeline_fixed.py for tasks to queue
[2026-03-25T10:11:03.062+0000] {logging_mixin.py:188} INFO - [2026-03-25T10:11:03.062+0000] {dagbag.py:540} INFO - Filling up the DagBag from /opt/airflow/dags/etl_pipeline_fixed.py
[2026-03-25T10:11:03.095+0000] {processor.py:840} INFO - DAG(s) 'etl_pipeline_fixed' retrieved from /opt/airflow/dags/etl_pipeline_fixed.py
[2026-03-25T10:11:03.138+0000] {logging_mixin.py:188} INFO - [2026-03-25T10:11:03.137+0000] {dag.py:3096} INFO - Sync 1 DAGs
[2026-03-25T10:11:03.153+0000] {logging_mixin.py:188} INFO - [2026-03-25T10:11:03.153+0000] {dag.py:3954} INFO - Setting next_dagrun for etl_pipeline_fixed to 2026-03-25 00:00:00+00:00, run_after=2026-03-26 00:00:00+00:00
[2026-03-25T10:11:03.169+0000] {processor.py:183} INFO - Processing /opt/airflow/dags/etl_pipeline_fixed.py took 0.115 seconds
[2026-03-25T10:11:33.644+0000] {processor.py:161} INFO - Started process (PID=530) to work on /opt/airflow/dags/etl_pipeline_fixed.py
[2026-03-25T10:11:33.645+0000] {processor.py:830} INFO - Processing file /opt/airflow/dags/etl_pipeline_fixed.py for tasks to queue
[2026-03-25T10:11:33.646+0000] {logging_mixin.py:188} INFO - [2026-03-25T10:11:33.646+0000] {dagbag.py:540} INFO - Filling up the DagBag from /opt/airflow/dags/etl_pipeline_fixed.py
[2026-03-25T10:11:33.661+0000] {processor.py:840} INFO - DAG(s) 'etl_pipeline_fixed' retrieved from /opt/airflow/dags/etl_pipeline_fixed.py
[2026-03-25T10:11:33.695+0000] {logging_mixin.py:188} INFO - [2026-03-25T10:11:33.695+0000] {dag.py:3096} INFO - Sync 1 DAGs
[2026-03-25T10:11:33.711+0000] {logging_mixin.py:188} INFO - [2026-03-25T10:11:33.711+0000] {dag.py:3954} INFO - Setting next_dagrun for etl_pipeline_fixed to 2026-03-25 00:00:00+00:00, run_after=2026-03-26 00:00:00+00:00
[2026-03-25T10:11:33.726+0000] {processor.py:183} INFO - Processing /opt/airflow/dags/etl_pipeline_fixed.py took 0.086 seconds
[2026-03-25T10:11:57.219+0000] {processor.py:161} INFO - Started process (PID=550) to work on /opt/airflow/dags/etl_pipeline_fixed.py
[2026-03-25T10:11:57.220+0000] {processor.py:830} INFO - Processing file /opt/airflow/dags/etl_pipeline_fixed.py for tasks to queue
[2026-03-25T10:11:57.221+0000] {logging_mixin.py:188} INFO - [2026-03-25T10:11:57.221+0000] {dagbag.py:540} INFO - Filling up the DagBag from /opt/airflow/dags/etl_pipeline_fixed.py
[2026-03-25T10:11:57.247+0000] {processor.py:840} INFO - DAG(s) 'etl_pipeline_fixed' retrieved from /opt/airflow/dags/etl_pipeline_fixed.py
[2026-03-25T10:11:57.284+0000] {logging_mixin.py:188} INFO - [2026-03-25T10:11:57.284+0000] {dag.py:3096} INFO - Sync 1 DAGs
[2026-03-25T10:11:57.299+0000] {logging_mixin.py:188} INFO - [2026-03-25T10:11:57.299+0000] {dag.py:3954} INFO - Setting next_dagrun for etl_pipeline_fixed to 2026-03-25 00:00:00+00:00, run_after=2026-03-26 00:00:00+00:00
[2026-03-25T10:11:57.323+0000] {processor.py:183} INFO - Processing /opt/airflow/dags/etl_pipeline_fixed.py took 0.108 seconds
[2026-03-25T10:12:29.664+0000] {processor.py:161} INFO - Started process (PID=565) to work on /opt/airflow/dags/etl_pipeline_fixed.py
[2026-03-25T10:12:29.665+0000] {processor.py:830} INFO - Processing file /opt/airflow/dags/etl_pipeline_fixed.py for tasks to queue
[2026-03-25T10:12:29.666+0000] {logging_mixin.py:188} INFO - [2026-03-25T10:12:29.666+0000] {dagbag.py:540} INFO - Filling up the DagBag from /opt/airflow/dags/etl_pipeline_fixed.py
[2026-03-25T10:12:29.682+0000] {processor.py:840} INFO - DAG(s) 'etl_pipeline_fixed' retrieved from /opt/airflow/dags/etl_pipeline_fixed.py
[2026-03-25T10:12:29.722+0000] {logging_mixin.py:188} INFO - [2026-03-25T10:12:29.722+0000] {dag.py:3096} INFO - Sync 1 DAGs
[2026-03-25T10:12:29.740+0000] {logging_mixin.py:188} INFO - [2026-03-25T10:12:29.740+0000] {dag.py:3954} INFO - Setting next_dagrun for etl_pipeline_fixed to 2026-03-25 00:00:00+00:00, run_after=2026-03-26 00:00:00+00:00
[2026-03-25T10:12:29.760+0000] {processor.py:183} INFO - Processing /opt/airflow/dags/etl_pipeline_fixed.py took 0.100 seconds
[2026-03-25T10:13:02.336+0000] {processor.py:161} INFO - Started process (PID=585) to work on /opt/airflow/dags/etl_pipeline_fixed.py
[2026-03-25T10:13:02.337+0000] {processor.py:830} INFO - Processing file /opt/airflow/dags/etl_pipeline_fixed.py for tasks to queue
[2026-03-25T10:13:02.339+0000] {logging_mixin.py:188} INFO - [2026-03-25T10:13:02.339+0000] {dagbag.py:540} INFO - Filling up the DagBag from /opt/airflow/dags/etl_pipeline_fixed.py
[2026-03-25T10:13:02.358+0000] {processor.py:840} INFO - DAG(s) 'etl_pipeline_fixed' retrieved from /opt/airflow/dags/etl_pipeline_fixed.py
[2026-03-25T10:13:02.397+0000] {logging_mixin.py:188} INFO - [2026-03-25T10:13:02.396+0000] {dag.py:3096} INFO - Sync 1 DAGs
[2026-03-25T10:13:02.413+0000] {logging_mixin.py:188} INFO - [2026-03-25T10:13:02.413+0000] {dag.py:3954} INFO - Setting next_dagrun for etl_pipeline_fixed to 2026-03-25 00:00:00+00:00, run_after=2026-03-26 00:00:00+00:00
[2026-03-25T10:13:02.426+0000] {processor.py:183} INFO - Processing /opt/airflow/dags/etl_pipeline_fixed.py took 0.094 seconds
[2026-03-25T10:13:35.935+0000] {processor.py:161} INFO - Started process (PID=607) to work on /opt/airflow/dags/etl_pipeline_fixed.py
[2026-03-25T10:13:35.936+0000] {processor.py:830} INFO - Processing file /opt/airflow/dags/etl_pipeline_fixed.py for tasks to queue
[2026-03-25T10:13:35.937+0000] {logging_mixin.py:188} INFO - [2026-03-25T10:13:35.937+0000] {dagbag.py:540} INFO - Filling up the DagBag from /opt/airflow/dags/etl_pipeline_fixed.py
[2026-03-25T10:13:35.957+0000] {processor.py:840} INFO - DAG(s) 'etl_pipeline_fixed' retrieved from /opt/airflow/dags/etl_pipeline_fixed.py
[2026-03-25T10:13:35.997+0000] {logging_mixin.py:188} INFO - [2026-03-25T10:13:35.996+0000] {dag.py:3096} INFO - Sync 1 DAGs
[2026-03-25T10:13:36.014+0000] {logging_mixin.py:188} INFO - [2026-03-25T10:13:36.014+0000] {dag.py:3954} INFO - Setting next_dagrun for etl_pipeline_fixed to 2026-03-25 00:00:00+00:00, run_after=2026-03-26 00:00:00+00:00
[2026-03-25T10:13:36.029+0000] {processor.py:183} INFO - Processing /opt/airflow/dags/etl_pipeline_fixed.py took 0.099 seconds
[2026-03-25T10:14:08.626+0000] {processor.py:161} INFO - Started process (PID=627) to work on /opt/airflow/dags/etl_pipeline_fixed.py
[2026-03-25T10:14:08.627+0000] {processor.py:830} INFO - Processing file /opt/airflow/dags/etl_pipeline_fixed.py for tasks to queue
[2026-03-25T10:14:08.628+0000] {logging_mixin.py:188} INFO - [2026-03-25T10:14:08.628+0000] {dagbag.py:540} INFO - Filling up the DagBag from /opt/airflow/dags/etl_pipeline_fixed.py
[2026-03-25T10:14:08.647+0000] {processor.py:840} INFO - DAG(s) 'etl_pipeline_fixed' retrieved from /opt/airflow/dags/etl_pipeline_fixed.py
[2026-03-25T10:14:08.686+0000] {logging_mixin.py:188} INFO - [2026-03-25T10:14:08.686+0000] {dag.py:3096} INFO - Sync 1 DAGs
[2026-03-25T10:14:08.702+0000] {logging_mixin.py:188} INFO - [2026-03-25T10:14:08.702+0000] {dag.py:3954} INFO - Setting next_dagrun for etl_pipeline_fixed to 2026-03-25 00:00:00+00:00, run_after=2026-03-26 00:00:00+00:00
[2026-03-25T10:14:08.719+0000] {processor.py:183} INFO - Processing /opt/airflow/dags/etl_pipeline_fixed.py took 0.097 seconds
[2026-03-25T10:14:42.337+0000] {processor.py:161} INFO - Started process (PID=649) to work on /opt/airflow/dags/etl_pipeline_fixed.py
[2026-03-25T10:14:42.338+0000] {processor.py:830} INFO - Processing file /opt/airflow/dags/etl_pipeline_fixed.py for tasks to queue
[2026-03-25T10:14:42.340+0000] {logging_mixin.py:188} INFO - [2026-03-25T10:14:42.340+0000] {dagbag.py:540} INFO - Filling up the DagBag from /opt/airflow/dags/etl_pipeline_fixed.py
[2026-03-25T10:14:42.362+0000] {processor.py:840} INFO - DAG(s) 'etl_pipeline_fixed' retrieved from /opt/airflow/dags/etl_pipeline_fixed.py
[2026-03-25T10:14:42.410+0000] {logging_mixin.py:188} INFO - [2026-03-25T10:14:42.410+0000] {dag.py:3096} INFO - Sync 1 DAGs
[2026-03-25T10:14:42.430+0000] {logging_mixin.py:188} INFO - [2026-03-25T10:14:42.430+0000] {dag.py:3954} INFO - Setting next_dagrun for etl_pipeline_fixed to 2026-03-25 00:00:00+00:00, run_after=2026-03-26 00:00:00+00:00
[2026-03-25T10:14:42.447+0000] {processor.py:183} INFO - Processing /opt/airflow/dags/etl_pipeline_fixed.py took 0.114 seconds
[2026-03-25T10:14:57.798+0000] {processor.py:161} INFO - Started process (PID=669) to work on /opt/airflow/dags/etl_pipeline_fixed.py
[2026-03-25T10:14:57.799+0000] {processor.py:830} INFO - Processing file /opt/airflow/dags/etl_pipeline_fixed.py for tasks to queue
[2026-03-25T10:14:57.801+0000] {logging_mixin.py:188} INFO - [2026-03-25T10:14:57.801+0000] {dagbag.py:540} INFO - Filling up the DagBag from /opt/airflow/dags/etl_pipeline_fixed.py
[2026-03-25T10:14:57.841+0000] {processor.py:840} INFO - DAG(s) 'etl_pipeline_fixed' retrieved from /opt/airflow/dags/etl_pipeline_fixed.py
[2026-03-25T10:14:57.966+0000] {logging_mixin.py:188} INFO - [2026-03-25T10:14:57.966+0000] {dag.py:3096} INFO - Sync 1 DAGs
[2026-03-25T10:14:57.982+0000] {logging_mixin.py:188} INFO - [2026-03-25T10:14:57.982+0000] {dag.py:3954} INFO - Setting next_dagrun for etl_pipeline_fixed to 2026-03-25 00:00:00+00:00, run_after=2026-03-26 00:00:00+00:00
[2026-03-25T10:14:58.004+0000] {processor.py:183} INFO - Processing /opt/airflow/dags/etl_pipeline_fixed.py took 0.211 seconds
[2026-03-25T10:15:28.416+0000] {processor.py:161} INFO - Started process (PID=689) to work on /opt/airflow/dags/etl_pipeline_fixed.py
[2026-03-25T10:15:28.417+0000] {processor.py:830} INFO - Processing file /opt/airflow/dags/etl_pipeline_fixed.py for tasks to queue
[2026-03-25T10:15:28.419+0000] {logging_mixin.py:188} INFO - [2026-03-25T10:15:28.419+0000] {dagbag.py:540} INFO - Filling up the DagBag from /opt/airflow/dags/etl_pipeline_fixed.py
[2026-03-25T10:15:28.442+0000] {processor.py:840} INFO - DAG(s) 'etl_pipeline_fixed' retrieved from /opt/airflow/dags/etl_pipeline_fixed.py
[2026-03-25T10:15:28.488+0000] {logging_mixin.py:188} INFO - [2026-03-25T10:15:28.488+0000] {dag.py:3096} INFO - Sync 1 DAGs
[2026-03-25T10:15:28.510+0000] {logging_mixin.py:188} INFO - [2026-03-25T10:15:28.510+0000] {dag.py:3954} INFO - Setting next_dagrun for etl_pipeline_fixed to 2026-03-25 00:00:00+00:00, run_after=2026-03-26 00:00:00+00:00
[2026-03-25T10:15:28.529+0000] {processor.py:183} INFO - Processing /opt/airflow/dags/etl_pipeline_fixed.py took 0.117 seconds
[2026-03-25T10:15:58.982+0000] {processor.py:161} INFO - Started process (PID=709) to work on /opt/airflow/dags/etl_pipeline_fixed.py
[2026-03-25T10:15:58.983+0000] {processor.py:830} INFO - Processing file /opt/airflow/dags/etl_pipeline_fixed.py for tasks to queue
[2026-03-25T10:15:58.985+0000] {logging_mixin.py:188} INFO - [2026-03-25T10:15:58.985+0000] {dagbag.py:540} INFO - Filling up the DagBag from /opt/airflow/dags/etl_pipeline_fixed.py
[2026-03-25T10:15:59.001+0000] {processor.py:840} INFO - DAG(s) 'etl_pipeline_fixed' retrieved from /opt/airflow/dags/etl_pipeline_fixed.py
[2026-03-25T10:15:59.034+0000] {logging_mixin.py:188} INFO - [2026-03-25T10:15:59.034+0000] {dag.py:3096} INFO - Sync 1 DAGs
[2026-03-25T10:15:59.051+0000] {logging_mixin.py:188} INFO - [2026-03-25T10:15:59.051+0000] {dag.py:3954} INFO - Setting next_dagrun for etl_pipeline_fixed to 2026-03-25 00:00:00+00:00, run_after=2026-03-26 00:00:00+00:00
[2026-03-25T10:15:59.067+0000] {processor.py:183} INFO - Processing /opt/airflow/dags/etl_pipeline_fixed.py took 0.089 seconds
[2026-03-25T10:16:29.688+0000] {processor.py:161} INFO - Started process (PID=729) to work on /opt/airflow/dags/etl_pipeline_fixed.py
[2026-03-25T10:16:29.689+0000] {processor.py:830} INFO - Processing file /opt/airflow/dags/etl_pipeline_fixed.py for tasks to queue
[2026-03-25T10:16:29.690+0000] {logging_mixin.py:188} INFO - [2026-03-25T10:16:29.690+0000] {dagbag.py:540} INFO - Filling up the DagBag from /opt/airflow/dags/etl_pipeline_fixed.py
[2026-03-25T10:16:29.709+0000] {processor.py:840} INFO - DAG(s) 'etl_pipeline_fixed' retrieved from /opt/airflow/dags/etl_pipeline_fixed.py
[2026-03-25T10:16:29.749+0000] {logging_mixin.py:188} INFO - [2026-03-25T10:16:29.749+0000] {dag.py:3096} INFO - Sync 1 DAGs
[2026-03-25T10:16:29.766+0000] {logging_mixin.py:188} INFO - [2026-03-25T10:16:29.766+0000] {dag.py:3954} INFO - Setting next_dagrun for etl_pipeline_fixed to 2026-03-25 00:00:00+00:00, run_after=2026-03-26 00:00:00+00:00
[2026-03-25T10:16:29.783+0000] {processor.py:183} INFO - Processing /opt/airflow/dags/etl_pipeline_fixed.py took 0.100 seconds
[2026-03-25T10:17:00.337+0000] {processor.py:161} INFO - Started process (PID=749) to work on /opt/airflow/dags/etl_pipeline_fixed.py
[2026-03-25T10:17:00.338+0000] {processor.py:830} INFO - Processing file /opt/airflow/dags/etl_pipeline_fixed.py for tasks to queue
[2026-03-25T10:17:00.340+0000] {logging_mixin.py:188} INFO - [2026-03-25T10:17:00.339+0000] {dagbag.py:540} INFO - Filling up the DagBag from /opt/airflow/dags/etl_pipeline_fixed.py
[2026-03-25T10:17:00.360+0000] {processor.py:840} INFO - DAG(s) 'etl_pipeline_fixed' retrieved from /opt/airflow/dags/etl_pipeline_fixed.py
[2026-03-25T10:17:00.403+0000] {logging_mixin.py:188} INFO - [2026-03-25T10:17:00.403+0000] {dag.py:3096} INFO - Sync 1 DAGs
[2026-03-25T10:17:00.421+0000] {logging_mixin.py:188} INFO - [2026-03-25T10:17:00.421+0000] {dag.py:3954} INFO - Setting next_dagrun for etl_pipeline_fixed to 2026-03-25 00:00:00+00:00, run_after=2026-03-26 00:00:00+00:00
[2026-03-25T10:17:00.436+0000] {processor.py:183} INFO - Processing /opt/airflow/dags/etl_pipeline_fixed.py took 0.104 seconds
[2026-03-25T10:54:37.604+0000] {processor.py:161} INFO - Started process (PID=172) to work on /opt/airflow/dags/etl_pipeline_fixed.py
[2026-03-25T10:54:37.605+0000] {processor.py:830} INFO - Processing file /opt/airflow/dags/etl_pipeline_fixed.py for tasks to queue
[2026-03-25T10:54:37.608+0000] {logging_mixin.py:188} INFO - [2026-03-25T10:54:37.608+0000] {dagbag.py:540} INFO - Filling up the DagBag from /opt/airflow/dags/etl_pipeline_fixed.py
[2026-03-25T10:54:37.638+0000] {processor.py:840} INFO - DAG(s) 'etl_pipeline_fixed' retrieved from /opt/airflow/dags/etl_pipeline_fixed.py
[2026-03-25T10:54:37.698+0000] {logging_mixin.py:188} INFO - [2026-03-25T10:54:37.698+0000] {dag.py:3096} INFO - Sync 1 DAGs
[2026-03-25T10:54:37.716+0000] {logging_mixin.py:188} INFO - [2026-03-25T10:54:37.716+0000] {dag.py:3954} INFO - Setting next_dagrun for etl_pipeline_fixed to 2026-03-25 00:00:00+00:00, run_after=2026-03-26 00:00:00+00:00
[2026-03-25T10:54:37.733+0000] {processor.py:183} INFO - Processing /opt/airflow/dags/etl_pipeline_fixed.py took 0.136 seconds
[2026-03-25T10:55:08.186+0000] {processor.py:161} INFO - Started process (PID=204) to work on /opt/airflow/dags/etl_pipeline_fixed.py
[2026-03-25T10:55:08.187+0000] {processor.py:830} INFO - Processing file /opt/airflow/dags/etl_pipeline_fixed.py for tasks to queue
[2026-03-25T10:55:08.189+0000] {logging_mixin.py:188} INFO - [2026-03-25T10:55:08.189+0000] {dagbag.py:540} INFO - Filling up the DagBag from /opt/airflow/dags/etl_pipeline_fixed.py
[2026-03-25T10:55:08.213+0000] {processor.py:840} INFO - DAG(s) 'etl_pipeline_fixed' retrieved from /opt/airflow/dags/etl_pipeline_fixed.py
[2026-03-25T10:55:08.258+0000] {logging_mixin.py:188} INFO - [2026-03-25T10:55:08.258+0000] {dag.py:3096} INFO - Sync 1 DAGs
[2026-03-25T10:55:08.278+0000] {logging_mixin.py:188} INFO - [2026-03-25T10:55:08.278+0000] {dag.py:3954} INFO - Setting next_dagrun for etl_pipeline_fixed to 2026-03-25 00:00:00+00:00, run_after=2026-03-26 00:00:00+00:00
[2026-03-25T10:55:08.294+0000] {processor.py:183} INFO - Processing /opt/airflow/dags/etl_pipeline_fixed.py took 0.114 seconds
[2026-03-25T10:55:38.712+0000] {processor.py:161} INFO - Started process (PID=224) to work on /opt/airflow/dags/etl_pipeline_fixed.py
[2026-03-25T10:55:38.713+0000] {processor.py:830} INFO - Processing file /opt/airflow/dags/etl_pipeline_fixed.py for tasks to queue
[2026-03-25T10:55:38.714+0000] {logging_mixin.py:188} INFO - [2026-03-25T10:55:38.714+0000] {dagbag.py:540} INFO - Filling up the DagBag from /opt/airflow/dags/etl_pipeline_fixed.py
[2026-03-25T10:55:38.735+0000] {processor.py:840} INFO - DAG(s) 'etl_pipeline_fixed' retrieved from /opt/airflow/dags/etl_pipeline_fixed.py
[2026-03-25T10:55:38.778+0000] {logging_mixin.py:188} INFO - [2026-03-25T10:55:38.778+0000] {dag.py:3096} INFO - Sync 1 DAGs
[2026-03-25T10:55:38.796+0000] {logging_mixin.py:188} INFO - [2026-03-25T10:55:38.796+0000] {dag.py:3954} INFO - Setting next_dagrun for etl_pipeline_fixed to 2026-03-25 00:00:00+00:00, run_after=2026-03-26 00:00:00+00:00
[2026-03-25T10:55:38.812+0000] {processor.py:183} INFO - Processing /opt/airflow/dags/etl_pipeline_fixed.py took 0.105 seconds
[2026-03-25T10:56:11.341+0000] {processor.py:161} INFO - Started process (PID=244) to work on /opt/airflow/dags/etl_pipeline_fixed.py
[2026-03-25T10:56:11.342+0000] {processor.py:830} INFO - Processing file /opt/airflow/dags/etl_pipeline_fixed.py for tasks to queue
[2026-03-25T10:56:11.344+0000] {logging_mixin.py:188} INFO - [2026-03-25T10:56:11.344+0000] {dagbag.py:540} INFO - Filling up the DagBag from /opt/airflow/dags/etl_pipeline_fixed.py
[2026-03-25T10:56:11.365+0000] {processor.py:840} INFO - DAG(s) 'etl_pipeline_fixed' retrieved from /opt/airflow/dags/etl_pipeline_fixed.py
[2026-03-25T10:56:11.412+0000] {logging_mixin.py:188} INFO - [2026-03-25T10:56:11.411+0000] {dag.py:3096} INFO - Sync 1 DAGs
[2026-03-25T10:56:11.430+0000] {logging_mixin.py:188} INFO - [2026-03-25T10:56:11.429+0000] {dag.py:3954} INFO - Setting next_dagrun for etl_pipeline_fixed to 2026-03-25 00:00:00+00:00, run_after=2026-03-26 00:00:00+00:00
[2026-03-25T10:56:11.446+0000] {processor.py:183} INFO - Processing /opt/airflow/dags/etl_pipeline_fixed.py took 0.109 seconds
[2026-03-25T10:56:45.000+0000] {processor.py:161} INFO - Started process (PID=264) to work on /opt/airflow/dags/etl_pipeline_fixed.py
[2026-03-25T10:56:45.001+0000] {processor.py:830} INFO - Processing file /opt/airflow/dags/etl_pipeline_fixed.py for tasks to queue
[2026-03-25T10:56:45.003+0000] {logging_mixin.py:188} INFO - [2026-03-25T10:56:45.003+0000] {dagbag.py:540} INFO - Filling up the DagBag from /opt/airflow/dags/etl_pipeline_fixed.py
[2026-03-25T10:56:45.025+0000] {processor.py:840} INFO - DAG(s) 'etl_pipeline_fixed' retrieved from /opt/airflow/dags/etl_pipeline_fixed.py
[2026-03-25T10:56:45.068+0000] {logging_mixin.py:188} INFO - [2026-03-25T10:56:45.068+0000] {dag.py:3096} INFO - Sync 1 DAGs
[2026-03-25T10:56:45.087+0000] {logging_mixin.py:188} INFO - [2026-03-25T10:56:45.087+0000] {dag.py:3954} INFO - Setting next_dagrun for etl_pipeline_fixed to 2026-03-25 00:00:00+00:00, run_after=2026-03-26 00:00:00+00:00
[2026-03-25T10:56:45.106+0000] {processor.py:183} INFO - Processing /opt/airflow/dags/etl_pipeline_fixed.py took 0.112 seconds
[2026-03-25T10:57:17.611+0000] {processor.py:161} INFO - Started process (PID=284) to work on /opt/airflow/dags/etl_pipeline_fixed.py
[2026-03-25T10:57:17.612+0000] {processor.py:830} INFO - Processing file /opt/airflow/dags/etl_pipeline_fixed.py for tasks to queue
[2026-03-25T10:57:17.613+0000] {logging_mixin.py:188} INFO - [2026-03-25T10:57:17.613+0000] {dagbag.py:540} INFO - Filling up the DagBag from /opt/airflow/dags/etl_pipeline_fixed.py
[2026-03-25T10:57:17.631+0000] {processor.py:840} INFO - DAG(s) 'etl_pipeline_fixed' retrieved from /opt/airflow/dags/etl_pipeline_fixed.py
[2026-03-25T10:57:17.669+0000] {logging_mixin.py:188} INFO - [2026-03-25T10:57:17.669+0000] {dag.py:3096} INFO - Sync 1 DAGs
[2026-03-25T10:57:17.685+0000] {logging_mixin.py:188} INFO - [2026-03-25T10:57:17.685+0000] {dag.py:3954} INFO - Setting next_dagrun for etl_pipeline_fixed to 2026-03-25 00:00:00+00:00, run_after=2026-03-26 00:00:00+00:00
[2026-03-25T10:57:17.701+0000] {processor.py:183} INFO - Processing /opt/airflow/dags/etl_pipeline_fixed.py took 0.094 seconds
[2026-03-25T10:57:51.337+0000] {processor.py:161} INFO - Started process (PID=304) to work on /opt/airflow/dags/etl_pipeline_fixed.py
[2026-03-25T10:57:51.338+0000] {processor.py:830} INFO - Processing file /opt/airflow/dags/etl_pipeline_fixed.py for tasks to queue
[2026-03-25T10:57:51.339+0000] {logging_mixin.py:188} INFO - [2026-03-25T10:57:51.339+0000] {dagbag.py:540} INFO - Filling up the DagBag from /opt/airflow/dags/etl_pipeline_fixed.py
[2026-03-25T10:57:51.358+0000] {processor.py:840} INFO - DAG(s) 'etl_pipeline_fixed' retrieved from /opt/airflow/dags/etl_pipeline_fixed.py
[2026-03-25T10:57:51.398+0000] {logging_mixin.py:188} INFO - [2026-03-25T10:57:51.398+0000] {dag.py:3096} INFO - Sync 1 DAGs
[2026-03-25T10:57:51.416+0000] {logging_mixin.py:188} INFO - [2026-03-25T10:57:51.415+0000] {dag.py:3954} INFO - Setting next_dagrun for etl_pipeline_fixed to 2026-03-25 00:00:00+00:00, run_after=2026-03-26 00:00:00+00:00
[2026-03-25T10:57:51.431+0000] {processor.py:183} INFO - Processing /opt/airflow/dags/etl_pipeline_fixed.py took 0.098 seconds
[2026-03-25T10:58:23.909+0000] {processor.py:161} INFO - Started process (PID=324) to work on /opt/airflow/dags/etl_pipeline_fixed.py
[2026-03-25T10:58:23.910+0000] {processor.py:830} INFO - Processing file /opt/airflow/dags/etl_pipeline_fixed.py for tasks to queue
[2026-03-25T10:58:23.911+0000] {logging_mixin.py:188} INFO - [2026-03-25T10:58:23.911+0000] {dagbag.py:540} INFO - Filling up the DagBag from /opt/airflow/dags/etl_pipeline_fixed.py
[2026-03-25T10:58:23.929+0000] {processor.py:840} INFO - DAG(s) 'etl_pipeline_fixed' retrieved from /opt/airflow/dags/etl_pipeline_fixed.py
[2026-03-25T10:58:23.974+0000] {logging_mixin.py:188} INFO - [2026-03-25T10:58:23.974+0000] {dag.py:3096} INFO - Sync 1 DAGs
[2026-03-25T10:58:23.992+0000] {logging_mixin.py:188} INFO - [2026-03-25T10:58:23.992+0000] {dag.py:3954} INFO - Setting next_dagrun for etl_pipeline_fixed to 2026-03-25 00:00:00+00:00, run_after=2026-03-26 00:00:00+00:00
[2026-03-25T10:58:24.009+0000] {processor.py:183} INFO - Processing /opt/airflow/dags/etl_pipeline_fixed.py took 0.104 seconds
[2026-03-25T10:58:57.546+0000] {processor.py:161} INFO - Started process (PID=344) to work on /opt/airflow/dags/etl_pipeline_fixed.py
[2026-03-25T10:58:57.547+0000] {processor.py:830} INFO - Processing file /opt/airflow/dags/etl_pipeline_fixed.py for tasks to queue
[2026-03-25T10:58:57.549+0000] {logging_mixin.py:188} INFO - [2026-03-25T10:58:57.549+0000] {dagbag.py:540} INFO - Filling up the DagBag from /opt/airflow/dags/etl_pipeline_fixed.py
[2026-03-25T10:58:57.566+0000] {processor.py:840} INFO - DAG(s) 'etl_pipeline_fixed' retrieved from /opt/airflow/dags/etl_pipeline_fixed.py
[2026-03-25T10:58:57.605+0000] {logging_mixin.py:188} INFO - [2026-03-25T10:58:57.605+0000] {dag.py:3096} INFO - Sync 1 DAGs
[2026-03-25T10:58:57.622+0000] {logging_mixin.py:188} INFO - [2026-03-25T10:58:57.622+0000] {dag.py:3954} INFO - Setting next_dagrun for etl_pipeline_fixed to 2026-03-25 00:00:00+00:00, run_after=2026-03-26 00:00:00+00:00
[2026-03-25T10:58:57.638+0000] {processor.py:183} INFO - Processing /opt/airflow/dags/etl_pipeline_fixed.py took 0.096 seconds
[2026-03-25T10:59:30.159+0000] {processor.py:161} INFO - Started process (PID=364) to work on /opt/airflow/dags/etl_pipeline_fixed.py
[2026-03-25T10:59:30.160+0000] {processor.py:830} INFO - Processing file /opt/airflow/dags/etl_pipeline_fixed.py for tasks to queue
[2026-03-25T10:59:30.161+0000] {logging_mixin.py:188} INFO - [2026-03-25T10:59:30.161+0000] {dagbag.py:540} INFO - Filling up the DagBag from /opt/airflow/dags/etl_pipeline_fixed.py
[2026-03-25T10:59:30.178+0000] {processor.py:840} INFO - DAG(s) 'etl_pipeline_fixed' retrieved from /opt/airflow/dags/etl_pipeline_fixed.py
[2026-03-25T10:59:30.216+0000] {logging_mixin.py:188} INFO - [2026-03-25T10:59:30.216+0000] {dag.py:3096} INFO - Sync 1 DAGs
[2026-03-25T10:59:30.233+0000] {logging_mixin.py:188} INFO - [2026-03-25T10:59:30.232+0000] {dag.py:3954} INFO - Setting next_dagrun for etl_pipeline_fixed to 2026-03-25 00:00:00+00:00, run_after=2026-03-26 00:00:00+00:00
[2026-03-25T10:59:30.249+0000] {processor.py:183} INFO - Processing /opt/airflow/dags/etl_pipeline_fixed.py took 0.094 seconds
