[2026-03-26T13:43:36.764+0000] {local_task_job_runner.py:120} INFO - ::group::Pre task execution logs
[2026-03-26T13:43:36.789+0000] {taskinstance.py:2073} INFO - Dependencies all met for dep_context=non-requeueable deps ti=<TaskInstance: etl_pipeline2.mrr_to_stg manual__2026-03-26T13:43:34.797321+00:00 [queued]>
[2026-03-26T13:43:36.796+0000] {taskinstance.py:2073} INFO - Dependencies all met for dep_context=requeueable deps ti=<TaskInstance: etl_pipeline2.mrr_to_stg manual__2026-03-26T13:43:34.797321+00:00 [queued]>
[2026-03-26T13:43:36.797+0000] {taskinstance.py:2303} INFO - Starting attempt 1 of 1
[2026-03-26T13:43:36.807+0000] {taskinstance.py:2327} INFO - Executing <Task(PythonOperator): mrr_to_stg> on 2026-03-26 13:43:34.797321+00:00
[2026-03-26T13:43:36.814+0000] {logging_mixin.py:188} WARNING - /home/***/.local/lib/python3.12/site-packages/***/task/task_runner/standard_task_runner.py:61 DeprecationWarning: This process (pid=4286) is multi-threaded, use of fork() may lead to deadlocks in the child.
[2026-03-26T13:43:36.813+0000] {standard_task_runner.py:90} INFO - Running: ['***', 'tasks', 'run', 'etl_pipeline2', 'mrr_to_stg', 'manual__2026-03-26T13:43:34.797321+00:00', '--job-id', '397', '--raw', '--subdir', 'DAGS_FOLDER/etl_pipeline2.py', '--cfg-path', '/tmp/tmpnb3y_boz']
[2026-03-26T13:43:36.816+0000] {standard_task_runner.py:63} INFO - Started process 4287 to run task
[2026-03-26T13:43:36.816+0000] {standard_task_runner.py:91} INFO - Job 397: Subtask mrr_to_stg
[2026-03-26T13:43:36.880+0000] {task_command.py:426} INFO - Running <TaskInstance: etl_pipeline2.mrr_to_stg manual__2026-03-26T13:43:34.797321+00:00 [running]> on host 3ccff2366b2a
[2026-03-26T13:43:36.942+0000] {taskinstance.py:2644} INFO - Exporting env vars: AIRFLOW_CTX_DAG_OWNER='***' AIRFLOW_CTX_DAG_ID='etl_pipeline2' AIRFLOW_CTX_TASK_ID='mrr_to_stg' AIRFLOW_CTX_EXECUTION_DATE='2026-03-26T13:43:34.797321+00:00' AIRFLOW_CTX_TRY_NUMBER='1' AIRFLOW_CTX_DAG_RUN_ID='manual__2026-03-26T13:43:34.797321+00:00'
[2026-03-26T13:43:36.943+0000] {taskinstance.py:430} INFO - ::endgroup::
[2026-03-26T13:43:36.959+0000] {base.py:84} INFO - Using connection ID 'postgres_stg' for task execution.
[2026-03-26T13:43:36.974+0000] {sql.py:457} INFO - Running statement: TRUNCATE stg_fact_orders, parameters: None
[2026-03-26T13:43:36.990+0000] {base.py:84} INFO - Using connection ID 'postgres_mrr' for task execution.
[2026-03-26T13:43:37.000+0000] {sql.py:457} INFO - Running statement: SELECT * FROM mrr_fact_orders, parameters: None
[2026-03-26T13:43:37.008+0000] {sql.py:466} INFO - Rows affected: 830
[2026-03-26T13:43:37.011+0000] {logging_mixin.py:188} WARNING - /home/***/.local/lib/python3.12/site-packages/***/providers/common/sql/hooks/sql.py:407 AirflowProviderDeprecationWarning: Call to deprecated method _make_common_data_structure. (The `_make_serializable` method is deprecated and support will be removed in a future version of the common.sql provider. Please update the DbApiHook's provider to a version based on common.sql >= 1.9.1.)
[2026-03-26T13:43:37.018+0000] {base.py:84} INFO - Using connection ID 'postgres_stg' for task execution.
[2026-03-26T13:43:37.994+0000] {sql.py:580} INFO - Done loading. Loaded a total of 830 rows into stg_fact_orders
[2026-03-26T13:43:38.000+0000] {base.py:84} INFO - Using connection ID 'postgres_stg' for task execution.
[2026-03-26T13:43:38.012+0000] {sql.py:457} INFO - Running statement: TRUNCATE stg_dim_customers, parameters: None
[2026-03-26T13:43:38.024+0000] {base.py:84} INFO - Using connection ID 'postgres_mrr' for task execution.
[2026-03-26T13:43:38.034+0000] {sql.py:457} INFO - Running statement: SELECT * FROM mrr_dim_customers, parameters: None
[2026-03-26T13:43:38.038+0000] {sql.py:466} INFO - Rows affected: 93
[2026-03-26T13:43:38.045+0000] {base.py:84} INFO - Using connection ID 'postgres_stg' for task execution.
[2026-03-26T13:43:38.162+0000] {sql.py:580} INFO - Done loading. Loaded a total of 93 rows into stg_dim_customers
[2026-03-26T13:43:38.168+0000] {base.py:84} INFO - Using connection ID 'postgres_stg' for task execution.
[2026-03-26T13:43:38.179+0000] {sql.py:457} INFO - Running statement: TRUNCATE stg_dim_products, parameters: None
[2026-03-26T13:43:38.190+0000] {base.py:84} INFO - Using connection ID 'postgres_mrr' for task execution.
[2026-03-26T13:43:38.202+0000] {sql.py:457} INFO - Running statement: SELECT * FROM mrr_dim_products, parameters: None
[2026-03-26T13:43:38.206+0000] {sql.py:466} INFO - Rows affected: 77
[2026-03-26T13:43:38.212+0000] {base.py:84} INFO - Using connection ID 'postgres_stg' for task execution.
[2026-03-26T13:43:38.310+0000] {sql.py:580} INFO - Done loading. Loaded a total of 77 rows into stg_dim_products
[2026-03-26T13:43:38.315+0000] {base.py:84} INFO - Using connection ID 'postgres_stg' for task execution.
[2026-03-26T13:43:38.325+0000] {sql.py:457} INFO - Running statement: TRUNCATE stg_fact_order_details, parameters: None
[2026-03-26T13:43:38.335+0000] {base.py:84} INFO - Using connection ID 'postgres_mrr' for task execution.
[2026-03-26T13:43:38.345+0000] {sql.py:457} INFO - Running statement: SELECT * FROM mrr_fact_order_details, parameters: None
[2026-03-26T13:43:38.353+0000] {sql.py:466} INFO - Rows affected: 2154
[2026-03-26T13:43:38.363+0000] {base.py:84} INFO - Using connection ID 'postgres_stg' for task execution.
[2026-03-26T13:43:39.404+0000] {sql.py:576} INFO - Loaded 1000 rows into stg_fact_order_details so far
[2026-03-26T13:43:40.434+0000] {sql.py:576} INFO - Loaded 2000 rows into stg_fact_order_details so far
[2026-03-26T13:43:40.586+0000] {sql.py:580} INFO - Done loading. Loaded a total of 2154 rows into stg_fact_order_details
[2026-03-26T13:43:40.587+0000] {python.py:237} INFO - Done. Returned value was: None
[2026-03-26T13:43:40.587+0000] {taskinstance.py:441} INFO - ::group::Post task execution logs
[2026-03-26T13:43:40.595+0000] {taskinstance.py:1205} INFO - Marking task as SUCCESS. dag_id=etl_pipeline2, task_id=mrr_to_stg, execution_date=20260326T134334, start_date=20260326T134336, end_date=20260326T134340
[2026-03-26T13:43:40.598+0000] {base.py:84} INFO - Using connection ID 'postgres_dwh' for task execution.
[2026-03-26T13:43:40.608+0000] {sql.py:457} INFO - Running statement: 
        INSERT INTO etl_logs (
            dag_id, task_id, status, start_time, end_time, duration_seconds, error_message
        )
        VALUES (%s, %s, %s, %s, %s, %s, %s)
    , parameters: ('etl_pipeline2', 'mrr_to_stg', 'SUCCESS', datetime.datetime(2026, 3, 26, 13, 43, 36, 789897), datetime.datetime(2026, 3, 26, 13, 43, 40, 595864), 3, None)
[2026-03-26T13:43:40.610+0000] {sql.py:466} INFO - Rows affected: 1
[2026-03-26T13:43:40.613+0000] {logging_mixin.py:188} INFO - SUCCESS CALLBACK TRIGGERED
[2026-03-26T13:43:40.637+0000] {local_task_job_runner.py:240} INFO - Task exited with return code 0
[2026-03-26T13:43:40.653+0000] {taskinstance.py:3482} INFO - 1 downstream tasks scheduled from follow-on schedule check
[2026-03-26T13:43:40.655+0000] {local_task_job_runner.py:222} INFO - ::endgroup::
