[2026-03-26T09:05:17.477+0000] {local_task_job_runner.py:120} INFO - ::group::Pre task execution logs
[2026-03-26T09:05:17.511+0000] {taskinstance.py:2073} INFO - Dependencies all met for dep_context=non-requeueable deps ti=<TaskInstance: etl_pipeline2.load_products_to_mrr manual__2026-03-26T09:05:16.643004+00:00 [queued]>
[2026-03-26T09:05:17.517+0000] {taskinstance.py:2073} INFO - Dependencies all met for dep_context=requeueable deps ti=<TaskInstance: etl_pipeline2.load_products_to_mrr manual__2026-03-26T09:05:16.643004+00:00 [queued]>
[2026-03-26T09:05:17.518+0000] {taskinstance.py:2303} INFO - Starting attempt 1 of 1
[2026-03-26T09:05:17.530+0000] {taskinstance.py:2327} INFO - Executing <Task(PythonOperator): load_products_to_mrr> on 2026-03-26 09:05:16.643004+00:00
[2026-03-26T09:05:17.537+0000] {standard_task_runner.py:90} INFO - Running: ['***', 'tasks', 'run', 'etl_pipeline2', 'load_products_to_mrr', 'manual__2026-03-26T09:05:16.643004+00:00', '--job-id', '306', '--raw', '--subdir', 'DAGS_FOLDER/etl_pipeline2.py', '--cfg-path', '/tmp/tmpy0w_uoxl']
[2026-03-26T09:05:17.539+0000] {logging_mixin.py:188} WARNING - /home/***/.local/lib/python3.12/site-packages/***/task/task_runner/standard_task_runner.py:61 DeprecationWarning: This process (pid=1650) is multi-threaded, use of fork() may lead to deadlocks in the child.
[2026-03-26T09:05:17.541+0000] {standard_task_runner.py:91} INFO - Job 306: Subtask load_products_to_mrr
[2026-03-26T09:05:17.541+0000] {standard_task_runner.py:63} INFO - Started process 1655 to run task
[2026-03-26T09:05:17.594+0000] {task_command.py:426} INFO - Running <TaskInstance: etl_pipeline2.load_products_to_mrr manual__2026-03-26T09:05:16.643004+00:00 [running]> on host 3ccff2366b2a
[2026-03-26T09:05:17.661+0000] {taskinstance.py:2644} INFO - Exporting env vars: AIRFLOW_CTX_DAG_OWNER='***' AIRFLOW_CTX_DAG_ID='etl_pipeline2' AIRFLOW_CTX_TASK_ID='load_products_to_mrr' AIRFLOW_CTX_EXECUTION_DATE='2026-03-26T09:05:16.643004+00:00' AIRFLOW_CTX_TRY_NUMBER='1' AIRFLOW_CTX_DAG_RUN_ID='manual__2026-03-26T09:05:16.643004+00:00'
[2026-03-26T09:05:17.662+0000] {taskinstance.py:430} INFO - ::endgroup::
[2026-03-26T09:05:17.682+0000] {base.py:84} INFO - Using connection ID 'postgres_dwh' for task execution.
[2026-03-26T09:05:17.696+0000] {sql.py:457} INFO - Running statement: 
        SELECT last_loaded_at
        FROM dwh_high_water_mark
        WHERE table_name = %s
    , parameters: ('products',)
[2026-03-26T09:05:17.699+0000] {sql.py:466} INFO - Rows affected: 1
[2026-03-26T09:05:17.702+0000] {logging_mixin.py:188} WARNING - /home/***/.local/lib/python3.12/site-packages/***/providers/common/sql/hooks/sql.py:407 AirflowProviderDeprecationWarning: Call to deprecated method _make_common_data_structure. (The `_make_serializable` method is deprecated and support will be removed in a future version of the common.sql provider. Please update the DbApiHook's provider to a version based on common.sql >= 1.9.1.)
[2026-03-26T09:05:17.709+0000] {base.py:84} INFO - Using connection ID 'postgres_operational' for task execution.
[2026-03-26T09:05:17.719+0000] {sql.py:457} INFO - Running statement: 
        SELECT product_id, product_name, supplier_id, category_id, quantity_per_unitunit_price, units_in_stock, units_on_order, reorder_level, discontinued, updated_at
        FROM products
        WHERE updated_at > %s
    , parameters: (datetime.datetime(2026, 3, 23, 19, 3, 47, 842442),)
[2026-03-26T09:05:17.722+0000] {taskinstance.py:441} INFO - ::group::Post task execution logs
[2026-03-26T09:05:17.722+0000] {taskinstance.py:2890} ERROR - Task failed with exception
Traceback (most recent call last):
  File "/home/airflow/.local/lib/python3.12/site-packages/airflow/models/taskinstance.py", line 465, in _execute_task
    result = _execute_callable(context=context, **execute_callable_kwargs)
             ^^^^^^^^^^^^^^^^^^^^^^^^^^^^^^^^^^^^^^^^^^^^^^^^^^^^^^^^^^^^^
  File "/home/airflow/.local/lib/python3.12/site-packages/airflow/models/taskinstance.py", line 432, in _execute_callable
    return execute_callable(context=context, **execute_callable_kwargs)
           ^^^^^^^^^^^^^^^^^^^^^^^^^^^^^^^^^^^^^^^^^^^^^^^^^^^^^^^^^^^^
  File "/home/airflow/.local/lib/python3.12/site-packages/airflow/models/baseoperator.py", line 400, in wrapper
    return func(self, *args, **kwargs)
           ^^^^^^^^^^^^^^^^^^^^^^^^^^^
  File "/home/airflow/.local/lib/python3.12/site-packages/airflow/operators/python.py", line 235, in execute
    return_value = self.execute_callable()
                   ^^^^^^^^^^^^^^^^^^^^^^^
  File "/home/airflow/.local/lib/python3.12/site-packages/airflow/operators/python.py", line 252, in execute_callable
    return self.python_callable(*self.op_args, **self.op_kwargs)
           ^^^^^^^^^^^^^^^^^^^^^^^^^^^^^^^^^^^^^^^^^^^^^^^^^^^^^
  File "/opt/airflow/dags/etl_pipeline2.py", line 149, in load_products_to_mrr
    load_table_to_mrr(
  File "/opt/airflow/dags/etl_pipeline2.py", line 95, in load_table_to_mrr
    rows = source.get_records(f"""
           ^^^^^^^^^^^^^^^^^^^^^^^
  File "/home/airflow/.local/lib/python3.12/site-packages/airflow/providers/common/sql/hooks/sql.py", line 267, in get_records
    return self.run(sql=sql, parameters=parameters, handler=fetch_all_handler)
           ^^^^^^^^^^^^^^^^^^^^^^^^^^^^^^^^^^^^^^^^^^^^^^^^^^^^^^^^^^^^^^^^^^^
  File "/home/airflow/.local/lib/python3.12/site-packages/airflow/providers/common/sql/hooks/sql.py", line 404, in run
    self._run_command(cur, sql_statement, parameters)
  File "/home/airflow/.local/lib/python3.12/site-packages/airflow/providers/common/sql/hooks/sql.py", line 460, in _run_command
    cur.execute(sql_statement, parameters)
psycopg2.errors.UndefinedColumn: column "quantity_per_unitunit_price" does not exist
LINE 2: ...oduct_id, product_name, supplier_id, category_id, quantity_p...
                                                             ^

[2026-03-26T09:05:17.735+0000] {taskinstance.py:1205} INFO - Marking task as FAILED. dag_id=etl_pipeline2, task_id=load_products_to_mrr, execution_date=20260326T090516, start_date=20260326T090517, end_date=20260326T090517
[2026-03-26T09:05:17.737+0000] {base.py:84} INFO - Using connection ID 'postgres_dwh' for task execution.
[2026-03-26T09:05:17.746+0000] {sql.py:457} INFO - Running statement: 
        INSERT INTO etl_logs (
            dag_id, task_id, status, start_time, end_time, duration_seconds, error_message
        )
        VALUES (%s, %s, %s, %s, %s, %s, %s)
    , parameters: ('etl_pipeline2', 'load_products_to_mrr', 'FAILED', datetime.datetime(2026, 3, 26, 9, 5, 17, 512044), datetime.datetime(2026, 3, 26, 9, 5, 17, 736390), 0, 'column "quantity_per_unitunit_price" does not exist\nLINE 2: ...oduct_id, product_name, supplier_id, category_id, quantity_p...\n                                                             ^\n')
[2026-03-26T09:05:17.749+0000] {sql.py:466} INFO - Rows affected: 1
[2026-03-26T09:05:17.751+0000] {logging_mixin.py:188} INFO - FAILURE CALLBACK TRIGGERED
[2026-03-26T09:05:17.760+0000] {standard_task_runner.py:110} ERROR - Failed to execute job 306 for task load_products_to_mrr (column "quantity_per_unitunit_price" does not exist
LINE 2: ...oduct_id, product_name, supplier_id, category_id, quantity_p...
                                                             ^
; 1655)
[2026-03-26T09:05:17.795+0000] {local_task_job_runner.py:240} INFO - Task exited with return code 1
[2026-03-26T09:05:17.834+0000] {taskinstance.py:3482} INFO - 0 downstream tasks scheduled from follow-on schedule check
[2026-03-26T09:05:17.836+0000] {local_task_job_runner.py:222} INFO - ::endgroup::
