[2026-03-25T10:54:49.652+0000] {local_task_job_runner.py:120} INFO - ::group::Pre task execution logs
[2026-03-25T10:54:49.677+0000] {taskinstance.py:2073} INFO - Dependencies all met for dep_context=non-requeueable deps ti=<TaskInstance: etl_pipeline2.load_customers_to_mrr manual__2026-03-25T10:54:48.892558+00:00 [queued]>
[2026-03-25T10:54:49.684+0000] {taskinstance.py:2073} INFO - Dependencies all met for dep_context=requeueable deps ti=<TaskInstance: etl_pipeline2.load_customers_to_mrr manual__2026-03-25T10:54:48.892558+00:00 [queued]>
[2026-03-25T10:54:49.684+0000] {taskinstance.py:2303} INFO - Starting attempt 1 of 1
[2026-03-25T10:54:49.694+0000] {taskinstance.py:2327} INFO - Executing <Task(PythonOperator): load_customers_to_mrr> on 2026-03-25 10:54:48.892558+00:00
[2026-03-25T10:54:49.702+0000] {standard_task_runner.py:90} INFO - Running: ['***', 'tasks', 'run', 'etl_pipeline2', 'load_customers_to_mrr', 'manual__2026-03-25T10:54:48.892558+00:00', '--job-id', '287', '--raw', '--subdir', 'DAGS_FOLDER/etl_pipeline2.py', '--cfg-path', '/tmp/tmposlqf_mn']
[2026-03-25T10:54:49.704+0000] {logging_mixin.py:188} WARNING - /home/***/.local/lib/python3.12/site-packages/***/task/task_runner/standard_task_runner.py:61 DeprecationWarning: This process (pid=194) is multi-threaded, use of fork() may lead to deadlocks in the child.
[2026-03-25T10:54:49.704+0000] {standard_task_runner.py:91} INFO - Job 287: Subtask load_customers_to_mrr
[2026-03-25T10:54:49.705+0000] {standard_task_runner.py:63} INFO - Started process 199 to run task
[2026-03-25T10:54:49.756+0000] {task_command.py:426} INFO - Running <TaskInstance: etl_pipeline2.load_customers_to_mrr manual__2026-03-25T10:54:48.892558+00:00 [running]> on host 3ccff2366b2a
[2026-03-25T10:54:49.818+0000] {taskinstance.py:2644} INFO - Exporting env vars: AIRFLOW_CTX_DAG_OWNER='***' AIRFLOW_CTX_DAG_ID='etl_pipeline2' AIRFLOW_CTX_TASK_ID='load_customers_to_mrr' AIRFLOW_CTX_EXECUTION_DATE='2026-03-25T10:54:48.892558+00:00' AIRFLOW_CTX_TRY_NUMBER='1' AIRFLOW_CTX_DAG_RUN_ID='manual__2026-03-25T10:54:48.892558+00:00'
[2026-03-25T10:54:49.819+0000] {taskinstance.py:430} INFO - ::endgroup::
[2026-03-25T10:54:49.839+0000] {base.py:84} INFO - Using connection ID 'postgres_dwh' for task execution.
[2026-03-25T10:54:49.863+0000] {sql.py:457} INFO - Running statement: 
        SELECT last_loaded_at
        FROM dwh_high_water_mark
        WHERE table_name = %s
    , parameters: ('customers',)
[2026-03-25T10:54:49.881+0000] {sql.py:466} INFO - Rows affected: 1
[2026-03-25T10:54:49.885+0000] {logging_mixin.py:188} WARNING - /home/***/.local/lib/python3.12/site-packages/***/providers/common/sql/hooks/sql.py:407 AirflowProviderDeprecationWarning: Call to deprecated method _make_common_data_structure. (The `_make_serializable` method is deprecated and support will be removed in a future version of the common.sql provider. Please update the DbApiHook's provider to a version based on common.sql >= 1.9.1.)
[2026-03-25T10:54:49.891+0000] {base.py:84} INFO - Using connection ID 'postgres_operational' for task execution.
[2026-03-25T10:54:49.909+0000] {sql.py:457} INFO - Running statement: 
        SELECT customer_id, company_name, contact_name, contact_title, city, country, updated_at
        FROM customers
        WHERE updated_at > %s
    , parameters: (datetime.datetime(2026, 3, 25, 10, 26, 45, 352579),)
[2026-03-25T10:54:49.922+0000] {sql.py:466} INFO - Rows affected: 0
[2026-03-25T10:54:49.923+0000] {logging_mixin.py:188} INFO - No new data for customers
[2026-03-25T10:54:49.923+0000] {python.py:237} INFO - Done. Returned value was: None
[2026-03-25T10:54:49.925+0000] {taskinstance.py:441} INFO - ::group::Post task execution logs
[2026-03-25T10:54:49.931+0000] {taskinstance.py:1205} INFO - Marking task as SUCCESS. dag_id=etl_pipeline2, task_id=load_customers_to_mrr, execution_date=20260325T105448, start_date=20260325T105449, end_date=20260325T105449
[2026-03-25T10:54:49.933+0000] {base.py:84} INFO - Using connection ID 'postgres_dwh' for task execution.
[2026-03-25T10:54:49.944+0000] {sql.py:457} INFO - Running statement: 
        INSERT INTO etl_logs (
            dag_id, task_id, status, start_time, end_time, duration_seconds, error_message
        )
        VALUES (%s, %s, %s, %s, %s, %s, %s)
    , parameters: ('etl_pipeline2', 'load_customers_to_mrr', 'SUCCESS', datetime.datetime(2026, 3, 25, 10, 54, 49, 677893), datetime.datetime(2026, 3, 25, 10, 54, 49, 931924), 0, None)
[2026-03-25T10:54:49.951+0000] {sql.py:466} INFO - Rows affected: 1
[2026-03-25T10:54:49.954+0000] {logging_mixin.py:188} INFO - SUCCESS CALLBACK TRIGGERED
[2026-03-25T10:54:49.998+0000] {local_task_job_runner.py:240} INFO - Task exited with return code 0
[2026-03-25T10:54:50.046+0000] {taskinstance.py:3482} INFO - 0 downstream tasks scheduled from follow-on schedule check
[2026-03-25T10:54:50.048+0000] {local_task_job_runner.py:222} INFO - ::endgroup::
