[2026-03-25T07:32:59.090+0000] {local_task_job_runner.py:120} INFO - ::group::Pre task execution logs
[2026-03-25T07:32:59.122+0000] {taskinstance.py:2073} INFO - Dependencies all met for dep_context=non-requeueable deps ti=<TaskInstance: etl_pipeline2.load_order_details_to_mrr manual__2026-03-25T07:32:58.138019+00:00 [queued]>
[2026-03-25T07:32:59.128+0000] {taskinstance.py:2073} INFO - Dependencies all met for dep_context=requeueable deps ti=<TaskInstance: etl_pipeline2.load_order_details_to_mrr manual__2026-03-25T07:32:58.138019+00:00 [queued]>
[2026-03-25T07:32:59.129+0000] {taskinstance.py:2303} INFO - Starting attempt 1 of 1
[2026-03-25T07:32:59.139+0000] {taskinstance.py:2327} INFO - Executing <Task(PythonOperator): load_order_details_to_mrr> on 2026-03-25 07:32:58.138019+00:00
[2026-03-25T07:32:59.146+0000] {standard_task_runner.py:90} INFO - Running: ['***', 'tasks', 'run', 'etl_pipeline2', 'load_order_details_to_mrr', 'manual__2026-03-25T07:32:58.138019+00:00', '--job-id', '194', '--raw', '--subdir', 'DAGS_FOLDER/etl_pipeline2.py', '--cfg-path', '/tmp/tmpab7v5jjj']
[2026-03-25T07:32:59.148+0000] {logging_mixin.py:188} WARNING - /home/***/.local/lib/python3.12/site-packages/***/task/task_runner/standard_task_runner.py:61 DeprecationWarning: This process (pid=428) is multi-threaded, use of fork() may lead to deadlocks in the child.
[2026-03-25T07:32:59.148+0000] {standard_task_runner.py:91} INFO - Job 194: Subtask load_order_details_to_mrr
[2026-03-25T07:32:59.149+0000] {standard_task_runner.py:63} INFO - Started process 431 to run task
[2026-03-25T07:32:59.200+0000] {task_command.py:426} INFO - Running <TaskInstance: etl_pipeline2.load_order_details_to_mrr manual__2026-03-25T07:32:58.138019+00:00 [running]> on host 3ccff2366b2a
[2026-03-25T07:32:59.266+0000] {taskinstance.py:2644} INFO - Exporting env vars: AIRFLOW_CTX_DAG_OWNER='***' AIRFLOW_CTX_DAG_ID='etl_pipeline2' AIRFLOW_CTX_TASK_ID='load_order_details_to_mrr' AIRFLOW_CTX_EXECUTION_DATE='2026-03-25T07:32:58.138019+00:00' AIRFLOW_CTX_TRY_NUMBER='1' AIRFLOW_CTX_DAG_RUN_ID='manual__2026-03-25T07:32:58.138019+00:00'
[2026-03-25T07:32:59.268+0000] {taskinstance.py:430} INFO - ::endgroup::
[2026-03-25T07:32:59.290+0000] {base.py:84} INFO - Using connection ID 'postgres_dwh' for task execution.
[2026-03-25T07:32:59.305+0000] {sql.py:457} INFO - Running statement: 
        SELECT last_loaded_at
        FROM dwh_high_water_mark
        WHERE table_name = %s
    , parameters: ('order_details',)
[2026-03-25T07:32:59.309+0000] {sql.py:466} INFO - Rows affected: 1
[2026-03-25T07:32:59.313+0000] {logging_mixin.py:188} WARNING - /home/***/.local/lib/python3.12/site-packages/***/providers/common/sql/hooks/sql.py:407 AirflowProviderDeprecationWarning: Call to deprecated method _make_common_data_structure. (The `_make_serializable` method is deprecated and support will be removed in a future version of the common.sql provider. Please update the DbApiHook's provider to a version based on common.sql >= 1.9.1.)
[2026-03-25T07:32:59.320+0000] {base.py:84} INFO - Using connection ID 'postgres_operational' for task execution.
[2026-03-25T07:32:59.331+0000] {sql.py:457} INFO - Running statement: 
        SELECT order_id, product_id, unit_price, quantity, discount, updated_at
        FROM order_details
        WHERE updated_at > %s
    , parameters: (datetime.datetime(2026, 3, 23, 19, 25, 55, 360025),)
[2026-03-25T07:32:59.334+0000] {sql.py:466} INFO - Rows affected: 1
[2026-03-25T07:32:59.341+0000] {base.py:84} INFO - Using connection ID 'postgres_mrr' for task execution.
[2026-03-25T07:32:59.360+0000] {sql.py:580} INFO - Done loading. Loaded a total of 1 rows into mrr_fact_order_details
[2026-03-25T07:32:59.366+0000] {base.py:84} INFO - Using connection ID 'postgres_dwh' for task execution.
[2026-03-25T07:32:59.378+0000] {sql.py:457} INFO - Running statement: 
        INSERT INTO dwh_high_water_mark (table_name, last_loaded_at)
        VALUES (%s, %s)
        ON CONFLICT (table_name)
        DO UPDATE SET last_loaded_at = EXCLUDED.last_loaded_at
    , parameters: ('order_details', datetime.datetime(2026, 3, 25, 10, 32, 48, 804701))
[2026-03-25T07:32:59.382+0000] {sql.py:466} INFO - Rows affected: 1
[2026-03-25T07:32:59.385+0000] {logging_mixin.py:188} INFO - order_details loaded, HWM updated to 2026-03-25 10:32:48.804701
[2026-03-25T07:32:59.386+0000] {python.py:237} INFO - Done. Returned value was: None
[2026-03-25T07:32:59.387+0000] {taskinstance.py:441} INFO - ::group::Post task execution logs
[2026-03-25T07:32:59.395+0000] {taskinstance.py:1205} INFO - Marking task as SUCCESS. dag_id=etl_pipeline2, task_id=load_order_details_to_mrr, execution_date=20260325T073258, start_date=20260325T073259, end_date=20260325T073259
[2026-03-25T07:32:59.443+0000] {local_task_job_runner.py:240} INFO - Task exited with return code 0
[2026-03-25T07:32:59.459+0000] {taskinstance.py:3482} INFO - 0 downstream tasks scheduled from follow-on schedule check
[2026-03-25T07:32:59.460+0000] {local_task_job_runner.py:222} INFO - ::endgroup::
