[2026-03-26T08:57:03.683+0000] {local_task_job_runner.py:120} INFO - ::group::Pre task execution logs
[2026-03-26T08:57:03.704+0000] {taskinstance.py:2073} INFO - Dependencies all met for dep_context=non-requeueable deps ti=<TaskInstance: etl_pipeline2.mrr_to_stg manual__2026-03-26T08:57:01.492353+00:00 [queued]>
[2026-03-26T08:57:03.710+0000] {taskinstance.py:2073} INFO - Dependencies all met for dep_context=requeueable deps ti=<TaskInstance: etl_pipeline2.mrr_to_stg manual__2026-03-26T08:57:01.492353+00:00 [queued]>
[2026-03-26T08:57:03.711+0000] {taskinstance.py:2303} INFO - Starting attempt 1 of 1
[2026-03-26T08:57:03.720+0000] {taskinstance.py:2327} INFO - Executing <Task(PythonOperator): mrr_to_stg> on 2026-03-26 08:57:01.492353+00:00
[2026-03-26T08:57:03.725+0000] {standard_task_runner.py:90} INFO - Running: ['***', 'tasks', 'run', 'etl_pipeline2', 'mrr_to_stg', 'manual__2026-03-26T08:57:01.492353+00:00', '--job-id', '303', '--raw', '--subdir', 'DAGS_FOLDER/etl_pipeline2.py', '--cfg-path', '/tmp/tmp23dccl1u']
[2026-03-26T08:57:03.727+0000] {logging_mixin.py:188} WARNING - /home/***/.local/lib/python3.12/site-packages/***/task/task_runner/standard_task_runner.py:61 DeprecationWarning: This process (pid=1554) is multi-threaded, use of fork() may lead to deadlocks in the child.
[2026-03-26T08:57:03.727+0000] {standard_task_runner.py:91} INFO - Job 303: Subtask mrr_to_stg
[2026-03-26T08:57:03.728+0000] {standard_task_runner.py:63} INFO - Started process 1555 to run task
[2026-03-26T08:57:03.767+0000] {task_command.py:426} INFO - Running <TaskInstance: etl_pipeline2.mrr_to_stg manual__2026-03-26T08:57:01.492353+00:00 [running]> on host 3ccff2366b2a
[2026-03-26T08:57:03.825+0000] {taskinstance.py:2644} INFO - Exporting env vars: AIRFLOW_CTX_DAG_OWNER='***' AIRFLOW_CTX_DAG_ID='etl_pipeline2' AIRFLOW_CTX_TASK_ID='mrr_to_stg' AIRFLOW_CTX_EXECUTION_DATE='2026-03-26T08:57:01.492353+00:00' AIRFLOW_CTX_TRY_NUMBER='1' AIRFLOW_CTX_DAG_RUN_ID='manual__2026-03-26T08:57:01.492353+00:00'
[2026-03-26T08:57:03.826+0000] {taskinstance.py:430} INFO - ::endgroup::
[2026-03-26T08:57:03.840+0000] {base.py:84} INFO - Using connection ID 'postgres_stg' for task execution.
[2026-03-26T08:57:03.850+0000] {sql.py:457} INFO - Running statement: TRUNCATE stg_fact_orders, parameters: None
[2026-03-26T08:57:03.864+0000] {base.py:84} INFO - Using connection ID 'postgres_mrr' for task execution.
[2026-03-26T08:57:03.875+0000] {sql.py:457} INFO - Running statement: SELECT * FROM mrr_fact_orders, parameters: None
[2026-03-26T08:57:03.883+0000] {sql.py:466} INFO - Rows affected: 830
[2026-03-26T08:57:03.889+0000] {logging_mixin.py:188} WARNING - /home/***/.local/lib/python3.12/site-packages/***/providers/common/sql/hooks/sql.py:407 AirflowProviderDeprecationWarning: Call to deprecated method _make_common_data_structure. (The `_make_serializable` method is deprecated and support will be removed in a future version of the common.sql provider. Please update the DbApiHook's provider to a version based on common.sql >= 1.9.1.)
[2026-03-26T08:57:03.895+0000] {base.py:84} INFO - Using connection ID 'postgres_stg' for task execution.
[2026-03-26T08:57:04.710+0000] {sql.py:580} INFO - Done loading. Loaded a total of 830 rows into stg_fact_orders
[2026-03-26T08:57:04.714+0000] {base.py:84} INFO - Using connection ID 'postgres_stg' for task execution.
[2026-03-26T08:57:04.725+0000] {sql.py:457} INFO - Running statement: TRUNCATE stg_dim_customers, parameters: None
[2026-03-26T08:57:04.736+0000] {base.py:84} INFO - Using connection ID 'postgres_mrr' for task execution.
[2026-03-26T08:57:04.747+0000] {sql.py:457} INFO - Running statement: SELECT * FROM mrr_dim_customers, parameters: None
[2026-03-26T08:57:04.751+0000] {sql.py:466} INFO - Rows affected: 184
[2026-03-26T08:57:04.757+0000] {base.py:84} INFO - Using connection ID 'postgres_stg' for task execution.
[2026-03-26T08:57:04.950+0000] {sql.py:580} INFO - Done loading. Loaded a total of 184 rows into stg_dim_customers
[2026-03-26T08:57:04.955+0000] {base.py:84} INFO - Using connection ID 'postgres_stg' for task execution.
[2026-03-26T08:57:04.965+0000] {sql.py:457} INFO - Running statement: TRUNCATE stg_dim_products, parameters: None
[2026-03-26T08:57:04.974+0000] {base.py:84} INFO - Using connection ID 'postgres_mrr' for task execution.
[2026-03-26T08:57:04.985+0000] {sql.py:457} INFO - Running statement: SELECT * FROM mrr_dim_products, parameters: None
[2026-03-26T08:57:04.989+0000] {sql.py:466} INFO - Rows affected: 231
[2026-03-26T08:57:04.994+0000] {base.py:84} INFO - Using connection ID 'postgres_stg' for task execution.
[2026-03-26T08:57:05.222+0000] {sql.py:580} INFO - Done loading. Loaded a total of 231 rows into stg_dim_products
[2026-03-26T08:57:05.226+0000] {base.py:84} INFO - Using connection ID 'postgres_stg' for task execution.
[2026-03-26T08:57:05.237+0000] {sql.py:457} INFO - Running statement: TRUNCATE stg_fact_order_details, parameters: None
[2026-03-26T08:57:05.246+0000] {base.py:84} INFO - Using connection ID 'postgres_mrr' for task execution.
[2026-03-26T08:57:05.256+0000] {sql.py:457} INFO - Running statement: SELECT * FROM mrr_fact_order_details, parameters: None
[2026-03-26T08:57:05.275+0000] {sql.py:466} INFO - Rows affected: 6466
[2026-03-26T08:57:05.287+0000] {base.py:84} INFO - Using connection ID 'postgres_stg' for task execution.
[2026-03-26T08:57:06.222+0000] {sql.py:576} INFO - Loaded 1000 rows into stg_fact_order_details so far
[2026-03-26T08:57:07.072+0000] {sql.py:576} INFO - Loaded 2000 rows into stg_fact_order_details so far
[2026-03-26T08:57:07.955+0000] {sql.py:576} INFO - Loaded 3000 rows into stg_fact_order_details so far
[2026-03-26T08:57:08.891+0000] {sql.py:576} INFO - Loaded 4000 rows into stg_fact_order_details so far
[2026-03-26T08:57:09.816+0000] {sql.py:576} INFO - Loaded 5000 rows into stg_fact_order_details so far
[2026-03-26T08:57:10.780+0000] {sql.py:576} INFO - Loaded 6000 rows into stg_fact_order_details so far
[2026-03-26T08:57:11.177+0000] {sql.py:580} INFO - Done loading. Loaded a total of 6466 rows into stg_fact_order_details
[2026-03-26T08:57:11.178+0000] {python.py:237} INFO - Done. Returned value was: None
[2026-03-26T08:57:11.178+0000] {taskinstance.py:441} INFO - ::group::Post task execution logs
[2026-03-26T08:57:11.184+0000] {taskinstance.py:1205} INFO - Marking task as SUCCESS. dag_id=etl_pipeline2, task_id=mrr_to_stg, execution_date=20260326T085701, start_date=20260326T085703, end_date=20260326T085711
[2026-03-26T08:57:11.187+0000] {base.py:84} INFO - Using connection ID 'postgres_dwh' for task execution.
[2026-03-26T08:57:11.196+0000] {sql.py:457} INFO - Running statement: 
        INSERT INTO etl_logs (
            dag_id, task_id, status, start_time, end_time, duration_seconds, error_message
        )
        VALUES (%s, %s, %s, %s, %s, %s, %s)
    , parameters: ('etl_pipeline2', 'mrr_to_stg', 'SUCCESS', datetime.datetime(2026, 3, 26, 8, 57, 3, 704892), datetime.datetime(2026, 3, 26, 8, 57, 11, 185184), 7, None)
[2026-03-26T08:57:11.199+0000] {sql.py:466} INFO - Rows affected: 1
[2026-03-26T08:57:11.201+0000] {logging_mixin.py:188} INFO - SUCCESS CALLBACK TRIGGERED
[2026-03-26T08:57:11.233+0000] {local_task_job_runner.py:240} INFO - Task exited with return code 0
[2026-03-26T08:57:11.246+0000] {taskinstance.py:3482} INFO - 1 downstream tasks scheduled from follow-on schedule check
[2026-03-26T08:57:11.248+0000] {local_task_job_runner.py:222} INFO - ::endgroup::
