[2026-03-26T09:54:13.904+0000] {local_task_job_runner.py:120} INFO - ::group::Pre task execution logs
[2026-03-26T09:54:13.925+0000] {taskinstance.py:2073} INFO - Dependencies all met for dep_context=non-requeueable deps ti=<TaskInstance: etl_pipeline2.mrr_to_stg manual__2026-03-26T09:54:12.012631+00:00 [queued]>
[2026-03-26T09:54:13.932+0000] {taskinstance.py:2073} INFO - Dependencies all met for dep_context=requeueable deps ti=<TaskInstance: etl_pipeline2.mrr_to_stg manual__2026-03-26T09:54:12.012631+00:00 [queued]>
[2026-03-26T09:54:13.934+0000] {taskinstance.py:2303} INFO - Starting attempt 1 of 1
[2026-03-26T09:54:13.944+0000] {taskinstance.py:2327} INFO - Executing <Task(PythonOperator): mrr_to_stg> on 2026-03-26 09:54:12.012631+00:00
[2026-03-26T09:54:13.950+0000] {logging_mixin.py:188} WARNING - /home/***/.local/lib/python3.12/site-packages/***/task/task_runner/standard_task_runner.py:61 DeprecationWarning: This process (pid=2283) is multi-threaded, use of fork() may lead to deadlocks in the child.
[2026-03-26T09:54:13.950+0000] {standard_task_runner.py:90} INFO - Running: ['***', 'tasks', 'run', 'etl_pipeline2', 'mrr_to_stg', 'manual__2026-03-26T09:54:12.012631+00:00', '--job-id', '355', '--raw', '--subdir', 'DAGS_FOLDER/etl_pipeline2.py', '--cfg-path', '/tmp/tmps2vkf_o0']
[2026-03-26T09:54:13.951+0000] {standard_task_runner.py:63} INFO - Started process 2284 to run task
[2026-03-26T09:54:13.952+0000] {standard_task_runner.py:91} INFO - Job 355: Subtask mrr_to_stg
[2026-03-26T09:54:13.997+0000] {task_command.py:426} INFO - Running <TaskInstance: etl_pipeline2.mrr_to_stg manual__2026-03-26T09:54:12.012631+00:00 [running]> on host 3ccff2366b2a
[2026-03-26T09:54:14.057+0000] {taskinstance.py:2644} INFO - Exporting env vars: AIRFLOW_CTX_DAG_OWNER='***' AIRFLOW_CTX_DAG_ID='etl_pipeline2' AIRFLOW_CTX_TASK_ID='mrr_to_stg' AIRFLOW_CTX_EXECUTION_DATE='2026-03-26T09:54:12.012631+00:00' AIRFLOW_CTX_TRY_NUMBER='1' AIRFLOW_CTX_DAG_RUN_ID='manual__2026-03-26T09:54:12.012631+00:00'
[2026-03-26T09:54:14.058+0000] {taskinstance.py:430} INFO - ::endgroup::
[2026-03-26T09:54:14.072+0000] {base.py:84} INFO - Using connection ID 'postgres_stg' for task execution.
[2026-03-26T09:54:14.086+0000] {sql.py:457} INFO - Running statement: TRUNCATE stg_fact_orders, parameters: None
[2026-03-26T09:54:14.099+0000] {base.py:84} INFO - Using connection ID 'postgres_mrr' for task execution.
[2026-03-26T09:54:14.109+0000] {sql.py:457} INFO - Running statement: SELECT * FROM mrr_fact_orders, parameters: None
[2026-03-26T09:54:14.117+0000] {sql.py:466} INFO - Rows affected: 830
[2026-03-26T09:54:14.120+0000] {logging_mixin.py:188} WARNING - /home/***/.local/lib/python3.12/site-packages/***/providers/common/sql/hooks/sql.py:407 AirflowProviderDeprecationWarning: Call to deprecated method _make_common_data_structure. (The `_make_serializable` method is deprecated and support will be removed in a future version of the common.sql provider. Please update the DbApiHook's provider to a version based on common.sql >= 1.9.1.)
[2026-03-26T09:54:14.126+0000] {base.py:84} INFO - Using connection ID 'postgres_stg' for task execution.
[2026-03-26T09:54:15.003+0000] {sql.py:580} INFO - Done loading. Loaded a total of 830 rows into stg_fact_orders
[2026-03-26T09:54:15.008+0000] {base.py:84} INFO - Using connection ID 'postgres_stg' for task execution.
[2026-03-26T09:54:15.017+0000] {sql.py:457} INFO - Running statement: TRUNCATE stg_dim_customers, parameters: None
[2026-03-26T09:54:15.030+0000] {base.py:84} INFO - Using connection ID 'postgres_mrr' for task execution.
[2026-03-26T09:54:15.040+0000] {sql.py:457} INFO - Running statement: SELECT * FROM mrr_dim_customers, parameters: None
[2026-03-26T09:54:15.043+0000] {sql.py:466} INFO - Rows affected: 0
[2026-03-26T09:54:15.048+0000] {base.py:84} INFO - Using connection ID 'postgres_stg' for task execution.
[2026-03-26T09:54:15.059+0000] {sql.py:457} INFO - Running statement: TRUNCATE stg_dim_products, parameters: None
[2026-03-26T09:54:15.069+0000] {base.py:84} INFO - Using connection ID 'postgres_mrr' for task execution.
[2026-03-26T09:54:15.078+0000] {sql.py:457} INFO - Running statement: SELECT * FROM mrr_dim_products, parameters: None
[2026-03-26T09:54:15.082+0000] {sql.py:466} INFO - Rows affected: 77
[2026-03-26T09:54:15.088+0000] {base.py:84} INFO - Using connection ID 'postgres_stg' for task execution.
[2026-03-26T09:54:15.177+0000] {sql.py:580} INFO - Done loading. Loaded a total of 77 rows into stg_dim_products
[2026-03-26T09:54:15.182+0000] {base.py:84} INFO - Using connection ID 'postgres_stg' for task execution.
[2026-03-26T09:54:15.193+0000] {sql.py:457} INFO - Running statement: TRUNCATE stg_fact_order_details, parameters: None
[2026-03-26T09:54:15.203+0000] {base.py:84} INFO - Using connection ID 'postgres_mrr' for task execution.
[2026-03-26T09:54:15.213+0000] {sql.py:457} INFO - Running statement: SELECT * FROM mrr_fact_order_details, parameters: None
[2026-03-26T09:54:15.222+0000] {sql.py:466} INFO - Rows affected: 2154
[2026-03-26T09:54:15.230+0000] {base.py:84} INFO - Using connection ID 'postgres_stg' for task execution.
[2026-03-26T09:54:16.196+0000] {sql.py:576} INFO - Loaded 1000 rows into stg_fact_order_details so far
[2026-03-26T09:54:17.151+0000] {sql.py:576} INFO - Loaded 2000 rows into stg_fact_order_details so far
[2026-03-26T09:54:17.300+0000] {sql.py:580} INFO - Done loading. Loaded a total of 2154 rows into stg_fact_order_details
[2026-03-26T09:54:17.301+0000] {python.py:237} INFO - Done. Returned value was: None
[2026-03-26T09:54:17.302+0000] {taskinstance.py:441} INFO - ::group::Post task execution logs
[2026-03-26T09:54:17.309+0000] {taskinstance.py:1205} INFO - Marking task as SUCCESS. dag_id=etl_pipeline2, task_id=mrr_to_stg, execution_date=20260326T095412, start_date=20260326T095413, end_date=20260326T095417
[2026-03-26T09:54:17.311+0000] {base.py:84} INFO - Using connection ID 'postgres_dwh' for task execution.
[2026-03-26T09:54:17.322+0000] {sql.py:457} INFO - Running statement: 
        INSERT INTO etl_logs (
            dag_id, task_id, status, start_time, end_time, duration_seconds, error_message
        )
        VALUES (%s, %s, %s, %s, %s, %s, %s)
    , parameters: ('etl_pipeline2', 'mrr_to_stg', 'SUCCESS', datetime.datetime(2026, 3, 26, 9, 54, 13, 927096), datetime.datetime(2026, 3, 26, 9, 54, 17, 309503), 3, None)
[2026-03-26T09:54:17.326+0000] {sql.py:466} INFO - Rows affected: 1
[2026-03-26T09:54:17.328+0000] {logging_mixin.py:188} INFO - SUCCESS CALLBACK TRIGGERED
[2026-03-26T09:54:17.349+0000] {local_task_job_runner.py:240} INFO - Task exited with return code 0
[2026-03-26T09:54:17.363+0000] {taskinstance.py:3482} INFO - 1 downstream tasks scheduled from follow-on schedule check
[2026-03-26T09:54:17.365+0000] {local_task_job_runner.py:222} INFO - ::endgroup::
